#
# There is insufficient memory for the Java Runtime Environment to continue.
# Native memory allocation (malloc) failed to allocate 32744 bytes for ChunkPool::allocate
# Possible reasons:
#   The system is out of physical RAM or swap space
#   The process is running with CompressedOops enabled, and the Java Heap may be blocking the growth of the native heap
# Possible solutions:
#   Reduce memory load on the system
#   Increase physical memory or swap space
#   Check if swap backing store is full
#   Decrease Java heap size (-Xmx/-Xms)
#   Decrease number of Java threads
#   Decrease Java thread stack sizes (-Xss)
#   Set larger code cache with -XX:ReservedCodeCacheSize=
#   JVM is running with Unscaled Compressed Oops mode in which the Java heap is
#     placed in the first 4GB address space. The Java Heap base address is the
#     maximum limit for the native heap growth. Please use -XX:HeapBaseMinAddress
#     to set the Java Heap base and to place the Java Heap above 4GB virtual address.
# This output file may be truncated or incomplete.
#
#  Out of Memory Error (arena.cpp:78), pid=23664, tid=20124
#
# JRE version: Java(TM) SE Runtime Environment (17.0.7+8) (build 17.0.7+8-LTS-224)
# Java VM: Java HotSpot(TM) 64-Bit Server VM (17.0.7+8-LTS-224, mixed mode, sharing, tiered, compressed oops, compressed class ptrs, g1 gc, windows-amd64)
# No core dump will be written. Minidumps are not enabled by default on client versions of Windows
#

---------------  S U M M A R Y ------------

Command Line: -Xmx64m -Xms64m -Dorg.gradle.appname=gradlew org.gradle.wrapper.GradleWrapperMain tasks

Host: Intel(R) Core(TM) i3-9100 CPU @ 3.60GHz, 4 cores, 15G,  Windows 10 , 64 bit Build 19041 (10.0.19041.3155)
Time: Wed Sep 27 07:31:03 2023 Hora oficial do Brasil elapsed time: 33.918933 seconds (0d 0h 0m 33s)

---------------  T H R E A D  ---------------

Current thread (0x0000015277d389e0):  JavaThread "C1 CompilerThread0" daemon [_thread_in_native, id=20124, stack(0x00000032a1800000,0x00000032a1900000)]


Current CompileTask:
C1:  33919  900       3       jdk.internal.org.objectweb.asm.Type::getArgumentsAndReturnSizes (140 bytes)

Stack: [0x00000032a1800000,0x00000032a1900000]
Native frames: (J=compiled Java code, j=interpreted, Vv=VM code, C=native code)
V  [jvm.dll+0x676a4a]
V  [jvm.dll+0x7d74f4]
V  [jvm.dll+0x7d8c9e]
V  [jvm.dll+0x7d9303]
V  [jvm.dll+0x2452c5]
V  [jvm.dll+0xaac80]
V  [jvm.dll+0xaafcc]
V  [jvm.dll+0x14c79c]
V  [jvm.dll+0x15d415]
V  [jvm.dll+0x14b6c0]
V  [jvm.dll+0x134817]
V  [jvm.dll+0x1341af]
V  [jvm.dll+0x1343e8]
V  [jvm.dll+0x133881]
V  [jvm.dll+0x13552d]
V  [jvm.dll+0x226a6e]
V  [jvm.dll+0x224e15]
V  [jvm.dll+0x78d05c]
V  [jvm.dll+0x78759a]
V  [jvm.dll+0x675875]
C  [ucrtbase.dll+0x21bb2]
C  [KERNEL32.DLL+0x17614]
C  [ntdll.dll+0x526b1]


---------------  P R O C E S S  ---------------

Threads class SMR info:
_java_thread_list=0x0000015279211bc0, length=13, elements={
0x000001526bf09430, 0x0000015277d18120, 0x0000015277d18f90, 0x0000015277d32240,
0x0000015277d34c10, 0x0000015277d355c0, 0x0000015277d35f70, 0x0000015277d38030,
0x0000015277d389e0, 0x0000015277db28e0, 0x0000015278835330, 0x0000015278839eb0,
0x0000015278bfea50
}

Java Threads: ( => current thread )
  0x000001526bf09430 JavaThread "main" [_thread_in_Java, id=21816, stack(0x00000032a0900000,0x00000032a0a00000)]
  0x0000015277d18120 JavaThread "Reference Handler" daemon [_thread_blocked, id=20508, stack(0x00000032a1100000,0x00000032a1200000)]
  0x0000015277d18f90 JavaThread "Finalizer" daemon [_thread_blocked, id=25428, stack(0x00000032a1200000,0x00000032a1300000)]
  0x0000015277d32240 JavaThread "Signal Dispatcher" daemon [_thread_blocked, id=15540, stack(0x00000032a1300000,0x00000032a1400000)]
  0x0000015277d34c10 JavaThread "Attach Listener" daemon [_thread_blocked, id=24440, stack(0x00000032a1400000,0x00000032a1500000)]
  0x0000015277d355c0 JavaThread "Service Thread" daemon [_thread_blocked, id=22476, stack(0x00000032a1500000,0x00000032a1600000)]
  0x0000015277d35f70 JavaThread "Monitor Deflation Thread" daemon [_thread_blocked, id=24212, stack(0x00000032a1600000,0x00000032a1700000)]
  0x0000015277d38030 JavaThread "C2 CompilerThread0" daemon [_thread_in_native, id=26712, stack(0x00000032a1700000,0x00000032a1800000)]
=>0x0000015277d389e0 JavaThread "C1 CompilerThread0" daemon [_thread_in_native, id=20124, stack(0x00000032a1800000,0x00000032a1900000)]
  0x0000015277db28e0 JavaThread "Sweeper thread" daemon [_thread_blocked, id=24520, stack(0x00000032a1900000,0x00000032a1a00000)]
  0x0000015278835330 JavaThread "Notification Thread" daemon [_thread_blocked, id=12132, stack(0x00000032a1a00000,0x00000032a1b00000)]
  0x0000015278839eb0 JavaThread "Common-Cleaner" daemon [_thread_blocked, id=20384, stack(0x00000032a1c00000,0x00000032a1d00000)]
  0x0000015278bfea50 JavaThread "pool-1-thread-1" [_thread_in_vm, id=23224, stack(0x00000032a2000000,0x00000032a2100000)]

Other Threads:
  0x0000015277d145c0 VMThread "VM Thread" [stack: 0x00000032a1000000,0x00000032a1100000] [id=14768]
  0x0000015278837c10 WatcherThread [stack: 0x00000032a1b00000,0x00000032a1c00000] [id=23092]
  0x000001526bf26590 GCTaskThread "GC Thread#0" [stack: 0x00000032a0b00000,0x00000032a0c00000] [id=25876]
  0x0000015278ad48c0 GCTaskThread "GC Thread#1" [stack: 0x00000032a1d00000,0x00000032a1e00000] [id=23304]
  0x00000152789ab080 GCTaskThread "GC Thread#2" [stack: 0x00000032a1e00000,0x00000032a1f00000] [id=7504]
  0x00000152789ab330 GCTaskThread "GC Thread#3" [stack: 0x00000032a1f00000,0x00000032a2000000] [id=23376]
  0x000001526bf27cd0 ConcurrentGCThread "G1 Main Marker" [stack: 0x00000032a0c00000,0x00000032a0d00000] [id=20696]
  0x000001526bf296f0 ConcurrentGCThread "G1 Conc#0" [stack: 0x00000032a0d00000,0x00000032a0e00000] [id=25696]
  0x000001526bf770f0 ConcurrentGCThread "G1 Refine#0" [stack: 0x00000032a0e00000,0x00000032a0f00000] [id=27440]
  0x000001526bf78b20 ConcurrentGCThread "G1 Service" [stack: 0x00000032a0f00000,0x00000032a1000000] [id=23012]

Threads with active compile tasks:
C2 CompilerThread0    34019  892   !   4       java.util.concurrent.ConcurrentHashMap::putVal (432 bytes)
C1 CompilerThread0    34019  900       3       jdk.internal.org.objectweb.asm.Type::getArgumentsAndReturnSizes (140 bytes)

VM state: not at safepoint (normal execution)

VM Mutex/Monitor currently owned by a thread: None

Heap address: 0x00000000fc000000, size: 64 MB, Compressed Oops mode: 32-bit

CDS archive(s) mapped at: [0x0000000800000000-0x0000000800bd0000-0x0000000800bd0000), size 12386304, SharedBaseAddress: 0x0000000800000000, ArchiveRelocationMode: 0.
Compressed class space mapped at: 0x0000000800c00000-0x0000000840c00000, reserved size: 1073741824
Narrow klass base: 0x0000000800000000, Narrow klass shift: 0, Narrow klass range: 0x100000000

GC Precious Log:
 CPUs: 4 total, 4 available
 Memory: 16193M
 Large Page Support: Disabled
 NUMA Support: Disabled
 Compressed Oops: Enabled (32-bit)
 Heap Region Size: 1M
 Heap Min Capacity: 64M
 Heap Initial Capacity: 64M
 Heap Max Capacity: 64M
 Pre-touch: Disabled
 Parallel Workers: 4
 Concurrent Workers: 1
 Concurrent Refinement Workers: 4
 Periodic GC: Disabled

Heap:
 garbage-first heap   total 65536K, used 17896K [0x00000000fc000000, 0x0000000100000000)
  region size 1024K, 14 young (14336K), 2 survivors (2048K)
 Metaspace       used 4333K, committed 4480K, reserved 1056768K
  class space    used 576K, committed 640K, reserved 1048576K

Heap Regions: E=young(eden), S=young(survivor), O=old, HS=humongous(starts), HC=humongous(continues), CS=collection set, F=free, OA=open archive, CA=closed archive, TAMS=top-at-mark-start (previous, next)
|   0|0x00000000fc000000, 0x00000000fc100000, 0x00000000fc100000|100%| O|  |TAMS 0x00000000fc000000, 0x00000000fc000000| Untracked 
|   1|0x00000000fc100000, 0x00000000fc17a200, 0x00000000fc200000| 47%| O|  |TAMS 0x00000000fc100000, 0x00000000fc100000| Untracked 
|   2|0x00000000fc200000, 0x00000000fc300000, 0x00000000fc300000|100%|HS|  |TAMS 0x00000000fc200000, 0x00000000fc200000| Complete 
|   3|0x00000000fc300000, 0x00000000fc400000, 0x00000000fc400000|100%|HC|  |TAMS 0x00000000fc300000, 0x00000000fc300000| Complete 
|   4|0x00000000fc400000, 0x00000000fc500000, 0x00000000fc500000|100%|HC|  |TAMS 0x00000000fc400000, 0x00000000fc400000| Complete 
|   5|0x00000000fc500000, 0x00000000fc600000, 0x00000000fc600000|100%|HC|  |TAMS 0x00000000fc500000, 0x00000000fc500000| Complete 
|   6|0x00000000fc600000, 0x00000000fc600000, 0x00000000fc700000|  0%| F|  |TAMS 0x00000000fc600000, 0x00000000fc600000| Untracked 
|   7|0x00000000fc700000, 0x00000000fc700000, 0x00000000fc800000|  0%| F|  |TAMS 0x00000000fc700000, 0x00000000fc700000| Untracked 
|   8|0x00000000fc800000, 0x00000000fc800000, 0x00000000fc900000|  0%| F|  |TAMS 0x00000000fc800000, 0x00000000fc800000| Untracked 
|   9|0x00000000fc900000, 0x00000000fc900000, 0x00000000fca00000|  0%| F|  |TAMS 0x00000000fc900000, 0x00000000fc900000| Untracked 
|  10|0x00000000fca00000, 0x00000000fca00000, 0x00000000fcb00000|  0%| F|  |TAMS 0x00000000fca00000, 0x00000000fca00000| Untracked 
|  11|0x00000000fcb00000, 0x00000000fcb00000, 0x00000000fcc00000|  0%| F|  |TAMS 0x00000000fcb00000, 0x00000000fcb00000| Untracked 
|  12|0x00000000fcc00000, 0x00000000fcc00000, 0x00000000fcd00000|  0%| F|  |TAMS 0x00000000fcc00000, 0x00000000fcc00000| Untracked 
|  13|0x00000000fcd00000, 0x00000000fcd00000, 0x00000000fce00000|  0%| F|  |TAMS 0x00000000fcd00000, 0x00000000fcd00000| Untracked 
|  14|0x00000000fce00000, 0x00000000fce00000, 0x00000000fcf00000|  0%| F|  |TAMS 0x00000000fce00000, 0x00000000fce00000| Untracked 
|  15|0x00000000fcf00000, 0x00000000fcf00000, 0x00000000fd000000|  0%| F|  |TAMS 0x00000000fcf00000, 0x00000000fcf00000| Untracked 
|  16|0x00000000fd000000, 0x00000000fd000000, 0x00000000fd100000|  0%| F|  |TAMS 0x00000000fd000000, 0x00000000fd000000| Untracked 
|  17|0x00000000fd100000, 0x00000000fd100000, 0x00000000fd200000|  0%| F|  |TAMS 0x00000000fd100000, 0x00000000fd100000| Untracked 
|  18|0x00000000fd200000, 0x00000000fd200000, 0x00000000fd300000|  0%| F|  |TAMS 0x00000000fd200000, 0x00000000fd200000| Untracked 
|  19|0x00000000fd300000, 0x00000000fd300000, 0x00000000fd400000|  0%| F|  |TAMS 0x00000000fd300000, 0x00000000fd300000| Untracked 
|  20|0x00000000fd400000, 0x00000000fd400000, 0x00000000fd500000|  0%| F|  |TAMS 0x00000000fd400000, 0x00000000fd400000| Untracked 
|  21|0x00000000fd500000, 0x00000000fd500000, 0x00000000fd600000|  0%| F|  |TAMS 0x00000000fd500000, 0x00000000fd500000| Untracked 
|  22|0x00000000fd600000, 0x00000000fd600000, 0x00000000fd700000|  0%| F|  |TAMS 0x00000000fd600000, 0x00000000fd600000| Untracked 
|  23|0x00000000fd700000, 0x00000000fd700000, 0x00000000fd800000|  0%| F|  |TAMS 0x00000000fd700000, 0x00000000fd700000| Untracked 
|  24|0x00000000fd800000, 0x00000000fd800000, 0x00000000fd900000|  0%| F|  |TAMS 0x00000000fd800000, 0x00000000fd800000| Untracked 
|  25|0x00000000fd900000, 0x00000000fd900000, 0x00000000fda00000|  0%| F|  |TAMS 0x00000000fd900000, 0x00000000fd900000| Untracked 
|  26|0x00000000fda00000, 0x00000000fda00000, 0x00000000fdb00000|  0%| F|  |TAMS 0x00000000fda00000, 0x00000000fda00000| Untracked 
|  27|0x00000000fdb00000, 0x00000000fdb00000, 0x00000000fdc00000|  0%| F|  |TAMS 0x00000000fdb00000, 0x00000000fdb00000| Untracked 
|  28|0x00000000fdc00000, 0x00000000fdc00000, 0x00000000fdd00000|  0%| F|  |TAMS 0x00000000fdc00000, 0x00000000fdc00000| Untracked 
|  29|0x00000000fdd00000, 0x00000000fdd00000, 0x00000000fde00000|  0%| F|  |TAMS 0x00000000fdd00000, 0x00000000fdd00000| Untracked 
|  30|0x00000000fde00000, 0x00000000fde00000, 0x00000000fdf00000|  0%| F|  |TAMS 0x00000000fde00000, 0x00000000fde00000| Untracked 
|  31|0x00000000fdf00000, 0x00000000fdf00000, 0x00000000fe000000|  0%| F|  |TAMS 0x00000000fdf00000, 0x00000000fdf00000| Untracked 
|  32|0x00000000fe000000, 0x00000000fe000000, 0x00000000fe100000|  0%| F|  |TAMS 0x00000000fe000000, 0x00000000fe000000| Untracked 
|  33|0x00000000fe100000, 0x00000000fe100000, 0x00000000fe200000|  0%| F|  |TAMS 0x00000000fe100000, 0x00000000fe100000| Untracked 
|  34|0x00000000fe200000, 0x00000000fe200000, 0x00000000fe300000|  0%| F|  |TAMS 0x00000000fe200000, 0x00000000fe200000| Untracked 
|  35|0x00000000fe300000, 0x00000000fe300000, 0x00000000fe400000|  0%| F|  |TAMS 0x00000000fe300000, 0x00000000fe300000| Untracked 
|  36|0x00000000fe400000, 0x00000000fe400000, 0x00000000fe500000|  0%| F|  |TAMS 0x00000000fe400000, 0x00000000fe400000| Untracked 
|  37|0x00000000fe500000, 0x00000000fe500000, 0x00000000fe600000|  0%| F|  |TAMS 0x00000000fe500000, 0x00000000fe500000| Untracked 
|  38|0x00000000fe600000, 0x00000000fe600000, 0x00000000fe700000|  0%| F|  |TAMS 0x00000000fe600000, 0x00000000fe600000| Untracked 
|  39|0x00000000fe700000, 0x00000000fe700000, 0x00000000fe800000|  0%| F|  |TAMS 0x00000000fe700000, 0x00000000fe700000| Untracked 
|  40|0x00000000fe800000, 0x00000000fe800000, 0x00000000fe900000|  0%| F|  |TAMS 0x00000000fe800000, 0x00000000fe800000| Untracked 
|  41|0x00000000fe900000, 0x00000000fe900000, 0x00000000fea00000|  0%| F|  |TAMS 0x00000000fe900000, 0x00000000fe900000| Untracked 
|  42|0x00000000fea00000, 0x00000000fea00000, 0x00000000feb00000|  0%| F|  |TAMS 0x00000000fea00000, 0x00000000fea00000| Untracked 
|  43|0x00000000feb00000, 0x00000000feb00000, 0x00000000fec00000|  0%| F|  |TAMS 0x00000000feb00000, 0x00000000feb00000| Untracked 
|  44|0x00000000fec00000, 0x00000000fec00000, 0x00000000fed00000|  0%| F|  |TAMS 0x00000000fec00000, 0x00000000fec00000| Untracked 
|  45|0x00000000fed00000, 0x00000000fed00000, 0x00000000fee00000|  0%| F|  |TAMS 0x00000000fed00000, 0x00000000fed00000| Untracked 
|  46|0x00000000fee00000, 0x00000000fee00000, 0x00000000fef00000|  0%| F|  |TAMS 0x00000000fee00000, 0x00000000fee00000| Untracked 
|  47|0x00000000fef00000, 0x00000000fef00000, 0x00000000ff000000|  0%| F|  |TAMS 0x00000000fef00000, 0x00000000fef00000| Untracked 
|  48|0x00000000ff000000, 0x00000000ff000000, 0x00000000ff100000|  0%| F|  |TAMS 0x00000000ff000000, 0x00000000ff000000| Untracked 
|  49|0x00000000ff100000, 0x00000000ff200000, 0x00000000ff200000|100%| S|CS|TAMS 0x00000000ff100000, 0x00000000ff100000| Complete 
|  50|0x00000000ff200000, 0x00000000ff300000, 0x00000000ff300000|100%| S|CS|TAMS 0x00000000ff200000, 0x00000000ff200000| Complete 
|  51|0x00000000ff300000, 0x00000000ff300000, 0x00000000ff400000|  0%| F|  |TAMS 0x00000000ff300000, 0x00000000ff300000| Untracked 
|  52|0x00000000ff400000, 0x00000000ff500000, 0x00000000ff500000|100%| E|  |TAMS 0x00000000ff400000, 0x00000000ff400000| Complete 
|  53|0x00000000ff500000, 0x00000000ff600000, 0x00000000ff600000|100%| E|CS|TAMS 0x00000000ff500000, 0x00000000ff500000| Complete 
|  54|0x00000000ff600000, 0x00000000ff700000, 0x00000000ff700000|100%| E|CS|TAMS 0x00000000ff600000, 0x00000000ff600000| Complete 
|  55|0x00000000ff700000, 0x00000000ff800000, 0x00000000ff800000|100%| E|CS|TAMS 0x00000000ff700000, 0x00000000ff700000| Complete 
|  56|0x00000000ff800000, 0x00000000ff900000, 0x00000000ff900000|100%| E|CS|TAMS 0x00000000ff800000, 0x00000000ff800000| Complete 
|  57|0x00000000ff900000, 0x00000000ffa00000, 0x00000000ffa00000|100%| E|CS|TAMS 0x00000000ff900000, 0x00000000ff900000| Complete 
|  58|0x00000000ffa00000, 0x00000000ffb00000, 0x00000000ffb00000|100%| E|CS|TAMS 0x00000000ffa00000, 0x00000000ffa00000| Complete 
|  59|0x00000000ffb00000, 0x00000000ffc00000, 0x00000000ffc00000|100%| E|CS|TAMS 0x00000000ffb00000, 0x00000000ffb00000| Complete 
|  60|0x00000000ffc00000, 0x00000000ffd00000, 0x00000000ffd00000|100%| E|  |TAMS 0x00000000ffc00000, 0x00000000ffc00000| Complete 
|  61|0x00000000ffd00000, 0x00000000ffe00000, 0x00000000ffe00000|100%| E|CS|TAMS 0x00000000ffd00000, 0x00000000ffd00000| Complete 
|  62|0x00000000ffe00000, 0x00000000fff00000, 0x00000000fff00000|100%| E|CS|TAMS 0x00000000ffe00000, 0x00000000ffe00000| Complete 
|  63|0x00000000fff00000, 0x0000000100000000, 0x0000000100000000|100%| E|CS|TAMS 0x00000000fff00000, 0x00000000fff00000| Complete 

Card table byte_map: [0x00000152755a0000,0x00000152755c0000] _byte_map_base: 0x0000015274dc0000

Marking Bits (Prev, Next): (CMBitMap*) 0x000001526bf26ba0, (CMBitMap*) 0x000001526bf26be0
 Prev Bits: [0x00000152755e0000, 0x00000152756e0000)
 Next Bits: [0x00000152756e0000, 0x00000152757e0000)

Polling page: 0x000001526bfd0000

Metaspace:

Usage:
  Non-class:      3.67 MB used.
      Class:    576.78 KB used.
       Both:      4.23 MB used.

Virtual space:
  Non-class space:        8.00 MB reserved,       3.75 MB ( 47%) committed,  1 nodes.
      Class space:        1.00 GB reserved,     640.00 KB ( <1%) committed,  1 nodes.
             Both:        1.01 GB reserved,       4.38 MB ( <1%) committed. 

Chunk freelists:
   Non-Class:  2.31 MB
       Class:  3.34 MB
        Both:  5.66 MB

MaxMetaspaceSize: unlimited
CompressedClassSpaceSize: 1.00 GB
Initial GC threshold: 21.00 MB
Current GC threshold: 21.00 MB
CDS: on
MetaspaceReclaimPolicy: balanced
 - commit_granule_bytes: 65536.
 - commit_granule_words: 8192.
 - virtual_space_node_default_size: 1048576.
 - enlarge_chunks_in_place: 1.
 - new_chunks_are_fully_committed: 0.
 - uncommit_free_chunks: 1.
 - use_allocation_guard: 0.
 - handle_deallocations: 1.


Internal statistics:

num_allocs_failed_limit: 0.
num_arena_births: 44.
num_arena_deaths: 0.
num_vsnodes_births: 2.
num_vsnodes_deaths: 0.
num_space_committed: 70.
num_space_uncommitted: 0.
num_chunks_returned_to_freelist: 0.
num_chunks_taken_from_freelist: 148.
num_chunk_merges: 0.
num_chunk_splits: 95.
num_chunks_enlarged: 86.
num_purges: 0.
num_inconsistent_stats: 0.

CodeHeap 'non-profiled nmethods': size=120000Kb used=342Kb max_used=342Kb free=119657Kb
 bounds [0x0000015207ad0000, 0x0000015207d40000, 0x000001520f000000]
CodeHeap 'profiled nmethods': size=120000Kb used=1750Kb max_used=1750Kb free=118249Kb
 bounds [0x0000015200000000, 0x0000015200270000, 0x0000015207530000]
CodeHeap 'non-nmethods': size=5760Kb used=1129Kb max_used=1148Kb free=4630Kb
 bounds [0x0000015207530000, 0x00000152077a0000, 0x0000015207ad0000]
 total_blobs=1306 nmethods=892 adapters=327
 compilation: enabled
              stopped_count=0, restarted_count=0
 full_count=0

Compilation events (20 events):
Event: 33.763 Thread 0x0000015277d389e0  887       3       java.lang.Character::isWhitespace (5 bytes)
Event: 33.763 Thread 0x0000015277d389e0 nmethod 887 0x00000152001b2910 code [0x00000152001b2ac0, 0x00000152001b2d18]
Event: 33.763 Thread 0x0000015277d389e0  888       3       java.lang.CharacterDataLatin1::isWhitespace (23 bytes)
Event: 33.763 Thread 0x0000015277d389e0 nmethod 888 0x00000152001b2e10 code [0x00000152001b2fc0, 0x00000152001b31d8]
Event: 33.763 Thread 0x0000015277d38030  889       4       java.util.AbstractCollection::<init> (5 bytes)
Event: 33.764 Thread 0x0000015277d38030 nmethod 889 0x0000015207b25190 code [0x0000015207b25300, 0x0000015207b25378]
Event: 33.766 Thread 0x0000015277d389e0  890   !   3       java.lang.invoke.MemberName::clone (14 bytes)
Event: 33.766 Thread 0x0000015277d389e0 nmethod 890 0x00000152001b3310 code [0x00000152001b34e0, 0x00000152001b3858]
Event: 33.847 Thread 0x0000015277d389e0  891       3       java.lang.String::newStringUTF8NoRepl (276 bytes)
Event: 33.847 Thread 0x0000015277d389e0 nmethod 891 0x00000152001b3a10 code [0x00000152001b3cc0, 0x00000152001b4c88]
Event: 33.848 Thread 0x0000015277d38030  892   !   4       java.util.concurrent.ConcurrentHashMap::putVal (432 bytes)
Event: 33.853 Thread 0x0000015277d389e0  895       3       jdk.internal.org.objectweb.asm.Frame::pop (42 bytes)
Event: 33.853 Thread 0x0000015277d389e0 nmethod 895 0x00000152001b5190 code [0x00000152001b5340, 0x00000152001b54f8]
Event: 33.853 Thread 0x0000015277d389e0  896       1       jdk.internal.org.objectweb.asm.SymbolTable::getMajorVersion (5 bytes)
Event: 33.853 Thread 0x0000015277d389e0 nmethod 896 0x0000015207b25490 code [0x0000015207b25620, 0x0000015207b256f8]
Event: 33.853 Thread 0x0000015277d389e0  897       1       java.lang.reflect.Method::getModifiers (5 bytes)
Event: 33.853 Thread 0x0000015277d389e0 nmethod 897 0x0000015207b25790 code [0x0000015207b25920, 0x0000015207b259f8]
Event: 33.854 Thread 0x0000015277d389e0  899       3       jdk.internal.org.objectweb.asm.Frame::pop (44 bytes)
Event: 33.854 Thread 0x0000015277d389e0 nmethod 899 0x00000152001b5610 code [0x00000152001b57a0, 0x00000152001b5938]
Event: 33.854 Thread 0x0000015277d389e0  900       3       jdk.internal.org.objectweb.asm.Type::getArgumentsAndReturnSizes (140 bytes)

GC Heap History (2 events):
Event: 18.971 GC heap before
{Heap before GC invocations=0 (full 0):
 garbage-first heap   total 65536K, used 12288K [0x00000000fc000000, 0x0000000100000000)
  region size 1024K, 13 young (13312K), 0 survivors (0K)
 Metaspace       used 1773K, committed 1920K, reserved 1056768K
  class space    used 160K, committed 192K, reserved 1048576K
}
Event: 19.469 GC heap after
{Heap after GC invocations=1 (full 0):
 garbage-first heap   total 65536K, used 3560K [0x00000000fc000000, 0x0000000100000000)
  region size 1024K, 2 young (2048K), 2 survivors (2048K)
 Metaspace       used 1773K, committed 1920K, reserved 1056768K
  class space    used 160K, committed 192K, reserved 1048576K
}

Deoptimization events (20 events):
Event: 33.142 Thread 0x000001526bf09430 Uncommon trap: trap_request=0xffffffde fr.pc=0x0000015207aeddbc relative=0x000000000000031c
Event: 33.142 Thread 0x000001526bf09430 Uncommon trap: reason=class_check action=maybe_recompile pc=0x0000015207aeddbc method=java.util.regex.Matcher.match(II)Z @ 121 c2
Event: 33.142 Thread 0x000001526bf09430 DEOPT PACKING pc=0x0000015207aeddbc sp=0x00000032a09fd3c0
Event: 33.142 Thread 0x000001526bf09430 DEOPT UNPACKING pc=0x00000152075823a3 sp=0x00000032a09fd358 mode 2
Event: 33.143 Thread 0x000001526bf09430 Uncommon trap: trap_request=0xffffffde fr.pc=0x0000015207aeddbc relative=0x000000000000031c
Event: 33.143 Thread 0x000001526bf09430 Uncommon trap: reason=class_check action=maybe_recompile pc=0x0000015207aeddbc method=java.util.regex.Matcher.match(II)Z @ 121 c2
Event: 33.143 Thread 0x000001526bf09430 DEOPT PACKING pc=0x0000015207aeddbc sp=0x00000032a09fd240
Event: 33.143 Thread 0x000001526bf09430 DEOPT UNPACKING pc=0x00000152075823a3 sp=0x00000032a09fd1d8 mode 2
Event: 33.143 Thread 0x000001526bf09430 Uncommon trap: trap_request=0xffffffde fr.pc=0x0000015207aeddbc relative=0x000000000000031c
Event: 33.143 Thread 0x000001526bf09430 Uncommon trap: reason=class_check action=maybe_recompile pc=0x0000015207aeddbc method=java.util.regex.Matcher.match(II)Z @ 121 c2
Event: 33.143 Thread 0x000001526bf09430 DEOPT PACKING pc=0x0000015207aeddbc sp=0x00000032a09fd240
Event: 33.143 Thread 0x000001526bf09430 DEOPT UNPACKING pc=0x00000152075823a3 sp=0x00000032a09fd1d8 mode 2
Event: 33.283 Thread 0x000001526bf09430 Uncommon trap: trap_request=0xffffff45 fr.pc=0x0000015207b1b1c4 relative=0x00000000000002a4
Event: 33.283 Thread 0x000001526bf09430 Uncommon trap: reason=unstable_if action=reinterpret pc=0x0000015207b1b1c4 method=java.lang.String.startsWith(Ljava/lang/String;I)Z @ 14 c2
Event: 33.283 Thread 0x000001526bf09430 DEOPT PACKING pc=0x0000015207b1b1c4 sp=0x00000032a09fc580
Event: 33.283 Thread 0x000001526bf09430 DEOPT UNPACKING pc=0x00000152075823a3 sp=0x00000032a09fc4e0 mode 2
Event: 33.437 Thread 0x000001526bf09430 DEOPT PACKING pc=0x0000015200151b2c sp=0x00000032a09fbf00
Event: 33.437 Thread 0x000001526bf09430 DEOPT UNPACKING pc=0x0000015207582b43 sp=0x00000032a09fb3b0 mode 0
Event: 33.847 Thread 0x000001526bf09430 DEOPT PACKING pc=0x00000152000ef127 sp=0x00000032a09f7100
Event: 33.847 Thread 0x000001526bf09430 DEOPT UNPACKING pc=0x0000015207582b43 sp=0x00000032a09f6560 mode 0

Classes unloaded (0 events):
No events

Classes redefined (0 events):
No events

Internal exceptions (9 events):
Event: 4.240 Thread 0x000001526bf09430 Exception <a 'java/lang/NoSuchMethodError'{0x00000000ffc57bb8}: 'int java.lang.invoke.DirectMethodHandle$Holder.invokeStaticInit(java.lang.Object, java.lang.Object)'> (0x00000000ffc57bb8) 
thrown [s\open\src\hotspot\share\interpreter\linkResolver.cpp, line 759]
Event: 33.146 Thread 0x000001526bf09430 Exception <a 'java/lang/NoSuchMethodError'{0x00000000ff8ee290}: 'void java.lang.invoke.DirectMethodHandle$Holder.invokeStatic(java.lang.Object, java.lang.Object)'> (0x00000000ff8ee290) 
thrown [s\open\src\hotspot\share\interpreter\linkResolver.cpp, line 759]
Event: 33.166 Thread 0x000001526bf09430 Exception <a 'java/lang/NoClassDefFoundError'{0x00000000ff774598}: org/slf4j/impl/StaticMarkerBinder> (0x00000000ff774598) 
thrown [s\open\src\hotspot\share\classfile\systemDictionary.cpp, line 245]
Event: 33.291 Thread 0x000001526bf09430 Exception <a 'java/lang/NoSuchMethodError'{0x00000000ff611e00}: 'java.lang.Object java.lang.invoke.DirectMethodHandle$Holder.invokeVirtual(java.lang.Object, java.lang.Object, java.lang.Object, java.lang.Object, java.lang.Object, java.lang.Object, java.lang.Object)'> (0x00000000ff611e00) 
thrown [s\open\src\hotspot\share\interpreter\linkResolver.cpp, line 759]
Event: 33.293 Thread 0x000001526bf09430 Exception <a 'java/lang/NoSuchMethodError'{0x00000000ff623480}: 'java.lang.Object java.lang.invoke.Invokers$Holder.invoker(java.lang.Object, java.lang.Object, java.lang.Object)'> (0x00000000ff623480) 
thrown [s\open\src\hotspot\share\interpreter\linkResolver.cpp, line 759]
Event: 33.413 Thread 0x000001526bf09430 Exception <a 'java/lang/NoSuchMethodError'{0x00000000ff62c550}: 'java.lang.Object java.lang.invoke.DirectMethodHandle$Holder.invokeStatic(java.lang.Object, java.lang.Object, int)'> (0x00000000ff62c550) 
thrown [s\open\src\hotspot\share\interpreter\linkResolver.cpp, line 759]
Event: 33.416 Thread 0x000001526bf09430 Exception <a 'java/lang/NoSuchMethodError'{0x00000000ff638240}: 'void java.lang.invoke.DelegatingMethodHandle$Holder.delegate(java.lang.Object, java.lang.Object, int, java.lang.Object)'> (0x00000000ff638240) 
thrown [s\open\src\hotspot\share\interpreter\linkResolver.cpp, line 759]
Event: 33.417 Thread 0x000001526bf09430 Exception <a 'java/lang/NoSuchMethodError'{0x00000000ff63c388}: 'int java.lang.invoke.DirectMethodHandle$Holder.invokeSpecial(java.lang.Object, java.lang.Object, java.lang.Object)'> (0x00000000ff63c388) 
thrown [s\open\src\hotspot\share\interpreter\linkResolver.cpp, line 759]
Event: 33.420 Thread 0x000001526bf09430 Exception <a 'java/lang/NoSuchMethodError'{0x00000000ff64f7d8}: 'java.lang.Object java.lang.invoke.Invokers$Holder.invokeExact_MT(java.lang.Object, java.lang.Object, java.lang.Object, java.lang.Object)'> (0x00000000ff64f7d8) 
thrown [s\open\src\hotspot\share\interpreter\linkResolver.cpp, line 759]

VM Operations (20 events):
Event: 20.476 Executing VM operation: Cleanup
Event: 20.476 Executing VM operation: Cleanup done
Event: 21.484 Executing VM operation: Cleanup
Event: 21.484 Executing VM operation: Cleanup done
Event: 23.497 Executing VM operation: Cleanup
Event: 23.497 Executing VM operation: Cleanup done
Event: 27.525 Executing VM operation: Cleanup
Event: 27.525 Executing VM operation: Cleanup done
Event: 29.546 Executing VM operation: Cleanup
Event: 29.546 Executing VM operation: Cleanup done
Event: 30.552 Executing VM operation: Cleanup
Event: 30.552 Executing VM operation: Cleanup done
Event: 31.561 Executing VM operation: Cleanup
Event: 31.561 Executing VM operation: Cleanup done
Event: 33.162 Executing VM operation: HandshakeAllThreads
Event: 33.162 Executing VM operation: HandshakeAllThreads done
Event: 33.162 Executing VM operation: Cleanup
Event: 33.162 Executing VM operation: Cleanup done
Event: 33.294 Executing VM operation: HandshakeAllThreads
Event: 33.406 Executing VM operation: HandshakeAllThreads done

Events (20 events):
Event: 33.620 loading class java/util/concurrent/FutureTask
Event: 33.620 loading class java/util/concurrent/FutureTask done
Event: 33.620 loading class java/util/concurrent/ScheduledThreadPoolExecutor$ScheduledFutureTask done
Event: 33.620 loading class java/util/concurrent/FutureTask$WaitNode
Event: 33.620 loading class java/util/concurrent/FutureTask$WaitNode done
Event: 33.621 loading class java/util/concurrent/Executors$RunnableAdapter
Event: 33.621 loading class java/util/concurrent/Executors$RunnableAdapter done
Event: 33.621 loading class java/util/concurrent/ThreadPoolExecutor$Worker
Event: 33.621 loading class java/util/concurrent/ThreadPoolExecutor$Worker done
Event: 33.621 loading class java/lang/Thread$State
Event: 33.621 loading class java/lang/Thread$State done
Event: 33.621 Thread 0x0000015278bfea50 Thread added: 0x0000015278bfea50
Event: 33.760 loading class sun/reflect/generics/scope/MethodScope
Event: 33.760 loading class sun/reflect/generics/scope/MethodScope done
Event: 33.760 loading class sun/reflect/generics/repository/MethodRepository
Event: 33.760 loading class sun/reflect/generics/repository/ConstructorRepository
Event: 33.760 loading class sun/reflect/generics/repository/ConstructorRepository done
Event: 33.760 loading class sun/reflect/generics/repository/MethodRepository done
Event: 33.762 loading class sun/reflect/generics/tree/MethodTypeSignature
Event: 33.762 loading class sun/reflect/generics/tree/MethodTypeSignature done


Dynamic libraries:
0x00007ff6be2d0000 - 0x00007ff6be2e0000 	C:\Program Files\Java\jdk-17\bin\java.exe
0x00007ff8523b0000 - 0x00007ff8525a8000 	C:\Windows\SYSTEM32\ntdll.dll
0x00007ff850410000 - 0x00007ff8504cf000 	C:\Windows\System32\KERNEL32.DLL
0x00007ff84fd10000 - 0x00007ff850006000 	C:\Windows\System32\KERNELBASE.dll
0x00007ff84cf60000 - 0x00007ff84cff1000 	C:\Windows\SYSTEM32\apphelp.dll
0x00007ff850260000 - 0x00007ff850360000 	C:\Windows\System32\ucrtbase.dll
0x00007ff839fb0000 - 0x00007ff839fc9000 	C:\Program Files\Java\jdk-17\bin\jli.dll
0x00007ff851cb0000 - 0x00007ff851d5f000 	C:\Windows\System32\ADVAPI32.dll
0x00007ff850ce0000 - 0x00007ff850d7e000 	C:\Windows\System32\msvcrt.dll
0x00007ff851c10000 - 0x00007ff851cac000 	C:\Windows\System32\sechost.dll
0x00007ff851fc0000 - 0x00007ff8520e6000 	C:\Windows\System32\RPCRT4.dll
0x00007ff8521d0000 - 0x00007ff85236d000 	C:\Windows\System32\USER32.dll
0x00007ff850040000 - 0x00007ff850062000 	C:\Windows\System32\win32u.dll
0x00007ff851f90000 - 0x00007ff851fbc000 	C:\Windows\System32\GDI32.dll
0x00007ff84fb50000 - 0x00007ff84fc65000 	C:\Windows\System32\gdi32full.dll
0x00007ff84fc70000 - 0x00007ff84fd0d000 	C:\Windows\System32\msvcp_win.dll
0x00007ff839df0000 - 0x00007ff839e0b000 	C:\Program Files\Java\jdk-17\bin\VCRUNTIME140.dll
0x00007ff837180000 - 0x00007ff83741a000 	C:\Windows\WinSxS\amd64_microsoft.windows.common-controls_6595b64144ccf1df_6.0.19041.1110_none_60b5254171f9507e\COMCTL32.dll
0x00007ff847140000 - 0x00007ff84714a000 	C:\Windows\SYSTEM32\VERSION.dll
0x00007ff850c20000 - 0x00007ff850c50000 	C:\Windows\System32\IMM32.DLL
0x00007ff844880000 - 0x00007ff84488c000 	C:\Program Files\Java\jdk-17\bin\vcruntime140_1.dll
0x00007ff838150000 - 0x00007ff8381de000 	C:\Program Files\Java\jdk-17\bin\msvcp140.dll
0x00007fffe8120000 - 0x00007fffe8cfd000 	C:\Program Files\Java\jdk-17\bin\server\jvm.dll
0x00007ff850f80000 - 0x00007ff850f88000 	C:\Windows\System32\PSAPI.DLL
0x00007ff83af70000 - 0x00007ff83af79000 	C:\Windows\SYSTEM32\WSOCK32.dll
0x00007ff851600000 - 0x00007ff85166b000 	C:\Windows\System32\WS2_32.dll
0x00007ff83bc00000 - 0x00007ff83bc27000 	C:\Windows\SYSTEM32\WINMM.dll
0x00007ff84d730000 - 0x00007ff84d742000 	C:\Windows\SYSTEM32\kernel.appcore.dll
0x00007ff844800000 - 0x00007ff84480a000 	C:\Program Files\Java\jdk-17\bin\jimage.dll
0x00007ff83c890000 - 0x00007ff83ca74000 	C:\Windows\SYSTEM32\DBGHELP.DLL
0x00007ff838250000 - 0x00007ff838284000 	C:\Windows\SYSTEM32\dbgcore.DLL
0x00007ff8501d0000 - 0x00007ff850252000 	C:\Windows\System32\bcryptPrimitives.dll
0x00007ff839780000 - 0x00007ff8397a5000 	C:\Program Files\Java\jdk-17\bin\java.dll
0x00007ff81daf0000 - 0x00007ff81dbc7000 	C:\Program Files\Java\jdk-17\bin\jsvml.dll
0x00007ff8504d0000 - 0x00007ff850c14000 	C:\Windows\System32\SHELL32.dll
0x00007ff84d930000 - 0x00007ff84e0c3000 	C:\Windows\SYSTEM32\windows.storage.dll
0x00007ff8516d0000 - 0x00007ff851a24000 	C:\Windows\System32\combase.dll
0x00007ff84f320000 - 0x00007ff84f34e000 	C:\Windows\SYSTEM32\Wldp.dll
0x00007ff851ee0000 - 0x00007ff851f8d000 	C:\Windows\System32\SHCORE.dll
0x00007ff851670000 - 0x00007ff8516c5000 	C:\Windows\System32\shlwapi.dll
0x00007ff84f9c0000 - 0x00007ff84f9e5000 	C:\Windows\SYSTEM32\profapi.dll
0x00007ff839d40000 - 0x00007ff839d59000 	C:\Program Files\Java\jdk-17\bin\net.dll
0x00007ff848da0000 - 0x00007ff848eaa000 	C:\Windows\SYSTEM32\WINHTTP.dll
0x00007ff84f100000 - 0x00007ff84f16a000 	C:\Windows\system32\mswsock.dll
0x00007ff839710000 - 0x00007ff839726000 	C:\Program Files\Java\jdk-17\bin\nio.dll
0x00007ff8396f0000 - 0x00007ff839708000 	C:\Program Files\Java\jdk-17\bin\zip.dll
0x00007ff83d520000 - 0x00007ff83d530000 	C:\Program Files\Java\jdk-17\bin\verify.dll
0x00007ff838f90000 - 0x00007ff838fb7000 	C:\Users\marcos.OTHONC\.gradle\native\68d5fa5c4cc2d200863cafc0d521ce42e7d3e7ee720ec0a83991735586a16f82\windows-amd64\native-platform.dll

dbghelp: loaded successfully - version: 4.0.5 - missing functions: none
symbol engine: initialized successfully - sym options: 0x614 - pdb path: .;C:\Program Files\Java\jdk-17\bin;C:\Windows\SYSTEM32;C:\Windows\WinSxS\amd64_microsoft.windows.common-controls_6595b64144ccf1df_6.0.19041.1110_none_60b5254171f9507e;C:\Program Files\Java\jdk-17\bin\server;C:\Users\marcos.OTHONC\.gradle\native\68d5fa5c4cc2d200863cafc0d521ce42e7d3e7ee720ec0a83991735586a16f82\windows-amd64

VM Arguments:
jvm_args: -Xmx64m -Xms64m -Dorg.gradle.appname=gradlew 
java_command: org.gradle.wrapper.GradleWrapperMain tasks
java_class_path (initial): D:\AREA DE TRABALHO\testerb\android\\gradle\wrapper\gradle-wrapper.jar
Launcher Type: SUN_STANDARD

[Global flags]
     intx CICompilerCount                          = 3                                         {product} {ergonomic}
     uint ConcGCThreads                            = 1                                         {product} {ergonomic}
     uint G1ConcRefinementThreads                  = 4                                         {product} {ergonomic}
   size_t G1HeapRegionSize                         = 1048576                                   {product} {ergonomic}
    uintx GCDrainStackTargetSize                   = 64                                        {product} {ergonomic}
   size_t InitialHeapSize                          = 67108864                                  {product} {command line}
   size_t MarkStackSize                            = 4194304                                   {product} {ergonomic}
   size_t MaxHeapSize                              = 67108864                                  {product} {command line}
   size_t MaxNewSize                               = 39845888                                  {product} {ergonomic}
   size_t MinHeapDeltaBytes                        = 1048576                                   {product} {ergonomic}
   size_t MinHeapSize                              = 67108864                                  {product} {command line}
    uintx NonNMethodCodeHeapSize                   = 5832780                                {pd product} {ergonomic}
    uintx NonProfiledCodeHeapSize                  = 122912730                              {pd product} {ergonomic}
    uintx ProfiledCodeHeapSize                     = 122912730                              {pd product} {ergonomic}
    uintx ReservedCodeCacheSize                    = 251658240                              {pd product} {ergonomic}
     bool SegmentedCodeCache                       = true                                      {product} {ergonomic}
   size_t SoftMaxHeapSize                          = 67108864                               {manageable} {ergonomic}
     bool UseCompressedClassPointers               = true                           {product lp64_product} {ergonomic}
     bool UseCompressedOops                        = true                           {product lp64_product} {ergonomic}
     bool UseG1GC                                  = true                                      {product} {ergonomic}
     bool UseLargePagesIndividualAllocation        = false                                  {pd product} {ergonomic}

Logging:
Log output configuration:
 #0: stdout all=warning uptime,level,tags
 #1: stderr all=off uptime,level,tags

Environment Variables:
JAVA_HOME=C:\Program Files\Java\jdk-17
CLASSPATH=D:\AREA DE TRABALHO\testerb\android\\gradle\wrapper\gradle-wrapper.jar
PATH=D:\AREA DE TRABALHO\testerb\node_modules\.bin;D:\AREA DE TRABALHO\testerb\node_modules\.bin;D:\AREA DE TRABALHO\node_modules\.bin;D:\node_modules\.bin;C:\Program Files\nodejs\node_modules\npm\node_modules\@npmcli\run-script\lib\node-gyp-bin;C:\Users\MARCOS~1.OTH\AppData\Local\Temp\yarn--1695809377503-0.47914496697368936;D:\AREA DE TRABALHO\testerb\node_modules\.bin;C:\Users\marcos.OTHONC\AppData\Local\Yarn\Data\link\node_modules\.bin;C:\Users\marcos.OTHONC\AppData\Local\Yarn\bin;C:\Program Files\libexec\lib\node_modules\npm\bin\node-gyp-bin;C:\Program Files\lib\node_modules\npm\bin\node-gyp-bin;C:\Program Files\nodejs\node_modules\npm\bin\node-gyp-bin;C:\Program Files\Python311\Scripts\;C:\Program Files\Python311\;C:\Program Files\Common Files\Oracle\Java\javapath;C:\Program Files (x86)\Common Files\Oracle\Java\javapath;C:\Python311\Scripts\;C:\Python311\;D:\app\client\marcos\product\12.1.0\client_2\bin;C:\Windows\system32;C:\Windows;C:\Windows\System32\Wbem;C:\Windows\System32\WindowsPowerShell\v1.0\;C:\Windows\System32\OpenSSH\;C:\Program Files\dotnet\;C:\Program Files\nodejs\;C:\ProgramData\chocolatey\bin;D:\Program Files\Git\cmd;C:\Program Files\Zabbix Agent\;D:\Program Files\Veyon\;C:\Users\marcos.OTHONC\AppData\Local\Android\Sdk;C:\Users\marcos.OTHONC\AppData\Local\Android\Sdk\platform-tools;C:\Program Files\Java\jdk-17\bin;C:\Program Files\Maven\bin;;C:\Program Files\Docker\Docker\resources\bin;C:\Users\marcos.OTHONC\AppData\Local\Microsoft\WindowsApps;D:\Users\marcos.OTHONC\AppData\Local\Programs\Microsoft VS Code\bin;C:\Users\marcos.OTHONC\AppData\Local\GitHubDesktop\bin;C:\Users\marcos.OTHONC\AppData\Roaming\npm;D:\Program Files\JetBrains\IntelliJ IDEA 2023.1.3\bin;
USERNAME=marcos
SHELL=D:\Program Files\Git\usr\bin\bash.exe
DISPLAY=needs-to-be-defined
LANG=pt_BR.UTF-8
LC_CTYPE=pt_BR.UTF-8
OS=Windows_NT
PROCESSOR_IDENTIFIER=Intel64 Family 6 Model 158 Stepping 11, GenuineIntel



---------------  S Y S T E M  ---------------

OS:
 Windows 10 , 64 bit Build 19041 (10.0.19041.3155)
OS uptime: 8 days 20:37 hours
Hyper-V role detected

CPU: total 4 (initial active 4) (4 cores per cpu, 1 threads per core) family 6 model 158 stepping 11 microcode 0xf0, cx8, cmov, fxsr, mmx, 3dnowpref, sse, sse2, sse3, ssse3, sse4.1, sse4.2, popcnt, lzcnt, tsc, tscinvbit, avx, avx2, aes, erms, clmul, bmi1, bmi2, adx, fma, vzeroupper, clflush, clflushopt, hv

Memory: 4k page, system-wide physical 16193M (628M free)
TotalPageFile size 30419M (AvailPageFile size 0M)
current process WorkingSet (physical memory assigned to process): 65M, peak: 66M
current process commit charge ("private bytes"): 147M, peak: 149M

vm_info: Java HotSpot(TM) 64-Bit Server VM (17.0.7+8-LTS-224) for windows-amd64 JRE (17.0.7+8-LTS-224), built on Feb 28 2023 23:03:02 by "mach5one" with MS VC++ 17.1 (VS2022)

END.
