#
# There is insufficient memory for the Java Runtime Environment to continue.
# Native memory allocation (malloc) failed to allocate 32784 bytes for Chunk::new
# Possible reasons:
#   The system is out of physical RAM or swap space
#   The process is running with CompressedOops enabled, and the Java Heap may be blocking the growth of the native heap
# Possible solutions:
#   Reduce memory load on the system
#   Increase physical memory or swap space
#   Check if swap backing store is full
#   Decrease Java heap size (-Xmx/-Xms)
#   Decrease number of Java threads
#   Decrease Java thread stack sizes (-Xss)
#   Set larger code cache with -XX:ReservedCodeCacheSize=
#   JVM is running with Unscaled Compressed Oops mode in which the Java heap is
#     placed in the first 4GB address space. The Java Heap base address is the
#     maximum limit for the native heap growth. Please use -XX:HeapBaseMinAddress
#     to set the Java Heap base and to place the Java Heap above 4GB virtual address.
# This output file may be truncated or incomplete.
#
#  Out of Memory Error (arena.cpp:189), pid=9716, tid=17336
#
# JRE version: Java(TM) SE Runtime Environment (17.0.7+8) (build 17.0.7+8-LTS-224)
# Java VM: Java HotSpot(TM) 64-Bit Server VM (17.0.7+8-LTS-224, mixed mode, sharing, tiered, compressed oops, compressed class ptrs, g1 gc, windows-amd64)
# No core dump will be written. Minidumps are not enabled by default on client versions of Windows
#

---------------  S U M M A R Y ------------

Command Line: -Xmx64m -Xms64m -Dorg.gradle.appname=gradlew org.gradle.wrapper.GradleWrapperMain tasks

Host: Intel(R) Core(TM) i3-9100 CPU @ 3.60GHz, 4 cores, 15G,  Windows 10 , 64 bit Build 19041 (10.0.19041.3155)
Time: Wed Sep 27 07:29:35 2023 Hora oficial do Brasil elapsed time: 17.931453 seconds (0d 0h 0m 17s)

---------------  T H R E A D  ---------------

Current thread (0x0000012945ae8900):  JavaThread "C2 CompilerThread0" daemon [_thread_in_native, id=17336, stack(0x00000028ccf00000,0x00000028cd000000)]


Current CompileTask:
C2:  17931 1281       4       java.io.WinNTFileSystem::normalize (143 bytes)

Stack: [0x00000028ccf00000,0x00000028cd000000]
Native frames: (J=compiled Java code, j=interpreted, Vv=VM code, C=native code)
V  [jvm.dll+0x676a4a]
V  [jvm.dll+0x7d74f4]
V  [jvm.dll+0x7d8c9e]
V  [jvm.dll+0x7d9303]
V  [jvm.dll+0x2452c5]
V  [jvm.dll+0xaaa2b]
V  [jvm.dll+0xaafcc]
V  [jvm.dll+0xaab44]
V  [jvm.dll+0x65532c]
V  [jvm.dll+0x21eef9]
V  [jvm.dll+0x699ea1]
V  [jvm.dll+0x21fc27]
V  [jvm.dll+0x216bb7]
V  [jvm.dll+0x1a35e0]
V  [jvm.dll+0x226a6e]
V  [jvm.dll+0x224e15]
V  [jvm.dll+0x78d05c]
V  [jvm.dll+0x78759a]
V  [jvm.dll+0x675875]
C  [ucrtbase.dll+0x21bb2]
C  [KERNEL32.DLL+0x17614]
C  [ntdll.dll+0x526b1]


---------------  P R O C E S S  ---------------

Threads class SMR info:
_java_thread_list=0x0000012946de3be0, length=13, elements={
0x000001292cc2a350, 0x0000012945ac9120, 0x0000012945ac9f90, 0x0000012945ae2b10,
0x0000012945ae54e0, 0x0000012945ae5e90, 0x0000012945ae6840, 0x0000012945ae8900,
0x0000012945ae92b0, 0x0000012945b51680, 0x0000012945ba48d0, 0x0000012945ba9450,
0x0000012946ee6870
}

Java Threads: ( => current thread )
  0x000001292cc2a350 JavaThread "main" [_thread_in_Java, id=23564, stack(0x00000028cc100000,0x00000028cc200000)]
  0x0000012945ac9120 JavaThread "Reference Handler" daemon [_thread_blocked, id=16744, stack(0x00000028cc900000,0x00000028cca00000)]
  0x0000012945ac9f90 JavaThread "Finalizer" daemon [_thread_blocked, id=12052, stack(0x00000028cca00000,0x00000028ccb00000)]
  0x0000012945ae2b10 JavaThread "Signal Dispatcher" daemon [_thread_blocked, id=23128, stack(0x00000028ccb00000,0x00000028ccc00000)]
  0x0000012945ae54e0 JavaThread "Attach Listener" daemon [_thread_blocked, id=21800, stack(0x00000028ccc00000,0x00000028ccd00000)]
  0x0000012945ae5e90 JavaThread "Service Thread" daemon [_thread_blocked, id=23460, stack(0x00000028ccd00000,0x00000028cce00000)]
  0x0000012945ae6840 JavaThread "Monitor Deflation Thread" daemon [_thread_blocked, id=3304, stack(0x00000028cce00000,0x00000028ccf00000)]
=>0x0000012945ae8900 JavaThread "C2 CompilerThread0" daemon [_thread_in_native, id=17336, stack(0x00000028ccf00000,0x00000028cd000000)]
  0x0000012945ae92b0 JavaThread "C1 CompilerThread0" daemon [_thread_blocked, id=18668, stack(0x00000028cd000000,0x00000028cd100000)]
  0x0000012945b51680 JavaThread "Sweeper thread" daemon [_thread_blocked, id=23380, stack(0x00000028cd100000,0x00000028cd200000)]
  0x0000012945ba48d0 JavaThread "Notification Thread" daemon [_thread_blocked, id=17840, stack(0x00000028cd200000,0x00000028cd300000)]
  0x0000012945ba9450 JavaThread "Common-Cleaner" daemon [_thread_blocked, id=9788, stack(0x00000028cd400000,0x00000028cd500000)]
  0x0000012946ee6870 JavaThread "pool-1-thread-1" [_thread_blocked, id=27264, stack(0x00000028cd800000,0x00000028cd900000)]

Other Threads:
  0x0000012945ac54d0 VMThread "VM Thread" [stack: 0x00000028cc800000,0x00000028cc900000] [id=1020]
  0x0000012945ba71b0 WatcherThread [stack: 0x00000028cd300000,0x00000028cd400000] [id=13588]
  0x000001292cc47600 GCTaskThread "GC Thread#0" [stack: 0x00000028cc300000,0x00000028cc400000] [id=23092]
  0x00000129467f75c0 GCTaskThread "GC Thread#1" [stack: 0x00000028cd500000,0x00000028cd600000] [id=21320]
  0x00000129469193b0 GCTaskThread "GC Thread#2" [stack: 0x00000028cd600000,0x00000028cd700000] [id=23696]
  0x0000012946919660 GCTaskThread "GC Thread#3" [stack: 0x00000028cd700000,0x00000028cd800000] [id=20484]
  0x000001292cc48d40 ConcurrentGCThread "G1 Main Marker" [stack: 0x00000028cc400000,0x00000028cc500000] [id=17548]
  0x000001292cc4a760 ConcurrentGCThread "G1 Conc#0" [stack: 0x00000028cc500000,0x00000028cc600000] [id=1368]
  0x000001292cc98160 ConcurrentGCThread "G1 Refine#0" [stack: 0x00000028cc600000,0x00000028cc700000] [id=23340]
  0x000001292cc99b90 ConcurrentGCThread "G1 Service" [stack: 0x00000028cc700000,0x00000028cc800000] [id=24428]

Threads with active compile tasks:
C2 CompilerThread0    18132 1281       4       java.io.WinNTFileSystem::normalize (143 bytes)

VM state: not at safepoint (normal execution)

VM Mutex/Monitor currently owned by a thread: None

Heap address: 0x00000000fc000000, size: 64 MB, Compressed Oops mode: 32-bit

CDS archive(s) mapped at: [0x0000000800000000-0x0000000800bd0000-0x0000000800bd0000), size 12386304, SharedBaseAddress: 0x0000000800000000, ArchiveRelocationMode: 0.
Compressed class space mapped at: 0x0000000800c00000-0x0000000840c00000, reserved size: 1073741824
Narrow klass base: 0x0000000800000000, Narrow klass shift: 0, Narrow klass range: 0x100000000

GC Precious Log:
 CPUs: 4 total, 4 available
 Memory: 16193M
 Large Page Support: Disabled
 NUMA Support: Disabled
 Compressed Oops: Enabled (32-bit)
 Heap Region Size: 1M
 Heap Min Capacity: 64M
 Heap Initial Capacity: 64M
 Heap Max Capacity: 64M
 Pre-touch: Disabled
 Parallel Workers: 4
 Concurrent Workers: 1
 Concurrent Refinement Workers: 4
 Periodic GC: Disabled

Heap:
 garbage-first heap   total 65536K, used 19891K [0x00000000fc000000, 0x0000000100000000)
  region size 1024K, 14 young (14336K), 3 survivors (3072K)
 Metaspace       used 7417K, committed 7616K, reserved 1056768K
  class space    used 1005K, committed 1088K, reserved 1048576K

Heap Regions: E=young(eden), S=young(survivor), O=old, HS=humongous(starts), HC=humongous(continues), CS=collection set, F=free, OA=open archive, CA=closed archive, TAMS=top-at-mark-start (previous, next)
|   0|0x00000000fc000000, 0x00000000fc100000, 0x00000000fc100000|100%| O|  |TAMS 0x00000000fc000000, 0x00000000fc000000| Untracked 
|   1|0x00000000fc100000, 0x00000000fc200000, 0x00000000fc200000|100%| O|  |TAMS 0x00000000fc100000, 0x00000000fc100000| Untracked 
|   2|0x00000000fc200000, 0x00000000fc300000, 0x00000000fc300000|100%|HS|  |TAMS 0x00000000fc200000, 0x00000000fc200000| Complete 
|   3|0x00000000fc300000, 0x00000000fc400000, 0x00000000fc400000|100%|HC|  |TAMS 0x00000000fc300000, 0x00000000fc300000| Complete 
|   4|0x00000000fc400000, 0x00000000fc500000, 0x00000000fc500000|100%|HC|  |TAMS 0x00000000fc400000, 0x00000000fc400000| Complete 
|   5|0x00000000fc500000, 0x00000000fc600000, 0x00000000fc600000|100%|HC|  |TAMS 0x00000000fc500000, 0x00000000fc500000| Complete 
|   6|0x00000000fc600000, 0x00000000fc700000, 0x00000000fc700000|100%| O|  |TAMS 0x00000000fc600000, 0x00000000fc600000| Untracked 
|   7|0x00000000fc700000, 0x00000000fc76cc00, 0x00000000fc800000| 42%| O|  |TAMS 0x00000000fc700000, 0x00000000fc700000| Untracked 
|   8|0x00000000fc800000, 0x00000000fc800000, 0x00000000fc900000|  0%| F|  |TAMS 0x00000000fc800000, 0x00000000fc800000| Untracked 
|   9|0x00000000fc900000, 0x00000000fc900000, 0x00000000fca00000|  0%| F|  |TAMS 0x00000000fc900000, 0x00000000fc900000| Untracked 
|  10|0x00000000fca00000, 0x00000000fca00000, 0x00000000fcb00000|  0%| F|  |TAMS 0x00000000fca00000, 0x00000000fca00000| Untracked 
|  11|0x00000000fcb00000, 0x00000000fcb00000, 0x00000000fcc00000|  0%| F|  |TAMS 0x00000000fcb00000, 0x00000000fcb00000| Untracked 
|  12|0x00000000fcc00000, 0x00000000fcc00000, 0x00000000fcd00000|  0%| F|  |TAMS 0x00000000fcc00000, 0x00000000fcc00000| Untracked 
|  13|0x00000000fcd00000, 0x00000000fcd00000, 0x00000000fce00000|  0%| F|  |TAMS 0x00000000fcd00000, 0x00000000fcd00000| Untracked 
|  14|0x00000000fce00000, 0x00000000fce00000, 0x00000000fcf00000|  0%| F|  |TAMS 0x00000000fce00000, 0x00000000fce00000| Untracked 
|  15|0x00000000fcf00000, 0x00000000fcf00000, 0x00000000fd000000|  0%| F|  |TAMS 0x00000000fcf00000, 0x00000000fcf00000| Untracked 
|  16|0x00000000fd000000, 0x00000000fd000000, 0x00000000fd100000|  0%| F|  |TAMS 0x00000000fd000000, 0x00000000fd000000| Untracked 
|  17|0x00000000fd100000, 0x00000000fd100000, 0x00000000fd200000|  0%| F|  |TAMS 0x00000000fd100000, 0x00000000fd100000| Untracked 
|  18|0x00000000fd200000, 0x00000000fd200000, 0x00000000fd300000|  0%| F|  |TAMS 0x00000000fd200000, 0x00000000fd200000| Untracked 
|  19|0x00000000fd300000, 0x00000000fd300000, 0x00000000fd400000|  0%| F|  |TAMS 0x00000000fd300000, 0x00000000fd300000| Untracked 
|  20|0x00000000fd400000, 0x00000000fd400000, 0x00000000fd500000|  0%| F|  |TAMS 0x00000000fd400000, 0x00000000fd400000| Untracked 
|  21|0x00000000fd500000, 0x00000000fd500000, 0x00000000fd600000|  0%| F|  |TAMS 0x00000000fd500000, 0x00000000fd500000| Untracked 
|  22|0x00000000fd600000, 0x00000000fd600000, 0x00000000fd700000|  0%| F|  |TAMS 0x00000000fd600000, 0x00000000fd600000| Untracked 
|  23|0x00000000fd700000, 0x00000000fd700000, 0x00000000fd800000|  0%| F|  |TAMS 0x00000000fd700000, 0x00000000fd700000| Untracked 
|  24|0x00000000fd800000, 0x00000000fd800000, 0x00000000fd900000|  0%| F|  |TAMS 0x00000000fd800000, 0x00000000fd800000| Untracked 
|  25|0x00000000fd900000, 0x00000000fd900000, 0x00000000fda00000|  0%| F|  |TAMS 0x00000000fd900000, 0x00000000fd900000| Untracked 
|  26|0x00000000fda00000, 0x00000000fda00000, 0x00000000fdb00000|  0%| F|  |TAMS 0x00000000fda00000, 0x00000000fda00000| Untracked 
|  27|0x00000000fdb00000, 0x00000000fdb00000, 0x00000000fdc00000|  0%| F|  |TAMS 0x00000000fdb00000, 0x00000000fdb00000| Untracked 
|  28|0x00000000fdc00000, 0x00000000fdc00000, 0x00000000fdd00000|  0%| F|  |TAMS 0x00000000fdc00000, 0x00000000fdc00000| Untracked 
|  29|0x00000000fdd00000, 0x00000000fdd00000, 0x00000000fde00000|  0%| F|  |TAMS 0x00000000fdd00000, 0x00000000fdd00000| Untracked 
|  30|0x00000000fde00000, 0x00000000fde00000, 0x00000000fdf00000|  0%| F|  |TAMS 0x00000000fde00000, 0x00000000fde00000| Untracked 
|  31|0x00000000fdf00000, 0x00000000fdf00000, 0x00000000fe000000|  0%| F|  |TAMS 0x00000000fdf00000, 0x00000000fdf00000| Untracked 
|  32|0x00000000fe000000, 0x00000000fe000000, 0x00000000fe100000|  0%| F|  |TAMS 0x00000000fe000000, 0x00000000fe000000| Untracked 
|  33|0x00000000fe100000, 0x00000000fe100000, 0x00000000fe200000|  0%| F|  |TAMS 0x00000000fe100000, 0x00000000fe100000| Untracked 
|  34|0x00000000fe200000, 0x00000000fe200000, 0x00000000fe300000|  0%| F|  |TAMS 0x00000000fe200000, 0x00000000fe200000| Untracked 
|  35|0x00000000fe300000, 0x00000000fe300000, 0x00000000fe400000|  0%| F|  |TAMS 0x00000000fe300000, 0x00000000fe300000| Untracked 
|  36|0x00000000fe400000, 0x00000000fe400000, 0x00000000fe500000|  0%| F|  |TAMS 0x00000000fe400000, 0x00000000fe400000| Untracked 
|  37|0x00000000fe500000, 0x00000000fe500000, 0x00000000fe600000|  0%| F|  |TAMS 0x00000000fe500000, 0x00000000fe500000| Untracked 
|  38|0x00000000fe600000, 0x00000000fe600000, 0x00000000fe700000|  0%| F|  |TAMS 0x00000000fe600000, 0x00000000fe600000| Untracked 
|  39|0x00000000fe700000, 0x00000000fe700000, 0x00000000fe800000|  0%| F|  |TAMS 0x00000000fe700000, 0x00000000fe700000| Untracked 
|  40|0x00000000fe800000, 0x00000000fe800000, 0x00000000fe900000|  0%| F|  |TAMS 0x00000000fe800000, 0x00000000fe800000| Untracked 
|  41|0x00000000fe900000, 0x00000000fe900000, 0x00000000fea00000|  0%| F|  |TAMS 0x00000000fe900000, 0x00000000fe900000| Untracked 
|  42|0x00000000fea00000, 0x00000000fea00000, 0x00000000feb00000|  0%| F|  |TAMS 0x00000000fea00000, 0x00000000fea00000| Untracked 
|  43|0x00000000feb00000, 0x00000000feb00000, 0x00000000fec00000|  0%| F|  |TAMS 0x00000000feb00000, 0x00000000feb00000| Untracked 
|  44|0x00000000fec00000, 0x00000000fed00000, 0x00000000fed00000|100%| S|CS|TAMS 0x00000000fec00000, 0x00000000fec00000| Complete 
|  45|0x00000000fed00000, 0x00000000fee00000, 0x00000000fee00000|100%| S|CS|TAMS 0x00000000fed00000, 0x00000000fed00000| Complete 
|  46|0x00000000fee00000, 0x00000000fef00000, 0x00000000fef00000|100%| S|CS|TAMS 0x00000000fee00000, 0x00000000fee00000| Complete 
|  47|0x00000000fef00000, 0x00000000fef00000, 0x00000000ff000000|  0%| F|  |TAMS 0x00000000fef00000, 0x00000000fef00000| Untracked 
|  48|0x00000000ff000000, 0x00000000ff000000, 0x00000000ff100000|  0%| F|  |TAMS 0x00000000ff000000, 0x00000000ff000000| Untracked 
|  49|0x00000000ff100000, 0x00000000ff100000, 0x00000000ff200000|  0%| F|  |TAMS 0x00000000ff100000, 0x00000000ff100000| Untracked 
|  50|0x00000000ff200000, 0x00000000ff200000, 0x00000000ff300000|  0%| F|  |TAMS 0x00000000ff200000, 0x00000000ff200000| Untracked 
|  51|0x00000000ff300000, 0x00000000ff300000, 0x00000000ff400000|  0%| F|  |TAMS 0x00000000ff300000, 0x00000000ff300000| Untracked 
|  52|0x00000000ff400000, 0x00000000ff400000, 0x00000000ff500000|  0%| F|  |TAMS 0x00000000ff400000, 0x00000000ff400000| Untracked 
|  53|0x00000000ff500000, 0x00000000ff57f5a8, 0x00000000ff600000| 49%| E|  |TAMS 0x00000000ff500000, 0x00000000ff500000| Complete 
|  54|0x00000000ff600000, 0x00000000ff700000, 0x00000000ff700000|100%| E|  |TAMS 0x00000000ff600000, 0x00000000ff600000| Complete 
|  55|0x00000000ff700000, 0x00000000ff800000, 0x00000000ff800000|100%| E|CS|TAMS 0x00000000ff700000, 0x00000000ff700000| Complete 
|  56|0x00000000ff800000, 0x00000000ff900000, 0x00000000ff900000|100%| E|CS|TAMS 0x00000000ff800000, 0x00000000ff800000| Complete 
|  57|0x00000000ff900000, 0x00000000ffa00000, 0x00000000ffa00000|100%| E|CS|TAMS 0x00000000ff900000, 0x00000000ff900000| Complete 
|  58|0x00000000ffa00000, 0x00000000ffb00000, 0x00000000ffb00000|100%| E|CS|TAMS 0x00000000ffa00000, 0x00000000ffa00000| Complete 
|  59|0x00000000ffb00000, 0x00000000ffc00000, 0x00000000ffc00000|100%| E|CS|TAMS 0x00000000ffb00000, 0x00000000ffb00000| Complete 
|  60|0x00000000ffc00000, 0x00000000ffd00000, 0x00000000ffd00000|100%| E|CS|TAMS 0x00000000ffc00000, 0x00000000ffc00000| Complete 
|  61|0x00000000ffd00000, 0x00000000ffe00000, 0x00000000ffe00000|100%| E|CS|TAMS 0x00000000ffd00000, 0x00000000ffd00000| Complete 
|  62|0x00000000ffe00000, 0x00000000fff00000, 0x00000000fff00000|100%| E|CS|TAMS 0x00000000ffe00000, 0x00000000ffe00000| Complete 
|  63|0x00000000fff00000, 0x0000000100000000, 0x0000000100000000|100%| E|CS|TAMS 0x00000000fff00000, 0x00000000fff00000| Complete 

Card table byte_map: [0x000001292abe0000,0x000001292ac00000] _byte_map_base: 0x000001292a400000

Marking Bits (Prev, Next): (CMBitMap*) 0x000001292cc47c10, (CMBitMap*) 0x000001292cc47c50
 Prev Bits: [0x000001292ca30000, 0x000001292cb30000)
 Next Bits: [0x00000129434a0000, 0x00000129435a0000)

Polling page: 0x000001292ab90000

Metaspace:

Usage:
  Non-class:      6.26 MB used.
      Class:   1005.48 KB used.
       Both:      7.24 MB used.

Virtual space:
  Non-class space:        8.00 MB reserved,       6.38 MB ( 80%) committed,  1 nodes.
      Class space:        1.00 GB reserved,       1.06 MB ( <1%) committed,  1 nodes.
             Both:        1.01 GB reserved,       7.44 MB ( <1%) committed. 

Chunk freelists:
   Non-Class:  816.00 KB
       Class:  2.98 MB
        Both:  3.78 MB

MaxMetaspaceSize: unlimited
CompressedClassSpaceSize: 1.00 GB
Initial GC threshold: 21.00 MB
Current GC threshold: 21.00 MB
CDS: on
MetaspaceReclaimPolicy: balanced
 - commit_granule_bytes: 65536.
 - commit_granule_words: 8192.
 - virtual_space_node_default_size: 1048576.
 - enlarge_chunks_in_place: 1.
 - new_chunks_are_fully_committed: 0.
 - uncommit_free_chunks: 1.
 - use_allocation_guard: 0.
 - handle_deallocations: 1.


Internal statistics:

num_allocs_failed_limit: 0.
num_arena_births: 74.
num_arena_deaths: 0.
num_vsnodes_births: 2.
num_vsnodes_deaths: 0.
num_space_committed: 119.
num_space_uncommitted: 0.
num_chunks_returned_to_freelist: 0.
num_chunks_taken_from_freelist: 268.
num_chunk_merges: 0.
num_chunk_splits: 177.
num_chunks_enlarged: 146.
num_purges: 0.
num_inconsistent_stats: 0.

CodeHeap 'non-profiled nmethods': size=120000Kb used=535Kb max_used=535Kb free=119464Kb
 bounds [0x000001293bf70000, 0x000001293c1e0000, 0x00000129434a0000]
CodeHeap 'profiled nmethods': size=120000Kb used=2553Kb max_used=2553Kb free=117446Kb
 bounds [0x00000129344a0000, 0x0000012934720000, 0x000001293b9d0000]
CodeHeap 'non-nmethods': size=5760Kb used=1160Kb max_used=1191Kb free=4599Kb
 bounds [0x000001293b9d0000, 0x000001293bc40000, 0x000001293bf70000]
 total_blobs=1737 nmethods=1281 adapters=369
 compilation: enabled
              stopped_count=0, restarted_count=0
 full_count=0

Compilation events (20 events):
Event: 17.897 Thread 0x0000012945ae92b0 1274       3       java.io.ByteArrayOutputStream::<init> (7 bytes)
Event: 17.897 Thread 0x0000012945ae92b0 nmethod 1274 0x0000012934718510 code [0x00000129347186a0, 0x00000129347187e8]
Event: 17.897 Thread 0x0000012945ae92b0 1275       3       java.io.ByteArrayOutputStream::<init> (43 bytes)
Event: 17.898 Thread 0x0000012945ae92b0 nmethod 1275 0x0000012934718890 code [0x0000012934718ae0, 0x0000012934719318]
Event: 17.898 Thread 0x0000012945ae92b0 1276   !   3       java.util.jar.JarFile::getBytes (186 bytes)
Event: 17.899 Thread 0x0000012945ae92b0 nmethod 1276 0x0000012934719610 code [0x0000012934719980, 0x000001293471adb8]
Event: 17.901 Thread 0x0000012945ae92b0 1277       3       java.net.URL::toURI (54 bytes)
Event: 17.901 Thread 0x0000012945ae92b0 nmethod 1277 0x000001293471b810 code [0x000001293471bb20, 0x000001293471ccb8]
Event: 17.902 Thread 0x0000012945ae92b0 1278       1       java.util.jar.JarFile$JarFileEntry::getName (5 bytes)
Event: 17.902 Thread 0x0000012945ae92b0 nmethod 1278 0x000001293bff0a90 code [0x000001293bff0c20, 0x000001293bff0cf8]
Event: 17.902 Thread 0x0000012945ae92b0 1279       3       java.util.Hashtable::<init> (9 bytes)
Event: 17.903 Thread 0x0000012945ae92b0 nmethod 1279 0x000001293471d310 code [0x000001293471d4e0, 0x000001293471d628]
Event: 17.917 Thread 0x0000012945ae8900 nmethod 1259% 0x000001293bff0d90 code [0x000001293bff10a0, 0x000001293bff3330]
Event: 17.917 Thread 0x0000012945ae8900 1280       4       java.io.File::equals (28 bytes)
Event: 17.924 Thread 0x0000012945ae8900 nmethod 1280 0x000001293bff4690 code [0x000001293bff4840, 0x000001293bff4f18]
Event: 17.924 Thread 0x0000012945ae8900 1261       4       java.util.LinkedHashMap::newNode (23 bytes)
Event: 17.927 Thread 0x0000012945ae8900 nmethod 1261 0x000001293bff5490 code [0x000001293bff5620, 0x000001293bff5ad8]
Event: 17.927 Thread 0x0000012945ae8900 1262       4       java.util.LinkedHashMap::afterNodeInsertion (40 bytes)
Event: 17.927 Thread 0x0000012945ae8900 nmethod 1262 0x000001293bff5b90 code [0x000001293bff5d00, 0x000001293bff5db8]
Event: 17.929 Thread 0x0000012945ae8900 1281       4       java.io.WinNTFileSystem::normalize (143 bytes)

GC Heap History (4 events):
Event: 4.828 GC heap before
{Heap before GC invocations=0 (full 0):
 garbage-first heap   total 65536K, used 12288K [0x00000000fc000000, 0x0000000100000000)
  region size 1024K, 13 young (13312K), 0 survivors (0K)
 Metaspace       used 1780K, committed 1920K, reserved 1056768K
  class space    used 160K, committed 192K, reserved 1048576K
}
Event: 5.005 GC heap after
{Heap after GC invocations=1 (full 0):
 garbage-first heap   total 65536K, used 3372K [0x00000000fc000000, 0x0000000100000000)
  region size 1024K, 2 young (2048K), 2 survivors (2048K)
 Metaspace       used 1780K, committed 1920K, reserved 1056768K
  class space    used 160K, committed 192K, reserved 1048576K
}
Event: 13.239 GC heap before
{Heap before GC invocations=1 (full 0):
 garbage-first heap   total 65536K, used 21804K [0x00000000fc000000, 0x0000000100000000)
  region size 1024K, 17 young (17408K), 2 survivors (2048K)
 Metaspace       used 5139K, committed 5376K, reserved 1056768K
  class space    used 696K, committed 832K, reserved 1048576K
}
Event: 13.241 GC heap after
{Heap after GC invocations=2 (full 0):
 garbage-first heap   total 65536K, used 10675K [0x00000000fc000000, 0x0000000100000000)
  region size 1024K, 3 young (3072K), 3 survivors (3072K)
 Metaspace       used 5139K, committed 5376K, reserved 1056768K
  class space    used 696K, committed 832K, reserved 1048576K
}

Deoptimization events (20 events):
Event: 17.722 Thread 0x000001292cc2a350 DEOPT PACKING pc=0x000001293454f047 sp=0x00000028cc1fc9c0
Event: 17.722 Thread 0x000001292cc2a350 DEOPT UNPACKING pc=0x000001293ba22b43 sp=0x00000028cc1fbe88 mode 0
Event: 17.722 Thread 0x000001292cc2a350 DEOPT PACKING pc=0x000001293454f047 sp=0x00000028cc1fc9c0
Event: 17.722 Thread 0x000001292cc2a350 DEOPT UNPACKING pc=0x000001293ba22b43 sp=0x00000028cc1fbe88 mode 0
Event: 17.723 Thread 0x000001292cc2a350 DEOPT PACKING pc=0x000001293454f047 sp=0x00000028cc1fc9c0
Event: 17.723 Thread 0x000001292cc2a350 DEOPT UNPACKING pc=0x000001293ba22b43 sp=0x00000028cc1fbe88 mode 0
Event: 17.723 Thread 0x000001292cc2a350 DEOPT PACKING pc=0x000001293454f047 sp=0x00000028cc1fc9c0
Event: 17.723 Thread 0x000001292cc2a350 DEOPT UNPACKING pc=0x000001293ba22b43 sp=0x00000028cc1fbe88 mode 0
Event: 17.723 Thread 0x000001292cc2a350 DEOPT PACKING pc=0x000001293454f047 sp=0x00000028cc1fc9c0
Event: 17.723 Thread 0x000001292cc2a350 DEOPT UNPACKING pc=0x000001293ba22b43 sp=0x00000028cc1fbe88 mode 0
Event: 17.724 Thread 0x000001292cc2a350 DEOPT PACKING pc=0x000001293454f047 sp=0x00000028cc1fc9c0
Event: 17.724 Thread 0x000001292cc2a350 DEOPT UNPACKING pc=0x000001293ba22b43 sp=0x00000028cc1fbe88 mode 0
Event: 17.724 Thread 0x000001292cc2a350 DEOPT PACKING pc=0x000001293454f047 sp=0x00000028cc1fc9c0
Event: 17.724 Thread 0x000001292cc2a350 DEOPT UNPACKING pc=0x000001293ba22b43 sp=0x00000028cc1fbe88 mode 0
Event: 17.725 Thread 0x000001292cc2a350 DEOPT PACKING pc=0x000001293454f047 sp=0x00000028cc1fc9c0
Event: 17.725 Thread 0x000001292cc2a350 DEOPT UNPACKING pc=0x000001293ba22b43 sp=0x00000028cc1fbe88 mode 0
Event: 17.725 Thread 0x000001292cc2a350 DEOPT PACKING pc=0x000001293454f047 sp=0x00000028cc1fc9c0
Event: 17.725 Thread 0x000001292cc2a350 DEOPT UNPACKING pc=0x000001293ba22b43 sp=0x00000028cc1fbe88 mode 0
Event: 17.725 Thread 0x000001292cc2a350 DEOPT PACKING pc=0x000001293454f047 sp=0x00000028cc1fc9c0
Event: 17.725 Thread 0x000001292cc2a350 DEOPT UNPACKING pc=0x000001293ba22b43 sp=0x00000028cc1fbe88 mode 0

Classes unloaded (0 events):
No events

Classes redefined (0 events):
No events

Internal exceptions (16 events):
Event: 1.379 Thread 0x000001292cc2a350 Exception <a 'java/lang/NoSuchMethodError'{0x00000000ffde2258}: 'int java.lang.invoke.DirectMethodHandle$Holder.invokeStaticInit(java.lang.Object, java.lang.Object)'> (0x00000000ffde2258) 
thrown [s\open\src\hotspot\share\interpreter\linkResolver.cpp, line 759]
Event: 12.406 Thread 0x000001292cc2a350 Exception <a 'java/lang/NoSuchMethodError'{0x00000000ff8f6e80}: 'void java.lang.invoke.DirectMethodHandle$Holder.invokeStatic(java.lang.Object, java.lang.Object)'> (0x00000000ff8f6e80) 
thrown [s\open\src\hotspot\share\interpreter\linkResolver.cpp, line 759]
Event: 12.426 Thread 0x000001292cc2a350 Exception <a 'java/lang/NoClassDefFoundError'{0x00000000ff77d4f8}: org/slf4j/impl/StaticMarkerBinder> (0x00000000ff77d4f8) 
thrown [s\open\src\hotspot\share\classfile\systemDictionary.cpp, line 245]
Event: 12.565 Thread 0x000001292cc2a350 Exception <a 'java/lang/NoSuchMethodError'{0x00000000ff61a9c8}: 'java.lang.Object java.lang.invoke.DirectMethodHandle$Holder.invokeVirtual(java.lang.Object, java.lang.Object, java.lang.Object, java.lang.Object, java.lang.Object, java.lang.Object, java.lang.Object)'> (0x00000000ff61a9c8) 
thrown [s\open\src\hotspot\share\interpreter\linkResolver.cpp, line 759]
Event: 12.572 Thread 0x000001292cc2a350 Exception <a 'java/lang/NoSuchMethodError'{0x00000000ff62c048}: 'java.lang.Object java.lang.invoke.Invokers$Holder.invoker(java.lang.Object, java.lang.Object, java.lang.Object)'> (0x00000000ff62c048) 
thrown [s\open\src\hotspot\share\interpreter\linkResolver.cpp, line 759]
Event: 12.574 Thread 0x000001292cc2a350 Exception <a 'java/lang/NoSuchMethodError'{0x00000000ff635118}: 'java.lang.Object java.lang.invoke.DirectMethodHandle$Holder.invokeStatic(java.lang.Object, java.lang.Object, int)'> (0x00000000ff635118) 
thrown [s\open\src\hotspot\share\interpreter\linkResolver.cpp, line 759]
Event: 12.576 Thread 0x000001292cc2a350 Exception <a 'java/lang/NoSuchMethodError'{0x00000000ff640e08}: 'void java.lang.invoke.DelegatingMethodHandle$Holder.delegate(java.lang.Object, java.lang.Object, int, java.lang.Object)'> (0x00000000ff640e08) 
thrown [s\open\src\hotspot\share\interpreter\linkResolver.cpp, line 759]
Event: 12.577 Thread 0x000001292cc2a350 Exception <a 'java/lang/NoSuchMethodError'{0x00000000ff644f50}: 'int java.lang.invoke.DirectMethodHandle$Holder.invokeSpecial(java.lang.Object, java.lang.Object, java.lang.Object)'> (0x00000000ff644f50) 
thrown [s\open\src\hotspot\share\interpreter\linkResolver.cpp, line 759]
Event: 12.579 Thread 0x000001292cc2a350 Exception <a 'java/lang/NoSuchMethodError'{0x00000000ff658300}: 'java.lang.Object java.lang.invoke.Invokers$Holder.invokeExact_MT(java.lang.Object, java.lang.Object, java.lang.Object, java.lang.Object)'> (0x00000000ff658300) 
thrown [s\open\src\hotspot\share\interpreter\linkResolver.cpp, line 759]
Event: 13.061 Thread 0x000001292cc2a350 Exception <a 'java/lang/NoSuchMethodError'{0x00000000ff057e00}: 'void java.lang.invoke.DirectMethodHandle$Holder.invokeSpecial(java.lang.Object, java.lang.Object, java.lang.Object)'> (0x00000000ff057e00) 
thrown [s\open\src\hotspot\share\interpreter\linkResolver.cpp, line 759]
Event: 13.077 Thread 0x000001292cc2a350 Implicit null exception at 0x000001293bfbb693 to 0x000001293bfbbaec
Event: 13.077 Thread 0x000001292cc2a350 Implicit null exception at 0x000001293bfb0991 to 0x000001293bfb0dc8
Event: 13.245 Thread 0x000001292cc2a350 Exception <a 'java/lang/NoSuchMethodError'{0x00000000fff16638}: 'java.lang.Object java.lang.invoke.DirectMethodHandle$Holder.invokeStaticInit(java.lang.Object)'> (0x00000000fff16638) 
thrown [s\open\src\hotspot\share\interpreter\linkResolver.cpp, line 759]
Event: 13.767 Thread 0x000001292cc2a350 Exception <a 'java/lang/NoSuchMethodError'{0x00000000ffb77818}: 'java.lang.Object java.lang.invoke.DirectMethodHandle$Holder.invokeStaticInit(java.lang.Object, int, int, int, int)'> (0x00000000ffb77818) 
thrown [s\open\src\hotspot\share\interpreter\linkResolver.cpp, line 759]
Event: 14.090 Thread 0x000001292cc2a350 Exception <a 'java/lang/NoSuchMethodError'{0x00000000ffb9dec0}: 'java.lang.Object java.lang.invoke.DirectMethodHandle$Holder.invokeStaticInit(java.lang.Object, java.lang.Object, int, int, int, int)'> (0x00000000ffb9dec0) 
thrown [s\open\src\hotspot\share\interpreter\linkResolver.cpp, line 759]
Event: 17.165 Thread 0x000001292cc2a350 Exception <a 'java/lang/NoSuchMethodError'{0x00000000ffbcab30}: 'void java.lang.invoke.DirectMethodHandle$Holder.invokeStatic(java.lang.Object, java.lang.Object, java.lang.Object)'> (0x00000000ffbcab30) 
thrown [s\open\src\hotspot\share\interpreter\linkResolver.cpp, line 759]

VM Operations (20 events):
Event: 12.067 Executing VM operation: Cleanup
Event: 12.162 Executing VM operation: Cleanup done
Event: 12.423 Executing VM operation: HandshakeAllThreads
Event: 12.423 Executing VM operation: HandshakeAllThreads done
Event: 12.423 Executing VM operation: HandshakeAllThreads
Event: 12.423 Executing VM operation: HandshakeAllThreads done
Event: 12.573 Executing VM operation: HandshakeAllThreads
Event: 12.574 Executing VM operation: HandshakeAllThreads done
Event: 13.238 Executing VM operation: G1CollectForAllocation
Event: 13.241 Executing VM operation: G1CollectForAllocation done
Event: 13.476 Executing VM operation: HandshakeAllThreads
Event: 13.476 Executing VM operation: HandshakeAllThreads done
Event: 13.938 Executing VM operation: HandshakeAllThreads
Event: 13.938 Executing VM operation: HandshakeAllThreads done
Event: 14.940 Executing VM operation: Cleanup
Event: 14.940 Executing VM operation: Cleanup done
Event: 17.189 Executing VM operation: HandshakeAllThreads
Event: 17.189 Executing VM operation: HandshakeAllThreads done
Event: 17.189 Executing VM operation: Cleanup
Event: 17.190 Executing VM operation: Cleanup done

Events (20 events):
Event: 17.468 loading class sun/util/cldr/CLDRTimeZoneNameProviderImpl
Event: 17.468 loading class sun/util/locale/provider/TimeZoneNameProviderImpl
Event: 17.468 loading class sun/util/locale/provider/TimeZoneNameProviderImpl done
Event: 17.468 loading class sun/util/cldr/CLDRTimeZoneNameProviderImpl done
Event: 17.469 loading class sun/util/locale/provider/BaseLocaleDataMetaInfo
Event: 17.469 loading class sun/util/locale/provider/BaseLocaleDataMetaInfo done
Event: 17.470 loading class sun/util/resources/cldr/TimeZoneNames
Event: 17.470 loading class sun/util/resources/TimeZoneNamesBundle
Event: 17.470 loading class sun/util/resources/OpenListResourceBundle
Event: 17.470 loading class sun/util/resources/OpenListResourceBundle done
Event: 17.470 loading class sun/util/resources/TimeZoneNamesBundle done
Event: 17.470 loading class sun/util/resources/cldr/TimeZoneNames done
Event: 17.470 loading class sun/util/resources/cldr/TimeZoneNames_en
Event: 17.471 loading class sun/util/resources/cldr/TimeZoneNames_en done
Event: 17.471 loading class sun/util/resources/cldr/TimeZoneNames_en_US
Event: 17.471 loading class sun/util/resources/cldr/TimeZoneNames_en_US done
Event: 17.472 loading class sun/util/resources/TimeZoneNames
Event: 17.473 loading class sun/util/resources/TimeZoneNames done
Event: 17.473 loading class sun/util/resources/TimeZoneNames_en
Event: 17.473 loading class sun/util/resources/TimeZoneNames_en done


Dynamic libraries:
0x00007ff6be2d0000 - 0x00007ff6be2e0000 	C:\Program Files\Java\jdk-17\bin\java.exe
0x00007ff8523b0000 - 0x00007ff8525a8000 	C:\Windows\SYSTEM32\ntdll.dll
0x00007ff850410000 - 0x00007ff8504cf000 	C:\Windows\System32\KERNEL32.DLL
0x00007ff84fd10000 - 0x00007ff850006000 	C:\Windows\System32\KERNELBASE.dll
0x00007ff84cf60000 - 0x00007ff84cff1000 	C:\Windows\SYSTEM32\apphelp.dll
0x00007ff850260000 - 0x00007ff850360000 	C:\Windows\System32\ucrtbase.dll
0x00007ff839fb0000 - 0x00007ff839fc9000 	C:\Program Files\Java\jdk-17\bin\jli.dll
0x00007ff851cb0000 - 0x00007ff851d5f000 	C:\Windows\System32\ADVAPI32.dll
0x00007ff850ce0000 - 0x00007ff850d7e000 	C:\Windows\System32\msvcrt.dll
0x00007ff851c10000 - 0x00007ff851cac000 	C:\Windows\System32\sechost.dll
0x00007ff851fc0000 - 0x00007ff8520e6000 	C:\Windows\System32\RPCRT4.dll
0x00007ff8521d0000 - 0x00007ff85236d000 	C:\Windows\System32\USER32.dll
0x00007ff850040000 - 0x00007ff850062000 	C:\Windows\System32\win32u.dll
0x00007ff851f90000 - 0x00007ff851fbc000 	C:\Windows\System32\GDI32.dll
0x00007ff84fb50000 - 0x00007ff84fc65000 	C:\Windows\System32\gdi32full.dll
0x00007ff84fc70000 - 0x00007ff84fd0d000 	C:\Windows\System32\msvcp_win.dll
0x00007ff839df0000 - 0x00007ff839e0b000 	C:\Program Files\Java\jdk-17\bin\VCRUNTIME140.dll
0x00007ff837180000 - 0x00007ff83741a000 	C:\Windows\WinSxS\amd64_microsoft.windows.common-controls_6595b64144ccf1df_6.0.19041.1110_none_60b5254171f9507e\COMCTL32.dll
0x00007ff847140000 - 0x00007ff84714a000 	C:\Windows\SYSTEM32\VERSION.dll
0x00007ff850c20000 - 0x00007ff850c50000 	C:\Windows\System32\IMM32.DLL
0x00007ff844880000 - 0x00007ff84488c000 	C:\Program Files\Java\jdk-17\bin\vcruntime140_1.dll
0x00007ff838150000 - 0x00007ff8381de000 	C:\Program Files\Java\jdk-17\bin\msvcp140.dll
0x00007fffe8120000 - 0x00007fffe8cfd000 	C:\Program Files\Java\jdk-17\bin\server\jvm.dll
0x00007ff850f80000 - 0x00007ff850f88000 	C:\Windows\System32\PSAPI.DLL
0x00007ff83af70000 - 0x00007ff83af79000 	C:\Windows\SYSTEM32\WSOCK32.dll
0x00007ff851600000 - 0x00007ff85166b000 	C:\Windows\System32\WS2_32.dll
0x00007ff83bc00000 - 0x00007ff83bc27000 	C:\Windows\SYSTEM32\WINMM.dll
0x00007ff84d730000 - 0x00007ff84d742000 	C:\Windows\SYSTEM32\kernel.appcore.dll
0x00007ff844800000 - 0x00007ff84480a000 	C:\Program Files\Java\jdk-17\bin\jimage.dll
0x00007ff83c890000 - 0x00007ff83ca74000 	C:\Windows\SYSTEM32\DBGHELP.DLL
0x00007ff838250000 - 0x00007ff838284000 	C:\Windows\SYSTEM32\dbgcore.DLL
0x00007ff8501d0000 - 0x00007ff850252000 	C:\Windows\System32\bcryptPrimitives.dll
0x00007ff839780000 - 0x00007ff8397a5000 	C:\Program Files\Java\jdk-17\bin\java.dll
0x00007ff81daf0000 - 0x00007ff81dbc7000 	C:\Program Files\Java\jdk-17\bin\jsvml.dll
0x00007ff8504d0000 - 0x00007ff850c14000 	C:\Windows\System32\SHELL32.dll
0x00007ff84d930000 - 0x00007ff84e0c3000 	C:\Windows\SYSTEM32\windows.storage.dll
0x00007ff8516d0000 - 0x00007ff851a24000 	C:\Windows\System32\combase.dll
0x00007ff84f320000 - 0x00007ff84f34e000 	C:\Windows\SYSTEM32\Wldp.dll
0x00007ff851ee0000 - 0x00007ff851f8d000 	C:\Windows\System32\SHCORE.dll
0x00007ff851670000 - 0x00007ff8516c5000 	C:\Windows\System32\shlwapi.dll
0x00007ff84f9c0000 - 0x00007ff84f9e5000 	C:\Windows\SYSTEM32\profapi.dll
0x00007ff839d40000 - 0x00007ff839d59000 	C:\Program Files\Java\jdk-17\bin\net.dll
0x00007ff848da0000 - 0x00007ff848eaa000 	C:\Windows\SYSTEM32\WINHTTP.dll
0x00007ff84f100000 - 0x00007ff84f16a000 	C:\Windows\system32\mswsock.dll
0x00007ff839710000 - 0x00007ff839726000 	C:\Program Files\Java\jdk-17\bin\nio.dll
0x00007ff8396f0000 - 0x00007ff839708000 	C:\Program Files\Java\jdk-17\bin\zip.dll
0x00007ff83d520000 - 0x00007ff83d530000 	C:\Program Files\Java\jdk-17\bin\verify.dll
0x00007ff838f90000 - 0x00007ff838fb7000 	C:\Users\marcos.OTHONC\.gradle\native\68d5fa5c4cc2d200863cafc0d521ce42e7d3e7ee720ec0a83991735586a16f82\windows-amd64\native-platform.dll
0x00007ff83c030000 - 0x00007ff83c03a000 	C:\Program Files\Java\jdk-17\bin\management.dll
0x00007ff83c010000 - 0x00007ff83c01b000 	C:\Program Files\Java\jdk-17\bin\management_ext.dll
0x00007ff84f3c0000 - 0x00007ff84f3d8000 	C:\Windows\SYSTEM32\CRYPTSP.dll
0x00007ff84ea30000 - 0x00007ff84ea64000 	C:\Windows\system32\rsaenh.dll
0x00007ff850010000 - 0x00007ff850037000 	C:\Windows\System32\bcrypt.dll
0x00007ff84f980000 - 0x00007ff84f9ae000 	C:\Windows\SYSTEM32\USERENV.dll
0x00007ff84f290000 - 0x00007ff84f29c000 	C:\Windows\SYSTEM32\CRYPTBASE.dll
0x00007ff84ee10000 - 0x00007ff84ee4b000 	C:\Windows\SYSTEM32\IPHLPAPI.DLL
0x00007ff850cd0000 - 0x00007ff850cd8000 	C:\Windows\System32\NSI.dll
0x00007ff84adb0000 - 0x00007ff84adc7000 	C:\Windows\SYSTEM32\dhcpcsvc6.DLL
0x00007ff84ad20000 - 0x00007ff84ad3d000 	C:\Windows\SYSTEM32\dhcpcsvc.DLL
0x00007ff84ee50000 - 0x00007ff84ef1a000 	C:\Windows\SYSTEM32\DNSAPI.dll

dbghelp: loaded successfully - version: 4.0.5 - missing functions: none
symbol engine: initialized successfully - sym options: 0x614 - pdb path: .;C:\Program Files\Java\jdk-17\bin;C:\Windows\SYSTEM32;C:\Windows\WinSxS\amd64_microsoft.windows.common-controls_6595b64144ccf1df_6.0.19041.1110_none_60b5254171f9507e;C:\Program Files\Java\jdk-17\bin\server;C:\Users\marcos.OTHONC\.gradle\native\68d5fa5c4cc2d200863cafc0d521ce42e7d3e7ee720ec0a83991735586a16f82\windows-amd64

VM Arguments:
jvm_args: -Xmx64m -Xms64m -Dorg.gradle.appname=gradlew 
java_command: org.gradle.wrapper.GradleWrapperMain tasks
java_class_path (initial): D:\AREA DE TRABALHO\testerb\android\\gradle\wrapper\gradle-wrapper.jar
Launcher Type: SUN_STANDARD

[Global flags]
     intx CICompilerCount                          = 3                                         {product} {ergonomic}
     uint ConcGCThreads                            = 1                                         {product} {ergonomic}
     uint G1ConcRefinementThreads                  = 4                                         {product} {ergonomic}
   size_t G1HeapRegionSize                         = 1048576                                   {product} {ergonomic}
    uintx GCDrainStackTargetSize                   = 64                                        {product} {ergonomic}
   size_t InitialHeapSize                          = 67108864                                  {product} {command line}
   size_t MarkStackSize                            = 4194304                                   {product} {ergonomic}
   size_t MaxHeapSize                              = 67108864                                  {product} {command line}
   size_t MaxNewSize                               = 39845888                                  {product} {ergonomic}
   size_t MinHeapDeltaBytes                        = 1048576                                   {product} {ergonomic}
   size_t MinHeapSize                              = 67108864                                  {product} {command line}
    uintx NonNMethodCodeHeapSize                   = 5832780                                {pd product} {ergonomic}
    uintx NonProfiledCodeHeapSize                  = 122912730                              {pd product} {ergonomic}
    uintx ProfiledCodeHeapSize                     = 122912730                              {pd product} {ergonomic}
    uintx ReservedCodeCacheSize                    = 251658240                              {pd product} {ergonomic}
     bool SegmentedCodeCache                       = true                                      {product} {ergonomic}
   size_t SoftMaxHeapSize                          = 67108864                               {manageable} {ergonomic}
     bool UseCompressedClassPointers               = true                           {product lp64_product} {ergonomic}
     bool UseCompressedOops                        = true                           {product lp64_product} {ergonomic}
     bool UseG1GC                                  = true                                      {product} {ergonomic}
     bool UseLargePagesIndividualAllocation        = false                                  {pd product} {ergonomic}

Logging:
Log output configuration:
 #0: stdout all=warning uptime,level,tags
 #1: stderr all=off uptime,level,tags

Environment Variables:
JAVA_HOME=C:\Program Files\Java\jdk-17
CLASSPATH=D:\AREA DE TRABALHO\testerb\android\\gradle\wrapper\gradle-wrapper.jar
PATH=D:\AREA DE TRABALHO\testerb\node_modules\.bin;D:\AREA DE TRABALHO\testerb\node_modules\.bin;D:\AREA DE TRABALHO\node_modules\.bin;D:\node_modules\.bin;C:\Program Files\nodejs\node_modules\npm\node_modules\@npmcli\run-script\lib\node-gyp-bin;C:\Users\MARCOS~1.OTH\AppData\Local\Temp\yarn--1695809377503-0.47914496697368936;D:\AREA DE TRABALHO\testerb\node_modules\.bin;C:\Users\marcos.OTHONC\AppData\Local\Yarn\Data\link\node_modules\.bin;C:\Users\marcos.OTHONC\AppData\Local\Yarn\bin;C:\Program Files\libexec\lib\node_modules\npm\bin\node-gyp-bin;C:\Program Files\lib\node_modules\npm\bin\node-gyp-bin;C:\Program Files\nodejs\node_modules\npm\bin\node-gyp-bin;C:\Program Files\Python311\Scripts\;C:\Program Files\Python311\;C:\Program Files\Common Files\Oracle\Java\javapath;C:\Program Files (x86)\Common Files\Oracle\Java\javapath;C:\Python311\Scripts\;C:\Python311\;D:\app\client\marcos\product\12.1.0\client_2\bin;C:\Windows\system32;C:\Windows;C:\Windows\System32\Wbem;C:\Windows\System32\WindowsPowerShell\v1.0\;C:\Windows\System32\OpenSSH\;C:\Program Files\dotnet\;C:\Program Files\nodejs\;C:\ProgramData\chocolatey\bin;D:\Program Files\Git\cmd;C:\Program Files\Zabbix Agent\;D:\Program Files\Veyon\;C:\Users\marcos.OTHONC\AppData\Local\Android\Sdk;C:\Users\marcos.OTHONC\AppData\Local\Android\Sdk\platform-tools;C:\Program Files\Java\jdk-17\bin;C:\Program Files\Maven\bin;;C:\Program Files\Docker\Docker\resources\bin;C:\Users\marcos.OTHONC\AppData\Local\Microsoft\WindowsApps;D:\Users\marcos.OTHONC\AppData\Local\Programs\Microsoft VS Code\bin;C:\Users\marcos.OTHONC\AppData\Local\GitHubDesktop\bin;C:\Users\marcos.OTHONC\AppData\Roaming\npm;D:\Program Files\JetBrains\IntelliJ IDEA 2023.1.3\bin;
USERNAME=marcos
SHELL=D:\Program Files\Git\usr\bin\bash.exe
DISPLAY=needs-to-be-defined
LANG=pt_BR.UTF-8
LC_CTYPE=pt_BR.UTF-8
OS=Windows_NT
PROCESSOR_IDENTIFIER=Intel64 Family 6 Model 158 Stepping 11, GenuineIntel



---------------  S Y S T E M  ---------------

OS:
 Windows 10 , 64 bit Build 19041 (10.0.19041.3155)
OS uptime: 8 days 20:36 hours
Hyper-V role detected

CPU: total 4 (initial active 4) (4 cores per cpu, 1 threads per core) family 6 model 158 stepping 11 microcode 0xf0, cx8, cmov, fxsr, mmx, 3dnowpref, sse, sse2, sse3, ssse3, sse4.1, sse4.2, popcnt, lzcnt, tsc, tscinvbit, avx, avx2, aes, erms, clmul, bmi1, bmi2, adx, fma, vzeroupper, clflush, clflushopt, hv

Memory: 4k page, system-wide physical 16193M (552M free)
TotalPageFile size 30419M (AvailPageFile size 793M)
current process WorkingSet (physical memory assigned to process): 81M, peak: 82M
current process commit charge ("private bytes"): 154M, peak: 155M

vm_info: Java HotSpot(TM) 64-Bit Server VM (17.0.7+8-LTS-224) for windows-amd64 JRE (17.0.7+8-LTS-224), built on Feb 28 2023 23:03:02 by "mach5one" with MS VC++ 17.1 (VS2022)

END.
