#
# There is insufficient memory for the Java Runtime Environment to continue.
# Native memory allocation (malloc) failed to allocate 251376 bytes for Chunk::new
# Possible reasons:
#   The system is out of physical RAM or swap space
#   The process is running with CompressedOops enabled, and the Java Heap may be blocking the growth of the native heap
# Possible solutions:
#   Reduce memory load on the system
#   Increase physical memory or swap space
#   Check if swap backing store is full
#   Decrease Java heap size (-Xmx/-Xms)
#   Decrease number of Java threads
#   Decrease Java thread stack sizes (-Xss)
#   Set larger code cache with -XX:ReservedCodeCacheSize=
#   JVM is running with Unscaled Compressed Oops mode in which the Java heap is
#     placed in the first 4GB address space. The Java Heap base address is the
#     maximum limit for the native heap growth. Please use -XX:HeapBaseMinAddress
#     to set the Java Heap base and to place the Java Heap above 4GB virtual address.
# This output file may be truncated or incomplete.
#
#  Out of Memory Error (arena.cpp:189), pid=22716, tid=23392
#
# JRE version: Java(TM) SE Runtime Environment (17.0.7+8) (build 17.0.7+8-LTS-224)
# Java VM: Java HotSpot(TM) 64-Bit Server VM (17.0.7+8-LTS-224, mixed mode, sharing, tiered, compressed oops, compressed class ptrs, g1 gc, windows-amd64)
# No core dump will be written. Minidumps are not enabled by default on client versions of Windows
#

---------------  S U M M A R Y ------------

Command Line: -Xmx64m -Xms64m -Dorg.gradle.appname=gradlew org.gradle.wrapper.GradleWrapperMain tasks

Host: Intel(R) Core(TM) i3-9100 CPU @ 3.60GHz, 4 cores, 15G,  Windows 10 , 64 bit Build 19041 (10.0.19041.3155)
Time: Wed Sep 27 07:29:35 2023 Hora oficial do Brasil elapsed time: 17.032866 seconds (0d 0h 0m 17s)

---------------  T H R E A D  ---------------

Current thread (0x000002adbb607df0):  JavaThread "C2 CompilerThread0" daemon [_thread_in_native, id=23392, stack(0x000000c065c00000,0x000000c065d00000)]


Current CompileTask:
C2:  17032 1008   !   4       jdk.internal.loader.URLClassPath$JarLoader::getResource (354 bytes)

Stack: [0x000000c065c00000,0x000000c065d00000]
Native frames: (J=compiled Java code, j=interpreted, Vv=VM code, C=native code)
V  [jvm.dll+0x676a4a]
V  [jvm.dll+0x7d74f4]
V  [jvm.dll+0x7d8c9e]
V  [jvm.dll+0x7d9303]
V  [jvm.dll+0x2452c5]
V  [jvm.dll+0xaaa2b]
V  [jvm.dll+0xaafcc]
V  [jvm.dll+0x2aac2f]
V  [jvm.dll+0x57f375]
V  [jvm.dll+0x2205f2]
V  [jvm.dll+0x2191f0]
V  [jvm.dll+0x216df9]
V  [jvm.dll+0x1a35e0]
V  [jvm.dll+0x226a6e]
V  [jvm.dll+0x224e15]
V  [jvm.dll+0x78d05c]
V  [jvm.dll+0x78759a]
V  [jvm.dll+0x675875]
C  [ucrtbase.dll+0x21bb2]
C  [KERNEL32.DLL+0x17614]
C  [ntdll.dll+0x526b1]


---------------  P R O C E S S  ---------------

Threads class SMR info:
_java_thread_list=0x000002adbcafee50, length=13, elements={
0x000002ada2749430, 0x000002adbb5e80b0, 0x000002adbb5e8f20, 0x000002adbb602000,
0x000002adbb6049d0, 0x000002adbb605380, 0x000002adbb605d30, 0x000002adbb607df0,
0x000002adbb6087a0, 0x000002adbb670770, 0x000002adbb6c3d60, 0x000002adbb6c8a90,
0x000002adbc8d81b0
}

Java Threads: ( => current thread )
  0x000002ada2749430 JavaThread "main" [_thread_in_vm, id=7948, stack(0x000000c064e00000,0x000000c064f00000)]
  0x000002adbb5e80b0 JavaThread "Reference Handler" daemon [_thread_blocked, id=20708, stack(0x000000c065600000,0x000000c065700000)]
  0x000002adbb5e8f20 JavaThread "Finalizer" daemon [_thread_blocked, id=12872, stack(0x000000c065700000,0x000000c065800000)]
  0x000002adbb602000 JavaThread "Signal Dispatcher" daemon [_thread_blocked, id=18336, stack(0x000000c065800000,0x000000c065900000)]
  0x000002adbb6049d0 JavaThread "Attach Listener" daemon [_thread_blocked, id=9852, stack(0x000000c065900000,0x000000c065a00000)]
  0x000002adbb605380 JavaThread "Service Thread" daemon [_thread_blocked, id=24940, stack(0x000000c065a00000,0x000000c065b00000)]
  0x000002adbb605d30 JavaThread "Monitor Deflation Thread" daemon [_thread_blocked, id=24664, stack(0x000000c065b00000,0x000000c065c00000)]
=>0x000002adbb607df0 JavaThread "C2 CompilerThread0" daemon [_thread_in_native, id=23392, stack(0x000000c065c00000,0x000000c065d00000)]
  0x000002adbb6087a0 JavaThread "C1 CompilerThread0" daemon [_thread_blocked, id=23064, stack(0x000000c065d00000,0x000000c065e00000)]
  0x000002adbb670770 JavaThread "Sweeper thread" daemon [_thread_blocked, id=22496, stack(0x000000c065e00000,0x000000c065f00000)]
  0x000002adbb6c3d60 JavaThread "Notification Thread" daemon [_thread_blocked, id=24848, stack(0x000000c065f00000,0x000000c066000000)]
  0x000002adbb6c8a90 JavaThread "Common-Cleaner" daemon [_thread_blocked, id=24748, stack(0x000000c066100000,0x000000c066200000)]
  0x000002adbc8d81b0 JavaThread "pool-1-thread-1" [_thread_blocked, id=27532, stack(0x000000c066500000,0x000000c066600000)]

Other Threads:
  0x000002adbb5e3610 VMThread "VM Thread" [stack: 0x000000c065500000,0x000000c065600000] [id=13096]
  0x000002adbb6c6240 WatcherThread [stack: 0x000000c066000000,0x000000c066100000] [id=24800]
  0x000002ada2766590 GCTaskThread "GC Thread#0" [stack: 0x000000c065000000,0x000000c065100000] [id=20156]
  0x000002adbc572cd0 GCTaskThread "GC Thread#1" [stack: 0x000000c066200000,0x000000c066300000] [id=26112]
  0x000002adbc2c2e10 GCTaskThread "GC Thread#2" [stack: 0x000000c066300000,0x000000c066400000] [id=26200]
  0x000002adbc2c2600 GCTaskThread "GC Thread#3" [stack: 0x000000c066400000,0x000000c066500000] [id=26204]
  0x000002ada2767cd0 ConcurrentGCThread "G1 Main Marker" [stack: 0x000000c065100000,0x000000c065200000] [id=9744]
  0x000002ada27696f0 ConcurrentGCThread "G1 Conc#0" [stack: 0x000000c065200000,0x000000c065300000] [id=10596]
  0x000002ada27b70f0 ConcurrentGCThread "G1 Refine#0" [stack: 0x000000c065300000,0x000000c065400000] [id=21988]
  0x000002ada27b8b20 ConcurrentGCThread "G1 Service" [stack: 0x000000c065400000,0x000000c065500000] [id=21952]

Threads with active compile tasks:
C2 CompilerThread0    17055 1008   !   4       jdk.internal.loader.URLClassPath$JarLoader::getResource (354 bytes)

VM state: not at safepoint (normal execution)

VM Mutex/Monitor currently owned by a thread: None

Heap address: 0x00000000fc000000, size: 64 MB, Compressed Oops mode: 32-bit

CDS archive(s) mapped at: [0x0000000800000000-0x0000000800bd0000-0x0000000800bd0000), size 12386304, SharedBaseAddress: 0x0000000800000000, ArchiveRelocationMode: 0.
Compressed class space mapped at: 0x0000000800c00000-0x0000000840c00000, reserved size: 1073741824
Narrow klass base: 0x0000000800000000, Narrow klass shift: 0, Narrow klass range: 0x100000000

GC Precious Log:
 CPUs: 4 total, 4 available
 Memory: 16193M
 Large Page Support: Disabled
 NUMA Support: Disabled
 Compressed Oops: Enabled (32-bit)
 Heap Region Size: 1M
 Heap Min Capacity: 64M
 Heap Initial Capacity: 64M
 Heap Max Capacity: 64M
 Pre-touch: Disabled
 Parallel Workers: 4
 Concurrent Workers: 1
 Concurrent Refinement Workers: 4
 Periodic GC: Disabled

Heap:
 garbage-first heap   total 65536K, used 11869K [0x00000000fc000000, 0x0000000100000000)
  region size 1024K, 5 young (5120K), 3 survivors (3072K)
 Metaspace       used 5692K, committed 5888K, reserved 1056768K
  class space    used 780K, committed 832K, reserved 1048576K

Heap Regions: E=young(eden), S=young(survivor), O=old, HS=humongous(starts), HC=humongous(continues), CS=collection set, F=free, OA=open archive, CA=closed archive, TAMS=top-at-mark-start (previous, next)
|   0|0x00000000fc000000, 0x00000000fc100000, 0x00000000fc100000|100%| O|  |TAMS 0x00000000fc000000, 0x00000000fc000000| Untracked 
|   1|0x00000000fc100000, 0x00000000fc200000, 0x00000000fc200000|100%| O|  |TAMS 0x00000000fc100000, 0x00000000fc100000| Untracked 
|   2|0x00000000fc200000, 0x00000000fc300000, 0x00000000fc300000|100%|HS|  |TAMS 0x00000000fc200000, 0x00000000fc200000| Complete 
|   3|0x00000000fc300000, 0x00000000fc400000, 0x00000000fc400000|100%|HC|  |TAMS 0x00000000fc300000, 0x00000000fc300000| Complete 
|   4|0x00000000fc400000, 0x00000000fc500000, 0x00000000fc500000|100%|HC|  |TAMS 0x00000000fc400000, 0x00000000fc400000| Complete 
|   5|0x00000000fc500000, 0x00000000fc600000, 0x00000000fc600000|100%|HC|  |TAMS 0x00000000fc500000, 0x00000000fc500000| Complete 
|   6|0x00000000fc600000, 0x00000000fc700000, 0x00000000fc700000|100%| O|  |TAMS 0x00000000fc600000, 0x00000000fc600000| Untracked 
|   7|0x00000000fc700000, 0x00000000fc797408, 0x00000000fc800000| 59%| O|  |TAMS 0x00000000fc700000, 0x00000000fc700000| Untracked 
|   8|0x00000000fc800000, 0x00000000fc800000, 0x00000000fc900000|  0%| F|  |TAMS 0x00000000fc800000, 0x00000000fc800000| Untracked 
|   9|0x00000000fc900000, 0x00000000fc900000, 0x00000000fca00000|  0%| F|  |TAMS 0x00000000fc900000, 0x00000000fc900000| Untracked 
|  10|0x00000000fca00000, 0x00000000fca00000, 0x00000000fcb00000|  0%| F|  |TAMS 0x00000000fca00000, 0x00000000fca00000| Untracked 
|  11|0x00000000fcb00000, 0x00000000fcb00000, 0x00000000fcc00000|  0%| F|  |TAMS 0x00000000fcb00000, 0x00000000fcb00000| Untracked 
|  12|0x00000000fcc00000, 0x00000000fcc00000, 0x00000000fcd00000|  0%| F|  |TAMS 0x00000000fcc00000, 0x00000000fcc00000| Untracked 
|  13|0x00000000fcd00000, 0x00000000fcd00000, 0x00000000fce00000|  0%| F|  |TAMS 0x00000000fcd00000, 0x00000000fcd00000| Untracked 
|  14|0x00000000fce00000, 0x00000000fce00000, 0x00000000fcf00000|  0%| F|  |TAMS 0x00000000fce00000, 0x00000000fce00000| Untracked 
|  15|0x00000000fcf00000, 0x00000000fcf00000, 0x00000000fd000000|  0%| F|  |TAMS 0x00000000fcf00000, 0x00000000fcf00000| Untracked 
|  16|0x00000000fd000000, 0x00000000fd000000, 0x00000000fd100000|  0%| F|  |TAMS 0x00000000fd000000, 0x00000000fd000000| Untracked 
|  17|0x00000000fd100000, 0x00000000fd100000, 0x00000000fd200000|  0%| F|  |TAMS 0x00000000fd100000, 0x00000000fd100000| Untracked 
|  18|0x00000000fd200000, 0x00000000fd200000, 0x00000000fd300000|  0%| F|  |TAMS 0x00000000fd200000, 0x00000000fd200000| Untracked 
|  19|0x00000000fd300000, 0x00000000fd300000, 0x00000000fd400000|  0%| F|  |TAMS 0x00000000fd300000, 0x00000000fd300000| Untracked 
|  20|0x00000000fd400000, 0x00000000fd400000, 0x00000000fd500000|  0%| F|  |TAMS 0x00000000fd400000, 0x00000000fd400000| Untracked 
|  21|0x00000000fd500000, 0x00000000fd500000, 0x00000000fd600000|  0%| F|  |TAMS 0x00000000fd500000, 0x00000000fd500000| Untracked 
|  22|0x00000000fd600000, 0x00000000fd600000, 0x00000000fd700000|  0%| F|  |TAMS 0x00000000fd600000, 0x00000000fd600000| Untracked 
|  23|0x00000000fd700000, 0x00000000fd700000, 0x00000000fd800000|  0%| F|  |TAMS 0x00000000fd700000, 0x00000000fd700000| Untracked 
|  24|0x00000000fd800000, 0x00000000fd800000, 0x00000000fd900000|  0%| F|  |TAMS 0x00000000fd800000, 0x00000000fd800000| Untracked 
|  25|0x00000000fd900000, 0x00000000fd900000, 0x00000000fda00000|  0%| F|  |TAMS 0x00000000fd900000, 0x00000000fd900000| Untracked 
|  26|0x00000000fda00000, 0x00000000fda00000, 0x00000000fdb00000|  0%| F|  |TAMS 0x00000000fda00000, 0x00000000fda00000| Untracked 
|  27|0x00000000fdb00000, 0x00000000fdb00000, 0x00000000fdc00000|  0%| F|  |TAMS 0x00000000fdb00000, 0x00000000fdb00000| Untracked 
|  28|0x00000000fdc00000, 0x00000000fdc00000, 0x00000000fdd00000|  0%| F|  |TAMS 0x00000000fdc00000, 0x00000000fdc00000| Untracked 
|  29|0x00000000fdd00000, 0x00000000fdd00000, 0x00000000fde00000|  0%| F|  |TAMS 0x00000000fdd00000, 0x00000000fdd00000| Untracked 
|  30|0x00000000fde00000, 0x00000000fde00000, 0x00000000fdf00000|  0%| F|  |TAMS 0x00000000fde00000, 0x00000000fde00000| Untracked 
|  31|0x00000000fdf00000, 0x00000000fdf00000, 0x00000000fe000000|  0%| F|  |TAMS 0x00000000fdf00000, 0x00000000fdf00000| Untracked 
|  32|0x00000000fe000000, 0x00000000fe000000, 0x00000000fe100000|  0%| F|  |TAMS 0x00000000fe000000, 0x00000000fe000000| Untracked 
|  33|0x00000000fe100000, 0x00000000fe100000, 0x00000000fe200000|  0%| F|  |TAMS 0x00000000fe100000, 0x00000000fe100000| Untracked 
|  34|0x00000000fe200000, 0x00000000fe200000, 0x00000000fe300000|  0%| F|  |TAMS 0x00000000fe200000, 0x00000000fe200000| Untracked 
|  35|0x00000000fe300000, 0x00000000fe300000, 0x00000000fe400000|  0%| F|  |TAMS 0x00000000fe300000, 0x00000000fe300000| Untracked 
|  36|0x00000000fe400000, 0x00000000fe400000, 0x00000000fe500000|  0%| F|  |TAMS 0x00000000fe400000, 0x00000000fe400000| Untracked 
|  37|0x00000000fe500000, 0x00000000fe500000, 0x00000000fe600000|  0%| F|  |TAMS 0x00000000fe500000, 0x00000000fe500000| Untracked 
|  38|0x00000000fe600000, 0x00000000fe600000, 0x00000000fe700000|  0%| F|  |TAMS 0x00000000fe600000, 0x00000000fe600000| Untracked 
|  39|0x00000000fe700000, 0x00000000fe700000, 0x00000000fe800000|  0%| F|  |TAMS 0x00000000fe700000, 0x00000000fe700000| Untracked 
|  40|0x00000000fe800000, 0x00000000fe800000, 0x00000000fe900000|  0%| F|  |TAMS 0x00000000fe800000, 0x00000000fe800000| Untracked 
|  41|0x00000000fe900000, 0x00000000fe900000, 0x00000000fea00000|  0%| F|  |TAMS 0x00000000fe900000, 0x00000000fe900000| Untracked 
|  42|0x00000000fea00000, 0x00000000fea00000, 0x00000000feb00000|  0%| F|  |TAMS 0x00000000fea00000, 0x00000000fea00000| Untracked 
|  43|0x00000000feb00000, 0x00000000feb00000, 0x00000000fec00000|  0%| F|  |TAMS 0x00000000feb00000, 0x00000000feb00000| Untracked 
|  44|0x00000000fec00000, 0x00000000fed00000, 0x00000000fed00000|100%| S|CS|TAMS 0x00000000fec00000, 0x00000000fec00000| Complete 
|  45|0x00000000fed00000, 0x00000000fee00000, 0x00000000fee00000|100%| S|CS|TAMS 0x00000000fed00000, 0x00000000fed00000| Complete 
|  46|0x00000000fee00000, 0x00000000fef00000, 0x00000000fef00000|100%| S|CS|TAMS 0x00000000fee00000, 0x00000000fee00000| Complete 
|  47|0x00000000fef00000, 0x00000000fef00000, 0x00000000ff000000|  0%| F|  |TAMS 0x00000000fef00000, 0x00000000fef00000| Untracked 
|  48|0x00000000ff000000, 0x00000000ff000000, 0x00000000ff100000|  0%| F|  |TAMS 0x00000000ff000000, 0x00000000ff000000| Untracked 
|  49|0x00000000ff100000, 0x00000000ff100000, 0x00000000ff200000|  0%| F|  |TAMS 0x00000000ff100000, 0x00000000ff100000| Untracked 
|  50|0x00000000ff200000, 0x00000000ff200000, 0x00000000ff300000|  0%| F|  |TAMS 0x00000000ff200000, 0x00000000ff200000| Untracked 
|  51|0x00000000ff300000, 0x00000000ff300000, 0x00000000ff400000|  0%| F|  |TAMS 0x00000000ff300000, 0x00000000ff300000| Untracked 
|  52|0x00000000ff400000, 0x00000000ff400000, 0x00000000ff500000|  0%| F|  |TAMS 0x00000000ff400000, 0x00000000ff400000| Untracked 
|  53|0x00000000ff500000, 0x00000000ff500000, 0x00000000ff600000|  0%| F|  |TAMS 0x00000000ff500000, 0x00000000ff500000| Untracked 
|  54|0x00000000ff600000, 0x00000000ff600000, 0x00000000ff700000|  0%| F|  |TAMS 0x00000000ff600000, 0x00000000ff600000| Untracked 
|  55|0x00000000ff700000, 0x00000000ff700000, 0x00000000ff800000|  0%| F|  |TAMS 0x00000000ff700000, 0x00000000ff700000| Untracked 
|  56|0x00000000ff800000, 0x00000000ff800000, 0x00000000ff900000|  0%| F|  |TAMS 0x00000000ff800000, 0x00000000ff800000| Untracked 
|  57|0x00000000ff900000, 0x00000000ff900000, 0x00000000ffa00000|  0%| F|  |TAMS 0x00000000ff900000, 0x00000000ff900000| Untracked 
|  58|0x00000000ffa00000, 0x00000000ffa00000, 0x00000000ffb00000|  0%| F|  |TAMS 0x00000000ffa00000, 0x00000000ffa00000| Untracked 
|  59|0x00000000ffb00000, 0x00000000ffb00000, 0x00000000ffc00000|  0%| F|  |TAMS 0x00000000ffb00000, 0x00000000ffb00000| Untracked 
|  60|0x00000000ffc00000, 0x00000000ffc00000, 0x00000000ffd00000|  0%| F|  |TAMS 0x00000000ffc00000, 0x00000000ffc00000| Untracked 
|  61|0x00000000ffd00000, 0x00000000ffd00000, 0x00000000ffe00000|  0%| F|  |TAMS 0x00000000ffd00000, 0x00000000ffd00000| Untracked 
|  62|0x00000000ffe00000, 0x00000000ffefbcf0, 0x00000000fff00000| 98%| E|  |TAMS 0x00000000ffe00000, 0x00000000ffe00000| Complete 
|  63|0x00000000fff00000, 0x0000000100000000, 0x0000000100000000|100%| E|CS|TAMS 0x00000000fff00000, 0x00000000fff00000| Complete 

Card table byte_map: [0x000002ada06d0000,0x000002ada06f0000] _byte_map_base: 0x000002ad9fef0000

Marking Bits (Prev, Next): (CMBitMap*) 0x000002ada2766ba0, (CMBitMap*) 0x000002ada2766be0
 Prev Bits: [0x000002ada2530000, 0x000002ada2630000)
 Next Bits: [0x000002adb8fc0000, 0x000002adb90c0000)

Polling page: 0x000002ada0580000

Metaspace:

Usage:
  Non-class:      4.80 MB used.
      Class:    780.91 KB used.
       Both:      5.56 MB used.

Virtual space:
  Non-class space:        8.00 MB reserved,       4.94 MB ( 62%) committed,  1 nodes.
      Class space:        1.00 GB reserved,     832.00 KB ( <1%) committed,  1 nodes.
             Both:        1.01 GB reserved,       5.75 MB ( <1%) committed. 

Chunk freelists:
   Non-Class:  1.48 MB
       Class:  3.19 MB
        Both:  4.67 MB

MaxMetaspaceSize: unlimited
CompressedClassSpaceSize: 1.00 GB
Initial GC threshold: 21.00 MB
Current GC threshold: 21.00 MB
CDS: on
MetaspaceReclaimPolicy: balanced
 - commit_granule_bytes: 65536.
 - commit_granule_words: 8192.
 - virtual_space_node_default_size: 1048576.
 - enlarge_chunks_in_place: 1.
 - new_chunks_are_fully_committed: 0.
 - uncommit_free_chunks: 1.
 - use_allocation_guard: 0.
 - handle_deallocations: 1.


Internal statistics:

num_allocs_failed_limit: 0.
num_arena_births: 62.
num_arena_deaths: 0.
num_vsnodes_births: 2.
num_vsnodes_deaths: 0.
num_space_committed: 92.
num_space_uncommitted: 0.
num_chunks_returned_to_freelist: 0.
num_chunks_taken_from_freelist: 215.
num_chunk_merges: 0.
num_chunk_splits: 140.
num_chunks_enlarged: 120.
num_purges: 0.
num_inconsistent_stats: 0.

CodeHeap 'non-profiled nmethods': size=120000Kb used=405Kb max_used=405Kb free=119594Kb
 bounds [0x000002adb1a90000, 0x000002adb1d00000, 0x000002adb8fc0000]
CodeHeap 'profiled nmethods': size=120000Kb used=1906Kb max_used=1906Kb free=118094Kb
 bounds [0x000002ada9fc0000, 0x000002adaa230000, 0x000002adb14f0000]
CodeHeap 'non-nmethods': size=5760Kb used=1137Kb max_used=1153Kb free=4622Kb
 bounds [0x000002adb14f0000, 0x000002adb1760000, 0x000002adb1a90000]
 total_blobs=1434 nmethods=1007 adapters=340
 compilation: enabled
              stopped_count=0, restarted_count=0
 full_count=0

Compilation events (20 events):
Event: 16.764 Thread 0x000002adbb6087a0  998       3       java.util.LinkedList$ListItr::checkForComodification (23 bytes)
Event: 16.765 Thread 0x000002adbb6087a0 nmethod 998 0x000002adaa19a690 code [0x000002adaa19a840, 0x000002adaa19aa08]
Event: 16.767 Thread 0x000002adbb607df0 nmethod 997 0x000002adb1af3a10 code [0x000002adb1af3ba0, 0x000002adb1af4098]
Event: 16.768 Thread 0x000002adbb6087a0  999       1       java.lang.ClassLoader::getUnnamedModule (5 bytes)
Event: 16.768 Thread 0x000002adbb6087a0 nmethod 999 0x000002adb1af4310 code [0x000002adb1af44a0, 0x000002adb1af4578]
Event: 16.771 Thread 0x000002adbb6087a0 1000       3       java.util.LinkedList$ListItr::next (56 bytes)
Event: 16.771 Thread 0x000002adbb6087a0 nmethod 1000 0x000002adaa19ab10 code [0x000002adaa19ad00, 0x000002adaa19b1d8]
Event: 17.005 Thread 0x000002adbb6087a0 1001       3       sun.reflect.generics.parser.SignatureParser::skipIdentifier (67 bytes)
Event: 17.006 Thread 0x000002adbb6087a0 nmethod 1001 0x000002adaa19b390 code [0x000002adaa19b5a0, 0x000002adaa19bb48]
Event: 17.006 Thread 0x000002adbb6087a0 1003       3       java.util.HashMap$KeyIterator::next (8 bytes)
Event: 17.006 Thread 0x000002adbb6087a0 nmethod 1003 0x000002adaa19bd10 code [0x000002adaa19bec0, 0x000002adaa19c008]
Event: 17.006 Thread 0x000002adbb6087a0 1002       1       java.lang.reflect.Method::getGenericSignature (5 bytes)
Event: 17.006 Thread 0x000002adbb6087a0 nmethod 1002 0x000002adb1af4610 code [0x000002adb1af47a0, 0x000002adb1af4878]
Event: 17.007 Thread 0x000002adbb6087a0 1004       3       java.lang.Class::reflectionData (43 bytes)
Event: 17.007 Thread 0x000002adbb6087a0 nmethod 1004 0x000002adaa19c110 code [0x000002adaa19c2e0, 0x000002adaa19c6f8]
Event: 17.011 Thread 0x000002adbb607df0 1005       4       java.lang.AbstractStringBuilder::<init> (39 bytes)
Event: 17.012 Thread 0x000002adbb607df0 nmethod 1005 0x000002adb1af4910 code [0x000002adb1af4aa0, 0x000002adb1af4cf8]
Event: 17.014 Thread 0x000002adbb6087a0 1006       1       java.lang.invoke.VarHandle::isDirect (2 bytes)
Event: 17.014 Thread 0x000002adbb6087a0 nmethod 1006 0x000002adb1af5190 code [0x000002adb1af5320, 0x000002adb1af53f8]
Event: 17.014 Thread 0x000002adbb607df0 1008   !   4       jdk.internal.loader.URLClassPath$JarLoader::getResource (354 bytes)

GC Heap History (4 events):
Event: 7.993 GC heap before
{Heap before GC invocations=0 (full 0):
 garbage-first heap   total 65536K, used 12288K [0x00000000fc000000, 0x0000000100000000)
  region size 1024K, 13 young (13312K), 0 survivors (0K)
 Metaspace       used 1763K, committed 1920K, reserved 1056768K
  class space    used 159K, committed 192K, reserved 1048576K
}
Event: 8.134 GC heap after
{Heap after GC invocations=1 (full 0):
 garbage-first heap   total 65536K, used 3372K [0x00000000fc000000, 0x0000000100000000)
  region size 1024K, 2 young (2048K), 2 survivors (2048K)
 Metaspace       used 1763K, committed 1920K, reserved 1056768K
  class space    used 159K, committed 192K, reserved 1048576K
}
Event: 16.743 GC heap before
{Heap before GC invocations=1 (full 0):
 garbage-first heap   total 65536K, used 21804K [0x00000000fc000000, 0x0000000100000000)
  region size 1024K, 17 young (17408K), 2 survivors (2048K)
 Metaspace       used 5189K, committed 5440K, reserved 1056768K
  class space    used 700K, committed 832K, reserved 1048576K
}
Event: 16.747 GC heap after
{Heap after GC invocations=2 (full 0):
 garbage-first heap   total 65536K, used 10845K [0x00000000fc000000, 0x0000000100000000)
  region size 1024K, 3 young (3072K), 3 survivors (3072K)
 Metaspace       used 5189K, committed 5440K, reserved 1056768K
  class space    used 700K, committed 832K, reserved 1048576K
}

Deoptimization events (20 events):
Event: 16.747 Thread 0x000002adbc8d81b0 DEOPT PACKING pc=0x000002adb1af1b40 sp=0x000000c0665fe480
Event: 16.747 Thread 0x000002adbc8d81b0 DEOPT UNPACKING pc=0x000002adb15423a3 sp=0x000000c0665fe408 mode 2
Event: 16.747 Thread 0x000002adbc8d81b0 Uncommon trap: trap_request=0xffffffde fr.pc=0x000002adb1af1b40 relative=0x0000000000000120
Event: 16.747 Thread 0x000002adbc8d81b0 Uncommon trap: reason=class_check action=maybe_recompile pc=0x000002adb1af1b40 method=jdk.internal.misc.Unsafe.allocateUninitializedArray(Ljava/lang/Class;I)Ljava/lang/Object; @ 51 c2
Event: 16.747 Thread 0x000002adbc8d81b0 DEOPT PACKING pc=0x000002adb1af1b40 sp=0x000000c0665fe520
Event: 16.748 Thread 0x000002adbc8d81b0 DEOPT UNPACKING pc=0x000002adb15423a3 sp=0x000000c0665fe4a8 mode 2
Event: 16.748 Thread 0x000002adbc8d81b0 Uncommon trap: trap_request=0xffffffde fr.pc=0x000002adb1af1b40 relative=0x0000000000000120
Event: 16.748 Thread 0x000002adbc8d81b0 Uncommon trap: reason=class_check action=maybe_recompile pc=0x000002adb1af1b40 method=jdk.internal.misc.Unsafe.allocateUninitializedArray(Ljava/lang/Class;I)Ljava/lang/Object; @ 51 c2
Event: 16.748 Thread 0x000002adbc8d81b0 DEOPT PACKING pc=0x000002adb1af1b40 sp=0x000000c0665fe550
Event: 16.748 Thread 0x000002adbc8d81b0 DEOPT UNPACKING pc=0x000002adb15423a3 sp=0x000000c0665fe4d8 mode 2
Event: 16.748 Thread 0x000002adbc8d81b0 Uncommon trap: trap_request=0xffffffde fr.pc=0x000002adb1af1b40 relative=0x0000000000000120
Event: 16.748 Thread 0x000002adbc8d81b0 Uncommon trap: reason=class_check action=maybe_recompile pc=0x000002adb1af1b40 method=jdk.internal.misc.Unsafe.allocateUninitializedArray(Ljava/lang/Class;I)Ljava/lang/Object; @ 51 c2
Event: 16.748 Thread 0x000002adbc8d81b0 DEOPT PACKING pc=0x000002adb1af1b40 sp=0x000000c0665fe5f0
Event: 16.748 Thread 0x000002adbc8d81b0 DEOPT UNPACKING pc=0x000002adb15423a3 sp=0x000000c0665fe578 mode 2
Event: 16.753 Thread 0x000002ada2749430 Uncommon trap: trap_request=0xffffff45 fr.pc=0x000002adb1ac0d90 relative=0x0000000000001090
Event: 16.753 Thread 0x000002ada2749430 Uncommon trap: reason=unstable_if action=reinterpret pc=0x000002adb1ac0d90 method=java.util.HashMap.putVal(ILjava/lang/Object;Ljava/lang/Object;ZZ)Ljava/lang/Object; @ 236 c2
Event: 16.753 Thread 0x000002ada2749430 DEOPT PACKING pc=0x000002adb1ac0d90 sp=0x000000c064efbc50
Event: 16.753 Thread 0x000002ada2749430 DEOPT UNPACKING pc=0x000002adb15423a3 sp=0x000000c064efbc18 mode 2
Event: 16.762 Thread 0x000002ada2749430 DEOPT PACKING pc=0x000002adaa05da65 sp=0x000000c064ef7f90
Event: 16.762 Thread 0x000002ada2749430 DEOPT UNPACKING pc=0x000002adb1542b43 sp=0x000000c064ef73e0 mode 0

Classes unloaded (0 events):
No events

Classes redefined (0 events):
No events

Internal exceptions (13 events):
Event: 1.589 Thread 0x000002ada2749430 Exception <a 'java/lang/NoSuchMethodError'{0x00000000ffc62b50}: 'int java.lang.invoke.DirectMethodHandle$Holder.invokeStaticInit(java.lang.Object, java.lang.Object)'> (0x00000000ffc62b50) 
thrown [s\open\src\hotspot\share\interpreter\linkResolver.cpp, line 759]
Event: 15.370 Thread 0x000002ada2749430 Exception <a 'java/lang/NoSuchMethodError'{0x00000000ff8f9c18}: 'void java.lang.invoke.DirectMethodHandle$Holder.invokeStatic(java.lang.Object, java.lang.Object)'> (0x00000000ff8f9c18) 
thrown [s\open\src\hotspot\share\interpreter\linkResolver.cpp, line 759]
Event: 15.555 Thread 0x000002ada2749430 Exception <a 'java/lang/NoClassDefFoundError'{0x00000000ff77ff68}: org/slf4j/impl/StaticMarkerBinder> (0x00000000ff77ff68) 
thrown [s\open\src\hotspot\share\classfile\systemDictionary.cpp, line 245]
Event: 15.568 Thread 0x000002ada2749430 Exception <a 'java/lang/NoSuchMethodError'{0x00000000ff61c858}: 'java.lang.Object java.lang.invoke.DirectMethodHandle$Holder.invokeVirtual(java.lang.Object, java.lang.Object, java.lang.Object, java.lang.Object, java.lang.Object, java.lang.Object, java.lang.Object)'> (0x00000000ff61c858) 
thrown [s\open\src\hotspot\share\interpreter\linkResolver.cpp, line 759]
Event: 15.570 Thread 0x000002ada2749430 Exception <a 'java/lang/NoSuchMethodError'{0x00000000ff62e478}: 'java.lang.Object java.lang.invoke.Invokers$Holder.invoker(java.lang.Object, java.lang.Object, java.lang.Object)'> (0x00000000ff62e478) 
thrown [s\open\src\hotspot\share\interpreter\linkResolver.cpp, line 759]
Event: 15.779 Thread 0x000002ada2749430 Exception <a 'java/lang/NoSuchMethodError'{0x00000000ff637548}: 'java.lang.Object java.lang.invoke.DirectMethodHandle$Holder.invokeStatic(java.lang.Object, java.lang.Object, int)'> (0x00000000ff637548) 
thrown [s\open\src\hotspot\share\interpreter\linkResolver.cpp, line 759]
Event: 15.781 Thread 0x000002ada2749430 Exception <a 'java/lang/NoSuchMethodError'{0x00000000ff643238}: 'void java.lang.invoke.DelegatingMethodHandle$Holder.delegate(java.lang.Object, java.lang.Object, int, java.lang.Object)'> (0x00000000ff643238) 
thrown [s\open\src\hotspot\share\interpreter\linkResolver.cpp, line 759]
Event: 15.782 Thread 0x000002ada2749430 Exception <a 'java/lang/NoSuchMethodError'{0x00000000ff647380}: 'int java.lang.invoke.DirectMethodHandle$Holder.invokeSpecial(java.lang.Object, java.lang.Object, java.lang.Object)'> (0x00000000ff647380) 
thrown [s\open\src\hotspot\share\interpreter\linkResolver.cpp, line 759]
Event: 15.785 Thread 0x000002ada2749430 Exception <a 'java/lang/NoSuchMethodError'{0x00000000ff65a728}: 'java.lang.Object java.lang.invoke.Invokers$Holder.invokeExact_MT(java.lang.Object, java.lang.Object, java.lang.Object, java.lang.Object)'> (0x00000000ff65a728) 
thrown [s\open\src\hotspot\share\interpreter\linkResolver.cpp, line 759]
Event: 16.381 Thread 0x000002ada2749430 Exception <a 'java/lang/NoSuchMethodError'{0x00000000ff059100}: 'void java.lang.invoke.DirectMethodHandle$Holder.invokeSpecial(java.lang.Object, java.lang.Object, java.lang.Object)'> (0x00000000ff059100) 
thrown [s\open\src\hotspot\share\interpreter\linkResolver.cpp, line 759]
Event: 16.631 Thread 0x000002ada2749430 Implicit null exception at 0x000002adb1adcb0e to 0x000002adb1adcf6c
Event: 16.631 Thread 0x000002ada2749430 Implicit null exception at 0x000002adb1ad0893 to 0x000002adb1ad0cdc
Event: 16.657 Thread 0x000002ada2749430 Exception <a 'java/lang/NoSuchMethodError'{0x00000000feff97e8}: 'java.lang.Object java.lang.invoke.DirectMethodHandle$Holder.invokeStaticInit(java.lang.Object)'> (0x00000000feff97e8) 
thrown [s\open\src\hotspot\share\interpreter\linkResolver.cpp, line 759]

VM Operations (20 events):
Event: 7.993 Executing VM operation: G1CollectForAllocation
Event: 8.134 Executing VM operation: G1CollectForAllocation done
Event: 9.138 Executing VM operation: Cleanup
Event: 9.138 Executing VM operation: Cleanup done
Event: 11.153 Executing VM operation: Cleanup
Event: 11.153 Executing VM operation: Cleanup done
Event: 12.164 Executing VM operation: Cleanup
Event: 12.164 Executing VM operation: Cleanup done
Event: 14.185 Executing VM operation: Cleanup
Event: 14.185 Executing VM operation: Cleanup done
Event: 15.196 Executing VM operation: Cleanup
Event: 15.196 Executing VM operation: Cleanup done
Event: 15.385 Executing VM operation: HandshakeAllThreads
Event: 15.385 Executing VM operation: HandshakeAllThreads done
Event: 15.385 Executing VM operation: HandshakeAllThreads
Event: 15.385 Executing VM operation: HandshakeAllThreads done
Event: 15.571 Executing VM operation: HandshakeAllThreads
Event: 15.778 Executing VM operation: HandshakeAllThreads done
Event: 16.726 Executing VM operation: G1CollectForAllocation
Event: 16.748 Executing VM operation: G1CollectForAllocation done

Events (20 events):
Event: 16.755 loading class java/util/stream/ReduceOps$2ReducingSink
Event: 16.755 loading class java/util/stream/ReduceOps$2ReducingSink done
Event: 16.755 loading class sun/management/RuntimeImpl
Event: 16.756 loading class sun/management/RuntimeImpl done
Event: 16.756 loading class java/util/Collections$2
Event: 16.756 loading class java/util/Collections$2 done
Event: 16.757 loading class sun/management/Util
Event: 16.757 loading class sun/management/Util done
Event: 16.757 loading class java/lang/management/ManagementPermission
Event: 16.757 loading class java/lang/management/ManagementPermission done
Event: 16.758 loading class java/util/Collections$UnmodifiableMap$UnmodifiableEntrySet
Event: 16.758 loading class java/util/Collections$UnmodifiableMap$UnmodifiableEntrySet done
Event: 16.758 loading class java/util/Collections$UnmodifiableMap$UnmodifiableEntrySet$1
Event: 16.758 loading class java/util/Collections$UnmodifiableMap$UnmodifiableEntrySet$1 done
Event: 16.758 loading class java/util/Collections$UnmodifiableMap$UnmodifiableEntrySet$UnmodifiableEntry
Event: 16.758 loading class java/util/Collections$UnmodifiableMap$UnmodifiableEntrySet$UnmodifiableEntry done
Event: 16.771 loading class java/util/UUID
Event: 17.004 loading class java/util/UUID done
Event: 17.010 loading class java/io/FileReader
Event: 17.010 loading class java/io/FileReader done


Dynamic libraries:
0x00007ff6be2d0000 - 0x00007ff6be2e0000 	C:\Program Files\Java\jdk-17\bin\java.exe
0x00007ff8523b0000 - 0x00007ff8525a8000 	C:\Windows\SYSTEM32\ntdll.dll
0x00007ff850410000 - 0x00007ff8504cf000 	C:\Windows\System32\KERNEL32.DLL
0x00007ff84fd10000 - 0x00007ff850006000 	C:\Windows\System32\KERNELBASE.dll
0x00007ff84cf60000 - 0x00007ff84cff1000 	C:\Windows\SYSTEM32\apphelp.dll
0x00007ff850260000 - 0x00007ff850360000 	C:\Windows\System32\ucrtbase.dll
0x00007ff839fb0000 - 0x00007ff839fc9000 	C:\Program Files\Java\jdk-17\bin\jli.dll
0x00007ff851cb0000 - 0x00007ff851d5f000 	C:\Windows\System32\ADVAPI32.dll
0x00007ff850ce0000 - 0x00007ff850d7e000 	C:\Windows\System32\msvcrt.dll
0x00007ff851c10000 - 0x00007ff851cac000 	C:\Windows\System32\sechost.dll
0x00007ff851fc0000 - 0x00007ff8520e6000 	C:\Windows\System32\RPCRT4.dll
0x00007ff8521d0000 - 0x00007ff85236d000 	C:\Windows\System32\USER32.dll
0x00007ff850040000 - 0x00007ff850062000 	C:\Windows\System32\win32u.dll
0x00007ff851f90000 - 0x00007ff851fbc000 	C:\Windows\System32\GDI32.dll
0x00007ff84fb50000 - 0x00007ff84fc65000 	C:\Windows\System32\gdi32full.dll
0x00007ff84fc70000 - 0x00007ff84fd0d000 	C:\Windows\System32\msvcp_win.dll
0x00007ff839df0000 - 0x00007ff839e0b000 	C:\Program Files\Java\jdk-17\bin\VCRUNTIME140.dll
0x00007ff837180000 - 0x00007ff83741a000 	C:\Windows\WinSxS\amd64_microsoft.windows.common-controls_6595b64144ccf1df_6.0.19041.1110_none_60b5254171f9507e\COMCTL32.dll
0x00007ff847140000 - 0x00007ff84714a000 	C:\Windows\SYSTEM32\VERSION.dll
0x00007ff850c20000 - 0x00007ff850c50000 	C:\Windows\System32\IMM32.DLL
0x00007ff844880000 - 0x00007ff84488c000 	C:\Program Files\Java\jdk-17\bin\vcruntime140_1.dll
0x00007ff838150000 - 0x00007ff8381de000 	C:\Program Files\Java\jdk-17\bin\msvcp140.dll
0x00007fffe8120000 - 0x00007fffe8cfd000 	C:\Program Files\Java\jdk-17\bin\server\jvm.dll
0x00007ff850f80000 - 0x00007ff850f88000 	C:\Windows\System32\PSAPI.DLL
0x00007ff83af70000 - 0x00007ff83af79000 	C:\Windows\SYSTEM32\WSOCK32.dll
0x00007ff851600000 - 0x00007ff85166b000 	C:\Windows\System32\WS2_32.dll
0x00007ff83bc00000 - 0x00007ff83bc27000 	C:\Windows\SYSTEM32\WINMM.dll
0x00007ff84d730000 - 0x00007ff84d742000 	C:\Windows\SYSTEM32\kernel.appcore.dll
0x00007ff844800000 - 0x00007ff84480a000 	C:\Program Files\Java\jdk-17\bin\jimage.dll
0x00007ff83c890000 - 0x00007ff83ca74000 	C:\Windows\SYSTEM32\DBGHELP.DLL
0x00007ff838250000 - 0x00007ff838284000 	C:\Windows\SYSTEM32\dbgcore.DLL
0x00007ff8501d0000 - 0x00007ff850252000 	C:\Windows\System32\bcryptPrimitives.dll
0x00007ff839780000 - 0x00007ff8397a5000 	C:\Program Files\Java\jdk-17\bin\java.dll
0x00007ff81daf0000 - 0x00007ff81dbc7000 	C:\Program Files\Java\jdk-17\bin\jsvml.dll
0x00007ff8504d0000 - 0x00007ff850c14000 	C:\Windows\System32\SHELL32.dll
0x00007ff84d930000 - 0x00007ff84e0c3000 	C:\Windows\SYSTEM32\windows.storage.dll
0x00007ff8516d0000 - 0x00007ff851a24000 	C:\Windows\System32\combase.dll
0x00007ff84f320000 - 0x00007ff84f34e000 	C:\Windows\SYSTEM32\Wldp.dll
0x00007ff851ee0000 - 0x00007ff851f8d000 	C:\Windows\System32\SHCORE.dll
0x00007ff851670000 - 0x00007ff8516c5000 	C:\Windows\System32\shlwapi.dll
0x00007ff84f9c0000 - 0x00007ff84f9e5000 	C:\Windows\SYSTEM32\profapi.dll
0x00007ff839d40000 - 0x00007ff839d59000 	C:\Program Files\Java\jdk-17\bin\net.dll
0x00007ff848da0000 - 0x00007ff848eaa000 	C:\Windows\SYSTEM32\WINHTTP.dll
0x00007ff84f100000 - 0x00007ff84f16a000 	C:\Windows\system32\mswsock.dll
0x00007ff839710000 - 0x00007ff839726000 	C:\Program Files\Java\jdk-17\bin\nio.dll
0x00007ff8396f0000 - 0x00007ff839708000 	C:\Program Files\Java\jdk-17\bin\zip.dll
0x00007ff83d520000 - 0x00007ff83d530000 	C:\Program Files\Java\jdk-17\bin\verify.dll
0x00007ff838f90000 - 0x00007ff838fb7000 	C:\Users\marcos.OTHONC\.gradle\native\68d5fa5c4cc2d200863cafc0d521ce42e7d3e7ee720ec0a83991735586a16f82\windows-amd64\native-platform.dll
0x00007ff83c030000 - 0x00007ff83c03a000 	C:\Program Files\Java\jdk-17\bin\management.dll
0x00007ff83c010000 - 0x00007ff83c01b000 	C:\Program Files\Java\jdk-17\bin\management_ext.dll

dbghelp: loaded successfully - version: 4.0.5 - missing functions: none
symbol engine: initialized successfully - sym options: 0x614 - pdb path: .;C:\Program Files\Java\jdk-17\bin;C:\Windows\SYSTEM32;C:\Windows\WinSxS\amd64_microsoft.windows.common-controls_6595b64144ccf1df_6.0.19041.1110_none_60b5254171f9507e;C:\Program Files\Java\jdk-17\bin\server;C:\Users\marcos.OTHONC\.gradle\native\68d5fa5c4cc2d200863cafc0d521ce42e7d3e7ee720ec0a83991735586a16f82\windows-amd64

VM Arguments:
jvm_args: -Xmx64m -Xms64m -Dorg.gradle.appname=gradlew 
java_command: org.gradle.wrapper.GradleWrapperMain tasks
java_class_path (initial): D:\AREA DE TRABALHO\testerb\android\\gradle\wrapper\gradle-wrapper.jar
Launcher Type: SUN_STANDARD

[Global flags]
     intx CICompilerCount                          = 3                                         {product} {ergonomic}
     uint ConcGCThreads                            = 1                                         {product} {ergonomic}
     uint G1ConcRefinementThreads                  = 4                                         {product} {ergonomic}
   size_t G1HeapRegionSize                         = 1048576                                   {product} {ergonomic}
    uintx GCDrainStackTargetSize                   = 64                                        {product} {ergonomic}
   size_t InitialHeapSize                          = 67108864                                  {product} {command line}
   size_t MarkStackSize                            = 4194304                                   {product} {ergonomic}
   size_t MaxHeapSize                              = 67108864                                  {product} {command line}
   size_t MaxNewSize                               = 39845888                                  {product} {ergonomic}
   size_t MinHeapDeltaBytes                        = 1048576                                   {product} {ergonomic}
   size_t MinHeapSize                              = 67108864                                  {product} {command line}
    uintx NonNMethodCodeHeapSize                   = 5832780                                {pd product} {ergonomic}
    uintx NonProfiledCodeHeapSize                  = 122912730                              {pd product} {ergonomic}
    uintx ProfiledCodeHeapSize                     = 122912730                              {pd product} {ergonomic}
    uintx ReservedCodeCacheSize                    = 251658240                              {pd product} {ergonomic}
     bool SegmentedCodeCache                       = true                                      {product} {ergonomic}
   size_t SoftMaxHeapSize                          = 67108864                               {manageable} {ergonomic}
     bool UseCompressedClassPointers               = true                           {product lp64_product} {ergonomic}
     bool UseCompressedOops                        = true                           {product lp64_product} {ergonomic}
     bool UseG1GC                                  = true                                      {product} {ergonomic}
     bool UseLargePagesIndividualAllocation        = false                                  {pd product} {ergonomic}

Logging:
Log output configuration:
 #0: stdout all=warning uptime,level,tags
 #1: stderr all=off uptime,level,tags

Environment Variables:
JAVA_HOME=C:\Program Files\Java\jdk-17
CLASSPATH=D:\AREA DE TRABALHO\testerb\android\\gradle\wrapper\gradle-wrapper.jar
PATH=D:\AREA DE TRABALHO\testerb\node_modules\.bin;D:\AREA DE TRABALHO\testerb\node_modules\.bin;D:\AREA DE TRABALHO\node_modules\.bin;D:\node_modules\.bin;C:\Program Files\nodejs\node_modules\npm\node_modules\@npmcli\run-script\lib\node-gyp-bin;C:\Users\MARCOS~1.OTH\AppData\Local\Temp\yarn--1695809377503-0.47914496697368936;D:\AREA DE TRABALHO\testerb\node_modules\.bin;C:\Users\marcos.OTHONC\AppData\Local\Yarn\Data\link\node_modules\.bin;C:\Users\marcos.OTHONC\AppData\Local\Yarn\bin;C:\Program Files\libexec\lib\node_modules\npm\bin\node-gyp-bin;C:\Program Files\lib\node_modules\npm\bin\node-gyp-bin;C:\Program Files\nodejs\node_modules\npm\bin\node-gyp-bin;C:\Program Files\Python311\Scripts\;C:\Program Files\Python311\;C:\Program Files\Common Files\Oracle\Java\javapath;C:\Program Files (x86)\Common Files\Oracle\Java\javapath;C:\Python311\Scripts\;C:\Python311\;D:\app\client\marcos\product\12.1.0\client_2\bin;C:\Windows\system32;C:\Windows;C:\Windows\System32\Wbem;C:\Windows\System32\WindowsPowerShell\v1.0\;C:\Windows\System32\OpenSSH\;C:\Program Files\dotnet\;C:\Program Files\nodejs\;C:\ProgramData\chocolatey\bin;D:\Program Files\Git\cmd;C:\Program Files\Zabbix Agent\;D:\Program Files\Veyon\;C:\Users\marcos.OTHONC\AppData\Local\Android\Sdk;C:\Users\marcos.OTHONC\AppData\Local\Android\Sdk\platform-tools;C:\Program Files\Java\jdk-17\bin;C:\Program Files\Maven\bin;;C:\Program Files\Docker\Docker\resources\bin;C:\Users\marcos.OTHONC\AppData\Local\Microsoft\WindowsApps;D:\Users\marcos.OTHONC\AppData\Local\Programs\Microsoft VS Code\bin;C:\Users\marcos.OTHONC\AppData\Local\GitHubDesktop\bin;C:\Users\marcos.OTHONC\AppData\Roaming\npm;D:\Program Files\JetBrains\IntelliJ IDEA 2023.1.3\bin;
USERNAME=marcos
SHELL=D:\Program Files\Git\usr\bin\bash.exe
DISPLAY=needs-to-be-defined
LANG=pt_BR.UTF-8
LC_CTYPE=pt_BR.UTF-8
OS=Windows_NT
PROCESSOR_IDENTIFIER=Intel64 Family 6 Model 158 Stepping 11, GenuineIntel



---------------  S Y S T E M  ---------------

OS:
 Windows 10 , 64 bit Build 19041 (10.0.19041.3155)
OS uptime: 8 days 20:36 hours
Hyper-V role detected

CPU: total 4 (initial active 4) (4 cores per cpu, 1 threads per core) family 6 model 158 stepping 11 microcode 0xf0, cx8, cmov, fxsr, mmx, 3dnowpref, sse, sse2, sse3, ssse3, sse4.1, sse4.2, popcnt, lzcnt, tsc, tscinvbit, avx, avx2, aes, erms, clmul, bmi1, bmi2, adx, fma, vzeroupper, clflush, clflushopt, hv

Memory: 4k page, system-wide physical 16193M (372M free)
TotalPageFile size 30419M (AvailPageFile size 5M)
current process WorkingSet (physical memory assigned to process): 74M, peak: 74M
current process commit charge ("private bytes"): 150M, peak: 150M

vm_info: Java HotSpot(TM) 64-Bit Server VM (17.0.7+8-LTS-224) for windows-amd64 JRE (17.0.7+8-LTS-224), built on Feb 28 2023 23:03:02 by "mach5one" with MS VC++ 17.1 (VS2022)

END.
