#
# There is insufficient memory for the Java Runtime Environment to continue.
# Native memory allocation (malloc) failed to allocate 146656 bytes for Chunk::new
# Possible reasons:
#   The system is out of physical RAM or swap space
#   The process is running with CompressedOops enabled, and the Java Heap may be blocking the growth of the native heap
# Possible solutions:
#   Reduce memory load on the system
#   Increase physical memory or swap space
#   Check if swap backing store is full
#   Decrease Java heap size (-Xmx/-Xms)
#   Decrease number of Java threads
#   Decrease Java thread stack sizes (-Xss)
#   Set larger code cache with -XX:ReservedCodeCacheSize=
#   JVM is running with Unscaled Compressed Oops mode in which the Java heap is
#     placed in the first 4GB address space. The Java Heap base address is the
#     maximum limit for the native heap growth. Please use -XX:HeapBaseMinAddress
#     to set the Java Heap base and to place the Java Heap above 4GB virtual address.
# This output file may be truncated or incomplete.
#
#  Out of Memory Error (arena.cpp:189), pid=5368, tid=22520
#
# JRE version: Java(TM) SE Runtime Environment (17.0.7+8) (build 17.0.7+8-LTS-224)
# Java VM: Java HotSpot(TM) 64-Bit Server VM (17.0.7+8-LTS-224, mixed mode, sharing, tiered, compressed oops, compressed class ptrs, g1 gc, windows-amd64)
# No core dump will be written. Minidumps are not enabled by default on client versions of Windows
#

---------------  S U M M A R Y ------------

Command Line: -Xmx64m -Xms64m -Dorg.gradle.appname=gradlew org.gradle.wrapper.GradleWrapperMain tasks

Host: Intel(R) Core(TM) i3-9100 CPU @ 3.60GHz, 4 cores, 15G,  Windows 10 , 64 bit Build 19041 (10.0.19041.3155)
Time: Wed Sep 27 07:29:35 2023 Hora oficial do Brasil elapsed time: 16.734503 seconds (0d 0h 0m 16s)

---------------  T H R E A D  ---------------

Current thread (0x000001b4d8f68030):  JavaThread "C2 CompilerThread0" daemon [_thread_in_native, id=22520, stack(0x0000001e3f600000,0x0000001e3f700000)]


Current CompileTask:
C2:  16734  678       4       java.io.WinNTFileSystem::normalize (143 bytes)

Stack: [0x0000001e3f600000,0x0000001e3f700000]
Native frames: (J=compiled Java code, j=interpreted, Vv=VM code, C=native code)
V  [jvm.dll+0x676a4a]
V  [jvm.dll+0x7d74f4]
V  [jvm.dll+0x7d8c9e]
V  [jvm.dll+0x7d9303]
V  [jvm.dll+0x2452c5]
V  [jvm.dll+0xaaa2b]
V  [jvm.dll+0xaafcc]
V  [jvm.dll+0x2aac2f]
V  [jvm.dll+0x57f375]
V  [jvm.dll+0x2205f2]
V  [jvm.dll+0x2191f0]
V  [jvm.dll+0x216df9]
V  [jvm.dll+0x1a35e0]
V  [jvm.dll+0x226a6e]
V  [jvm.dll+0x224e15]
V  [jvm.dll+0x78d05c]
V  [jvm.dll+0x78759a]
V  [jvm.dll+0x675875]
C  [ucrtbase.dll+0x21bb2]
C  [KERNEL32.DLL+0x17614]
C  [ntdll.dll+0x526b1]


---------------  P R O C E S S  ---------------

Threads class SMR info:
_java_thread_list=0x000001b4d9c3c680, length=12, elements={
0x000001b4c00a9430, 0x000001b4d8f48120, 0x000001b4d8f48f90, 0x000001b4d8f62240,
0x000001b4d8f64c10, 0x000001b4d8f655c0, 0x000001b4d8f65f70, 0x000001b4d8f68030,
0x000001b4d8f689e0, 0x000001b4d8fd8140, 0x000001b4d9c37020, 0x000001b4d9c3bba0
}

Java Threads: ( => current thread )
  0x000001b4c00a9430 JavaThread "main" [_thread_in_vm, id=25256, stack(0x0000001e3e800000,0x0000001e3e900000)]
  0x000001b4d8f48120 JavaThread "Reference Handler" daemon [_thread_blocked, id=22096, stack(0x0000001e3f000000,0x0000001e3f100000)]
  0x000001b4d8f48f90 JavaThread "Finalizer" daemon [_thread_blocked, id=23156, stack(0x0000001e3f100000,0x0000001e3f200000)]
  0x000001b4d8f62240 JavaThread "Signal Dispatcher" daemon [_thread_blocked, id=21788, stack(0x0000001e3f200000,0x0000001e3f300000)]
  0x000001b4d8f64c10 JavaThread "Attach Listener" daemon [_thread_blocked, id=22760, stack(0x0000001e3f300000,0x0000001e3f400000)]
  0x000001b4d8f655c0 JavaThread "Service Thread" daemon [_thread_blocked, id=21640, stack(0x0000001e3f400000,0x0000001e3f500000)]
  0x000001b4d8f65f70 JavaThread "Monitor Deflation Thread" daemon [_thread_blocked, id=25532, stack(0x0000001e3f500000,0x0000001e3f600000)]
=>0x000001b4d8f68030 JavaThread "C2 CompilerThread0" daemon [_thread_in_native, id=22520, stack(0x0000001e3f600000,0x0000001e3f700000)]
  0x000001b4d8f689e0 JavaThread "C1 CompilerThread0" daemon [_thread_blocked, id=2448, stack(0x0000001e3f700000,0x0000001e3f800000)]
  0x000001b4d8fd8140 JavaThread "Sweeper thread" daemon [_thread_blocked, id=15328, stack(0x0000001e3f800000,0x0000001e3f900000)]
  0x000001b4d9c37020 JavaThread "Notification Thread" daemon [_thread_blocked, id=22932, stack(0x0000001e3f900000,0x0000001e3fa00000)]
  0x000001b4d9c3bba0 JavaThread "Common-Cleaner" daemon [_thread_blocked, id=21868, stack(0x0000001e3fb00000,0x0000001e3fc00000)]

Other Threads:
  0x000001b4d8f445c0 VMThread "VM Thread" [stack: 0x0000001e3ef00000,0x0000001e3f000000] [id=22092]
  0x000001b4d9c39500 WatcherThread [stack: 0x0000001e3fa00000,0x0000001e3fb00000] [id=15964]
  0x000001b4c00c6590 GCTaskThread "GC Thread#0" [stack: 0x0000001e3ea00000,0x0000001e3eb00000] [id=24920]
  0x000001b4d9ed0c80 GCTaskThread "GC Thread#1" [stack: 0x0000001e3fc00000,0x0000001e3fd00000] [id=26612]
  0x000001b4d9e1ace0 GCTaskThread "GC Thread#2" [stack: 0x0000001e3fd00000,0x0000001e3fe00000] [id=18704]
  0x000001b4d9e1af90 GCTaskThread "GC Thread#3" [stack: 0x0000001e3fe00000,0x0000001e3ff00000] [id=19044]
  0x000001b4c00c7cd0 ConcurrentGCThread "G1 Main Marker" [stack: 0x0000001e3eb00000,0x0000001e3ec00000] [id=20632]
  0x000001b4c00c96f0 ConcurrentGCThread "G1 Conc#0" [stack: 0x0000001e3ec00000,0x0000001e3ed00000] [id=24196]
  0x000001b4c01170f0 ConcurrentGCThread "G1 Refine#0" [stack: 0x0000001e3ed00000,0x0000001e3ee00000] [id=24200]
  0x000001b4c0118b20 ConcurrentGCThread "G1 Service" [stack: 0x0000001e3ee00000,0x0000001e3ef00000] [id=24204]

Threads with active compile tasks:
C2 CompilerThread0    16752  678       4       java.io.WinNTFileSystem::normalize (143 bytes)

VM state: not at safepoint (normal execution)

VM Mutex/Monitor currently owned by a thread:  ([mutex/lock_event])
[0x000001b4c0097820] Metaspace_lock - owner thread: 0x000001b4c00a9430

Heap address: 0x00000000fc000000, size: 64 MB, Compressed Oops mode: 32-bit

CDS archive(s) mapped at: [0x0000000800000000-0x0000000800bd0000-0x0000000800bd0000), size 12386304, SharedBaseAddress: 0x0000000800000000, ArchiveRelocationMode: 0.
Compressed class space mapped at: 0x0000000800c00000-0x0000000840c00000, reserved size: 1073741824
Narrow klass base: 0x0000000800000000, Narrow klass shift: 0, Narrow klass range: 0x100000000

GC Precious Log:
 CPUs: 4 total, 4 available
 Memory: 16193M
 Large Page Support: Disabled
 NUMA Support: Disabled
 Compressed Oops: Enabled (32-bit)
 Heap Region Size: 1M
 Heap Min Capacity: 64M
 Heap Initial Capacity: 64M
 Heap Max Capacity: 64M
 Pre-touch: Disabled
 Parallel Workers: 4
 Concurrent Workers: 1
 Concurrent Refinement Workers: 4
 Periodic GC: Disabled

Heap:
 garbage-first heap   total 65536K, used 11752K [0x00000000fc000000, 0x0000000100000000)
  region size 1024K, 7 young (7168K), 2 survivors (2048K)
 Metaspace       used 2312K, committed 2368K, reserved 1056768K
  class space    used 228K, committed 256K, reserved 1048576K

Heap Regions: E=young(eden), S=young(survivor), O=old, HS=humongous(starts), HC=humongous(continues), CS=collection set, F=free, OA=open archive, CA=closed archive, TAMS=top-at-mark-start (previous, next)
|   0|0x00000000fc000000, 0x00000000fc100000, 0x00000000fc100000|100%| O|  |TAMS 0x00000000fc000000, 0x00000000fc000000| Untracked 
|   1|0x00000000fc100000, 0x00000000fc17a200, 0x00000000fc200000| 47%| O|  |TAMS 0x00000000fc100000, 0x00000000fc100000| Untracked 
|   2|0x00000000fc200000, 0x00000000fc300000, 0x00000000fc300000|100%|HS|  |TAMS 0x00000000fc200000, 0x00000000fc200000| Complete 
|   3|0x00000000fc300000, 0x00000000fc400000, 0x00000000fc400000|100%|HC|  |TAMS 0x00000000fc300000, 0x00000000fc300000| Complete 
|   4|0x00000000fc400000, 0x00000000fc500000, 0x00000000fc500000|100%|HC|  |TAMS 0x00000000fc400000, 0x00000000fc400000| Complete 
|   5|0x00000000fc500000, 0x00000000fc600000, 0x00000000fc600000|100%|HC|  |TAMS 0x00000000fc500000, 0x00000000fc500000| Complete 
|   6|0x00000000fc600000, 0x00000000fc600000, 0x00000000fc700000|  0%| F|  |TAMS 0x00000000fc600000, 0x00000000fc600000| Untracked 
|   7|0x00000000fc700000, 0x00000000fc700000, 0x00000000fc800000|  0%| F|  |TAMS 0x00000000fc700000, 0x00000000fc700000| Untracked 
|   8|0x00000000fc800000, 0x00000000fc800000, 0x00000000fc900000|  0%| F|  |TAMS 0x00000000fc800000, 0x00000000fc800000| Untracked 
|   9|0x00000000fc900000, 0x00000000fc900000, 0x00000000fca00000|  0%| F|  |TAMS 0x00000000fc900000, 0x00000000fc900000| Untracked 
|  10|0x00000000fca00000, 0x00000000fca00000, 0x00000000fcb00000|  0%| F|  |TAMS 0x00000000fca00000, 0x00000000fca00000| Untracked 
|  11|0x00000000fcb00000, 0x00000000fcb00000, 0x00000000fcc00000|  0%| F|  |TAMS 0x00000000fcb00000, 0x00000000fcb00000| Untracked 
|  12|0x00000000fcc00000, 0x00000000fcc00000, 0x00000000fcd00000|  0%| F|  |TAMS 0x00000000fcc00000, 0x00000000fcc00000| Untracked 
|  13|0x00000000fcd00000, 0x00000000fcd00000, 0x00000000fce00000|  0%| F|  |TAMS 0x00000000fcd00000, 0x00000000fcd00000| Untracked 
|  14|0x00000000fce00000, 0x00000000fce00000, 0x00000000fcf00000|  0%| F|  |TAMS 0x00000000fce00000, 0x00000000fce00000| Untracked 
|  15|0x00000000fcf00000, 0x00000000fcf00000, 0x00000000fd000000|  0%| F|  |TAMS 0x00000000fcf00000, 0x00000000fcf00000| Untracked 
|  16|0x00000000fd000000, 0x00000000fd000000, 0x00000000fd100000|  0%| F|  |TAMS 0x00000000fd000000, 0x00000000fd000000| Untracked 
|  17|0x00000000fd100000, 0x00000000fd100000, 0x00000000fd200000|  0%| F|  |TAMS 0x00000000fd100000, 0x00000000fd100000| Untracked 
|  18|0x00000000fd200000, 0x00000000fd200000, 0x00000000fd300000|  0%| F|  |TAMS 0x00000000fd200000, 0x00000000fd200000| Untracked 
|  19|0x00000000fd300000, 0x00000000fd300000, 0x00000000fd400000|  0%| F|  |TAMS 0x00000000fd300000, 0x00000000fd300000| Untracked 
|  20|0x00000000fd400000, 0x00000000fd400000, 0x00000000fd500000|  0%| F|  |TAMS 0x00000000fd400000, 0x00000000fd400000| Untracked 
|  21|0x00000000fd500000, 0x00000000fd500000, 0x00000000fd600000|  0%| F|  |TAMS 0x00000000fd500000, 0x00000000fd500000| Untracked 
|  22|0x00000000fd600000, 0x00000000fd600000, 0x00000000fd700000|  0%| F|  |TAMS 0x00000000fd600000, 0x00000000fd600000| Untracked 
|  23|0x00000000fd700000, 0x00000000fd700000, 0x00000000fd800000|  0%| F|  |TAMS 0x00000000fd700000, 0x00000000fd700000| Untracked 
|  24|0x00000000fd800000, 0x00000000fd800000, 0x00000000fd900000|  0%| F|  |TAMS 0x00000000fd800000, 0x00000000fd800000| Untracked 
|  25|0x00000000fd900000, 0x00000000fd900000, 0x00000000fda00000|  0%| F|  |TAMS 0x00000000fd900000, 0x00000000fd900000| Untracked 
|  26|0x00000000fda00000, 0x00000000fda00000, 0x00000000fdb00000|  0%| F|  |TAMS 0x00000000fda00000, 0x00000000fda00000| Untracked 
|  27|0x00000000fdb00000, 0x00000000fdb00000, 0x00000000fdc00000|  0%| F|  |TAMS 0x00000000fdb00000, 0x00000000fdb00000| Untracked 
|  28|0x00000000fdc00000, 0x00000000fdc00000, 0x00000000fdd00000|  0%| F|  |TAMS 0x00000000fdc00000, 0x00000000fdc00000| Untracked 
|  29|0x00000000fdd00000, 0x00000000fdd00000, 0x00000000fde00000|  0%| F|  |TAMS 0x00000000fdd00000, 0x00000000fdd00000| Untracked 
|  30|0x00000000fde00000, 0x00000000fde00000, 0x00000000fdf00000|  0%| F|  |TAMS 0x00000000fde00000, 0x00000000fde00000| Untracked 
|  31|0x00000000fdf00000, 0x00000000fdf00000, 0x00000000fe000000|  0%| F|  |TAMS 0x00000000fdf00000, 0x00000000fdf00000| Untracked 
|  32|0x00000000fe000000, 0x00000000fe000000, 0x00000000fe100000|  0%| F|  |TAMS 0x00000000fe000000, 0x00000000fe000000| Untracked 
|  33|0x00000000fe100000, 0x00000000fe100000, 0x00000000fe200000|  0%| F|  |TAMS 0x00000000fe100000, 0x00000000fe100000| Untracked 
|  34|0x00000000fe200000, 0x00000000fe200000, 0x00000000fe300000|  0%| F|  |TAMS 0x00000000fe200000, 0x00000000fe200000| Untracked 
|  35|0x00000000fe300000, 0x00000000fe300000, 0x00000000fe400000|  0%| F|  |TAMS 0x00000000fe300000, 0x00000000fe300000| Untracked 
|  36|0x00000000fe400000, 0x00000000fe400000, 0x00000000fe500000|  0%| F|  |TAMS 0x00000000fe400000, 0x00000000fe400000| Untracked 
|  37|0x00000000fe500000, 0x00000000fe500000, 0x00000000fe600000|  0%| F|  |TAMS 0x00000000fe500000, 0x00000000fe500000| Untracked 
|  38|0x00000000fe600000, 0x00000000fe600000, 0x00000000fe700000|  0%| F|  |TAMS 0x00000000fe600000, 0x00000000fe600000| Untracked 
|  39|0x00000000fe700000, 0x00000000fe700000, 0x00000000fe800000|  0%| F|  |TAMS 0x00000000fe700000, 0x00000000fe700000| Untracked 
|  40|0x00000000fe800000, 0x00000000fe800000, 0x00000000fe900000|  0%| F|  |TAMS 0x00000000fe800000, 0x00000000fe800000| Untracked 
|  41|0x00000000fe900000, 0x00000000fe900000, 0x00000000fea00000|  0%| F|  |TAMS 0x00000000fe900000, 0x00000000fe900000| Untracked 
|  42|0x00000000fea00000, 0x00000000fea00000, 0x00000000feb00000|  0%| F|  |TAMS 0x00000000fea00000, 0x00000000fea00000| Untracked 
|  43|0x00000000feb00000, 0x00000000feb00000, 0x00000000fec00000|  0%| F|  |TAMS 0x00000000feb00000, 0x00000000feb00000| Untracked 
|  44|0x00000000fec00000, 0x00000000fec00000, 0x00000000fed00000|  0%| F|  |TAMS 0x00000000fec00000, 0x00000000fec00000| Untracked 
|  45|0x00000000fed00000, 0x00000000fed00000, 0x00000000fee00000|  0%| F|  |TAMS 0x00000000fed00000, 0x00000000fed00000| Untracked 
|  46|0x00000000fee00000, 0x00000000fee00000, 0x00000000fef00000|  0%| F|  |TAMS 0x00000000fee00000, 0x00000000fee00000| Untracked 
|  47|0x00000000fef00000, 0x00000000fef00000, 0x00000000ff000000|  0%| F|  |TAMS 0x00000000fef00000, 0x00000000fef00000| Untracked 
|  48|0x00000000ff000000, 0x00000000ff000000, 0x00000000ff100000|  0%| F|  |TAMS 0x00000000ff000000, 0x00000000ff000000| Untracked 
|  49|0x00000000ff100000, 0x00000000ff200000, 0x00000000ff200000|100%| S|CS|TAMS 0x00000000ff100000, 0x00000000ff100000| Complete 
|  50|0x00000000ff200000, 0x00000000ff300000, 0x00000000ff300000|100%| S|CS|TAMS 0x00000000ff200000, 0x00000000ff200000| Complete 
|  51|0x00000000ff300000, 0x00000000ff300000, 0x00000000ff400000|  0%| F|  |TAMS 0x00000000ff300000, 0x00000000ff300000| Untracked 
|  52|0x00000000ff400000, 0x00000000ff400000, 0x00000000ff500000|  0%| F|  |TAMS 0x00000000ff400000, 0x00000000ff400000| Untracked 
|  53|0x00000000ff500000, 0x00000000ff500000, 0x00000000ff600000|  0%| F|  |TAMS 0x00000000ff500000, 0x00000000ff500000| Untracked 
|  54|0x00000000ff600000, 0x00000000ff600000, 0x00000000ff700000|  0%| F|  |TAMS 0x00000000ff600000, 0x00000000ff600000| Untracked 
|  55|0x00000000ff700000, 0x00000000ff700000, 0x00000000ff800000|  0%| F|  |TAMS 0x00000000ff700000, 0x00000000ff700000| Untracked 
|  56|0x00000000ff800000, 0x00000000ff800000, 0x00000000ff900000|  0%| F|  |TAMS 0x00000000ff800000, 0x00000000ff800000| Untracked 
|  57|0x00000000ff900000, 0x00000000ff900000, 0x00000000ffa00000|  0%| F|  |TAMS 0x00000000ff900000, 0x00000000ff900000| Untracked 
|  58|0x00000000ffa00000, 0x00000000ffa00000, 0x00000000ffb00000|  0%| F|  |TAMS 0x00000000ffa00000, 0x00000000ffa00000| Untracked 
|  59|0x00000000ffb00000, 0x00000000ffbefb40, 0x00000000ffc00000| 93%| E|  |TAMS 0x00000000ffb00000, 0x00000000ffb00000| Complete 
|  60|0x00000000ffc00000, 0x00000000ffd00000, 0x00000000ffd00000|100%| E|CS|TAMS 0x00000000ffc00000, 0x00000000ffc00000| Complete 
|  61|0x00000000ffd00000, 0x00000000ffe00000, 0x00000000ffe00000|100%| E|CS|TAMS 0x00000000ffd00000, 0x00000000ffd00000| Complete 
|  62|0x00000000ffe00000, 0x00000000fff00000, 0x00000000fff00000|100%| E|CS|TAMS 0x00000000ffe00000, 0x00000000ffe00000| Complete 
|  63|0x00000000fff00000, 0x0000000100000000, 0x0000000100000000|100%| E|CS|TAMS 0x00000000fff00000, 0x00000000fff00000| Complete 

Card table byte_map: [0x000001b4bfee0000,0x000001b4bff00000] _byte_map_base: 0x000001b4bf700000

Marking Bits (Prev, Next): (CMBitMap*) 0x000001b4c00c6ba0, (CMBitMap*) 0x000001b4c00c6be0
 Prev Bits: [0x000001b4bff20000, 0x000001b4c0020000)
 Next Bits: [0x000001b4d6920000, 0x000001b4d6a20000)

Polling page: 0x000001b4bf870000

Metaspace:

Usage:
  Non-class:      2.03 MB used.
      Class:    228.59 KB used.
       Both:      2.26 MB used.

Virtual space:
  Non-class space:        8.00 MB reserved,       2.06 MB ( 26%) committed,  1 nodes.
      Class space:        1.00 GB reserved,     256.00 KB ( <1%) committed,  1 nodes.
             Both:        1.01 GB reserved,       2.31 MB ( <1%) committed. 

Chunk freelists:
   Non-Class:  3.44 MB
       Class:  3.62 MB
        Both:  7.06 MB

MaxMetaspaceSize: unlimited
CompressedClassSpaceSize: 1.00 GB
Initial GC threshold: 21.00 MB
Current GC threshold: 21.00 MB
CDS: on
MetaspaceReclaimPolicy: balanced
 - commit_granule_bytes: 65536.
 - commit_granule_words: 8192.
 - virtual_space_node_default_size: 1048576.
 - enlarge_chunks_in_place: 1.
 - new_chunks_are_fully_committed: 0.
 - uncommit_free_chunks: 1.
 - use_allocation_guard: 0.
 - handle_deallocations: 1.


Internal statistics:

num_allocs_failed_limit: 0.
num_arena_births: 14.
num_arena_deaths: 0.
num_vsnodes_births: 2.
num_vsnodes_deaths: 0.
num_space_committed: 37.
num_space_uncommitted: 0.
num_chunks_returned_to_freelist: 0.
num_chunks_taken_from_freelist: 58.
num_chunk_merges: 0.
num_chunk_splits: 33.
num_chunks_enlarged: 32.
num_purges: 0.
num_inconsistent_stats: 0.

CodeHeap 'non-profiled nmethods': size=120000Kb used=229Kb max_used=229Kb free=119771Kb
 bounds [0x000001b4cf3f0000, 0x000001b4cf660000, 0x000001b4d6920000]
CodeHeap 'profiled nmethods': size=120000Kb used=1246Kb max_used=1246Kb free=118753Kb
 bounds [0x000001b4c7920000, 0x000001b4c7b90000, 0x000001b4cee50000]
CodeHeap 'non-nmethods': size=5760Kb used=1122Kb max_used=1146Kb free=4637Kb
 bounds [0x000001b4cee50000, 0x000001b4cf0c0000, 0x000001b4cf3f0000]
 total_blobs=1089 nmethods=685 adapters=317
 compilation: enabled
              stopped_count=0, restarted_count=0
 full_count=0

Compilation events (20 events):
Event: 16.544 Thread 0x000001b4d8f689e0 nmethod 667 0x000001b4c7a45c10 code [0x000001b4c7a460a0, 0x000001b4c7a48078]
Event: 16.553 Thread 0x000001b4d8f689e0  668       3       java.lang.Class::getPackageName (81 bytes)
Event: 16.553 Thread 0x000001b4d8f689e0 nmethod 668 0x000001b4c7a49310 code [0x000001b4c7a495a0, 0x000001b4c7a4a048]
Event: 16.558 Thread 0x000001b4d8f689e0  669       3       java.util.zip.ZipFile::getZipEntry (322 bytes)
Event: 16.560 Thread 0x000001b4d8f689e0 nmethod 669 0x000001b4c7a4a410 code [0x000001b4c7a4a880, 0x000001b4c7a4cf18]
Event: 16.721 Thread 0x000001b4d8f689e0  671       3       java.util.zip.ZipFile$InflaterCleanupAction::<init> (15 bytes)
Event: 16.721 Thread 0x000001b4d8f689e0 nmethod 671 0x000001b4c7a4dd90 code [0x000001b4c7a4df40, 0x000001b4c7a4e158]
Event: 16.722 Thread 0x000001b4d8f689e0  672       3       java.util.zip.ZipFile$ZipFileInflaterInputStream::fill (80 bytes)
Event: 16.722 Thread 0x000001b4d8f689e0 nmethod 672 0x000001b4c7a4e210 code [0x000001b4c7a4e3e0, 0x000001b4c7a4e768]
Event: 16.722 Thread 0x000001b4d8f689e0  673   !   3       java.util.zip.ZipFile$ZipFileInputStream::read (135 bytes)
Event: 16.723 Thread 0x000001b4d8f689e0 nmethod 673 0x000001b4c7a4e910 code [0x000001b4c7a4eb20, 0x000001b4c7a4f1f8]
Event: 16.723 Thread 0x000001b4d8f689e0  674       3       java.util.zip.ZipUtils::LOCNAM (7 bytes)
Event: 16.723 Thread 0x000001b4d8f689e0 nmethod 674 0x000001b4c7a4f590 code [0x000001b4c7a4f720, 0x000001b4c7a4f8d8]
Event: 16.723 Thread 0x000001b4d8f689e0  675       3       java.util.zip.ZipUtils::LOCEXT (7 bytes)
Event: 16.723 Thread 0x000001b4d8f689e0 nmethod 675 0x000001b4c7a4fa10 code [0x000001b4c7a4fba0, 0x000001b4c7a4fd58]
Event: 16.724 Thread 0x000001b4d8f689e0  676   !   3       java.util.zip.ZipFile$CleanableResource::getInflater (47 bytes)
Event: 16.724 Thread 0x000001b4d8f689e0 nmethod 676 0x000001b4c7a4fe90 code [0x000001b4c7a50060, 0x000001b4c7a50558]
Event: 16.724 Thread 0x000001b4d8f689e0  677       3       java.util.zip.ZipFile$ZipFileInflaterInputStream::<init> (41 bytes)
Event: 16.725 Thread 0x000001b4d8f689e0 nmethod 677 0x000001b4c7a50710 code [0x000001b4c7a508e0, 0x000001b4c7a50d98]
Event: 16.727 Thread 0x000001b4d8f68030  678       4       java.io.WinNTFileSystem::normalize (143 bytes)

GC Heap History (2 events):
Event: 8.639 GC heap before
{Heap before GC invocations=0 (full 0):
 garbage-first heap   total 65536K, used 12288K [0x00000000fc000000, 0x0000000100000000)
  region size 1024K, 13 young (13312K), 0 survivors (0K)
 Metaspace       used 1793K, committed 1920K, reserved 1056768K
  class space    used 160K, committed 192K, reserved 1048576K
}
Event: 8.737 GC heap after
{Heap after GC invocations=1 (full 0):
 garbage-first heap   total 65536K, used 3560K [0x00000000fc000000, 0x0000000100000000)
  region size 1024K, 2 young (2048K), 2 survivors (2048K)
 Metaspace       used 1793K, committed 1920K, reserved 1056768K
  class space    used 160K, committed 192K, reserved 1048576K
}

Deoptimization events (20 events):
Event: 8.638 Thread 0x000001b4c00a9430 DEOPT PACKING pc=0x000001b4cf418700 sp=0x0000001e3e8f9960
Event: 8.638 Thread 0x000001b4c00a9430 DEOPT UNPACKING pc=0x000001b4ceea23a3 sp=0x0000001e3e8f98f0 mode 2
Event: 8.766 Thread 0x000001b4c00a9430 Uncommon trap: trap_request=0xffffffde fr.pc=0x000001b4cf4187a8 relative=0x0000000000000fa8
Event: 8.766 Thread 0x000001b4c00a9430 Uncommon trap: reason=class_check action=maybe_recompile pc=0x000001b4cf4187a8 method=java.util.HashMap.putVal(ILjava/lang/Object;Ljava/lang/Object;ZZ)Ljava/lang/Object; @ 203 c2
Event: 8.766 Thread 0x000001b4c00a9430 DEOPT PACKING pc=0x000001b4cf4187a8 sp=0x0000001e3e8f9960
Event: 8.766 Thread 0x000001b4c00a9430 DEOPT UNPACKING pc=0x000001b4ceea23a3 sp=0x0000001e3e8f98f0 mode 2
Event: 8.774 Thread 0x000001b4c00a9430 Uncommon trap: trap_request=0xffffffde fr.pc=0x000001b4cf418700 relative=0x0000000000000f00
Event: 8.774 Thread 0x000001b4c00a9430 Uncommon trap: reason=class_check action=maybe_recompile pc=0x000001b4cf418700 method=java.util.HashMap.putVal(ILjava/lang/Object;Ljava/lang/Object;ZZ)Ljava/lang/Object; @ 91 c2
Event: 8.774 Thread 0x000001b4c00a9430 DEOPT PACKING pc=0x000001b4cf418700 sp=0x0000001e3e8f9960
Event: 8.774 Thread 0x000001b4c00a9430 DEOPT UNPACKING pc=0x000001b4ceea23a3 sp=0x0000001e3e8f98f0 mode 2
Event: 8.883 Thread 0x000001b4c00a9430 DEOPT PACKING pc=0x000001b4c79596f7 sp=0x0000001e3e8f9610
Event: 8.883 Thread 0x000001b4c00a9430 DEOPT UNPACKING pc=0x000001b4ceea2b43 sp=0x0000001e3e8f8ad0 mode 0
Event: 14.764 Thread 0x000001b4c00a9430 Uncommon trap: trap_request=0xffffff45 fr.pc=0x000001b4cf41c9b4 relative=0x00000000000003f4
Event: 14.764 Thread 0x000001b4c00a9430 Uncommon trap: reason=unstable_if action=reinterpret pc=0x000001b4cf41c9b4 method=java.util.zip.ZipCoder$UTF8ZipCoder.checkedHash([BII)I @ 27 c2
Event: 14.764 Thread 0x000001b4c00a9430 DEOPT PACKING pc=0x000001b4cf41c9b4 sp=0x0000001e3e8fb600
Event: 14.764 Thread 0x000001b4c00a9430 DEOPT UNPACKING pc=0x000001b4ceea23a3 sp=0x0000001e3e8fb4d0 mode 2
Event: 14.764 Thread 0x000001b4c00a9430 Uncommon trap: trap_request=0xffffff45 fr.pc=0x000001b4cf3f8350 relative=0x00000000000001d0
Event: 14.764 Thread 0x000001b4c00a9430 Uncommon trap: reason=unstable_if action=reinterpret pc=0x000001b4cf3f8350 method=java.lang.String.hashCode()I @ 20 c2
Event: 14.764 Thread 0x000001b4c00a9430 DEOPT PACKING pc=0x000001b4cf3f8350 sp=0x0000001e3e8fb400
Event: 14.764 Thread 0x000001b4c00a9430 DEOPT UNPACKING pc=0x000001b4ceea23a3 sp=0x0000001e3e8fb390 mode 2

Classes unloaded (0 events):
No events

Classes redefined (0 events):
No events

Internal exceptions (1 events):
Event: 1.971 Thread 0x000001b4c00a9430 Exception <a 'java/lang/NoSuchMethodError'{0x00000000ffc57a98}: 'int java.lang.invoke.DirectMethodHandle$Holder.invokeStaticInit(java.lang.Object, java.lang.Object)'> (0x00000000ffc57a98) 
thrown [s\open\src\hotspot\share\interpreter\linkResolver.cpp, line 759]

VM Operations (20 events):
Event: 1.631 Executing VM operation: HandshakeAllThreads
Event: 1.631 Executing VM operation: HandshakeAllThreads done
Event: 2.637 Executing VM operation: Cleanup
Event: 2.637 Executing VM operation: Cleanup done
Event: 3.651 Executing VM operation: Cleanup
Event: 3.651 Executing VM operation: Cleanup done
Event: 4.662 Executing VM operation: Cleanup
Event: 4.662 Executing VM operation: Cleanup done
Event: 8.639 Executing VM operation: G1CollectForAllocation
Event: 8.737 Executing VM operation: G1CollectForAllocation done
Event: 9.745 Executing VM operation: Cleanup
Event: 9.745 Executing VM operation: Cleanup done
Event: 11.769 Executing VM operation: Cleanup
Event: 11.769 Executing VM operation: Cleanup done
Event: 13.784 Executing VM operation: Cleanup
Event: 13.784 Executing VM operation: Cleanup done
Event: 14.798 Executing VM operation: Cleanup
Event: 14.799 Executing VM operation: Cleanup done
Event: 15.809 Executing VM operation: Cleanup
Event: 15.809 Executing VM operation: Cleanup done

Events (20 events):
Event: 8.914 loading class java/util/concurrent/LinkedBlockingQueue
Event: 8.914 loading class java/util/concurrent/BlockingQueue
Event: 8.914 loading class java/util/concurrent/BlockingQueue done
Event: 8.914 loading class java/util/AbstractQueue
Event: 8.914 loading class java/util/AbstractQueue done
Event: 8.914 loading class java/util/concurrent/LinkedBlockingQueue done
Event: 8.915 loading class java/util/concurrent/locks/AbstractQueuedSynchronizer$ConditionObject
Event: 8.915 loading class java/util/concurrent/locks/Condition
Event: 8.915 loading class java/util/concurrent/locks/Condition done
Event: 8.915 loading class java/util/concurrent/locks/AbstractQueuedSynchronizer$ConditionObject done
Event: 8.915 loading class java/util/concurrent/LinkedBlockingQueue$Node
Event: 8.915 loading class java/util/concurrent/LinkedBlockingQueue$Node done
Event: 8.916 loading class java/lang/SecurityException
Event: 8.916 loading class java/lang/SecurityException done
Event: 8.916 loading class java/net/URLClassLoader$3
Event: 8.916 loading class java/net/URLClassLoader$3 done
Event: 8.916 loading class java/net/URLClassLoader$3$1
Event: 8.916 loading class java/net/URLClassLoader$3$1 done
Event: 16.724 loading class java/lang/UnsupportedOperationException
Event: 16.724 loading class java/lang/UnsupportedOperationException done


Dynamic libraries:
0x00007ff6be2d0000 - 0x00007ff6be2e0000 	C:\Program Files\Java\jdk-17\bin\java.exe
0x00007ff8523b0000 - 0x00007ff8525a8000 	C:\Windows\SYSTEM32\ntdll.dll
0x00007ff850410000 - 0x00007ff8504cf000 	C:\Windows\System32\KERNEL32.DLL
0x00007ff84fd10000 - 0x00007ff850006000 	C:\Windows\System32\KERNELBASE.dll
0x00007ff84cf60000 - 0x00007ff84cff1000 	C:\Windows\SYSTEM32\apphelp.dll
0x00007ff850260000 - 0x00007ff850360000 	C:\Windows\System32\ucrtbase.dll
0x00007ff839fb0000 - 0x00007ff839fc9000 	C:\Program Files\Java\jdk-17\bin\jli.dll
0x00007ff851cb0000 - 0x00007ff851d5f000 	C:\Windows\System32\ADVAPI32.dll
0x00007ff850ce0000 - 0x00007ff850d7e000 	C:\Windows\System32\msvcrt.dll
0x00007ff851c10000 - 0x00007ff851cac000 	C:\Windows\System32\sechost.dll
0x00007ff851fc0000 - 0x00007ff8520e6000 	C:\Windows\System32\RPCRT4.dll
0x00007ff8521d0000 - 0x00007ff85236d000 	C:\Windows\System32\USER32.dll
0x00007ff850040000 - 0x00007ff850062000 	C:\Windows\System32\win32u.dll
0x00007ff851f90000 - 0x00007ff851fbc000 	C:\Windows\System32\GDI32.dll
0x00007ff84fb50000 - 0x00007ff84fc65000 	C:\Windows\System32\gdi32full.dll
0x00007ff84fc70000 - 0x00007ff84fd0d000 	C:\Windows\System32\msvcp_win.dll
0x00007ff839df0000 - 0x00007ff839e0b000 	C:\Program Files\Java\jdk-17\bin\VCRUNTIME140.dll
0x00007ff837180000 - 0x00007ff83741a000 	C:\Windows\WinSxS\amd64_microsoft.windows.common-controls_6595b64144ccf1df_6.0.19041.1110_none_60b5254171f9507e\COMCTL32.dll
0x00007ff847140000 - 0x00007ff84714a000 	C:\Windows\SYSTEM32\VERSION.dll
0x00007ff850c20000 - 0x00007ff850c50000 	C:\Windows\System32\IMM32.DLL
0x00007ff844880000 - 0x00007ff84488c000 	C:\Program Files\Java\jdk-17\bin\vcruntime140_1.dll
0x00007ff838150000 - 0x00007ff8381de000 	C:\Program Files\Java\jdk-17\bin\msvcp140.dll
0x00007fffe8120000 - 0x00007fffe8cfd000 	C:\Program Files\Java\jdk-17\bin\server\jvm.dll
0x00007ff850f80000 - 0x00007ff850f88000 	C:\Windows\System32\PSAPI.DLL
0x00007ff83af70000 - 0x00007ff83af79000 	C:\Windows\SYSTEM32\WSOCK32.dll
0x00007ff851600000 - 0x00007ff85166b000 	C:\Windows\System32\WS2_32.dll
0x00007ff83bc00000 - 0x00007ff83bc27000 	C:\Windows\SYSTEM32\WINMM.dll
0x00007ff84d730000 - 0x00007ff84d742000 	C:\Windows\SYSTEM32\kernel.appcore.dll
0x00007ff844800000 - 0x00007ff84480a000 	C:\Program Files\Java\jdk-17\bin\jimage.dll
0x00007ff83c890000 - 0x00007ff83ca74000 	C:\Windows\SYSTEM32\DBGHELP.DLL
0x00007ff838250000 - 0x00007ff838284000 	C:\Windows\SYSTEM32\dbgcore.DLL
0x00007ff8501d0000 - 0x00007ff850252000 	C:\Windows\System32\bcryptPrimitives.dll
0x00007ff839780000 - 0x00007ff8397a5000 	C:\Program Files\Java\jdk-17\bin\java.dll
0x00007ff81daf0000 - 0x00007ff81dbc7000 	C:\Program Files\Java\jdk-17\bin\jsvml.dll
0x00007ff8504d0000 - 0x00007ff850c14000 	C:\Windows\System32\SHELL32.dll
0x00007ff84d930000 - 0x00007ff84e0c3000 	C:\Windows\SYSTEM32\windows.storage.dll
0x00007ff8516d0000 - 0x00007ff851a24000 	C:\Windows\System32\combase.dll
0x00007ff84f320000 - 0x00007ff84f34e000 	C:\Windows\SYSTEM32\Wldp.dll
0x00007ff851ee0000 - 0x00007ff851f8d000 	C:\Windows\System32\SHCORE.dll
0x00007ff851670000 - 0x00007ff8516c5000 	C:\Windows\System32\shlwapi.dll
0x00007ff84f9c0000 - 0x00007ff84f9e5000 	C:\Windows\SYSTEM32\profapi.dll
0x00007ff839d40000 - 0x00007ff839d59000 	C:\Program Files\Java\jdk-17\bin\net.dll
0x00007ff848da0000 - 0x00007ff848eaa000 	C:\Windows\SYSTEM32\WINHTTP.dll
0x00007ff84f100000 - 0x00007ff84f16a000 	C:\Windows\system32\mswsock.dll
0x00007ff839710000 - 0x00007ff839726000 	C:\Program Files\Java\jdk-17\bin\nio.dll
0x00007ff8396f0000 - 0x00007ff839708000 	C:\Program Files\Java\jdk-17\bin\zip.dll
0x00007ff83d520000 - 0x00007ff83d530000 	C:\Program Files\Java\jdk-17\bin\verify.dll

dbghelp: loaded successfully - version: 4.0.5 - missing functions: none
symbol engine: initialized successfully - sym options: 0x614 - pdb path: .;C:\Program Files\Java\jdk-17\bin;C:\Windows\SYSTEM32;C:\Windows\WinSxS\amd64_microsoft.windows.common-controls_6595b64144ccf1df_6.0.19041.1110_none_60b5254171f9507e;C:\Program Files\Java\jdk-17\bin\server

VM Arguments:
jvm_args: -Xmx64m -Xms64m -Dorg.gradle.appname=gradlew 
java_command: org.gradle.wrapper.GradleWrapperMain tasks
java_class_path (initial): D:\AREA DE TRABALHO\testerb\android\\gradle\wrapper\gradle-wrapper.jar
Launcher Type: SUN_STANDARD

[Global flags]
     intx CICompilerCount                          = 3                                         {product} {ergonomic}
     uint ConcGCThreads                            = 1                                         {product} {ergonomic}
     uint G1ConcRefinementThreads                  = 4                                         {product} {ergonomic}
   size_t G1HeapRegionSize                         = 1048576                                   {product} {ergonomic}
    uintx GCDrainStackTargetSize                   = 64                                        {product} {ergonomic}
   size_t InitialHeapSize                          = 67108864                                  {product} {command line}
   size_t MarkStackSize                            = 4194304                                   {product} {ergonomic}
   size_t MaxHeapSize                              = 67108864                                  {product} {command line}
   size_t MaxNewSize                               = 39845888                                  {product} {ergonomic}
   size_t MinHeapDeltaBytes                        = 1048576                                   {product} {ergonomic}
   size_t MinHeapSize                              = 67108864                                  {product} {command line}
    uintx NonNMethodCodeHeapSize                   = 5832780                                {pd product} {ergonomic}
    uintx NonProfiledCodeHeapSize                  = 122912730                              {pd product} {ergonomic}
    uintx ProfiledCodeHeapSize                     = 122912730                              {pd product} {ergonomic}
    uintx ReservedCodeCacheSize                    = 251658240                              {pd product} {ergonomic}
     bool SegmentedCodeCache                       = true                                      {product} {ergonomic}
   size_t SoftMaxHeapSize                          = 67108864                               {manageable} {ergonomic}
     bool UseCompressedClassPointers               = true                           {product lp64_product} {ergonomic}
     bool UseCompressedOops                        = true                           {product lp64_product} {ergonomic}
     bool UseG1GC                                  = true                                      {product} {ergonomic}
     bool UseLargePagesIndividualAllocation        = false                                  {pd product} {ergonomic}

Logging:
Log output configuration:
 #0: stdout all=warning uptime,level,tags
 #1: stderr all=off uptime,level,tags

Environment Variables:
JAVA_HOME=C:\Program Files\Java\jdk-17
CLASSPATH=D:\AREA DE TRABALHO\testerb\android\\gradle\wrapper\gradle-wrapper.jar
PATH=D:\AREA DE TRABALHO\testerb\node_modules\.bin;D:\AREA DE TRABALHO\testerb\node_modules\.bin;D:\AREA DE TRABALHO\node_modules\.bin;D:\node_modules\.bin;C:\Program Files\nodejs\node_modules\npm\node_modules\@npmcli\run-script\lib\node-gyp-bin;C:\Users\MARCOS~1.OTH\AppData\Local\Temp\yarn--1695809377503-0.47914496697368936;D:\AREA DE TRABALHO\testerb\node_modules\.bin;C:\Users\marcos.OTHONC\AppData\Local\Yarn\Data\link\node_modules\.bin;C:\Users\marcos.OTHONC\AppData\Local\Yarn\bin;C:\Program Files\libexec\lib\node_modules\npm\bin\node-gyp-bin;C:\Program Files\lib\node_modules\npm\bin\node-gyp-bin;C:\Program Files\nodejs\node_modules\npm\bin\node-gyp-bin;C:\Program Files\Python311\Scripts\;C:\Program Files\Python311\;C:\Program Files\Common Files\Oracle\Java\javapath;C:\Program Files (x86)\Common Files\Oracle\Java\javapath;C:\Python311\Scripts\;C:\Python311\;D:\app\client\marcos\product\12.1.0\client_2\bin;C:\Windows\system32;C:\Windows;C:\Windows\System32\Wbem;C:\Windows\System32\WindowsPowerShell\v1.0\;C:\Windows\System32\OpenSSH\;C:\Program Files\dotnet\;C:\Program Files\nodejs\;C:\ProgramData\chocolatey\bin;D:\Program Files\Git\cmd;C:\Program Files\Zabbix Agent\;D:\Program Files\Veyon\;C:\Users\marcos.OTHONC\AppData\Local\Android\Sdk;C:\Users\marcos.OTHONC\AppData\Local\Android\Sdk\platform-tools;C:\Program Files\Java\jdk-17\bin;C:\Program Files\Maven\bin;;C:\Program Files\Docker\Docker\resources\bin;C:\Users\marcos.OTHONC\AppData\Local\Microsoft\WindowsApps;D:\Users\marcos.OTHONC\AppData\Local\Programs\Microsoft VS Code\bin;C:\Users\marcos.OTHONC\AppData\Local\GitHubDesktop\bin;C:\Users\marcos.OTHONC\AppData\Roaming\npm;D:\Program Files\JetBrains\IntelliJ IDEA 2023.1.3\bin;
USERNAME=marcos
SHELL=D:\Program Files\Git\usr\bin\bash.exe
DISPLAY=needs-to-be-defined
LANG=pt_BR.UTF-8
LC_CTYPE=pt_BR.UTF-8
OS=Windows_NT
PROCESSOR_IDENTIFIER=Intel64 Family 6 Model 158 Stepping 11, GenuineIntel



---------------  S Y S T E M  ---------------

OS:
 Windows 10 , 64 bit Build 19041 (10.0.19041.3155)
OS uptime: 8 days 20:36 hours
Hyper-V role detected

CPU: total 4 (initial active 4) (4 cores per cpu, 1 threads per core) family 6 model 158 stepping 11 microcode 0xf0, cx8, cmov, fxsr, mmx, 3dnowpref, sse, sse2, sse3, ssse3, sse4.1, sse4.2, popcnt, lzcnt, tsc, tscinvbit, avx, avx2, aes, erms, clmul, bmi1, bmi2, adx, fma, vzeroupper, clflush, clflushopt, hv

Memory: 4k page, system-wide physical 16193M (371M free)
TotalPageFile size 30419M (AvailPageFile size 3M)
current process WorkingSet (physical memory assigned to process): 60M, peak: 60M
current process commit charge ("private bytes"): 144M, peak: 144M

vm_info: Java HotSpot(TM) 64-Bit Server VM (17.0.7+8-LTS-224) for windows-amd64 JRE (17.0.7+8-LTS-224), built on Feb 28 2023 23:03:02 by "mach5one" with MS VC++ 17.1 (VS2022)

END.
