#
# There is insufficient memory for the Java Runtime Environment to continue.
# Native memory allocation (malloc) failed to allocate 1039216 bytes for Chunk::new
# Possible reasons:
#   The system is out of physical RAM or swap space
#   The process is running with CompressedOops enabled, and the Java Heap may be blocking the growth of the native heap
# Possible solutions:
#   Reduce memory load on the system
#   Increase physical memory or swap space
#   Check if swap backing store is full
#   Decrease Java heap size (-Xmx/-Xms)
#   Decrease number of Java threads
#   Decrease Java thread stack sizes (-Xss)
#   Set larger code cache with -XX:ReservedCodeCacheSize=
#   JVM is running with Unscaled Compressed Oops mode in which the Java heap is
#     placed in the first 4GB address space. The Java Heap base address is the
#     maximum limit for the native heap growth. Please use -XX:HeapBaseMinAddress
#     to set the Java Heap base and to place the Java Heap above 4GB virtual address.
# This output file may be truncated or incomplete.
#
#  Out of Memory Error (arena.cpp:189), pid=26696, tid=27336
#
# JRE version: Java(TM) SE Runtime Environment (17.0.7+8) (build 17.0.7+8-LTS-224)
# Java VM: Java HotSpot(TM) 64-Bit Server VM (17.0.7+8-LTS-224, mixed mode, sharing, tiered, compressed oops, compressed class ptrs, g1 gc, windows-amd64)
# No core dump will be written. Minidumps are not enabled by default on client versions of Windows
#

---------------  S U M M A R Y ------------

Command Line: -XX:MaxMetaspaceSize=512m --add-opens=java.base/java.util=ALL-UNNAMED --add-opens=java.base/java.lang=ALL-UNNAMED --add-opens=java.base/java.lang.invoke=ALL-UNNAMED --add-opens=java.prefs/java.util.prefs=ALL-UNNAMED --add-opens=java.base/java.nio.charset=ALL-UNNAMED --add-opens=java.base/java.net=ALL-UNNAMED --add-opens=java.base/java.util.concurrent.atomic=ALL-UNNAMED -Xmx2048m -Dfile.encoding=windows-1252 -Duser.country=BR -Duser.language=pt -Duser.variant org.gradle.launcher.daemon.bootstrap.GradleDaemon 8.0.1

Host: Intel(R) Core(TM) i3-9100 CPU @ 3.60GHz, 4 cores, 15G,  Windows 10 , 64 bit Build 19041 (10.0.19041.3155)
Time: Wed Sep 27 07:31:02 2023 Hora oficial do Brasil elapsed time: 92.979592 seconds (0d 0h 1m 32s)

---------------  T H R E A D  ---------------

Current thread (0x0000017d6d6ed510):  JavaThread "C2 CompilerThread0" daemon [_thread_in_native, id=27336, stack(0x0000006b3aa00000,0x0000006b3ab00000)]


Current CompileTask:
C2:  92979 7882       4       java.util.regex.Pattern::split (288 bytes)

Stack: [0x0000006b3aa00000,0x0000006b3ab00000]
Native frames: (J=compiled Java code, j=interpreted, Vv=VM code, C=native code)
V  [jvm.dll+0x676a4a]
V  [jvm.dll+0x7d74f4]
V  [jvm.dll+0x7d8c9e]
V  [jvm.dll+0x7d9303]
V  [jvm.dll+0x2452c5]
V  [jvm.dll+0xaaa2b]
V  [jvm.dll+0xaafcc]
V  [jvm.dll+0x3613cf]
V  [jvm.dll+0x32bba1]
V  [jvm.dll+0x32b03a]
V  [jvm.dll+0x217acf]
V  [jvm.dll+0x216f01]
V  [jvm.dll+0x1a35e0]
V  [jvm.dll+0x226a6e]
V  [jvm.dll+0x224e15]
V  [jvm.dll+0x78d05c]
V  [jvm.dll+0x78759a]
V  [jvm.dll+0x675875]
C  [ucrtbase.dll+0x21bb2]
C  [KERNEL32.DLL+0x17614]
C  [ntdll.dll+0x526b1]


---------------  P R O C E S S  ---------------

Threads class SMR info:
_java_thread_list=0x0000017d72946960, length=88, elements={
0x0000017d4fd6b4c0, 0x0000017d6d6cdbd0, 0x0000017d6d6cea40, 0x0000017d6d6eaa70,
0x0000017d6d6eb420, 0x0000017d6d6ebdd0, 0x0000017d6d6ec780, 0x0000017d6d6ed510,
0x0000017d6d6edfb0, 0x0000017d6d70e8a0, 0x0000017d6e237650, 0x0000017d6e239570,
0x0000017d6edc5000, 0x0000017d6edc1640, 0x0000017d6edc3cc0, 0x0000017d6edc1b10,
0x0000017d6edc4190, 0x0000017d6edc37f0, 0x0000017d6edc1fe0, 0x0000017d6edc4660,
0x0000017d6edc2980, 0x0000017d6edc2e50, 0x0000017d6edc3320, 0x0000017d6f536540,
0x0000017d6f538220, 0x0000017d6f5386f0, 0x0000017d6f538bc0, 0x0000017d6f539090,
0x0000017d6f537880, 0x0000017d6f539560, 0x0000017d6f536ee0, 0x0000017d6f537d50,
0x0000017d6f539a30, 0x0000017d6f536070, 0x0000017d6f5373b0, 0x0000017d708d4430,
0x0000017d708d35c0, 0x0000017d708d30f0, 0x0000017d708d5c40, 0x0000017d708d4900,
0x0000017d708d5770, 0x0000017d708d4dd0, 0x0000017d708d65e0, 0x0000017d708d82c0,
0x0000017d708d9ad0, 0x0000017d708d3a90, 0x0000017d708d3f60, 0x0000017d708d7450,
0x0000017d708d7920, 0x0000017d708d52a0, 0x0000017d708d9130, 0x0000017d708d2750,
0x0000017d708d2280, 0x0000017d708d7df0, 0x0000017d708d8790, 0x0000017d708d6110,
0x0000017d708d6f80, 0x0000017d708d8c60, 0x0000017d72836ec0, 0x0000017d728339d0,
0x0000017d72832b60, 0x0000017d72839070, 0x0000017d72838200, 0x0000017d72836520,
0x0000017d72839540, 0x0000017d728369f0, 0x0000017d728386d0, 0x0000017d72833500,
0x0000017d72834d10, 0x0000017d72838ba0, 0x0000017d72837390, 0x0000017d72831cf0,
0x0000017d72836050, 0x0000017d72837d30, 0x0000017d728321c0, 0x0000017d72837860,
0x0000017d72832690, 0x0000017d72833030, 0x0000017d72833ea0, 0x0000017d728351e0,
0x0000017d6edc24b0, 0x0000017d734d0180, 0x0000017d734cf310, 0x0000017d734d14c0,
0x0000017d734d5820, 0x0000017d734d1e60, 0x0000017d734d1990, 0x0000017d734d0b20
}

Java Threads: ( => current thread )
  0x0000017d4fd6b4c0 JavaThread "main" [_thread_blocked, id=26980, stack(0x0000006b39c00000,0x0000006b39d00000)]
  0x0000017d6d6cdbd0 JavaThread "Reference Handler" daemon [_thread_blocked, id=27284, stack(0x0000006b3a400000,0x0000006b3a500000)]
  0x0000017d6d6cea40 JavaThread "Finalizer" daemon [_thread_blocked, id=27288, stack(0x0000006b3a500000,0x0000006b3a600000)]
  0x0000017d6d6eaa70 JavaThread "Signal Dispatcher" daemon [_thread_blocked, id=27320, stack(0x0000006b3a600000,0x0000006b3a700000)]
  0x0000017d6d6eb420 JavaThread "Attach Listener" daemon [_thread_blocked, id=27324, stack(0x0000006b3a700000,0x0000006b3a800000)]
  0x0000017d6d6ebdd0 JavaThread "Service Thread" daemon [_thread_blocked, id=27328, stack(0x0000006b3a800000,0x0000006b3a900000)]
  0x0000017d6d6ec780 JavaThread "Monitor Deflation Thread" daemon [_thread_blocked, id=27332, stack(0x0000006b3a900000,0x0000006b3aa00000)]
=>0x0000017d6d6ed510 JavaThread "C2 CompilerThread0" daemon [_thread_in_native, id=27336, stack(0x0000006b3aa00000,0x0000006b3ab00000)]
  0x0000017d6d6edfb0 JavaThread "C1 CompilerThread0" daemon [_thread_blocked, id=27352, stack(0x0000006b3ab00000,0x0000006b3ac00000)]
  0x0000017d6d70e8a0 JavaThread "Sweeper thread" daemon [_thread_blocked, id=27372, stack(0x0000006b3ac00000,0x0000006b3ad00000)]
  0x0000017d6e237650 JavaThread "Common-Cleaner" daemon [_thread_blocked, id=27392, stack(0x0000006b3ad00000,0x0000006b3ae00000)]
  0x0000017d6e239570 JavaThread "Notification Thread" daemon [_thread_blocked, id=27396, stack(0x0000006b3ae00000,0x0000006b3af00000)]
  0x0000017d6edc5000 JavaThread "Daemon health stats" [_thread_blocked, id=10200, stack(0x0000006b3b300000,0x0000006b3b400000)]
  0x0000017d6edc1640 JavaThread "Incoming local TCP Connector on port 63264" [_thread_in_native, id=24368, stack(0x0000006b3b400000,0x0000006b3b500000)]
  0x0000017d6edc3cc0 JavaThread "Daemon periodic checks" [_thread_blocked, id=11424, stack(0x0000006b3b500000,0x0000006b3b600000)]
  0x0000017d6edc1b10 JavaThread "Daemon" [_thread_blocked, id=1676, stack(0x0000006b3b600000,0x0000006b3b700000)]
  0x0000017d6edc4190 JavaThread "Handler for socket connection from /127.0.0.1:63264 to /127.0.0.1:63265" [_thread_in_native, id=7980, stack(0x0000006b3b700000,0x0000006b3b800000)]
  0x0000017d6edc37f0 JavaThread "Cancel handler" [_thread_blocked, id=11392, stack(0x0000006b3b800000,0x0000006b3b900000)]
  0x0000017d6edc1fe0 JavaThread "Daemon worker" [_thread_blocked, id=14680, stack(0x0000006b3b900000,0x0000006b3ba00000)]
  0x0000017d6edc4660 JavaThread "Asynchronous log dispatcher for DefaultDaemonConnection: socket connection from /127.0.0.1:63264 to /127.0.0.1:63265" [_thread_blocked, id=5628, stack(0x0000006b3ba00000,0x0000006b3bb00000)]
  0x0000017d6edc2980 JavaThread "Daemon client event forwarder" [_thread_blocked, id=18908, stack(0x0000006b3bc00000,0x0000006b3bd00000)]
  0x0000017d6edc2e50 JavaThread "Cache worker for journal cache (C:\Users\marcos.OTHONC\.gradle\caches\journal-1)" [_thread_blocked, id=10576, stack(0x0000006b3bd00000,0x0000006b3be00000)]
  0x0000017d6edc3320 JavaThread "File lock request listener" [_thread_in_native, id=15072, stack(0x0000006b3be00000,0x0000006b3bf00000)]
  0x0000017d6f536540 JavaThread "Cache worker for file hash cache (C:\Users\marcos.OTHONC\.gradle\caches\8.0.1\fileHashes)" [_thread_blocked, id=27308, stack(0x0000006b3bf00000,0x0000006b3c000000)]
  0x0000017d6f538220 JavaThread "File watcher server" daemon [_thread_in_native, id=2192, stack(0x0000006b3c000000,0x0000006b3c100000)]
  0x0000017d6f5386f0 JavaThread "File watcher consumer" daemon [_thread_blocked, id=16568, stack(0x0000006b3c100000,0x0000006b3c200000)]
  0x0000017d6f538bc0 JavaThread "File lock release action executor" [_thread_blocked, id=10108, stack(0x0000006b3c200000,0x0000006b3c300000)]
  0x0000017d6f539090 JavaThread "Cache worker for checksums cache (D:\AREA DE TRABALHO\testerb\android\.gradle\8.0.1\checksums)" [_thread_blocked, id=14232, stack(0x0000006b3c300000,0x0000006b3c400000)]
  0x0000017d6f537880 JavaThread "Cache worker for cache directory md-rule (C:\Users\marcos.OTHONC\.gradle\caches\8.0.1\md-rule)" [_thread_blocked, id=13736, stack(0x0000006b3c400000,0x0000006b3c500000)]
  0x0000017d6f539560 JavaThread "Cache worker for file content cache (C:\Users\marcos.OTHONC\.gradle\caches\8.0.1\fileContent)" [_thread_blocked, id=12280, stack(0x0000006b3c500000,0x0000006b3c600000)]
  0x0000017d6f536ee0 JavaThread "Cache worker for file hash cache (D:\AREA DE TRABALHO\testerb\android\.gradle\8.0.1\fileHashes)" [_thread_blocked, id=3392, stack(0x0000006b3c600000,0x0000006b3c700000)]
  0x0000017d6f537d50 JavaThread "Cache worker for cache directory md-supplier (C:\Users\marcos.OTHONC\.gradle\caches\8.0.1\md-supplier)" [_thread_blocked, id=21392, stack(0x0000006b3c700000,0x0000006b3c800000)]
  0x0000017d6f539a30 JavaThread "Cache worker for execution history cache (C:\Users\marcos.OTHONC\.gradle\caches\8.0.1\executionHistory)" [_thread_blocked, id=14124, stack(0x0000006b3c800000,0x0000006b3c900000)]
  0x0000017d6f536070 JavaThread "jar transforms" [_thread_blocked, id=10620, stack(0x0000006b3c900000,0x0000006b3ca00000)]
  0x0000017d6f5373b0 JavaThread "jar transforms Thread 2" [_thread_blocked, id=18356, stack(0x0000006b3ca00000,0x0000006b3cb00000)]
  0x0000017d708d4430 JavaThread "jar transforms Thread 3" [_thread_blocked, id=23456, stack(0x0000006b3cb00000,0x0000006b3cc00000)]
  0x0000017d708d35c0 JavaThread "jar transforms Thread 4" [_thread_blocked, id=25104, stack(0x0000006b3cc00000,0x0000006b3cd00000)]
  0x0000017d708d30f0 JavaThread "Cache worker for kotlin-dsl (C:\Users\marcos.OTHONC\.gradle\caches\8.0.1\kotlin-dsl)" [_thread_blocked, id=10416, stack(0x0000006b39b00000,0x0000006b39c00000)]
  0x0000017d708d5c40 JavaThread "Cache worker for dependencies-accessors (D:\AREA DE TRABALHO\testerb\android\.gradle\8.0.1\dependencies-accessors)" [_thread_blocked, id=26864, stack(0x0000006b39d00000,0x0000006b39e00000)]
  0x0000017d708d4900 JavaThread "Cache worker for Build Output Cleanup Cache (D:\AREA DE TRABALHO\testerb\node_modules\@react-native\gradle-plugin\.gradle\buildOutputCleanup)" [_thread_blocked, id=27248, stack(0x0000006b3cf00000,0x0000006b3d000000)]
  0x0000017d708d5770 JavaThread "Unconstrained build operations" [_thread_blocked, id=26724, stack(0x0000006b3d000000,0x0000006b3d100000)]
  0x0000017d708d4dd0 JavaThread "Unconstrained build operations Thread 2" [_thread_blocked, id=26720, stack(0x0000006b3d100000,0x0000006b3d200000)]
  0x0000017d708d65e0 JavaThread "Unconstrained build operations Thread 3" [_thread_blocked, id=11680, stack(0x0000006b3d200000,0x0000006b3d300000)]
  0x0000017d708d82c0 JavaThread "Unconstrained build operations Thread 4" [_thread_blocked, id=27032, stack(0x0000006b3d300000,0x0000006b3d400000)]
  0x0000017d708d9ad0 JavaThread "Unconstrained build operations Thread 5" [_thread_blocked, id=26484, stack(0x0000006b3d400000,0x0000006b3d500000)]
  0x0000017d708d3a90 JavaThread "Unconstrained build operations Thread 6" [_thread_blocked, id=26444, stack(0x0000006b3d500000,0x0000006b3d600000)]
  0x0000017d708d3f60 JavaThread "Unconstrained build operations Thread 7" [_thread_blocked, id=7288, stack(0x0000006b3d600000,0x0000006b3d700000)]
  0x0000017d708d7450 JavaThread "Unconstrained build operations Thread 8" [_thread_blocked, id=25684, stack(0x0000006b3d700000,0x0000006b3d800000)]
  0x0000017d708d7920 JavaThread "Unconstrained build operations Thread 9" [_thread_blocked, id=7816, stack(0x0000006b3d800000,0x0000006b3d900000)]
  0x0000017d708d52a0 JavaThread "Unconstrained build operations Thread 10" [_thread_blocked, id=24852, stack(0x0000006b3d900000,0x0000006b3da00000)]
  0x0000017d708d9130 JavaThread "Unconstrained build operations Thread 11" [_thread_blocked, id=26728, stack(0x0000006b3da00000,0x0000006b3db00000)]
  0x0000017d708d2750 JavaThread "Unconstrained build operations Thread 12" [_thread_blocked, id=26804, stack(0x0000006b3db00000,0x0000006b3dc00000)]
  0x0000017d708d2280 JavaThread "Unconstrained build operations Thread 13" [_thread_blocked, id=26424, stack(0x0000006b3dc00000,0x0000006b3dd00000)]
  0x0000017d708d7df0 JavaThread "Unconstrained build operations Thread 14" [_thread_blocked, id=26400, stack(0x0000006b3dd00000,0x0000006b3de00000)]
  0x0000017d708d8790 JavaThread "Unconstrained build operations Thread 15" [_thread_blocked, id=26428, stack(0x0000006b3de00000,0x0000006b3df00000)]
  0x0000017d708d6110 JavaThread "Unconstrained build operations Thread 16" [_thread_blocked, id=26404, stack(0x0000006b3df00000,0x0000006b3e000000)]
  0x0000017d708d6f80 JavaThread "Unconstrained build operations Thread 17" [_thread_blocked, id=20992, stack(0x0000006b3e000000,0x0000006b3e100000)]
  0x0000017d708d8c60 JavaThread "Unconstrained build operations Thread 18" [_thread_blocked, id=5952, stack(0x0000006b3e100000,0x0000006b3e200000)]
  0x0000017d72836ec0 JavaThread "Unconstrained build operations Thread 19" [_thread_blocked, id=12736, stack(0x0000006b3e200000,0x0000006b3e300000)]
  0x0000017d728339d0 JavaThread "Unconstrained build operations Thread 20" [_thread_blocked, id=25940, stack(0x0000006b3e300000,0x0000006b3e400000)]
  0x0000017d72832b60 JavaThread "Unconstrained build operations Thread 21" [_thread_blocked, id=26568, stack(0x0000006b3e400000,0x0000006b3e500000)]
  0x0000017d72839070 JavaThread "Unconstrained build operations Thread 22" [_thread_blocked, id=26524, stack(0x0000006b3e500000,0x0000006b3e600000)]
  0x0000017d72838200 JavaThread "Unconstrained build operations Thread 23" [_thread_blocked, id=22132, stack(0x0000006b3e600000,0x0000006b3e700000)]
  0x0000017d72836520 JavaThread "Unconstrained build operations Thread 24" [_thread_blocked, id=268, stack(0x0000006b3e700000,0x0000006b3e800000)]
  0x0000017d72839540 JavaThread "Unconstrained build operations Thread 25" [_thread_blocked, id=23672, stack(0x0000006b3e800000,0x0000006b3e900000)]
  0x0000017d728369f0 JavaThread "Unconstrained build operations Thread 26" [_thread_blocked, id=14148, stack(0x0000006b3e900000,0x0000006b3ea00000)]
  0x0000017d728386d0 JavaThread "Memory manager" [_thread_blocked, id=18220, stack(0x0000006b3eb00000,0x0000006b3ec00000)]
  0x0000017d72833500 JavaThread "Cache worker for Build Output Cleanup Cache (D:\AREA DE TRABALHO\testerb\android\.gradle\buildOutputCleanup)" [_thread_blocked, id=12956, stack(0x0000006b3bb00000,0x0000006b3bc00000)]
  0x0000017d72834d10 JavaThread "included builds" [_thread_blocked, id=5168, stack(0x0000006b3ea00000,0x0000006b3eb00000)]
  0x0000017d72838ba0 JavaThread "Execution worker" [_thread_blocked, id=26488, stack(0x0000006b3ec00000,0x0000006b3ed00000)]
  0x0000017d72837390 JavaThread "Execution worker Thread 2" [_thread_blocked, id=14720, stack(0x0000006b3ed00000,0x0000006b3ee00000)]
  0x0000017d72831cf0 JavaThread "Execution worker Thread 3" [_thread_in_vm, id=17380, stack(0x0000006b3ee00000,0x0000006b3ef00000)]
  0x0000017d72836050 JavaThread "Cache worker for execution history cache (D:\AREA DE TRABALHO\testerb\node_modules\@react-native\gradle-plugin\.gradle\8.0.1\executionHistory)" [_thread_blocked, id=26272, stack(0x0000006b3ef00000,0x0000006b3f000000)]
  0x0000017d72837d30 JavaThread "Unconstrained build operations Thread 27" [_thread_blocked, id=26268, stack(0x0000006b3f000000,0x0000006b3f100000)]
  0x0000017d728321c0 JavaThread "Unconstrained build operations Thread 28" [_thread_blocked, id=26292, stack(0x0000006b3f100000,0x0000006b3f200000)]
  0x0000017d72837860 JavaThread "Unconstrained build operations Thread 29" [_thread_blocked, id=14640, stack(0x0000006b3f200000,0x0000006b3f300000)]
  0x0000017d72832690 JavaThread "Unconstrained build operations Thread 30" [_thread_blocked, id=22256, stack(0x0000006b3f300000,0x0000006b3f400000)]
  0x0000017d72833030 JavaThread "File lock release action executor Thread 2" [_thread_blocked, id=18964, stack(0x0000006b3f400000,0x0000006b3f500000)]
  0x0000017d72833ea0 JavaThread "Unconstrained build operations Thread 31" [_thread_blocked, id=19108, stack(0x0000006b3f500000,0x0000006b3f600000)]
  0x0000017d728351e0 JavaThread "Unconstrained build operations Thread 32" [_thread_blocked, id=13764, stack(0x0000006b3f600000,0x0000006b3f700000)]
  0x0000017d6edc24b0 JavaThread "Unconstrained build operations Thread 33" [_thread_blocked, id=26264, stack(0x0000006b3f700000,0x0000006b3f800000)]
  0x0000017d734d0180 JavaThread "Unconstrained build operations Thread 34" [_thread_blocked, id=26668, stack(0x0000006b3f800000,0x0000006b3f900000)]
  0x0000017d734cf310 JavaThread "Unconstrained build operations Thread 35" [_thread_blocked, id=22848, stack(0x0000006b3f900000,0x0000006b3fa00000)]
  0x0000017d734d14c0 JavaThread "Unconstrained build operations Thread 36" [_thread_blocked, id=27052, stack(0x0000006b3fa00000,0x0000006b3fb00000)]
  0x0000017d734d5820 JavaThread "Unconstrained build operations Thread 37" [_thread_blocked, id=26396, stack(0x0000006b3fb00000,0x0000006b3fc00000)]
  0x0000017d734d1e60 JavaThread "Unconstrained build operations Thread 38" [_thread_blocked, id=26376, stack(0x0000006b3fc00000,0x0000006b3fd00000)]
  0x0000017d734d1990 JavaThread "Unconstrained build operations Thread 39" [_thread_blocked, id=26300, stack(0x0000006b3fd00000,0x0000006b3fe00000)]
  0x0000017d734d0b20 JavaThread "Unconstrained build operations Thread 40" [_thread_blocked, id=26128, stack(0x0000006b3fe00000,0x0000006b3ff00000)]

Other Threads:
  0x0000017d6d6c7d20 VMThread "VM Thread" [stack: 0x0000006b3a300000,0x0000006b3a400000] [id=27144]
  0x0000017d6e239e50 WatcherThread [stack: 0x0000006b3af00000,0x0000006b3b000000] [id=27400]
  0x0000017d4fdc5b70 GCTaskThread "GC Thread#0" [stack: 0x0000006b39e00000,0x0000006b39f00000] [id=27088]
  0x0000017d6e2842e0 GCTaskThread "GC Thread#1" [stack: 0x0000006b3b000000,0x0000006b3b100000] [id=18564]
  0x0000017d6e3f25b0 GCTaskThread "GC Thread#2" [stack: 0x0000006b3b100000,0x0000006b3b200000] [id=17448]
  0x0000017d6e3f2860 GCTaskThread "GC Thread#3" [stack: 0x0000006b3b200000,0x0000006b3b300000] [id=23060]
  0x0000017d4fdd6ab0 ConcurrentGCThread "G1 Main Marker" [stack: 0x0000006b39f00000,0x0000006b3a000000] [id=27092]
  0x0000017d4fdd74c0 ConcurrentGCThread "G1 Conc#0" [stack: 0x0000006b3a000000,0x0000006b3a100000] [id=27096]
  0x0000017d4fe2e4c0 ConcurrentGCThread "G1 Refine#0" [stack: 0x0000006b3a100000,0x0000006b3a200000] [id=27100]
  0x0000017d6d582160 ConcurrentGCThread "G1 Service" [stack: 0x0000006b3a200000,0x0000006b3a300000] [id=27104]

Threads with active compile tasks:
C2 CompilerThread0    93005 7882       4       java.util.regex.Pattern::split (288 bytes)

VM state: not at safepoint (normal execution)

VM Mutex/Monitor currently owned by a thread: None

Heap address: 0x0000000080000000, size: 2048 MB, Compressed Oops mode: 32-bit

CDS archive(s) mapped at: [0x0000000800000000-0x0000000800bd0000-0x0000000800bd0000), size 12386304, SharedBaseAddress: 0x0000000800000000, ArchiveRelocationMode: 0.
Compressed class space mapped at: 0x0000000800c00000-0x000000081a800000, reserved size: 432013312
Narrow klass base: 0x0000000800000000, Narrow klass shift: 0, Narrow klass range: 0x100000000

GC Precious Log:
 CPUs: 4 total, 4 available
 Memory: 16193M
 Large Page Support: Disabled
 NUMA Support: Disabled
 Compressed Oops: Enabled (32-bit)
 Heap Region Size: 1M
 Heap Min Capacity: 8M
 Heap Initial Capacity: 254M
 Heap Max Capacity: 2G
 Pre-touch: Disabled
 Parallel Workers: 4
 Concurrent Workers: 1
 Concurrent Refinement Workers: 4
 Periodic GC: Disabled

Heap:
 garbage-first heap   total 97280K, used 58587K [0x0000000080000000, 0x0000000100000000)
  region size 1024K, 6 young (6144K), 3 survivors (3072K)
 Metaspace       used 60942K, committed 61632K, reserved 479232K
  class space    used 8521K, committed 8832K, reserved 421888K

Heap Regions: E=young(eden), S=young(survivor), O=old, HS=humongous(starts), HC=humongous(continues), CS=collection set, F=free, OA=open archive, CA=closed archive, TAMS=top-at-mark-start (previous, next)
|   0|0x0000000080000000, 0x0000000080100000, 0x0000000080100000|100%| O|  |TAMS 0x0000000080100000, 0x0000000080000000| Untracked 
|   1|0x0000000080100000, 0x0000000080200000, 0x0000000080200000|100%| O|  |TAMS 0x0000000080200000, 0x0000000080100000| Untracked 
|   2|0x0000000080200000, 0x0000000080300000, 0x0000000080300000|100%|HS|  |TAMS 0x0000000080300000, 0x0000000080200000| Complete 
|   3|0x0000000080300000, 0x0000000080400000, 0x0000000080400000|100%|HC|  |TAMS 0x0000000080400000, 0x0000000080300000| Complete 
|   4|0x0000000080400000, 0x0000000080500000, 0x0000000080500000|100%|HC|  |TAMS 0x0000000080500000, 0x0000000080400000| Complete 
|   5|0x0000000080500000, 0x0000000080600000, 0x0000000080600000|100%|HC|  |TAMS 0x0000000080600000, 0x0000000080500000| Complete 
|   6|0x0000000080600000, 0x0000000080700000, 0x0000000080700000|100%| O|  |TAMS 0x0000000080700000, 0x0000000080600000| Untracked 
|   7|0x0000000080700000, 0x0000000080800000, 0x0000000080800000|100%| O|  |TAMS 0x0000000080800000, 0x0000000080700000| Untracked 
|   8|0x0000000080800000, 0x0000000080900000, 0x0000000080900000|100%| O|  |TAMS 0x0000000080900000, 0x0000000080800000| Untracked 
|   9|0x0000000080900000, 0x0000000080a00000, 0x0000000080a00000|100%| O|  |TAMS 0x0000000080a00000, 0x0000000080900000| Untracked 
|  10|0x0000000080a00000, 0x0000000080b00000, 0x0000000080b00000|100%| O|  |TAMS 0x0000000080b00000, 0x0000000080a00000| Untracked 
|  11|0x0000000080b00000, 0x0000000080c00000, 0x0000000080c00000|100%| O|  |TAMS 0x0000000080c00000, 0x0000000080b00000| Untracked 
|  12|0x0000000080c00000, 0x0000000080d00000, 0x0000000080d00000|100%| O|  |TAMS 0x0000000080d00000, 0x0000000080c00000| Untracked 
|  13|0x0000000080d00000, 0x0000000080e00000, 0x0000000080e00000|100%| O|  |TAMS 0x0000000080e00000, 0x0000000080d00000| Untracked 
|  14|0x0000000080e00000, 0x0000000080f00000, 0x0000000080f00000|100%| O|  |TAMS 0x0000000080f00000, 0x0000000080e00000| Untracked 
|  15|0x0000000080f00000, 0x0000000081000000, 0x0000000081000000|100%| O|  |TAMS 0x0000000081000000, 0x0000000080f00000| Untracked 
|  16|0x0000000081000000, 0x0000000081100000, 0x0000000081100000|100%| O|  |TAMS 0x0000000081100000, 0x0000000081000000| Untracked 
|  17|0x0000000081100000, 0x0000000081200000, 0x0000000081200000|100%| O|  |TAMS 0x0000000081200000, 0x0000000081100000| Untracked 
|  18|0x0000000081200000, 0x0000000081300000, 0x0000000081300000|100%| O|  |TAMS 0x0000000081300000, 0x0000000081200000| Untracked 
|  19|0x0000000081300000, 0x0000000081400000, 0x0000000081400000|100%| O|  |TAMS 0x0000000081400000, 0x0000000081300000| Untracked 
|  20|0x0000000081400000, 0x0000000081500000, 0x0000000081500000|100%| O|  |TAMS 0x0000000081500000, 0x0000000081400000| Untracked 
|  21|0x0000000081500000, 0x0000000081600000, 0x0000000081600000|100%| O|  |TAMS 0x0000000081600000, 0x0000000081500000| Untracked 
|  22|0x0000000081600000, 0x0000000081700000, 0x0000000081700000|100%| O|  |TAMS 0x0000000081700000, 0x0000000081600000| Untracked 
|  23|0x0000000081700000, 0x0000000081800000, 0x0000000081800000|100%| O|  |TAMS 0x0000000081800000, 0x0000000081700000| Untracked 
|  24|0x0000000081800000, 0x0000000081900000, 0x0000000081900000|100%| O|  |TAMS 0x0000000081900000, 0x0000000081800000| Untracked 
|  25|0x0000000081900000, 0x0000000081a00000, 0x0000000081a00000|100%| O|  |TAMS 0x0000000081a00000, 0x0000000081900000| Untracked 
|  26|0x0000000081a00000, 0x0000000081b00000, 0x0000000081b00000|100%| O|  |TAMS 0x0000000081b00000, 0x0000000081a00000| Untracked 
|  27|0x0000000081b00000, 0x0000000081c00000, 0x0000000081c00000|100%| O|  |TAMS 0x0000000081c00000, 0x0000000081b00000| Untracked 
|  28|0x0000000081c00000, 0x0000000081d00000, 0x0000000081d00000|100%| O|  |TAMS 0x0000000081d00000, 0x0000000081c00000| Untracked 
|  29|0x0000000081d00000, 0x0000000081e00000, 0x0000000081e00000|100%|HS|  |TAMS 0x0000000081e00000, 0x0000000081d00000| Complete 
|  30|0x0000000081e00000, 0x0000000081f00000, 0x0000000081f00000|100%|HC|  |TAMS 0x0000000081f00000, 0x0000000081e00000| Complete 
|  31|0x0000000081f00000, 0x0000000082000000, 0x0000000082000000|100%| O|  |TAMS 0x0000000082000000, 0x0000000081f00000| Untracked 
|  32|0x0000000082000000, 0x0000000082100000, 0x0000000082100000|100%| O|  |TAMS 0x0000000082100000, 0x0000000082000000| Untracked 
|  33|0x0000000082100000, 0x0000000082200000, 0x0000000082200000|100%| O|  |TAMS 0x0000000082200000, 0x0000000082100000| Untracked 
|  34|0x0000000082200000, 0x0000000082300000, 0x0000000082300000|100%| O|  |TAMS 0x0000000082300000, 0x0000000082200000| Untracked 
|  35|0x0000000082300000, 0x0000000082400000, 0x0000000082400000|100%| O|  |TAMS 0x0000000082400000, 0x0000000082300000| Untracked 
|  36|0x0000000082400000, 0x0000000082500000, 0x0000000082500000|100%| O|  |TAMS 0x0000000082500000, 0x0000000082400000| Untracked 
|  37|0x0000000082500000, 0x0000000082600000, 0x0000000082600000|100%| O|  |TAMS 0x0000000082600000, 0x0000000082500000| Untracked 
|  38|0x0000000082600000, 0x0000000082700000, 0x0000000082700000|100%|HS|  |TAMS 0x0000000082700000, 0x0000000082600000| Complete 
|  39|0x0000000082700000, 0x0000000082800000, 0x0000000082800000|100%|HC|  |TAMS 0x0000000082800000, 0x0000000082700000| Complete 
|  40|0x0000000082800000, 0x0000000082900000, 0x0000000082900000|100%|HC|  |TAMS 0x0000000082900000, 0x0000000082800000| Complete 
|  41|0x0000000082900000, 0x0000000082a00000, 0x0000000082a00000|100%|HC|  |TAMS 0x0000000082a00000, 0x0000000082900000| Complete 
|  42|0x0000000082a00000, 0x0000000082b00000, 0x0000000082b00000|100%| O|  |TAMS 0x0000000082b00000, 0x0000000082a00000| Untracked 
|  43|0x0000000082b00000, 0x0000000082c00000, 0x0000000082c00000|100%| O|  |TAMS 0x0000000082c00000, 0x0000000082b00000| Untracked 
|  44|0x0000000082c00000, 0x0000000082d00000, 0x0000000082d00000|100%| O|  |TAMS 0x0000000082d00000, 0x0000000082c00000| Untracked 
|  45|0x0000000082d00000, 0x0000000082e00000, 0x0000000082e00000|100%| O|  |TAMS 0x0000000082e00000, 0x0000000082d00000| Untracked 
|  46|0x0000000082e00000, 0x0000000082f00000, 0x0000000082f00000|100%| O|  |TAMS 0x0000000082f00000, 0x0000000082e00000| Untracked 
|  47|0x0000000082f00000, 0x0000000083000000, 0x0000000083000000|100%| O|  |TAMS 0x0000000083000000, 0x0000000082f00000| Untracked 
|  48|0x0000000083000000, 0x0000000083100000, 0x0000000083100000|100%| O|  |TAMS 0x0000000083100000, 0x0000000083000000| Untracked 
|  49|0x0000000083100000, 0x0000000083200000, 0x0000000083200000|100%| O|  |TAMS 0x00000000831c3c00, 0x0000000083100000| Untracked 
|  50|0x0000000083200000, 0x0000000083300000, 0x0000000083300000|100%| O|  |TAMS 0x0000000083200000, 0x0000000083200000| Untracked 
|  51|0x0000000083300000, 0x0000000083400000, 0x0000000083400000|100%| O|  |TAMS 0x0000000083300000, 0x0000000083300000| Untracked 
|  52|0x0000000083400000, 0x00000000834cce00, 0x0000000083500000| 80%| O|  |TAMS 0x0000000083400000, 0x0000000083400000| Untracked 
|  53|0x0000000083500000, 0x0000000083500000, 0x0000000083600000|  0%| F|  |TAMS 0x0000000083500000, 0x0000000083500000| Untracked 
|  54|0x0000000083600000, 0x0000000083600000, 0x0000000083700000|  0%| F|  |TAMS 0x0000000083600000, 0x0000000083600000| Untracked 
|  55|0x0000000083700000, 0x0000000083700000, 0x0000000083800000|  0%| F|  |TAMS 0x0000000083700000, 0x0000000083700000| Untracked 
|  56|0x0000000083800000, 0x0000000083800000, 0x0000000083900000|  0%| F|  |TAMS 0x0000000083800000, 0x0000000083800000| Untracked 
|  57|0x0000000083900000, 0x0000000083900000, 0x0000000083a00000|  0%| F|  |TAMS 0x0000000083900000, 0x0000000083900000| Untracked 
|  58|0x0000000083a00000, 0x0000000083a00000, 0x0000000083b00000|  0%| F|  |TAMS 0x0000000083a00000, 0x0000000083a00000| Untracked 
|  59|0x0000000083b00000, 0x0000000083b00000, 0x0000000083c00000|  0%| F|  |TAMS 0x0000000083b00000, 0x0000000083b00000| Untracked 
|  60|0x0000000083c00000, 0x0000000083c00000, 0x0000000083d00000|  0%| F|  |TAMS 0x0000000083c00000, 0x0000000083c00000| Untracked 
|  61|0x0000000083d00000, 0x0000000083d00000, 0x0000000083e00000|  0%| F|  |TAMS 0x0000000083d00000, 0x0000000083d00000| Untracked 
|  62|0x0000000083e00000, 0x0000000083e00000, 0x0000000083f00000|  0%| F|  |TAMS 0x0000000083e00000, 0x0000000083e00000| Untracked 
|  63|0x0000000083f00000, 0x0000000083f69f30, 0x0000000084000000| 41%| S|CS|TAMS 0x0000000083f00000, 0x0000000083f00000| Complete 
|  64|0x0000000084000000, 0x0000000084100000, 0x0000000084100000|100%| S|CS|TAMS 0x0000000084000000, 0x0000000084000000| Complete 
|  65|0x0000000084100000, 0x0000000084200000, 0x0000000084200000|100%| S|CS|TAMS 0x0000000084100000, 0x0000000084100000| Complete 
|  66|0x0000000084200000, 0x0000000084200000, 0x0000000084300000|  0%| F|  |TAMS 0x0000000084200000, 0x0000000084200000| Untracked 
|  67|0x0000000084300000, 0x0000000084300000, 0x0000000084400000|  0%| F|  |TAMS 0x0000000084300000, 0x0000000084300000| Untracked 
|  68|0x0000000084400000, 0x0000000084400000, 0x0000000084500000|  0%| F|  |TAMS 0x0000000084400000, 0x0000000084400000| Untracked 
|  69|0x0000000084500000, 0x0000000084500000, 0x0000000084600000|  0%| F|  |TAMS 0x0000000084500000, 0x0000000084500000| Untracked 
|  70|0x0000000084600000, 0x0000000084600000, 0x0000000084700000|  0%| F|  |TAMS 0x0000000084600000, 0x0000000084600000| Untracked 
|  71|0x0000000084700000, 0x0000000084700000, 0x0000000084800000|  0%| F|  |TAMS 0x0000000084700000, 0x0000000084700000| Untracked 
|  72|0x0000000084800000, 0x0000000084800000, 0x0000000084900000|  0%| F|  |TAMS 0x0000000084800000, 0x0000000084800000| Untracked 
|  73|0x0000000084900000, 0x0000000084900000, 0x0000000084a00000|  0%| F|  |TAMS 0x0000000084900000, 0x0000000084900000| Untracked 
|  74|0x0000000084a00000, 0x0000000084a00000, 0x0000000084b00000|  0%| F|  |TAMS 0x0000000084a00000, 0x0000000084a00000| Untracked 
|  75|0x0000000084b00000, 0x0000000084b00000, 0x0000000084c00000|  0%| F|  |TAMS 0x0000000084b00000, 0x0000000084b00000| Untracked 
|  76|0x0000000084c00000, 0x0000000084c00000, 0x0000000084d00000|  0%| F|  |TAMS 0x0000000084c00000, 0x0000000084c00000| Untracked 
|  77|0x0000000084d00000, 0x0000000084d00000, 0x0000000084e00000|  0%| F|  |TAMS 0x0000000084d00000, 0x0000000084d00000| Untracked 
|  78|0x0000000084e00000, 0x0000000084e00000, 0x0000000084f00000|  0%| F|  |TAMS 0x0000000084e00000, 0x0000000084e00000| Untracked 
|  79|0x0000000084f00000, 0x0000000084f00000, 0x0000000085000000|  0%| F|  |TAMS 0x0000000084f00000, 0x0000000084f00000| Untracked 
|  80|0x0000000085000000, 0x0000000085000000, 0x0000000085100000|  0%| F|  |TAMS 0x0000000085000000, 0x0000000085000000| Untracked 
|  81|0x0000000085100000, 0x0000000085100000, 0x0000000085200000|  0%| F|  |TAMS 0x0000000085100000, 0x0000000085100000| Untracked 
| 137|0x0000000088900000, 0x0000000088900000, 0x0000000088a00000|  0%| F|  |TAMS 0x0000000088900000, 0x0000000088900000| Untracked 
| 138|0x0000000088a00000, 0x0000000088a00000, 0x0000000088b00000|  0%| F|  |TAMS 0x0000000088a00000, 0x0000000088a00000| Untracked 
| 139|0x0000000088b00000, 0x0000000088b00000, 0x0000000088c00000|  0%| F|  |TAMS 0x0000000088b00000, 0x0000000088b00000| Untracked 
| 140|0x0000000088c00000, 0x0000000088c00000, 0x0000000088d00000|  0%| F|  |TAMS 0x0000000088c00000, 0x0000000088c00000| Untracked 
| 141|0x0000000088d00000, 0x0000000088d00000, 0x0000000088e00000|  0%| F|  |TAMS 0x0000000088d00000, 0x0000000088d00000| Untracked 
| 142|0x0000000088e00000, 0x0000000088e00000, 0x0000000088f00000|  0%| F|  |TAMS 0x0000000088e00000, 0x0000000088e00000| Untracked 
| 143|0x0000000088f00000, 0x0000000088f00000, 0x0000000089000000|  0%| F|  |TAMS 0x0000000088f00000, 0x0000000088f00000| Untracked 
| 144|0x0000000089000000, 0x0000000089000000, 0x0000000089100000|  0%| F|  |TAMS 0x0000000089000000, 0x0000000089000000| Untracked 
| 145|0x0000000089100000, 0x0000000089100000, 0x0000000089200000|  0%| F|  |TAMS 0x0000000089100000, 0x0000000089100000| Untracked 
| 146|0x0000000089200000, 0x0000000089200000, 0x0000000089300000|  0%| F|  |TAMS 0x0000000089200000, 0x0000000089200000| Untracked 
| 147|0x0000000089300000, 0x00000000893f2a58, 0x0000000089400000| 94%| E|  |TAMS 0x0000000089300000, 0x0000000089300000| Complete 
| 148|0x0000000089400000, 0x0000000089500000, 0x0000000089500000|100%| E|CS|TAMS 0x0000000089400000, 0x0000000089400000| Complete 
| 253|0x000000008fd00000, 0x000000008fe00000, 0x000000008fe00000|100%| E|CS|TAMS 0x000000008fd00000, 0x000000008fd00000| Complete 

Card table byte_map: [0x0000017d669e0000,0x0000017d66de0000] _byte_map_base: 0x0000017d665e0000

Marking Bits (Prev, Next): (CMBitMap*) 0x0000017d4fdc6180, (CMBitMap*) 0x0000017d4fdc61c0
 Prev Bits: [0x0000017d671e0000, 0x0000017d691e0000)
 Next Bits: [0x0000017d691e0000, 0x0000017d6b1e0000)

Polling page: 0x0000017d4dd40000

Metaspace:

Usage:
  Non-class:     51.19 MB used.
      Class:      8.32 MB used.
       Both:     59.51 MB used.

Virtual space:
  Non-class space:       56.00 MB reserved,      51.56 MB ( 92%) committed,  7 nodes.
      Class space:      412.00 MB reserved,       8.62 MB (  2%) committed,  1 nodes.
             Both:      468.00 MB reserved,      60.19 MB ( 13%) committed. 

Chunk freelists:
   Non-Class:  3.59 MB
       Class:  3.42 MB
        Both:  7.02 MB

MaxMetaspaceSize: 512.00 MB
CompressedClassSpaceSize: 412.00 MB
Initial GC threshold: 21.00 MB
Current GC threshold: 99.94 MB
CDS: on
MetaspaceReclaimPolicy: balanced
 - commit_granule_bytes: 65536.
 - commit_granule_words: 8192.
 - virtual_space_node_default_size: 1048576.
 - enlarge_chunks_in_place: 1.
 - new_chunks_are_fully_committed: 0.
 - uncommit_free_chunks: 1.
 - use_allocation_guard: 0.
 - handle_deallocations: 1.


Internal statistics:

num_allocs_failed_limit: 6.
num_arena_births: 726.
num_arena_deaths: 0.
num_vsnodes_births: 8.
num_vsnodes_deaths: 0.
num_space_committed: 963.
num_space_uncommitted: 0.
num_chunks_returned_to_freelist: 6.
num_chunks_taken_from_freelist: 3180.
num_chunk_merges: 6.
num_chunk_splits: 2114.
num_chunks_enlarged: 1435.
num_purges: 0.
num_inconsistent_stats: 0.

CodeHeap 'non-profiled nmethods': size=120000Kb used=4103Kb max_used=4103Kb free=115896Kb
 bounds [0x0000017d5f0b0000, 0x0000017d5f4c0000, 0x0000017d665e0000]
CodeHeap 'profiled nmethods': size=120000Kb used=13544Kb max_used=13544Kb free=106455Kb
 bounds [0x0000017d575e0000, 0x0000017d58320000, 0x0000017d5eb10000]
CodeHeap 'non-nmethods': size=5760Kb used=2357Kb max_used=2425Kb free=3402Kb
 bounds [0x0000017d5eb10000, 0x0000017d5ed90000, 0x0000017d5f0b0000]
 total_blobs=7972 nmethods=7087 adapters=797
 compilation: enabled
              stopped_count=0, restarted_count=0
 full_count=0

Compilation events (20 events):
Event: 92.896 Thread 0x0000017d6d6edfb0 7920       3       kotlin.collections.CollectionsKt__CollectionsJVMKt::listOf (11 bytes)
Event: 92.896 Thread 0x0000017d6d6edfb0 nmethod 7920 0x0000017d58311890 code [0x0000017d58311a60, 0x0000017d58311e28]
Event: 92.896 Thread 0x0000017d6d6edfb0 7917       3       kotlin.reflect.jvm.internal.impl.serialization.deserialization.ClassDeserializer$ClassKey::hashCode (8 bytes)
Event: 92.896 Thread 0x0000017d6d6edfb0 nmethod 7917 0x0000017d58311f90 code [0x0000017d58312140, 0x0000017d58312288]
Event: 92.896 Thread 0x0000017d6d6edfb0 7921       3       kotlin.reflect.jvm.internal.impl.name.Name::equals (52 bytes)
Event: 92.896 Thread 0x0000017d6d6edfb0 nmethod 7921 0x0000017d58312390 code [0x0000017d58312560, 0x0000017d58312a48]
Event: 92.896 Thread 0x0000017d6d6edfb0 7922       3       java.util.Collections$SingletonSet::iterator (8 bytes)
Event: 92.897 Thread 0x0000017d6d6edfb0 nmethod 7922 0x0000017d58312b90 code [0x0000017d58312d40, 0x0000017d58313018]
Event: 92.897 Thread 0x0000017d6d6edfb0 7923       3       kotlin.reflect.jvm.internal.impl.serialization.deserialization.MemberDeserializer::getAnnotations (51 bytes)
Event: 92.898 Thread 0x0000017d6d6edfb0 nmethod 7923 0x0000017d58313110 code [0x0000017d58313480, 0x0000017d58314ae8]
Event: 92.898 Thread 0x0000017d6d6edfb0 7925       3       kotlin.collections.EmptyList::toArray (8 bytes)
Event: 92.898 Thread 0x0000017d6d6edfb0 nmethod 7925 0x0000017d58315310 code [0x0000017d583154a0, 0x0000017d583155c8]
Event: 92.898 Thread 0x0000017d6d6edfb0 7926       3       kotlin.jvm.internal.CollectionToArray::toArray (196 bytes)
Event: 92.898 Thread 0x0000017d6d6edfb0 nmethod 7926 0x0000017d58315690 code [0x0000017d583159c0, 0x0000017d58316d28]
Event: 92.898 Thread 0x0000017d6d6edfb0 7924       3       kotlin.reflect.jvm.internal.impl.serialization.deserialization.descriptors.NonEmptyDeserializedAnnotations::<init> (19 bytes)
Event: 92.899 Thread 0x0000017d6d6edfb0 nmethod 7924 0x0000017d58317310 code [0x0000017d58317700, 0x0000017d58318f58]
Event: 92.899 Thread 0x0000017d6d6edfb0 7927       1       kotlin.reflect.jvm.internal.impl.serialization.deserialization.DeserializationComponents::getKotlinTypeChecker (5 bytes)
Event: 92.899 Thread 0x0000017d6d6edfb0 nmethod 7927 0x0000017d5f4b1c90 code [0x0000017d5f4b1e20, 0x0000017d5f4b1ef8]
Event: 92.899 Thread 0x0000017d6d6edfb0 7928       3       kotlin.reflect.jvm.internal.impl.protobuf.CodedInputStream::readRawVarint64 (305 bytes)
Event: 92.900 Thread 0x0000017d6d6edfb0 nmethod 7928 0x0000017d58319790 code [0x0000017d58319980, 0x0000017d5831a188]

GC Heap History (20 events):
Event: 71.871 GC heap before
{Heap before GC invocations=15 (full 0):
 garbage-first heap   total 81920K, used 60760K [0x0000000080000000, 0x0000000100000000)
  region size 1024K, 19 young (19456K), 3 survivors (3072K)
 Metaspace       used 47275K, committed 47872K, reserved 471040K
  class space    used 6591K, committed 6848K, reserved 421888K
}
Event: 71.874 GC heap after
{Heap after GC invocations=16 (full 0):
 garbage-first heap   total 81920K, used 45127K [0x0000000080000000, 0x0000000100000000)
  region size 1024K, 1 young (1024K), 1 survivors (1024K)
 Metaspace       used 47275K, committed 47872K, reserved 471040K
  class space    used 6591K, committed 6848K, reserved 421888K
}
Event: 73.527 GC heap before
{Heap before GC invocations=17 (full 0):
 garbage-first heap   total 81920K, used 61511K [0x0000000080000000, 0x0000000100000000)
  region size 1024K, 18 young (18432K), 1 survivors (1024K)
 Metaspace       used 49070K, committed 49664K, reserved 471040K
  class space    used 6842K, committed 7104K, reserved 421888K
}
Event: 73.529 GC heap after
{Heap after GC invocations=18 (full 0):
 garbage-first heap   total 81920K, used 46078K [0x0000000080000000, 0x0000000100000000)
  region size 1024K, 2 young (2048K), 2 survivors (2048K)
 Metaspace       used 49070K, committed 49664K, reserved 471040K
  class space    used 6842K, committed 7104K, reserved 421888K
}
Event: 75.145 GC heap before
{Heap before GC invocations=18 (full 0):
 garbage-first heap   total 81920K, used 62462K [0x0000000080000000, 0x0000000100000000)
  region size 1024K, 19 young (19456K), 2 survivors (2048K)
 Metaspace       used 51052K, committed 51648K, reserved 471040K
  class space    used 7146K, committed 7424K, reserved 421888K
}
Event: 75.148 GC heap after
{Heap after GC invocations=19 (full 0):
 garbage-first heap   total 81920K, used 47159K [0x0000000080000000, 0x0000000100000000)
  region size 1024K, 3 young (3072K), 3 survivors (3072K)
 Metaspace       used 51052K, committed 51648K, reserved 471040K
  class space    used 7146K, committed 7424K, reserved 421888K
}
Event: 76.500 GC heap before
{Heap before GC invocations=20 (full 0):
 garbage-first heap   total 83968K, used 62519K [0x0000000080000000, 0x0000000100000000)
  region size 1024K, 19 young (19456K), 3 survivors (3072K)
 Metaspace       used 53234K, committed 53824K, reserved 471040K
  class space    used 7419K, committed 7680K, reserved 421888K
}
Event: 76.506 GC heap after
{Heap after GC invocations=21 (full 0):
 garbage-first heap   total 83968K, used 48080K [0x0000000080000000, 0x0000000100000000)
  region size 1024K, 2 young (2048K), 2 survivors (2048K)
 Metaspace       used 53234K, committed 53824K, reserved 471040K
  class space    used 7419K, committed 7680K, reserved 421888K
}
Event: 76.661 GC heap before
{Heap before GC invocations=21 (full 0):
 garbage-first heap   total 83968K, used 50128K [0x0000000080000000, 0x0000000100000000)
  region size 1024K, 4 young (4096K), 2 survivors (2048K)
 Metaspace       used 53481K, committed 54080K, reserved 471040K
  class space    used 7454K, committed 7744K, reserved 421888K
}
Event: 76.665 GC heap after
{Heap after GC invocations=22 (full 0):
 garbage-first heap   total 83968K, used 48329K [0x0000000080000000, 0x0000000100000000)
  region size 1024K, 1 young (1024K), 1 survivors (1024K)
 Metaspace       used 53481K, committed 54080K, reserved 471040K
  class space    used 7454K, committed 7744K, reserved 421888K
}
Event: 79.708 GC heap before
{Heap before GC invocations=22 (full 0):
 garbage-first heap   total 83968K, used 65737K [0x0000000080000000, 0x0000000100000000)
  region size 1024K, 19 young (19456K), 1 survivors (1024K)
 Metaspace       used 54758K, committed 55360K, reserved 471040K
  class space    used 7579K, committed 7872K, reserved 421888K
}
Event: 79.710 GC heap after
{Heap after GC invocations=23 (full 0):
 garbage-first heap   total 83968K, used 50087K [0x0000000080000000, 0x0000000100000000)
  region size 1024K, 2 young (2048K), 2 survivors (2048K)
 Metaspace       used 54758K, committed 55360K, reserved 471040K
  class space    used 7579K, committed 7872K, reserved 421888K
}
Event: 83.810 GC heap before
{Heap before GC invocations=24 (full 0):
 garbage-first heap   total 89088K, used 67495K [0x0000000080000000, 0x0000000100000000)
  region size 1024K, 19 young (19456K), 2 survivors (2048K)
 Metaspace       used 56469K, committed 57088K, reserved 471040K
  class space    used 7845K, committed 8128K, reserved 421888K
}
Event: 83.813 GC heap after
{Heap after GC invocations=25 (full 0):
 garbage-first heap   total 89088K, used 50605K [0x0000000080000000, 0x0000000100000000)
  region size 1024K, 2 young (2048K), 2 survivors (2048K)
 Metaspace       used 56469K, committed 57088K, reserved 471040K
  class space    used 7845K, committed 8128K, reserved 421888K
}
Event: 84.628 GC heap before
{Heap before GC invocations=25 (full 0):
 garbage-first heap   total 89088K, used 71085K [0x0000000080000000, 0x0000000100000000)
  region size 1024K, 22 young (22528K), 2 survivors (2048K)
 Metaspace       used 57618K, committed 58240K, reserved 479232K
  class space    used 8044K, committed 8320K, reserved 421888K
}
Event: 84.631 GC heap after
{Heap after GC invocations=26 (full 0):
 garbage-first heap   total 89088K, used 51774K [0x0000000080000000, 0x0000000100000000)
  region size 1024K, 3 young (3072K), 3 survivors (3072K)
 Metaspace       used 57618K, committed 58240K, reserved 479232K
  class space    used 8044K, committed 8320K, reserved 421888K
}
Event: 88.375 GC heap before
{Heap before GC invocations=27 (full 0):
 garbage-first heap   total 91136K, used 72254K [0x0000000080000000, 0x0000000100000000)
  region size 1024K, 23 young (23552K), 3 survivors (3072K)
 Metaspace       used 58762K, committed 59328K, reserved 479232K
  class space    used 8176K, committed 8448K, reserved 421888K
}
Event: 88.381 GC heap after
{Heap after GC invocations=28 (full 0):
 garbage-first heap   total 91136K, used 54031K [0x0000000080000000, 0x0000000100000000)
  region size 1024K, 3 young (3072K), 3 survivors (3072K)
 Metaspace       used 58762K, committed 59328K, reserved 479232K
  class space    used 8176K, committed 8448K, reserved 421888K
}
Event: 92.709 GC heap before
{Heap before GC invocations=28 (full 0):
 garbage-first heap   total 91136K, used 73487K [0x0000000080000000, 0x0000000100000000)
  region size 1024K, 23 young (23552K), 3 survivors (3072K)
 Metaspace       used 60652K, committed 61312K, reserved 479232K
  class space    used 8485K, committed 8768K, reserved 421888K
}
Event: 92.714 GC heap after
{Heap after GC invocations=29 (full 0):
 garbage-first heap   total 91136K, used 56539K [0x0000000080000000, 0x0000000100000000)
  region size 1024K, 3 young (3072K), 3 survivors (3072K)
 Metaspace       used 60652K, committed 61312K, reserved 479232K
  class space    used 8485K, committed 8768K, reserved 421888K
}

Deoptimization events (20 events):
Event: 91.000 Thread 0x0000017d72831cf0 DEOPT PACKING pc=0x0000017d5f366f68 sp=0x0000006b3eefab50
Event: 91.000 Thread 0x0000017d72831cf0 DEOPT UNPACKING pc=0x0000017d5eb623a3 sp=0x0000006b3eefaa88 mode 2
Event: 91.002 Thread 0x0000017d72831cf0 Uncommon trap: trap_request=0xffffff45 fr.pc=0x0000017d5f295104 relative=0x00000000000001e4
Event: 91.002 Thread 0x0000017d72831cf0 Uncommon trap: reason=unstable_if action=reinterpret pc=0x0000017d5f295104 method=com.google.common.collect.RegularImmutableSet.contains(Ljava/lang/Object;)Z @ 11 c2
Event: 91.002 Thread 0x0000017d72831cf0 DEOPT PACKING pc=0x0000017d5f295104 sp=0x0000006b3eefac20
Event: 91.002 Thread 0x0000017d72831cf0 DEOPT UNPACKING pc=0x0000017d5eb623a3 sp=0x0000006b3eefabb8 mode 2
Event: 91.306 Thread 0x0000017d72831cf0 Uncommon trap: trap_request=0xffffff45 fr.pc=0x0000017d5f358f54 relative=0x0000000000000294
Event: 91.306 Thread 0x0000017d72831cf0 Uncommon trap: reason=unstable_if action=reinterpret pc=0x0000017d5f358f54 method=org.gradle.internal.file.FileHierarchySet$Node.isChildOfOrThis(Ljava/lang/String;I)Z @ 89 c2
Event: 91.306 Thread 0x0000017d72831cf0 DEOPT PACKING pc=0x0000017d5f358f54 sp=0x0000006b3eefac50
Event: 91.306 Thread 0x0000017d72831cf0 DEOPT UNPACKING pc=0x0000017d5eb623a3 sp=0x0000006b3eefabd8 mode 2
Event: 91.500 Thread 0x0000017d72831cf0 Uncommon trap: trap_request=0xffffff45 fr.pc=0x0000017d5f25bcac relative=0x00000000000004ec
Event: 91.500 Thread 0x0000017d72831cf0 Uncommon trap: reason=unstable_if action=reinterpret pc=0x0000017d5f25bcac method=java.lang.StringLatin1.compareToCI([B[B)I @ 68 c2
Event: 91.500 Thread 0x0000017d72831cf0 DEOPT PACKING pc=0x0000017d5f25bcac sp=0x0000006b3eefbea0
Event: 91.500 Thread 0x0000017d72831cf0 DEOPT UNPACKING pc=0x0000017d5eb623a3 sp=0x0000006b3eefbe28 mode 2
Event: 91.948 Thread 0x0000017d72837d30 DEOPT PACKING pc=0x0000017d579b005c sp=0x0000006b3f0fdbf0
Event: 91.948 Thread 0x0000017d72837d30 DEOPT UNPACKING pc=0x0000017d5eb62b43 sp=0x0000006b3f0fd170 mode 0
Event: 92.382 Thread 0x0000017d72831cf0 Uncommon trap: trap_request=0xffffffbe fr.pc=0x0000017d5f268c68 relative=0x00000000000001c8
Event: 92.382 Thread 0x0000017d72831cf0 Uncommon trap: reason=profile_predicate action=maybe_recompile pc=0x0000017d5f268c68 method=java.util.LinkedHashMap.keysToArray([Ljava/lang/Object;)[Ljava/lang/Object; @ 12 c2
Event: 92.382 Thread 0x0000017d72831cf0 DEOPT PACKING pc=0x0000017d5f268c68 sp=0x0000006b3eefaa30
Event: 92.382 Thread 0x0000017d72831cf0 DEOPT UNPACKING pc=0x0000017d5eb623a3 sp=0x0000006b3eefa9f8 mode 2

Classes unloaded (0 events):
No events

Classes redefined (0 events):
No events

Internal exceptions (20 events):
Event: 83.819 Thread 0x0000017d6edc1fe0 Exception <a 'java/lang/ClassNotFoundException'{0x000000008922eae0}: org/gradle/api/internal/artifacts/DefaultArtifactRepositoryContainerBeanInfo> (0x000000008922eae0) 
thrown [s\open\src\hotspot\share\classfile\systemDictionary.cpp, line 256]
Event: 83.819 Thread 0x0000017d6edc1fe0 Exception <a 'java/lang/ClassNotFoundException'{0x0000000089243698}: org/gradle/api/internal/DefaultNamedDomainObjectListBeanInfo> (0x0000000089243698) 
thrown [s\open\src\hotspot\share\classfile\systemDictionary.cpp, line 256]
Event: 83.819 Thread 0x0000017d6edc1fe0 Exception <a 'java/lang/ClassNotFoundException'{0x00000000892586b8}: org/gradle/api/internal/DefaultNamedDomainObjectCollectionBeanInfo> (0x00000000892586b8) 
thrown [s\open\src\hotspot\share\classfile\systemDictionary.cpp, line 256]
Event: 83.820 Thread 0x0000017d6edc1fe0 Exception <a 'java/lang/ClassNotFoundException'{0x000000008926d768}: org/gradle/api/internal/DefaultDomainObjectCollectionBeanInfo> (0x000000008926d768) 
thrown [s\open\src\hotspot\share\classfile\systemDictionary.cpp, line 256]
Event: 83.820 Thread 0x0000017d6edc1fe0 Exception <a 'java/lang/ClassNotFoundException'{0x0000000089282700}: org/gradle/api/internal/DefaultDomainObjectCollectionCustomizer> (0x0000000089282700) 
thrown [s\open\src\hotspot\share\classfile\systemDictionary.cpp, line 256]
Event: 83.822 Thread 0x0000017d6edc1fe0 Exception <a 'java/lang/ClassNotFoundException'{0x00000000892b8680}: org/gradle/api/internal/DefaultNamedDomainObjectCollectionCustomizer> (0x00000000892b8680) 
thrown [s\open\src\hotspot\share\classfile\systemDictionary.cpp, line 256]
Event: 83.823 Thread 0x0000017d6edc1fe0 Exception <a 'java/lang/ClassNotFoundException'{0x00000000892f4f00}: org/gradle/api/internal/DefaultNamedDomainObjectListCustomizer> (0x00000000892f4f00) 
thrown [s\open\src\hotspot\share\classfile\systemDictionary.cpp, line 256]
Event: 83.824 Thread 0x0000017d6edc1fe0 Exception <a 'java/lang/ClassNotFoundException'{0x00000000891284e0}: org/gradle/api/internal/artifacts/DefaultArtifactRepositoryContainerCustomizer> (0x00000000891284e0) 
thrown [s\open\src\hotspot\share\classfile\systemDictionary.cpp, line 256]
Event: 83.826 Thread 0x0000017d6edc1fe0 Exception <a 'java/lang/ClassNotFoundException'{0x00000000891529e8}: org/gradle/api/internal/artifacts/dsl/DefaultRepositoryHandlerCustomizer> (0x00000000891529e8) 
thrown [s\open\src\hotspot\share\classfile\systemDictionary.cpp, line 256]
Event: 83.827 Thread 0x0000017d6edc1fe0 Exception <a 'java/lang/ClassNotFoundException'{0x000000008918b318}: org/gradle/api/internal/artifacts/dsl/DefaultRepositoryHandler_DecoratedCustomizer> (0x000000008918b318) 
thrown [s\open\src\hotspot\share\classfile\systemDictionary.cpp, line 256]
Event: 83.834 Thread 0x0000017d6edc1fe0 Exception <a 'java/lang/ClassNotFoundException'{0x000000008901d4b8}: org/gradle/api/internal/artifacts/dsl/dependencies/DefaultDependencyHandler_DecoratedBeanInfo> (0x000000008901d4b8) 
thrown [s\open\src\hotspot\share\classfile\systemDictionary.cpp, line 256]
Event: 83.835 Thread 0x0000017d6edc1fe0 Exception <a 'java/lang/ClassNotFoundException'{0x0000000089035380}: org/gradle/api/internal/artifacts/dsl/dependencies/DefaultDependencyHandlerBeanInfo> (0x0000000089035380) 
thrown [s\open\src\hotspot\share\classfile\systemDictionary.cpp, line 256]
Event: 83.836 Thread 0x0000017d6edc1fe0 Exception <a 'java/lang/ClassNotFoundException'{0x000000008904ccb8}: org/gradle/api/internal/artifacts/dsl/dependencies/DefaultDependencyHandlerCustomizer> (0x000000008904ccb8) 
thrown [s\open\src\hotspot\share\classfile\systemDictionary.cpp, line 256]
Event: 83.837 Thread 0x0000017d6edc1fe0 Exception <a 'java/lang/ClassNotFoundException'{0x000000008908bb80}: org/gradle/api/internal/artifacts/dsl/dependencies/DefaultDependencyHandler_DecoratedCustomizer> (0x000000008908bb80) 
thrown [s\open\src\hotspot\share\classfile\systemDictionary.cpp, line 256]
Event: 86.075 Thread 0x0000017d6edc1fe0 Exception <a 'java/lang/NoSuchMethodError'{0x0000000088bbf710}: 'java.lang.Object java.lang.invoke.DirectMethodHandle$Holder.newInvokeSpecial(java.lang.Object, java.lang.Object, java.lang.Object, java.lang.Object, java.lang.Object, java.lang.Object, java.lang.Object, java.lang.Object, java.lang.Object)'> (0x0000000088bbf710) 
thrown [s\open\src\hotspot\share\interpreter\linkResolver.cpp, line 759]
Event: 86.075 Thread 0x0000017d6edc1fe0 Exception <a 'java/lang/NoSuchMethodError'{0x0000000088bc53b0}: 'java.lang.Object java.lang.invoke.Invokers$Holder.linkToTargetMethod(java.lang.Object, java.lang.Object, java.lang.Object, java.lang.Object, java.lang.Object, java.lang.Object, java.lang.Object, java.lang.Object, java.lang.Object)'> (0x0000000088bc53b0) 
thrown [s\open\src\hotspot\share\interpreter\linkResolver.cpp, line 759]
Event: 88.943 Thread 0x0000017d72834d10 Exception <a 'java/lang/NoSuchMethodError'{0x0000000089122aa0}: 'java.lang.Object java.lang.invoke.DirectMethodHandle$Holder.newInvokeSpecial(java.lang.Object, java.lang.Object, java.lang.Object, java.lang.Object, int, java.lang.Object)'> (0x0000000089122aa0) 
thrown [s\open\src\hotspot\share\interpreter\linkResolver.cpp, line 759]
Event: 88.943 Thread 0x0000017d72834d10 Exception <a 'java/lang/NoSuchMethodError'{0x0000000089126dc0}: 'java.lang.Object java.lang.invoke.Invokers$Holder.linkToTargetMethod(java.lang.Object, java.lang.Object, java.lang.Object, int, java.lang.Object, java.lang.Object)'> (0x0000000089126dc0) 
thrown [s\open\src\hotspot\share\interpreter\linkResolver.cpp, line 759]
Event: 89.136 Thread 0x0000017d72831cf0 Exception <a 'java/lang/NoSuchMethodError'{0x00000000891ba1e8}: 'void java.lang.invoke.DirectMethodHandle$Holder.invokeInterface(java.lang.Object, java.lang.Object, java.lang.Object, java.lang.Object)'> (0x00000000891ba1e8) 
thrown [s\open\src\hotspot\share\interpreter\linkResolver.cpp, line 759]
Event: 90.259 Thread 0x0000017d72831cf0 Exception <a 'java/lang/NoSuchMethodError'{0x0000000088f9be18}: 'int java.lang.invoke.DirectMethodHandle$Holder.invokeSpecial(java.lang.Object, java.lang.Object, java.lang.Object, java.lang.Object, java.lang.Object)'> (0x0000000088f9be18) 
thrown [s\open\src\hotspot\share\interpreter\linkResolver.cpp, line 759]

VM Operations (20 events):
Event: 86.910 Executing VM operation: ICBufferFull
Event: 86.911 Executing VM operation: ICBufferFull done
Event: 87.920 Executing VM operation: Cleanup
Event: 87.920 Executing VM operation: Cleanup done
Event: 88.375 Executing VM operation: G1CollectForAllocation
Event: 88.381 Executing VM operation: G1CollectForAllocation done
Event: 89.389 Executing VM operation: Cleanup
Event: 89.389 Executing VM operation: Cleanup done
Event: 90.258 Executing VM operation: HandshakeAllThreads
Event: 90.258 Executing VM operation: HandshakeAllThreads done
Event: 91.263 Executing VM operation: Cleanup
Event: 91.264 Executing VM operation: Cleanup done
Event: 92.273 Executing VM operation: Cleanup
Event: 92.354 Executing VM operation: Cleanup done
Event: 92.709 Executing VM operation: G1CollectForAllocation
Event: 92.714 Executing VM operation: G1CollectForAllocation done
Event: 92.771 Executing VM operation: G1Concurrent
Event: 92.860 Executing VM operation: G1Concurrent done
Event: 92.888 Executing VM operation: G1Concurrent
Event: 92.888 Executing VM operation: G1Concurrent done

Events (20 events):
Event: 89.138 Thread 0x0000017d72836050 Thread added: 0x0000017d72836050
Event: 91.883 Thread 0x0000017d72837d30 Thread added: 0x0000017d72837d30
Event: 91.883 Thread 0x0000017d728321c0 Thread added: 0x0000017d728321c0
Event: 91.883 Thread 0x0000017d72837860 Thread added: 0x0000017d72837860
Event: 91.883 Thread 0x0000017d72832690 Thread added: 0x0000017d72832690
Event: 92.256 Thread 0x0000017d72833030 Thread added: 0x0000017d72833030
Event: 92.358 Thread 0x0000017d72833ea0 Thread added: 0x0000017d72833ea0
Event: 92.358 Thread 0x0000017d728351e0 Thread added: 0x0000017d728351e0
Event: 92.358 Thread 0x0000017d6edc24b0 Thread added: 0x0000017d6edc24b0
Event: 92.358 Thread 0x0000017d734d0180 Thread added: 0x0000017d734d0180
Event: 92.358 Thread 0x0000017d734cf310 Thread added: 0x0000017d734cf310
Event: 92.358 Thread 0x0000017d734d14c0 Thread added: 0x0000017d734d14c0
Event: 92.358 Thread 0x0000017d734d5820 Thread added: 0x0000017d734d5820
Event: 92.358 Thread 0x0000017d734d1e60 Thread added: 0x0000017d734d1e60
Event: 92.358 Thread 0x0000017d734d1990 Thread added: 0x0000017d734d1990
Event: 92.359 Thread 0x0000017d734d0b20 Thread added: 0x0000017d734d0b20
Event: 92.365 Thread 0x0000017d7078efc0 Thread added: 0x0000017d7078efc0
Event: 92.693 Thread 0x0000017d7078efc0 Thread exited: 0x0000017d7078efc0
Event: 92.892 loading class java/io/NotSerializableException
Event: 92.892 loading class java/io/NotSerializableException done


Dynamic libraries:
0x00007ff6be2d0000 - 0x00007ff6be2e0000 	C:\Program Files\Java\jdk-17\bin\java.exe
0x00007ff8523b0000 - 0x00007ff8525a8000 	C:\Windows\SYSTEM32\ntdll.dll
0x00007ff850410000 - 0x00007ff8504cf000 	C:\Windows\System32\KERNEL32.DLL
0x00007ff84fd10000 - 0x00007ff850006000 	C:\Windows\System32\KERNELBASE.dll
0x00007ff84cf60000 - 0x00007ff84cff1000 	C:\Windows\SYSTEM32\apphelp.dll
0x00007ff850260000 - 0x00007ff850360000 	C:\Windows\System32\ucrtbase.dll
0x00007ff839fb0000 - 0x00007ff839fc9000 	C:\Program Files\Java\jdk-17\bin\jli.dll
0x00007ff851cb0000 - 0x00007ff851d5f000 	C:\Windows\System32\ADVAPI32.dll
0x00007ff850ce0000 - 0x00007ff850d7e000 	C:\Windows\System32\msvcrt.dll
0x00007ff851c10000 - 0x00007ff851cac000 	C:\Windows\System32\sechost.dll
0x00007ff851fc0000 - 0x00007ff8520e6000 	C:\Windows\System32\RPCRT4.dll
0x00007ff8521d0000 - 0x00007ff85236d000 	C:\Windows\System32\USER32.dll
0x00007ff850040000 - 0x00007ff850062000 	C:\Windows\System32\win32u.dll
0x00007ff851f90000 - 0x00007ff851fbc000 	C:\Windows\System32\GDI32.dll
0x00007ff84fb50000 - 0x00007ff84fc65000 	C:\Windows\System32\gdi32full.dll
0x00007ff84fc70000 - 0x00007ff84fd0d000 	C:\Windows\System32\msvcp_win.dll
0x00007ff839df0000 - 0x00007ff839e0b000 	C:\Program Files\Java\jdk-17\bin\VCRUNTIME140.dll
0x00007ff837180000 - 0x00007ff83741a000 	C:\Windows\WinSxS\amd64_microsoft.windows.common-controls_6595b64144ccf1df_6.0.19041.1110_none_60b5254171f9507e\COMCTL32.dll
0x00007ff847140000 - 0x00007ff84714a000 	C:\Windows\SYSTEM32\VERSION.dll
0x00007ff850c20000 - 0x00007ff850c50000 	C:\Windows\System32\IMM32.DLL
0x00007ff844880000 - 0x00007ff84488c000 	C:\Program Files\Java\jdk-17\bin\vcruntime140_1.dll
0x00007ff838150000 - 0x00007ff8381de000 	C:\Program Files\Java\jdk-17\bin\msvcp140.dll
0x00007fffe8120000 - 0x00007fffe8cfd000 	C:\Program Files\Java\jdk-17\bin\server\jvm.dll
0x00007ff850f80000 - 0x00007ff850f88000 	C:\Windows\System32\PSAPI.DLL
0x00007ff83af70000 - 0x00007ff83af79000 	C:\Windows\SYSTEM32\WSOCK32.dll
0x00007ff851600000 - 0x00007ff85166b000 	C:\Windows\System32\WS2_32.dll
0x00007ff83bc00000 - 0x00007ff83bc27000 	C:\Windows\SYSTEM32\WINMM.dll
0x00007ff84d730000 - 0x00007ff84d742000 	C:\Windows\SYSTEM32\kernel.appcore.dll
0x00007ff844800000 - 0x00007ff84480a000 	C:\Program Files\Java\jdk-17\bin\jimage.dll
0x00007ff83c890000 - 0x00007ff83ca74000 	C:\Windows\SYSTEM32\DBGHELP.DLL
0x00007ff838250000 - 0x00007ff838284000 	C:\Windows\SYSTEM32\dbgcore.DLL
0x00007ff8501d0000 - 0x00007ff850252000 	C:\Windows\System32\bcryptPrimitives.dll
0x00007ff839780000 - 0x00007ff8397a5000 	C:\Program Files\Java\jdk-17\bin\java.dll
0x00007ff81daf0000 - 0x00007ff81dbc7000 	C:\Program Files\Java\jdk-17\bin\jsvml.dll
0x00007ff8504d0000 - 0x00007ff850c14000 	C:\Windows\System32\SHELL32.dll
0x00007ff84d930000 - 0x00007ff84e0c3000 	C:\Windows\SYSTEM32\windows.storage.dll
0x00007ff8516d0000 - 0x00007ff851a24000 	C:\Windows\System32\combase.dll
0x00007ff84f320000 - 0x00007ff84f34e000 	C:\Windows\SYSTEM32\Wldp.dll
0x00007ff851ee0000 - 0x00007ff851f8d000 	C:\Windows\System32\SHCORE.dll
0x00007ff851670000 - 0x00007ff8516c5000 	C:\Windows\System32\shlwapi.dll
0x00007ff84f9c0000 - 0x00007ff84f9e5000 	C:\Windows\SYSTEM32\profapi.dll
0x00007ff839d40000 - 0x00007ff839d59000 	C:\Program Files\Java\jdk-17\bin\net.dll
0x00007ff848da0000 - 0x00007ff848eaa000 	C:\Windows\SYSTEM32\WINHTTP.dll
0x00007ff84f100000 - 0x00007ff84f16a000 	C:\Windows\system32\mswsock.dll
0x00007ff839710000 - 0x00007ff839726000 	C:\Program Files\Java\jdk-17\bin\nio.dll
0x00007ff8396f0000 - 0x00007ff839708000 	C:\Program Files\Java\jdk-17\bin\zip.dll
0x00007ff83d520000 - 0x00007ff83d530000 	C:\Program Files\Java\jdk-17\bin\verify.dll
0x00007ff838f90000 - 0x00007ff838fb7000 	C:\Users\marcos.OTHONC\.gradle\native\68d5fa5c4cc2d200863cafc0d521ce42e7d3e7ee720ec0a83991735586a16f82\windows-amd64\native-platform.dll
0x00007ff81a430000 - 0x00007ff81a574000 	C:\Users\marcos.OTHONC\.gradle\native\e376f236ea51e6404a007f0833ffe2c6e607c4080706a723a18a27aeea778392\windows-amd64\native-platform-file-events.dll
0x00007ff83c030000 - 0x00007ff83c03a000 	C:\Program Files\Java\jdk-17\bin\management.dll
0x00007ff83c010000 - 0x00007ff83c01b000 	C:\Program Files\Java\jdk-17\bin\management_ext.dll
0x00007ff84f3c0000 - 0x00007ff84f3d8000 	C:\Windows\SYSTEM32\CRYPTSP.dll
0x00007ff84ea30000 - 0x00007ff84ea64000 	C:\Windows\system32\rsaenh.dll
0x00007ff850010000 - 0x00007ff850037000 	C:\Windows\System32\bcrypt.dll
0x00007ff84f980000 - 0x00007ff84f9ae000 	C:\Windows\SYSTEM32\USERENV.dll
0x00007ff84f290000 - 0x00007ff84f29c000 	C:\Windows\SYSTEM32\CRYPTBASE.dll
0x00007ff84ee10000 - 0x00007ff84ee4b000 	C:\Windows\SYSTEM32\IPHLPAPI.DLL
0x00007ff850cd0000 - 0x00007ff850cd8000 	C:\Windows\System32\NSI.dll
0x00007ff84adb0000 - 0x00007ff84adc7000 	C:\Windows\SYSTEM32\dhcpcsvc6.DLL
0x00007ff84ad20000 - 0x00007ff84ad3d000 	C:\Windows\SYSTEM32\dhcpcsvc.DLL
0x00007ff84ee50000 - 0x00007ff84ef1a000 	C:\Windows\SYSTEM32\DNSAPI.dll
0x00007ff839de0000 - 0x00007ff839ded000 	C:\Program Files\Java\jdk-17\bin\sunmscapi.dll
0x00007ff850070000 - 0x00007ff8501ce000 	C:\Windows\System32\CRYPT32.dll
0x00007ff84f540000 - 0x00007ff84f568000 	C:\Windows\SYSTEM32\ncrypt.dll
0x00007ff84f500000 - 0x00007ff84f53b000 	C:\Windows\SYSTEM32\NTASN1.dll
0x00007ff836ca0000 - 0x00007ff836ca7000 	C:\Windows\system32\wshunix.dll

dbghelp: loaded successfully - version: 4.0.5 - missing functions: none
symbol engine: initialized successfully - sym options: 0x614 - pdb path: .;C:\Program Files\Java\jdk-17\bin;C:\Windows\SYSTEM32;C:\Windows\WinSxS\amd64_microsoft.windows.common-controls_6595b64144ccf1df_6.0.19041.1110_none_60b5254171f9507e;C:\Program Files\Java\jdk-17\bin\server;C:\Users\marcos.OTHONC\.gradle\native\68d5fa5c4cc2d200863cafc0d521ce42e7d3e7ee720ec0a83991735586a16f82\windows-amd64;C:\Users\marcos.OTHONC\.gradle\native\e376f236ea51e6404a007f0833ffe2c6e607c4080706a723a18a27aeea778392\windows-amd64

VM Arguments:
jvm_args: -XX:MaxMetaspaceSize=512m --add-opens=java.base/java.util=ALL-UNNAMED --add-opens=java.base/java.lang=ALL-UNNAMED --add-opens=java.base/java.lang.invoke=ALL-UNNAMED --add-opens=java.prefs/java.util.prefs=ALL-UNNAMED --add-opens=java.base/java.nio.charset=ALL-UNNAMED --add-opens=java.base/java.net=ALL-UNNAMED --add-opens=java.base/java.util.concurrent.atomic=ALL-UNNAMED -Xmx2048m -Dfile.encoding=windows-1252 -Duser.country=BR -Duser.language=pt -Duser.variant 
java_command: org.gradle.launcher.daemon.bootstrap.GradleDaemon 8.0.1
java_class_path (initial): C:\Users\marcos.OTHONC\.gradle\wrapper\dists\gradle-8.0.1-all\aro4hu1c3oeioove7l0i4i14o\gradle-8.0.1\lib\gradle-launcher-8.0.1.jar
Launcher Type: SUN_STANDARD

[Global flags]
     intx CICompilerCount                          = 3                                         {product} {ergonomic}
   size_t CompressedClassSpaceSize                 = 432013312                                 {product} {ergonomic}
     uint ConcGCThreads                            = 1                                         {product} {ergonomic}
     uint G1ConcRefinementThreads                  = 4                                         {product} {ergonomic}
   size_t G1HeapRegionSize                         = 1048576                                   {product} {ergonomic}
    uintx GCDrainStackTargetSize                   = 64                                        {product} {ergonomic}
   size_t InitialHeapSize                          = 266338304                                 {product} {ergonomic}
   size_t MarkStackSize                            = 4194304                                   {product} {ergonomic}
   size_t MaxHeapSize                              = 2147483648                                {product} {command line}
   size_t MaxMetaspaceSize                         = 536870912                                 {product} {command line}
   size_t MaxNewSize                               = 1287651328                                {product} {ergonomic}
   size_t MinHeapDeltaBytes                        = 1048576                                   {product} {ergonomic}
   size_t MinHeapSize                              = 8388608                                   {product} {ergonomic}
    uintx NonNMethodCodeHeapSize                   = 5832780                                {pd product} {ergonomic}
    uintx NonProfiledCodeHeapSize                  = 122912730                              {pd product} {ergonomic}
    uintx ProfiledCodeHeapSize                     = 122912730                              {pd product} {ergonomic}
    uintx ReservedCodeCacheSize                    = 251658240                              {pd product} {ergonomic}
     bool SegmentedCodeCache                       = true                                      {product} {ergonomic}
   size_t SoftMaxHeapSize                          = 2147483648                             {manageable} {ergonomic}
     bool UseCompressedClassPointers               = true                           {product lp64_product} {ergonomic}
     bool UseCompressedOops                        = true                           {product lp64_product} {ergonomic}
     bool UseG1GC                                  = true                                      {product} {ergonomic}
     bool UseLargePagesIndividualAllocation        = false                                  {pd product} {ergonomic}

Logging:
Log output configuration:
 #0: stdout all=warning uptime,level,tags
 #1: stderr all=off uptime,level,tags

Environment Variables:
JAVA_HOME=C:\Program Files\Java\jdk-17
CLASSPATH=D:\AREA DE TRABALHO\testerb\android\\gradle\wrapper\gradle-wrapper.jar
PATH=D:\AREA DE TRABALHO\testerb\node_modules\.bin;D:\AREA DE TRABALHO\testerb\node_modules\.bin;D:\AREA DE TRABALHO\node_modules\.bin;D:\node_modules\.bin;C:\Program Files\nodejs\node_modules\npm\node_modules\@npmcli\run-script\lib\node-gyp-bin;C:\Users\MARCOS~1.OTH\AppData\Local\Temp\yarn--1695809377503-0.47914496697368936;D:\AREA DE TRABALHO\testerb\node_modules\.bin;C:\Users\marcos.OTHONC\AppData\Local\Yarn\Data\link\node_modules\.bin;C:\Users\marcos.OTHONC\AppData\Local\Yarn\bin;C:\Program Files\libexec\lib\node_modules\npm\bin\node-gyp-bin;C:\Program Files\lib\node_modules\npm\bin\node-gyp-bin;C:\Program Files\nodejs\node_modules\npm\bin\node-gyp-bin;C:\Program Files\Python311\Scripts\;C:\Program Files\Python311\;C:\Program Files\Common Files\Oracle\Java\javapath;C:\Program Files (x86)\Common Files\Oracle\Java\javapath;C:\Python311\Scripts\;C:\Python311\;D:\app\client\marcos\product\12.1.0\client_2\bin;C:\Windows\system32;C:\Windows;C:\Windows\System32\Wbem;C:\Windows\System32\WindowsPowerShell\v1.0\;C:\Windows\System32\OpenSSH\;C:\Program Files\dotnet\;C:\Program Files\nodejs\;C:\ProgramData\chocolatey\bin;D:\Program Files\Git\cmd;C:\Program Files\Zabbix Agent\;D:\Program Files\Veyon\;C:\Users\marcos.OTHONC\AppData\Local\Android\Sdk;C:\Users\marcos.OTHONC\AppData\Local\Android\Sdk\platform-tools;C:\Program Files\Java\jdk-17\bin;C:\Program Files\Maven\bin;;C:\Program Files\Docker\Docker\resources\bin;C:\Users\marcos.OTHONC\AppData\Local\Microsoft\WindowsApps;D:\Users\marcos.OTHONC\AppData\Local\Programs\Microsoft VS Code\bin;C:\Users\marcos.OTHONC\AppData\Local\GitHubDesktop\bin;C:\Users\marcos.OTHONC\AppData\Roaming\npm;D:\Program Files\JetBrains\IntelliJ IDEA 2023.1.3\bin;
USERNAME=marcos
SHELL=D:\Program Files\Git\usr\bin\bash.exe
DISPLAY=needs-to-be-defined
LANG=pt_BR.UTF-8
LC_CTYPE=pt_BR.UTF-8
OS=Windows_NT
PROCESSOR_IDENTIFIER=Intel64 Family 6 Model 158 Stepping 11, GenuineIntel



---------------  S Y S T E M  ---------------

OS:
 Windows 10 , 64 bit Build 19041 (10.0.19041.3155)
OS uptime: 8 days 20:37 hours
Hyper-V role detected

CPU: total 4 (initial active 4) (4 cores per cpu, 1 threads per core) family 6 model 158 stepping 11 microcode 0xf0, cx8, cmov, fxsr, mmx, 3dnowpref, sse, sse2, sse3, ssse3, sse4.1, sse4.2, popcnt, lzcnt, tsc, tscinvbit, avx, avx2, aes, erms, clmul, bmi1, bmi2, adx, fma, vzeroupper, clflush, clflushopt, hv

Memory: 4k page, system-wide physical 16193M (644M free)
TotalPageFile size 30419M (AvailPageFile size 4M)
current process WorkingSet (physical memory assigned to process): 263M, peak: 281M
current process commit charge ("private bytes"): 309M, peak: 419M

vm_info: Java HotSpot(TM) 64-Bit Server VM (17.0.7+8-LTS-224) for windows-amd64 JRE (17.0.7+8-LTS-224), built on Feb 28 2023 23:03:02 by "mach5one" with MS VC++ 17.1 (VS2022)

END.
