#
# There is insufficient memory for the Java Runtime Environment to continue.
# Native memory allocation (malloc) failed to allocate 32744 bytes for ChunkPool::allocate
# Possible reasons:
#   The system is out of physical RAM or swap space
#   The process is running with CompressedOops enabled, and the Java Heap may be blocking the growth of the native heap
# Possible solutions:
#   Reduce memory load on the system
#   Increase physical memory or swap space
#   Check if swap backing store is full
#   Decrease Java heap size (-Xmx/-Xms)
#   Decrease number of Java threads
#   Decrease Java thread stack sizes (-Xss)
#   Set larger code cache with -XX:ReservedCodeCacheSize=
#   JVM is running with Unscaled Compressed Oops mode in which the Java heap is
#     placed in the first 4GB address space. The Java Heap base address is the
#     maximum limit for the native heap growth. Please use -XX:HeapBaseMinAddress
#     to set the Java Heap base and to place the Java Heap above 4GB virtual address.
# This output file may be truncated or incomplete.
#
#  Out of Memory Error (arena.cpp:78), pid=2800, tid=19072
#
# JRE version: Java(TM) SE Runtime Environment (17.0.7+8) (build 17.0.7+8-LTS-224)
# Java VM: Java HotSpot(TM) 64-Bit Server VM (17.0.7+8-LTS-224, mixed mode, sharing, tiered, compressed oops, compressed class ptrs, g1 gc, windows-amd64)
# No core dump will be written. Minidumps are not enabled by default on client versions of Windows
#

---------------  S U M M A R Y ------------

Command Line: -Xmx64m -Xms64m -Dorg.gradle.appname=gradlew org.gradle.wrapper.GradleWrapperMain tasks

Host: Intel(R) Core(TM) i3-9100 CPU @ 3.60GHz, 4 cores, 15G,  Windows 10 , 64 bit Build 19041 (10.0.19041.3155)
Time: Wed Sep 27 07:31:03 2023 Hora oficial do Brasil elapsed time: 104.325695 seconds (0d 0h 1m 44s)

---------------  T H R E A D  ---------------

Current thread (0x0000025361019430):  JavaThread "main" [_thread_in_vm, id=19072, stack(0x000000858f000000,0x000000858f100000)]

Stack: [0x000000858f000000,0x000000858f100000]
Native frames: (J=compiled Java code, j=interpreted, Vv=VM code, C=native code)
V  [jvm.dll+0x676a4a]
V  [jvm.dll+0x7d74f4]
V  [jvm.dll+0x7d8c9e]
V  [jvm.dll+0x7d9303]
V  [jvm.dll+0x2452c5]
V  [jvm.dll+0xaac80]
V  [jvm.dll+0xaafcc]
V  [jvm.dll+0x6f2c42]
V  [jvm.dll+0x7c4b37]
V  [jvm.dll+0x7c7e39]
V  [jvm.dll+0x7cb974]
V  [jvm.dll+0x7c504c]
V  [jvm.dll+0x36df6a]
V  [jvm.dll+0x7523cc]
V  [jvm.dll+0x75223a]
V  [jvm.dll+0x40b7e3]
V  [jvm.dll+0x41ef1c]
C  [java.dll+0x1657]

Java frames: (J=compiled Java code, j=interpreted, Vv=VM code)
j  java.lang.ClassLoader.defineClass0(Ljava/lang/ClassLoader;Ljava/lang/Class;Ljava/lang/String;[BIILjava/security/ProtectionDomain;ZILjava/lang/Object;)Ljava/lang/Class;+0 java.base@17.0.7
j  java.lang.System$2.defineClass(Ljava/lang/ClassLoader;Ljava/lang/Class;Ljava/lang/String;[BLjava/security/ProtectionDomain;ZILjava/lang/Object;)Ljava/lang/Class;+17 java.base@17.0.7
j  java.lang.invoke.MethodHandles$Lookup$ClassDefiner.defineClass(ZLjava/lang/Object;)Ljava/lang/Class;+54 java.base@17.0.7
j  java.lang.invoke.MethodHandles$Lookup$ClassDefiner.defineClassAsLookup(Z)Ljava/lang/invoke/MethodHandles$Lookup;+3 java.base@17.0.7
j  java.lang.invoke.MethodHandles$Lookup.defineHiddenClass([BZ[Ljava/lang/invoke/MethodHandles$Lookup$ClassOption;)Ljava/lang/invoke/MethodHandles$Lookup;+65 java.base@17.0.7
j  java.lang.invoke.InnerClassLambdaMetafactory.generateInnerClass()Ljava/lang/Class;+580 java.base@17.0.7
j  java.lang.invoke.InnerClassLambdaMetafactory.spinInnerClass()Ljava/lang/Class;+114 java.base@17.0.7
j  java.lang.invoke.InnerClassLambdaMetafactory.buildCallSite()Ljava/lang/invoke/CallSite;+1 java.base@17.0.7
j  java.lang.invoke.LambdaMetafactory.metafactory(Ljava/lang/invoke/MethodHandles$Lookup;Ljava/lang/String;Ljava/lang/invoke/MethodType;Ljava/lang/invoke/MethodType;Ljava/lang/invoke/MethodHandle;Ljava/lang/invoke/MethodType;)Ljava/lang/invoke/CallSite;+67 java.base@17.0.7
j  java.lang.invoke.DirectMethodHandle$Holder.invokeStatic(Ljava/lang/Object;Ljava/lang/Object;Ljava/lang/Object;Ljava/lang/Object;Ljava/lang/Object;Ljava/lang/Object;Ljava/lang/Object;)Ljava/lang/Object;+20 java.base@17.0.7
j  java.lang.invoke.Invokers$Holder.invokeExact_MT(Ljava/lang/Object;Ljava/lang/Object;Ljava/lang/Object;Ljava/lang/Object;Ljava/lang/Object;Ljava/lang/Object;Ljava/lang/Object;Ljava/lang/Object;)Ljava/lang/Object;+28 java.base@17.0.7
j  java.lang.invoke.BootstrapMethodInvoker.invoke(Ljava/lang/Class;Ljava/lang/invoke/MethodHandle;Ljava/lang/String;Ljava/lang/Object;Ljava/lang/Object;Ljava/lang/Class;)Ljava/lang/Object;+319 java.base@17.0.7
j  java.lang.invoke.CallSite.makeSite(Ljava/lang/invoke/MethodHandle;Ljava/lang/String;Ljava/lang/invoke/MethodType;Ljava/lang/Object;Ljava/lang/Class;)Ljava/lang/invoke/CallSite;+8 java.base@17.0.7
j  java.lang.invoke.MethodHandleNatives.linkCallSiteImpl(Ljava/lang/Class;Ljava/lang/invoke/MethodHandle;Ljava/lang/String;Ljava/lang/invoke/MethodType;Ljava/lang/Object;[Ljava/lang/Object;)Ljava/lang/invoke/MemberName;+6 java.base@17.0.7
j  java.lang.invoke.MethodHandleNatives.linkCallSite(Ljava/lang/Object;ILjava/lang/Object;Ljava/lang/Object;Ljava/lang/Object;Ljava/lang/Object;[Ljava/lang/Object;)Ljava/lang/invoke/MemberName;+46 java.base@17.0.7
v  ~StubRoutines::call_stub
j  org.gradle.internal.buildevents.BuildExceptionReporter.fillInFailureResolution(Lorg/gradle/internal/buildevents/BuildExceptionReporter$FailureDetails;)V+50
j  org.gradle.internal.buildevents.BuildExceptionReporter.constructFailureDetails(Ljava/lang/String;Ljava/lang/Throwable;)Lorg/gradle/internal/buildevents/BuildExceptionReporter$FailureDetails;+33
j  org.gradle.internal.buildevents.BuildExceptionReporter.renderSingleBuildException(Ljava/lang/Throwable;)V+19
j  org.gradle.internal.buildevents.BuildExceptionReporter.execute(Ljava/lang/Throwable;)V+20
j  org.gradle.internal.buildevents.BuildExceptionReporter.execute(Ljava/lang/Object;)V+5
j  org.gradle.launcher.cli.ExceptionReportingAction.execute(Lorg/gradle/launcher/bootstrap/ExecutionListener;)V+89
j  org.gradle.launcher.cli.ExceptionReportingAction.execute(Ljava/lang/Object;)V+5
j  org.gradle.launcher.cli.DefaultCommandLineActionFactory$WithLogging.execute(Lorg/gradle/launcher/bootstrap/ExecutionListener;)V+299
j  org.gradle.launcher.Main.doAction([Ljava/lang/String;Lorg/gradle/launcher/bootstrap/ExecutionListener;)V+14
j  org.gradle.launcher.bootstrap.EntryPoint.run([Ljava/lang/String;)V+12
v  ~StubRoutines::call_stub
j  jdk.internal.reflect.NativeMethodAccessorImpl.invoke0(Ljava/lang/reflect/Method;Ljava/lang/Object;[Ljava/lang/Object;)Ljava/lang/Object;+0 java.base@17.0.7
j  jdk.internal.reflect.NativeMethodAccessorImpl.invoke(Ljava/lang/Object;[Ljava/lang/Object;)Ljava/lang/Object;+133 java.base@17.0.7
j  jdk.internal.reflect.DelegatingMethodAccessorImpl.invoke(Ljava/lang/Object;[Ljava/lang/Object;)Ljava/lang/Object;+6 java.base@17.0.7
j  java.lang.reflect.Method.invoke(Ljava/lang/Object;[Ljava/lang/Object;)Ljava/lang/Object;+59 java.base@17.0.7
j  org.gradle.launcher.bootstrap.ProcessBootstrap.runNoExit(Ljava/lang/String;[Ljava/lang/String;)V+159
j  org.gradle.launcher.bootstrap.ProcessBootstrap.run(Ljava/lang/String;[Ljava/lang/String;)V+2
v  ~StubRoutines::call_stub
j  jdk.internal.reflect.NativeMethodAccessorImpl.invoke0(Ljava/lang/reflect/Method;Ljava/lang/Object;[Ljava/lang/Object;)Ljava/lang/Object;+0 java.base@17.0.7
j  jdk.internal.reflect.NativeMethodAccessorImpl.invoke(Ljava/lang/Object;[Ljava/lang/Object;)Ljava/lang/Object;+133 java.base@17.0.7
j  jdk.internal.reflect.DelegatingMethodAccessorImpl.invoke(Ljava/lang/Object;[Ljava/lang/Object;)Ljava/lang/Object;+6 java.base@17.0.7
j  java.lang.reflect.Method.invoke(Ljava/lang/Object;[Ljava/lang/Object;)Ljava/lang/Object;+59 java.base@17.0.7
j  org.gradle.launcher.GradleMain.main([Ljava/lang/String;)V+100
v  ~StubRoutines::call_stub
j  jdk.internal.reflect.NativeMethodAccessorImpl.invoke0(Ljava/lang/reflect/Method;Ljava/lang/Object;[Ljava/lang/Object;)Ljava/lang/Object;+0 java.base@17.0.7
j  jdk.internal.reflect.NativeMethodAccessorImpl.invoke(Ljava/lang/Object;[Ljava/lang/Object;)Ljava/lang/Object;+133 java.base@17.0.7
j  jdk.internal.reflect.DelegatingMethodAccessorImpl.invoke(Ljava/lang/Object;[Ljava/lang/Object;)Ljava/lang/Object;+6 java.base@17.0.7
j  java.lang.reflect.Method.invoke(Ljava/lang/Object;[Ljava/lang/Object;)Ljava/lang/Object;+59 java.base@17.0.7
j  org.gradle.wrapper.BootstrapMainStarter.start([Ljava/lang/String;Ljava/io/File;)V+105
j  org.gradle.wrapper.WrapperExecutor.execute([Ljava/lang/String;Lorg/gradle/wrapper/Install;Lorg/gradle/wrapper/BootstrapMainStarter;)V+14
j  org.gradle.wrapper.GradleWrapperMain.main([Ljava/lang/String;)V+206
v  ~StubRoutines::call_stub

---------------  P R O C E S S  ---------------

Threads class SMR info:
_java_thread_list=0x000002537b5df5d0, length=13, elements={
0x0000025361019430, 0x0000025379eb8120, 0x0000025379eb8f90, 0x0000025379ed2240,
0x0000025379ed4c10, 0x0000025379ed55c0, 0x0000025379ed5f70, 0x0000025379ed8030,
0x0000025379f45820, 0x0000025379f4a8f0, 0x000002537a9564b0, 0x000002537a95ec40,
0x000002537b009710
}

Java Threads: ( => current thread )
=>0x0000025361019430 JavaThread "main" [_thread_in_vm, id=19072, stack(0x000000858f000000,0x000000858f100000)]
  0x0000025379eb8120 JavaThread "Reference Handler" daemon [_thread_blocked, id=22504, stack(0x000000858f800000,0x000000858f900000)]
  0x0000025379eb8f90 JavaThread "Finalizer" daemon [_thread_blocked, id=16168, stack(0x000000858f900000,0x000000858fa00000)]
  0x0000025379ed2240 JavaThread "Signal Dispatcher" daemon [_thread_blocked, id=22840, stack(0x000000858fa00000,0x000000858fb00000)]
  0x0000025379ed4c10 JavaThread "Attach Listener" daemon [_thread_blocked, id=21824, stack(0x000000858fb00000,0x000000858fc00000)]
  0x0000025379ed55c0 JavaThread "Service Thread" daemon [_thread_blocked, id=5108, stack(0x000000858fc00000,0x000000858fd00000)]
  0x0000025379ed5f70 JavaThread "Monitor Deflation Thread" daemon [_thread_blocked, id=15236, stack(0x000000858fd00000,0x000000858fe00000)]
  0x0000025379ed8030 JavaThread "C2 CompilerThread0" daemon [_thread_blocked, id=23032, stack(0x000000858fe00000,0x000000858ff00000)]
  0x0000025379f45820 JavaThread "C1 CompilerThread0" daemon [_thread_in_native, id=22916, stack(0x000000858ff00000,0x0000008590000000)]
  0x0000025379f4a8f0 JavaThread "Sweeper thread" daemon [_thread_blocked, id=13036, stack(0x0000008590000000,0x0000008590100000)]
  0x000002537a9564b0 JavaThread "Notification Thread" daemon [_thread_blocked, id=25444, stack(0x0000008590100000,0x0000008590200000)]
  0x000002537a95ec40 JavaThread "Common-Cleaner" daemon [_thread_blocked, id=25292, stack(0x0000008590300000,0x0000008590400000)]
  0x000002537b009710 JavaThread "pool-1-thread-1" [_thread_blocked, id=27408, stack(0x0000008590700000,0x0000008590800000)]

Other Threads:
  0x0000025379eb45c0 VMThread "VM Thread" [stack: 0x000000858f700000,0x000000858f800000] [id=22732]
  0x000002537a958990 WatcherThread [stack: 0x0000008590200000,0x0000008590300000] [id=25352]
  0x0000025361036590 GCTaskThread "GC Thread#0" [stack: 0x000000858f200000,0x000000858f300000] [id=22592]
  0x000002537aafb1c0 GCTaskThread "GC Thread#1" [stack: 0x0000008590400000,0x0000008590500000] [id=20628]
  0x000002537ad99970 GCTaskThread "GC Thread#2" [stack: 0x0000008590500000,0x0000008590600000] [id=20004]
  0x000002537ad99c20 GCTaskThread "GC Thread#3" [stack: 0x0000008590600000,0x0000008590700000] [id=17752]
  0x0000025361037cd0 ConcurrentGCThread "G1 Main Marker" [stack: 0x000000858f300000,0x000000858f400000] [id=1580]
  0x00000253610396f0 ConcurrentGCThread "G1 Conc#0" [stack: 0x000000858f400000,0x000000858f500000] [id=22512]
  0x00000253610870f0 ConcurrentGCThread "G1 Refine#0" [stack: 0x000000858f500000,0x000000858f600000] [id=22980]
  0x0000025361088b20 ConcurrentGCThread "G1 Service" [stack: 0x000000858f600000,0x000000858f700000] [id=24980]

Threads with active compile tasks:
C1 CompilerThread0   104346 1527       3       java.lang.invoke.MethodHandles$Lookup::checkSecurityManager (97 bytes)

VM state: not at safepoint (normal execution)

VM Mutex/Monitor currently owned by a thread: None

Heap address: 0x00000000fc000000, size: 64 MB, Compressed Oops mode: 32-bit

CDS archive(s) mapped at: [0x0000000800000000-0x0000000800bd0000-0x0000000800bd0000), size 12386304, SharedBaseAddress: 0x0000000800000000, ArchiveRelocationMode: 0.
Compressed class space mapped at: 0x0000000800c00000-0x0000000840c00000, reserved size: 1073741824
Narrow klass base: 0x0000000800000000, Narrow klass shift: 0, Narrow klass range: 0x100000000

GC Precious Log:
 CPUs: 4 total, 4 available
 Memory: 16193M
 Large Page Support: Disabled
 NUMA Support: Disabled
 Compressed Oops: Enabled (32-bit)
 Heap Region Size: 1M
 Heap Min Capacity: 64M
 Heap Initial Capacity: 64M
 Heap Max Capacity: 64M
 Pre-touch: Disabled
 Parallel Workers: 4
 Concurrent Workers: 1
 Concurrent Refinement Workers: 4
 Periodic GC: Disabled

Heap:
 garbage-first heap   total 65536K, used 25450K [0x00000000fc000000, 0x0000000100000000)
  region size 1024K, 19 young (19456K), 3 survivors (3072K)
 Metaspace       used 9215K, committed 9344K, reserved 1056768K
  class space    used 1204K, committed 1280K, reserved 1048576K

Heap Regions: E=young(eden), S=young(survivor), O=old, HS=humongous(starts), HC=humongous(continues), CS=collection set, F=free, OA=open archive, CA=closed archive, TAMS=top-at-mark-start (previous, next)
|   0|0x00000000fc000000, 0x00000000fc100000, 0x00000000fc100000|100%| O|  |TAMS 0x00000000fc000000, 0x00000000fc000000| Untracked 
|   1|0x00000000fc100000, 0x00000000fc200000, 0x00000000fc200000|100%| O|  |TAMS 0x00000000fc100000, 0x00000000fc100000| Untracked 
|   2|0x00000000fc200000, 0x00000000fc300000, 0x00000000fc300000|100%|HS|  |TAMS 0x00000000fc200000, 0x00000000fc200000| Complete 
|   3|0x00000000fc300000, 0x00000000fc400000, 0x00000000fc400000|100%|HC|  |TAMS 0x00000000fc300000, 0x00000000fc300000| Complete 
|   4|0x00000000fc400000, 0x00000000fc500000, 0x00000000fc500000|100%|HC|  |TAMS 0x00000000fc400000, 0x00000000fc400000| Complete 
|   5|0x00000000fc500000, 0x00000000fc600000, 0x00000000fc600000|100%|HC|  |TAMS 0x00000000fc500000, 0x00000000fc500000| Complete 
|   6|0x00000000fc600000, 0x00000000fc700000, 0x00000000fc700000|100%| O|  |TAMS 0x00000000fc600000, 0x00000000fc600000| Untracked 
|   7|0x00000000fc700000, 0x00000000fc7daa00, 0x00000000fc800000| 85%| O|  |TAMS 0x00000000fc700000, 0x00000000fc700000| Untracked 
|   8|0x00000000fc800000, 0x00000000fc800000, 0x00000000fc900000|  0%| F|  |TAMS 0x00000000fc800000, 0x00000000fc800000| Untracked 
|   9|0x00000000fc900000, 0x00000000fc900000, 0x00000000fca00000|  0%| F|  |TAMS 0x00000000fc900000, 0x00000000fc900000| Untracked 
|  10|0x00000000fca00000, 0x00000000fca00000, 0x00000000fcb00000|  0%| F|  |TAMS 0x00000000fca00000, 0x00000000fca00000| Untracked 
|  11|0x00000000fcb00000, 0x00000000fcb00000, 0x00000000fcc00000|  0%| F|  |TAMS 0x00000000fcb00000, 0x00000000fcb00000| Untracked 
|  12|0x00000000fcc00000, 0x00000000fcc00000, 0x00000000fcd00000|  0%| F|  |TAMS 0x00000000fcc00000, 0x00000000fcc00000| Untracked 
|  13|0x00000000fcd00000, 0x00000000fcd00000, 0x00000000fce00000|  0%| F|  |TAMS 0x00000000fcd00000, 0x00000000fcd00000| Untracked 
|  14|0x00000000fce00000, 0x00000000fce00000, 0x00000000fcf00000|  0%| F|  |TAMS 0x00000000fce00000, 0x00000000fce00000| Untracked 
|  15|0x00000000fcf00000, 0x00000000fcf00000, 0x00000000fd000000|  0%| F|  |TAMS 0x00000000fcf00000, 0x00000000fcf00000| Untracked 
|  16|0x00000000fd000000, 0x00000000fd000000, 0x00000000fd100000|  0%| F|  |TAMS 0x00000000fd000000, 0x00000000fd000000| Untracked 
|  17|0x00000000fd100000, 0x00000000fd100000, 0x00000000fd200000|  0%| F|  |TAMS 0x00000000fd100000, 0x00000000fd100000| Untracked 
|  18|0x00000000fd200000, 0x00000000fd200000, 0x00000000fd300000|  0%| F|  |TAMS 0x00000000fd200000, 0x00000000fd200000| Untracked 
|  19|0x00000000fd300000, 0x00000000fd300000, 0x00000000fd400000|  0%| F|  |TAMS 0x00000000fd300000, 0x00000000fd300000| Untracked 
|  20|0x00000000fd400000, 0x00000000fd400000, 0x00000000fd500000|  0%| F|  |TAMS 0x00000000fd400000, 0x00000000fd400000| Untracked 
|  21|0x00000000fd500000, 0x00000000fd500000, 0x00000000fd600000|  0%| F|  |TAMS 0x00000000fd500000, 0x00000000fd500000| Untracked 
|  22|0x00000000fd600000, 0x00000000fd600000, 0x00000000fd700000|  0%| F|  |TAMS 0x00000000fd600000, 0x00000000fd600000| Untracked 
|  23|0x00000000fd700000, 0x00000000fd700000, 0x00000000fd800000|  0%| F|  |TAMS 0x00000000fd700000, 0x00000000fd700000| Untracked 
|  24|0x00000000fd800000, 0x00000000fd800000, 0x00000000fd900000|  0%| F|  |TAMS 0x00000000fd800000, 0x00000000fd800000| Untracked 
|  25|0x00000000fd900000, 0x00000000fd900000, 0x00000000fda00000|  0%| F|  |TAMS 0x00000000fd900000, 0x00000000fd900000| Untracked 
|  26|0x00000000fda00000, 0x00000000fda00000, 0x00000000fdb00000|  0%| F|  |TAMS 0x00000000fda00000, 0x00000000fda00000| Untracked 
|  27|0x00000000fdb00000, 0x00000000fdb00000, 0x00000000fdc00000|  0%| F|  |TAMS 0x00000000fdb00000, 0x00000000fdb00000| Untracked 
|  28|0x00000000fdc00000, 0x00000000fdc00000, 0x00000000fdd00000|  0%| F|  |TAMS 0x00000000fdc00000, 0x00000000fdc00000| Untracked 
|  29|0x00000000fdd00000, 0x00000000fdd00000, 0x00000000fde00000|  0%| F|  |TAMS 0x00000000fdd00000, 0x00000000fdd00000| Untracked 
|  30|0x00000000fde00000, 0x00000000fde00000, 0x00000000fdf00000|  0%| F|  |TAMS 0x00000000fde00000, 0x00000000fde00000| Untracked 
|  31|0x00000000fdf00000, 0x00000000fdf00000, 0x00000000fe000000|  0%| F|  |TAMS 0x00000000fdf00000, 0x00000000fdf00000| Untracked 
|  32|0x00000000fe000000, 0x00000000fe000000, 0x00000000fe100000|  0%| F|  |TAMS 0x00000000fe000000, 0x00000000fe000000| Untracked 
|  33|0x00000000fe100000, 0x00000000fe100000, 0x00000000fe200000|  0%| F|  |TAMS 0x00000000fe100000, 0x00000000fe100000| Untracked 
|  34|0x00000000fe200000, 0x00000000fe200000, 0x00000000fe300000|  0%| F|  |TAMS 0x00000000fe200000, 0x00000000fe200000| Untracked 
|  35|0x00000000fe300000, 0x00000000fe300000, 0x00000000fe400000|  0%| F|  |TAMS 0x00000000fe300000, 0x00000000fe300000| Untracked 
|  36|0x00000000fe400000, 0x00000000fe400000, 0x00000000fe500000|  0%| F|  |TAMS 0x00000000fe400000, 0x00000000fe400000| Untracked 
|  37|0x00000000fe500000, 0x00000000fe500000, 0x00000000fe600000|  0%| F|  |TAMS 0x00000000fe500000, 0x00000000fe500000| Untracked 
|  38|0x00000000fe600000, 0x00000000fe600000, 0x00000000fe700000|  0%| F|  |TAMS 0x00000000fe600000, 0x00000000fe600000| Untracked 
|  39|0x00000000fe700000, 0x00000000fe700000, 0x00000000fe800000|  0%| F|  |TAMS 0x00000000fe700000, 0x00000000fe700000| Untracked 
|  40|0x00000000fe800000, 0x00000000fe800000, 0x00000000fe900000|  0%| F|  |TAMS 0x00000000fe800000, 0x00000000fe800000| Untracked 
|  41|0x00000000fe900000, 0x00000000fe900000, 0x00000000fea00000|  0%| F|  |TAMS 0x00000000fe900000, 0x00000000fe900000| Untracked 
|  42|0x00000000fea00000, 0x00000000fea00000, 0x00000000feb00000|  0%| F|  |TAMS 0x00000000fea00000, 0x00000000fea00000| Untracked 
|  43|0x00000000feb00000, 0x00000000feb00000, 0x00000000fec00000|  0%| F|  |TAMS 0x00000000feb00000, 0x00000000feb00000| Untracked 
|  44|0x00000000fec00000, 0x00000000fed00000, 0x00000000fed00000|100%| S|CS|TAMS 0x00000000fec00000, 0x00000000fec00000| Complete 
|  45|0x00000000fed00000, 0x00000000fee00000, 0x00000000fee00000|100%| S|CS|TAMS 0x00000000fed00000, 0x00000000fed00000| Complete 
|  46|0x00000000fee00000, 0x00000000fef00000, 0x00000000fef00000|100%| S|CS|TAMS 0x00000000fee00000, 0x00000000fee00000| Complete 
|  47|0x00000000fef00000, 0x00000000fef00000, 0x00000000ff000000|  0%| F|  |TAMS 0x00000000fef00000, 0x00000000fef00000| Untracked 
|  48|0x00000000ff000000, 0x00000000ff07efb0, 0x00000000ff100000| 49%| E|  |TAMS 0x00000000ff000000, 0x00000000ff000000| Complete 
|  49|0x00000000ff100000, 0x00000000ff200000, 0x00000000ff200000|100%| E|CS|TAMS 0x00000000ff100000, 0x00000000ff100000| Complete 
|  50|0x00000000ff200000, 0x00000000ff300000, 0x00000000ff300000|100%| E|CS|TAMS 0x00000000ff200000, 0x00000000ff200000| Complete 
|  51|0x00000000ff300000, 0x00000000ff400000, 0x00000000ff400000|100%| E|CS|TAMS 0x00000000ff300000, 0x00000000ff300000| Complete 
|  52|0x00000000ff400000, 0x00000000ff500000, 0x00000000ff500000|100%| E|CS|TAMS 0x00000000ff400000, 0x00000000ff400000| Complete 
|  53|0x00000000ff500000, 0x00000000ff600000, 0x00000000ff600000|100%| E|  |TAMS 0x00000000ff500000, 0x00000000ff500000| Complete 
|  54|0x00000000ff600000, 0x00000000ff700000, 0x00000000ff700000|100%| E|CS|TAMS 0x00000000ff600000, 0x00000000ff600000| Complete 
|  55|0x00000000ff700000, 0x00000000ff800000, 0x00000000ff800000|100%| E|CS|TAMS 0x00000000ff700000, 0x00000000ff700000| Complete 
|  56|0x00000000ff800000, 0x00000000ff900000, 0x00000000ff900000|100%| E|CS|TAMS 0x00000000ff800000, 0x00000000ff800000| Complete 
|  57|0x00000000ff900000, 0x00000000ffa00000, 0x00000000ffa00000|100%| E|CS|TAMS 0x00000000ff900000, 0x00000000ff900000| Complete 
|  58|0x00000000ffa00000, 0x00000000ffb00000, 0x00000000ffb00000|100%| E|CS|TAMS 0x00000000ffa00000, 0x00000000ffa00000| Complete 
|  59|0x00000000ffb00000, 0x00000000ffc00000, 0x00000000ffc00000|100%| E|CS|TAMS 0x00000000ffb00000, 0x00000000ffb00000| Complete 
|  60|0x00000000ffc00000, 0x00000000ffd00000, 0x00000000ffd00000|100%| E|CS|TAMS 0x00000000ffc00000, 0x00000000ffc00000| Complete 
|  61|0x00000000ffd00000, 0x00000000ffe00000, 0x00000000ffe00000|100%| E|CS|TAMS 0x00000000ffd00000, 0x00000000ffd00000| Complete 
|  62|0x00000000ffe00000, 0x00000000fff00000, 0x00000000fff00000|100%| E|CS|TAMS 0x00000000ffe00000, 0x00000000ffe00000| Complete 
|  63|0x00000000fff00000, 0x0000000100000000, 0x0000000100000000|100%| E|CS|TAMS 0x00000000fff00000, 0x00000000fff00000| Complete 

Card table byte_map: [0x0000025360e00000,0x0000025360e20000] _byte_map_base: 0x0000025360620000

Marking Bits (Prev, Next): (CMBitMap*) 0x0000025361036ba0, (CMBitMap*) 0x0000025361036be0
 Prev Bits: [0x0000025360e40000, 0x0000025360f40000)
 Next Bits: [0x0000025377890000, 0x0000025377990000)

Polling page: 0x000002535eee0000

Metaspace:

Usage:
  Non-class:      7.82 MB used.
      Class:      1.18 MB used.
       Both:      9.00 MB used.

Virtual space:
  Non-class space:        8.00 MB reserved,       7.88 MB ( 98%) committed,  1 nodes.
      Class space:        1.00 GB reserved,       1.25 MB ( <1%) committed,  1 nodes.
             Both:        1.01 GB reserved,       9.12 MB ( <1%) committed. 

Chunk freelists:
   Non-Class:  64.00 KB
       Class:  2.63 MB
        Both:  2.69 MB

MaxMetaspaceSize: unlimited
CompressedClassSpaceSize: 1.00 GB
Initial GC threshold: 21.00 MB
Current GC threshold: 21.00 MB
CDS: on
MetaspaceReclaimPolicy: balanced
 - commit_granule_bytes: 65536.
 - commit_granule_words: 8192.
 - virtual_space_node_default_size: 1048576.
 - enlarge_chunks_in_place: 1.
 - new_chunks_are_fully_committed: 0.
 - uncommit_free_chunks: 1.
 - use_allocation_guard: 0.
 - handle_deallocations: 1.


Internal statistics:

num_allocs_failed_limit: 0.
num_arena_births: 90.
num_arena_deaths: 0.
num_vsnodes_births: 2.
num_vsnodes_deaths: 0.
num_space_committed: 146.
num_space_uncommitted: 0.
num_chunks_returned_to_freelist: 0.
num_chunks_taken_from_freelist: 321.
num_chunk_merges: 0.
num_chunk_splits: 215.
num_chunks_enlarged: 179.
num_purges: 0.
num_inconsistent_stats: 0.

CodeHeap 'non-profiled nmethods': size=120000Kb used=636Kb max_used=636Kb free=119363Kb
 bounds [0x0000025370360000, 0x00000253705d0000, 0x0000025377890000]
CodeHeap 'profiled nmethods': size=120000Kb used=2975Kb max_used=2975Kb free=117025Kb
 bounds [0x0000025368890000, 0x0000025368b80000, 0x000002536fdc0000]
CodeHeap 'non-nmethods': size=5760Kb used=1176Kb max_used=1206Kb free=4584Kb
 bounds [0x000002536fdc0000, 0x0000025370030000, 0x0000025370360000]
 total_blobs=1996 nmethods=1520 adapters=389
 compilation: enabled
              stopped_count=0, restarted_count=0
 full_count=0

Compilation events (20 events):
Event: 104.310 Thread 0x0000025379f45820 nmethod 1512 0x0000025368b76010 code [0x0000025368b761a0, 0x0000025368b76318]
Event: 104.310 Thread 0x0000025379f45820 1515       3       org.gradle.internal.logging.text.AbstractLineChoppingStyledTextOutput$2::execute (9 bytes)
Event: 104.310 Thread 0x0000025379ed8030 nmethod 1518 0x00000253703fd590 code [0x00000253703fd700, 0x00000253703fd778]
Event: 104.310 Thread 0x0000025379f45820 nmethod 1515 0x0000025368b76390 code [0x0000025368b76540, 0x0000025368b76768]
Event: 104.310 Thread 0x0000025379f45820 1517       3       org.gradle.internal.logging.text.AbstractLineChoppingStyledTextOutput::access$900 (4 bytes)
Event: 104.310 Thread 0x0000025379ed8030 1519       4       org.gradle.internal.logging.text.AbstractLineChoppingStyledTextOutput$StateContext::isCurrentCharEquals (70 bytes)
Event: 104.310 Thread 0x0000025379f45820 nmethod 1517 0x0000025368b76810 code [0x0000025368b769a0, 0x0000025368b76a98]
Event: 104.311 Thread 0x0000025379f45820 1520       3       java.nio.ByteBuffer::arrayOffset (35 bytes)
Event: 104.311 Thread 0x0000025379f45820 nmethod 1520 0x0000025368b76b10 code [0x0000025368b76ce0, 0x0000025368b76fb8]
Event: 104.312 Thread 0x0000025379f45820 1523       3       java.nio.charset.CoderResult::isUnderflow (13 bytes)
Event: 104.312 Thread 0x0000025379f45820 nmethod 1523 0x0000025368b77110 code [0x0000025368b772a0, 0x0000025368b77418]
Event: 104.312 Thread 0x0000025379ed8030 nmethod 1519 0x00000253703fd890 code [0x00000253703fda20, 0x00000253703fdb88]
Event: 104.312 Thread 0x0000025379ed8030 1521       4       org.gradle.internal.logging.text.AbstractLineChoppingStyledTextOutput$StateContext::hasChar (25 bytes)
Event: 104.312 Thread 0x0000025379f45820 1525       3       java.nio.CharBuffer::position (8 bytes)
Event: 104.312 Thread 0x0000025379f45820 nmethod 1525 0x0000025368b77490 code [0x0000025368b77620, 0x0000025368b77768]
Event: 104.312 Thread 0x0000025379f45820 1526       3       java.nio.CharBuffer::position (6 bytes)
Event: 104.312 Thread 0x0000025379ed8030 nmethod 1521 0x00000253703fdd10 code [0x00000253703fde80, 0x00000253703fdf38]
Event: 104.312 Thread 0x0000025379ed8030 1522       4       org.gradle.internal.logging.text.AbstractLineChoppingStyledTextOutput$2::execute (77 bytes)
Event: 104.312 Thread 0x0000025379f45820 nmethod 1526 0x0000025368b77810 code [0x0000025368b779c0, 0x0000025368b77b68]
Event: 104.315 Thread 0x0000025379f45820 1527       3       java.lang.invoke.MethodHandles$Lookup::checkSecurityManager (97 bytes)

GC Heap History (4 events):
Event: 4.949 GC heap before
{Heap before GC invocations=0 (full 0):
 garbage-first heap   total 65536K, used 12288K [0x00000000fc000000, 0x0000000100000000)
  region size 1024K, 13 young (13312K), 0 survivors (0K)
 Metaspace       used 1786K, committed 1920K, reserved 1056768K
  class space    used 160K, committed 192K, reserved 1048576K
}
Event: 5.065 GC heap after
{Heap after GC invocations=1 (full 0):
 garbage-first heap   total 65536K, used 3388K [0x00000000fc000000, 0x0000000100000000)
  region size 1024K, 2 young (2048K), 2 survivors (2048K)
 Metaspace       used 1786K, committed 1920K, reserved 1056768K
  class space    used 160K, committed 192K, reserved 1048576K
}
Event: 13.300 GC heap before
{Heap before GC invocations=1 (full 0):
 garbage-first heap   total 65536K, used 22844K [0x00000000fc000000, 0x0000000100000000)
  region size 1024K, 17 young (17408K), 2 survivors (2048K)
 Metaspace       used 5169K, committed 5440K, reserved 1056768K
  class space    used 697K, committed 832K, reserved 1048576K
}
Event: 13.303 GC heap after
{Heap after GC invocations=2 (full 0):
 garbage-first heap   total 65536K, used 11114K [0x00000000fc000000, 0x0000000100000000)
  region size 1024K, 3 young (3072K), 3 survivors (3072K)
 Metaspace       used 5169K, committed 5440K, reserved 1056768K
  class space    used 697K, committed 832K, reserved 1048576K
}

Deoptimization events (20 events):
Event: 41.724 Thread 0x0000025361019430 Uncommon trap: trap_request=0xffffffc6 fr.pc=0x00000253703e9b00 relative=0x00000000000004c0
Event: 41.724 Thread 0x0000025361019430 Uncommon trap: reason=bimorphic_or_optimized_type_check action=maybe_recompile pc=0x00000253703e9b00 method=java.util.HashMap.getNode(Ljava/lang/Object;)Ljava/util/HashMap$Node; @ 128 c2
Event: 41.724 Thread 0x0000025361019430 DEOPT PACKING pc=0x00000253703e9b00 sp=0x000000858f0fa750
Event: 41.724 Thread 0x0000025361019430 DEOPT UNPACKING pc=0x000002536fe123a3 sp=0x000000858f0fa668 mode 2
Event: 41.724 Thread 0x0000025361019430 Uncommon trap: trap_request=0xffffffc6 fr.pc=0x00000253703ea53c relative=0x000000000000047c
Event: 41.724 Thread 0x0000025361019430 Uncommon trap: reason=bimorphic_or_optimized_type_check action=maybe_recompile pc=0x00000253703ea53c method=java.util.HashMap.getNode(Ljava/lang/Object;)Ljava/util/HashMap$Node; @ 128 c2
Event: 41.724 Thread 0x0000025361019430 DEOPT PACKING pc=0x00000253703ea53c sp=0x000000858f0fa6e0
Event: 41.724 Thread 0x0000025361019430 DEOPT UNPACKING pc=0x000002536fe123a3 sp=0x000000858f0fa668 mode 2
Event: 104.306 Thread 0x0000025361019430 Uncommon trap: trap_request=0xffffff45 fr.pc=0x00000253703d3e10 relative=0x0000000000000170
Event: 104.306 Thread 0x0000025361019430 Uncommon trap: reason=unstable_if action=reinterpret pc=0x00000253703d3e10 method=java.net.URI$Parser.scan(IIJJ)I @ 28 c2
Event: 104.306 Thread 0x0000025361019430 DEOPT PACKING pc=0x00000253703d3e10 sp=0x000000858f0fc480
Event: 104.306 Thread 0x0000025361019430 DEOPT UNPACKING pc=0x000002536fe123a3 sp=0x000000858f0fc400 mode 2
Event: 104.306 Thread 0x0000025361019430 Uncommon trap: trap_request=0xffffff45 fr.pc=0x00000253703db274 relative=0x00000000000001d4
Event: 104.306 Thread 0x0000025361019430 Uncommon trap: reason=unstable_if action=reinterpret pc=0x00000253703db274 method=java.net.URI$Parser.scan(IILjava/lang/String;)I @ 26 c2
Event: 104.306 Thread 0x0000025361019430 DEOPT PACKING pc=0x00000253703db274 sp=0x000000858f0fc6b0
Event: 104.306 Thread 0x0000025361019430 DEOPT UNPACKING pc=0x000002536fe123a3 sp=0x000000858f0fc640 mode 2
Event: 104.312 Thread 0x0000025361019430 Uncommon trap: trap_request=0xffffff45 fr.pc=0x00000253703fdeec relative=0x000000000000006c
Event: 104.312 Thread 0x0000025361019430 Uncommon trap: reason=unstable_if action=reinterpret pc=0x00000253703fdeec method=org.gradle.internal.logging.text.AbstractLineChoppingStyledTextOutput$StateContext.hasChar()Z @ 16 c2
Event: 104.312 Thread 0x0000025361019430 DEOPT PACKING pc=0x00000253703fdeec sp=0x000000858f0fc6a0
Event: 104.312 Thread 0x0000025361019430 DEOPT UNPACKING pc=0x000002536fe123a3 sp=0x000000858f0fc638 mode 2

Classes unloaded (0 events):
No events

Classes redefined (0 events):
No events

Internal exceptions (20 events):
Event: 12.368 Thread 0x0000025361019430 Exception <a 'java/lang/NoSuchMethodError'{0x00000000ff611d08}: 'java.lang.Object java.lang.invoke.DirectMethodHandle$Holder.invokeVirtual(java.lang.Object, java.lang.Object, java.lang.Object, java.lang.Object, java.lang.Object, java.lang.Object, java.lang.Object)'> (0x00000000ff611d08) 
thrown [s\open\src\hotspot\share\interpreter\linkResolver.cpp, line 759]
Event: 12.370 Thread 0x0000025361019430 Exception <a 'java/lang/NoSuchMethodError'{0x00000000ff623388}: 'java.lang.Object java.lang.invoke.Invokers$Holder.invoker(java.lang.Object, java.lang.Object, java.lang.Object)'> (0x00000000ff623388) 
thrown [s\open\src\hotspot\share\interpreter\linkResolver.cpp, line 759]
Event: 12.497 Thread 0x0000025361019430 Exception <a 'java/lang/NoSuchMethodError'{0x00000000ff62c458}: 'java.lang.Object java.lang.invoke.DirectMethodHandle$Holder.invokeStatic(java.lang.Object, java.lang.Object, int)'> (0x00000000ff62c458) 
thrown [s\open\src\hotspot\share\interpreter\linkResolver.cpp, line 759]
Event: 12.499 Thread 0x0000025361019430 Exception <a 'java/lang/NoSuchMethodError'{0x00000000ff638148}: 'void java.lang.invoke.DelegatingMethodHandle$Holder.delegate(java.lang.Object, java.lang.Object, int, java.lang.Object)'> (0x00000000ff638148) 
thrown [s\open\src\hotspot\share\interpreter\linkResolver.cpp, line 759]
Event: 12.500 Thread 0x0000025361019430 Exception <a 'java/lang/NoSuchMethodError'{0x00000000ff63c290}: 'int java.lang.invoke.DirectMethodHandle$Holder.invokeSpecial(java.lang.Object, java.lang.Object, java.lang.Object)'> (0x00000000ff63c290) 
thrown [s\open\src\hotspot\share\interpreter\linkResolver.cpp, line 759]
Event: 12.505 Thread 0x0000025361019430 Exception <a 'java/lang/NoSuchMethodError'{0x00000000ff64f620}: 'java.lang.Object java.lang.invoke.Invokers$Holder.invokeExact_MT(java.lang.Object, java.lang.Object, java.lang.Object, java.lang.Object)'> (0x00000000ff64f620) 
thrown [s\open\src\hotspot\share\interpreter\linkResolver.cpp, line 759]
Event: 12.921 Thread 0x0000025361019430 Exception <a 'java/lang/NoSuchMethodError'{0x00000000ff04ea98}: 'void java.lang.invoke.DirectMethodHandle$Holder.invokeSpecial(java.lang.Object, java.lang.Object, java.lang.Object)'> (0x00000000ff04ea98) 
thrown [s\open\src\hotspot\share\interpreter\linkResolver.cpp, line 759]
Event: 13.084 Thread 0x0000025361019430 Implicit null exception at 0x00000253703ac78e to 0x00000253703acbec
Event: 13.084 Thread 0x0000025361019430 Implicit null exception at 0x00000253703a0213 to 0x00000253703a065c
Event: 13.109 Thread 0x0000025361019430 Exception <a 'java/lang/NoSuchMethodError'{0x00000000fefeca18}: 'java.lang.Object java.lang.invoke.DirectMethodHandle$Holder.invokeStaticInit(java.lang.Object)'> (0x00000000fefeca18) 
thrown [s\open\src\hotspot\share\interpreter\linkResolver.cpp, line 759]
Event: 13.597 Thread 0x0000025361019430 Exception <a 'java/lang/NoSuchMethodError'{0x00000000ffb55d88}: 'java.lang.Object java.lang.invoke.DirectMethodHandle$Holder.invokeStaticInit(java.lang.Object, int, int, int, int)'> (0x00000000ffb55d88) 
thrown [s\open\src\hotspot\share\interpreter\linkResolver.cpp, line 759]
Event: 14.181 Thread 0x0000025361019430 Exception <a 'java/lang/NoSuchMethodError'{0x00000000ffb7c1e8}: 'java.lang.Object java.lang.invoke.DirectMethodHandle$Holder.invokeStaticInit(java.lang.Object, java.lang.Object, int, int, int, int)'> (0x00000000ffb7c1e8) 
thrown [s\open\src\hotspot\share\interpreter\linkResolver.cpp, line 759]
Event: 18.088 Thread 0x0000025361019430 Exception <a 'java/lang/NoSuchMethodError'{0x00000000ffba90c0}: 'void java.lang.invoke.DirectMethodHandle$Holder.invokeStatic(java.lang.Object, java.lang.Object, java.lang.Object)'> (0x00000000ffba90c0) 
thrown [s\open\src\hotspot\share\interpreter\linkResolver.cpp, line 759]
Event: 20.077 Thread 0x000002537b63b6c0 Exception <a 'java/lang/NoSuchMethodError'{0x00000000ff315398}: 'void java.lang.invoke.DirectMethodHandle$Holder.invokeStatic(java.lang.Object, long)'> (0x00000000ff315398) 
thrown [s\open\src\hotspot\share\interpreter\linkResolver.cpp, line 759]
Event: 20.077 Thread 0x000002537b63b6c0 Exception <a 'java/lang/NoSuchMethodError'{0x00000000ff31aa48}: 'java.lang.Object java.lang.invoke.DirectMethodHandle$Holder.newInvokeSpecial(java.lang.Object, long)'> (0x00000000ff31aa48) 
thrown [s\open\src\hotspot\share\interpreter\linkResolver.cpp, line 759]
Event: 20.079 Thread 0x000002537b63b6c0 Exception <a 'java/lang/NoSuchMethodError'{0x00000000ff3255f0}: 'java.lang.Object java.lang.invoke.DirectMethodHandle$Holder.invokeStaticInit(java.lang.Object, java.lang.Object, long, java.lang.Object)'> (0x00000000ff3255f0) 
thrown [s\open\src\hotspot\share\interpreter\linkResolver.cpp, line 759]
Event: 20.080 Thread 0x000002537b63b6c0 Exception <a 'java/lang/NoSuchMethodError'{0x00000000ff32bc78}: 'java.lang.Object java.lang.invoke.DirectMethodHandle$Holder.newInvokeSpecial(java.lang.Object, java.lang.Object, long)'> (0x00000000ff32bc78) 
thrown [s\open\src\hotspot\share\interpreter\linkResolver.cpp, line 759]
Event: 20.080 Thread 0x000002537b63b6c0 Exception <a 'java/lang/NoSuchMethodError'{0x00000000ff32ff68}: 'java.lang.Object java.lang.invoke.Invokers$Holder.linkToTargetMethod(java.lang.Object, long, java.lang.Object)'> (0x00000000ff32ff68) 
thrown [s\open\src\hotspot\share\interpreter\linkResolver.cpp, line 759]
Event: 104.299 Thread 0x0000025361019430 Exception <a 'sun/net/ConnectionResetException'{0x00000000ff197e50}: Connection reset> (0x00000000ff197e50) 
thrown [s\open\src\hotspot\share\prims\jni.cpp, line 535]
Event: 104.304 Thread 0x0000025361019430 Exception <a 'java/lang/NoSuchMethodError'{0x00000000ff1dcad0}: 'int java.lang.invoke.DirectMethodHandle$Holder.invokeVirtual(java.lang.Object, java.lang.Object)'> (0x00000000ff1dcad0) 
thrown [s\open\src\hotspot\share\interpreter\linkResolver.cpp, line 759]

VM Operations (20 events):
Event: 22.017 Executing VM operation: Cleanup
Event: 22.018 Executing VM operation: Cleanup done
Event: 41.731 Executing VM operation: HandshakeAllThreads
Event: 41.731 Executing VM operation: HandshakeAllThreads done
Event: 41.731 Executing VM operation: Cleanup
Event: 41.731 Executing VM operation: Cleanup done
Event: 42.737 Executing VM operation: Cleanup
Event: 43.201 Executing VM operation: Cleanup done
Event: 44.202 Executing VM operation: Cleanup
Event: 44.202 Executing VM operation: Cleanup done
Event: 49.226 Executing VM operation: Cleanup
Event: 49.226 Executing VM operation: Cleanup done
Event: 92.324 Executing VM operation: HandshakeAllThreads
Event: 92.324 Executing VM operation: HandshakeAllThreads done
Event: 94.338 Executing VM operation: Cleanup
Event: 94.338 Executing VM operation: Cleanup done
Event: 104.313 Executing VM operation: HandshakeAllThreads
Event: 104.313 Executing VM operation: HandshakeAllThreads done
Event: 104.313 Executing VM operation: Cleanup
Event: 104.313 Executing VM operation: Cleanup done

Events (20 events):
Event: 92.143 loading class jdk/internal/reflect/ByteVectorImpl done
Event: 92.143 loading class jdk/internal/reflect/ClassFileAssembler
Event: 92.143 loading class jdk/internal/reflect/ClassFileAssembler done
Event: 92.143 loading class jdk/internal/reflect/UTF8
Event: 92.143 loading class jdk/internal/reflect/UTF8 done
Event: 92.143 loading class jdk/internal/reflect/Label
Event: 92.143 loading class jdk/internal/reflect/Label done
Event: 92.143 loading class jdk/internal/reflect/Label$PatchInfo
Event: 92.144 loading class jdk/internal/reflect/Label$PatchInfo done
Event: 92.144 loading class jdk/internal/reflect/MethodAccessorGenerator$1
Event: 92.144 loading class jdk/internal/reflect/MethodAccessorGenerator$1 done
Event: 92.144 loading class jdk/internal/reflect/ClassDefiner
Event: 92.144 loading class jdk/internal/reflect/ClassDefiner done
Event: 92.144 loading class jdk/internal/reflect/ClassDefiner$1
Event: 92.144 loading class jdk/internal/reflect/ClassDefiner$1 done
Event: 103.385 Thread 0x0000025379f90fa0 Thread exited: 0x0000025379f90fa0
Event: 104.298 loading class sun/net/ConnectionResetException
Event: 104.299 loading class sun/net/ConnectionResetException done
Event: 104.307 loading class java/util/concurrent/ConcurrentLinkedQueue$Itr
Event: 104.307 loading class java/util/concurrent/ConcurrentLinkedQueue$Itr done


Dynamic libraries:
0x00007ff6be2d0000 - 0x00007ff6be2e0000 	C:\Program Files\Java\jdk-17\bin\java.exe
0x00007ff8523b0000 - 0x00007ff8525a8000 	C:\Windows\SYSTEM32\ntdll.dll
0x00007ff850410000 - 0x00007ff8504cf000 	C:\Windows\System32\KERNEL32.DLL
0x00007ff84fd10000 - 0x00007ff850006000 	C:\Windows\System32\KERNELBASE.dll
0x00007ff84cf60000 - 0x00007ff84cff1000 	C:\Windows\SYSTEM32\apphelp.dll
0x00007ff850260000 - 0x00007ff850360000 	C:\Windows\System32\ucrtbase.dll
0x00007ff839fb0000 - 0x00007ff839fc9000 	C:\Program Files\Java\jdk-17\bin\jli.dll
0x00007ff851cb0000 - 0x00007ff851d5f000 	C:\Windows\System32\ADVAPI32.dll
0x00007ff850ce0000 - 0x00007ff850d7e000 	C:\Windows\System32\msvcrt.dll
0x00007ff851c10000 - 0x00007ff851cac000 	C:\Windows\System32\sechost.dll
0x00007ff851fc0000 - 0x00007ff8520e6000 	C:\Windows\System32\RPCRT4.dll
0x00007ff8521d0000 - 0x00007ff85236d000 	C:\Windows\System32\USER32.dll
0x00007ff850040000 - 0x00007ff850062000 	C:\Windows\System32\win32u.dll
0x00007ff851f90000 - 0x00007ff851fbc000 	C:\Windows\System32\GDI32.dll
0x00007ff84fb50000 - 0x00007ff84fc65000 	C:\Windows\System32\gdi32full.dll
0x00007ff84fc70000 - 0x00007ff84fd0d000 	C:\Windows\System32\msvcp_win.dll
0x00007ff839df0000 - 0x00007ff839e0b000 	C:\Program Files\Java\jdk-17\bin\VCRUNTIME140.dll
0x00007ff837180000 - 0x00007ff83741a000 	C:\Windows\WinSxS\amd64_microsoft.windows.common-controls_6595b64144ccf1df_6.0.19041.1110_none_60b5254171f9507e\COMCTL32.dll
0x00007ff847140000 - 0x00007ff84714a000 	C:\Windows\SYSTEM32\VERSION.dll
0x00007ff850c20000 - 0x00007ff850c50000 	C:\Windows\System32\IMM32.DLL
0x00007ff844880000 - 0x00007ff84488c000 	C:\Program Files\Java\jdk-17\bin\vcruntime140_1.dll
0x00007ff838150000 - 0x00007ff8381de000 	C:\Program Files\Java\jdk-17\bin\msvcp140.dll
0x00007fffe8120000 - 0x00007fffe8cfd000 	C:\Program Files\Java\jdk-17\bin\server\jvm.dll
0x00007ff850f80000 - 0x00007ff850f88000 	C:\Windows\System32\PSAPI.DLL
0x00007ff83af70000 - 0x00007ff83af79000 	C:\Windows\SYSTEM32\WSOCK32.dll
0x00007ff851600000 - 0x00007ff85166b000 	C:\Windows\System32\WS2_32.dll
0x00007ff83bc00000 - 0x00007ff83bc27000 	C:\Windows\SYSTEM32\WINMM.dll
0x00007ff84d730000 - 0x00007ff84d742000 	C:\Windows\SYSTEM32\kernel.appcore.dll
0x00007ff844800000 - 0x00007ff84480a000 	C:\Program Files\Java\jdk-17\bin\jimage.dll
0x00007ff83c890000 - 0x00007ff83ca74000 	C:\Windows\SYSTEM32\DBGHELP.DLL
0x00007ff838250000 - 0x00007ff838284000 	C:\Windows\SYSTEM32\dbgcore.DLL
0x00007ff8501d0000 - 0x00007ff850252000 	C:\Windows\System32\bcryptPrimitives.dll
0x00007ff839780000 - 0x00007ff8397a5000 	C:\Program Files\Java\jdk-17\bin\java.dll
0x00007ff81daf0000 - 0x00007ff81dbc7000 	C:\Program Files\Java\jdk-17\bin\jsvml.dll
0x00007ff8504d0000 - 0x00007ff850c14000 	C:\Windows\System32\SHELL32.dll
0x00007ff84d930000 - 0x00007ff84e0c3000 	C:\Windows\SYSTEM32\windows.storage.dll
0x00007ff8516d0000 - 0x00007ff851a24000 	C:\Windows\System32\combase.dll
0x00007ff84f320000 - 0x00007ff84f34e000 	C:\Windows\SYSTEM32\Wldp.dll
0x00007ff851ee0000 - 0x00007ff851f8d000 	C:\Windows\System32\SHCORE.dll
0x00007ff851670000 - 0x00007ff8516c5000 	C:\Windows\System32\shlwapi.dll
0x00007ff84f9c0000 - 0x00007ff84f9e5000 	C:\Windows\SYSTEM32\profapi.dll
0x00007ff839d40000 - 0x00007ff839d59000 	C:\Program Files\Java\jdk-17\bin\net.dll
0x00007ff848da0000 - 0x00007ff848eaa000 	C:\Windows\SYSTEM32\WINHTTP.dll
0x00007ff84f100000 - 0x00007ff84f16a000 	C:\Windows\system32\mswsock.dll
0x00007ff839710000 - 0x00007ff839726000 	C:\Program Files\Java\jdk-17\bin\nio.dll
0x00007ff8396f0000 - 0x00007ff839708000 	C:\Program Files\Java\jdk-17\bin\zip.dll
0x00007ff83d520000 - 0x00007ff83d530000 	C:\Program Files\Java\jdk-17\bin\verify.dll
0x00007ff838f90000 - 0x00007ff838fb7000 	C:\Users\marcos.OTHONC\.gradle\native\68d5fa5c4cc2d200863cafc0d521ce42e7d3e7ee720ec0a83991735586a16f82\windows-amd64\native-platform.dll
0x00007ff83c030000 - 0x00007ff83c03a000 	C:\Program Files\Java\jdk-17\bin\management.dll
0x00007ff83c010000 - 0x00007ff83c01b000 	C:\Program Files\Java\jdk-17\bin\management_ext.dll
0x00007ff84f3c0000 - 0x00007ff84f3d8000 	C:\Windows\SYSTEM32\CRYPTSP.dll
0x00007ff84ea30000 - 0x00007ff84ea64000 	C:\Windows\system32\rsaenh.dll
0x00007ff850010000 - 0x00007ff850037000 	C:\Windows\System32\bcrypt.dll
0x00007ff84f980000 - 0x00007ff84f9ae000 	C:\Windows\SYSTEM32\USERENV.dll
0x00007ff84f290000 - 0x00007ff84f29c000 	C:\Windows\SYSTEM32\CRYPTBASE.dll
0x00007ff84ee10000 - 0x00007ff84ee4b000 	C:\Windows\SYSTEM32\IPHLPAPI.DLL
0x00007ff850cd0000 - 0x00007ff850cd8000 	C:\Windows\System32\NSI.dll
0x00007ff84adb0000 - 0x00007ff84adc7000 	C:\Windows\SYSTEM32\dhcpcsvc6.DLL
0x00007ff84ad20000 - 0x00007ff84ad3d000 	C:\Windows\SYSTEM32\dhcpcsvc.DLL
0x00007ff84ee50000 - 0x00007ff84ef1a000 	C:\Windows\SYSTEM32\DNSAPI.dll
0x00007ff839de0000 - 0x00007ff839ded000 	C:\Program Files\Java\jdk-17\bin\sunmscapi.dll
0x00007ff850070000 - 0x00007ff8501ce000 	C:\Windows\System32\CRYPT32.dll
0x00007ff84f540000 - 0x00007ff84f568000 	C:\Windows\SYSTEM32\ncrypt.dll
0x00007ff84f500000 - 0x00007ff84f53b000 	C:\Windows\SYSTEM32\NTASN1.dll
0x00007ff836ca0000 - 0x00007ff836ca7000 	C:\Windows\system32\wshunix.dll

dbghelp: loaded successfully - version: 4.0.5 - missing functions: none
symbol engine: initialized successfully - sym options: 0x614 - pdb path: .;C:\Program Files\Java\jdk-17\bin;C:\Windows\SYSTEM32;C:\Windows\WinSxS\amd64_microsoft.windows.common-controls_6595b64144ccf1df_6.0.19041.1110_none_60b5254171f9507e;C:\Program Files\Java\jdk-17\bin\server;C:\Users\marcos.OTHONC\.gradle\native\68d5fa5c4cc2d200863cafc0d521ce42e7d3e7ee720ec0a83991735586a16f82\windows-amd64

VM Arguments:
jvm_args: -Xmx64m -Xms64m -Dorg.gradle.appname=gradlew 
java_command: org.gradle.wrapper.GradleWrapperMain tasks
java_class_path (initial): D:\AREA DE TRABALHO\testerb\android\\gradle\wrapper\gradle-wrapper.jar
Launcher Type: SUN_STANDARD

[Global flags]
     intx CICompilerCount                          = 3                                         {product} {ergonomic}
     uint ConcGCThreads                            = 1                                         {product} {ergonomic}
     uint G1ConcRefinementThreads                  = 4                                         {product} {ergonomic}
   size_t G1HeapRegionSize                         = 1048576                                   {product} {ergonomic}
    uintx GCDrainStackTargetSize                   = 64                                        {product} {ergonomic}
   size_t InitialHeapSize                          = 67108864                                  {product} {command line}
   size_t MarkStackSize                            = 4194304                                   {product} {ergonomic}
   size_t MaxHeapSize                              = 67108864                                  {product} {command line}
   size_t MaxNewSize                               = 39845888                                  {product} {ergonomic}
   size_t MinHeapDeltaBytes                        = 1048576                                   {product} {ergonomic}
   size_t MinHeapSize                              = 67108864                                  {product} {command line}
    uintx NonNMethodCodeHeapSize                   = 5832780                                {pd product} {ergonomic}
    uintx NonProfiledCodeHeapSize                  = 122912730                              {pd product} {ergonomic}
    uintx ProfiledCodeHeapSize                     = 122912730                              {pd product} {ergonomic}
    uintx ReservedCodeCacheSize                    = 251658240                              {pd product} {ergonomic}
     bool SegmentedCodeCache                       = true                                      {product} {ergonomic}
   size_t SoftMaxHeapSize                          = 67108864                               {manageable} {ergonomic}
     bool UseCompressedClassPointers               = true                           {product lp64_product} {ergonomic}
     bool UseCompressedOops                        = true                           {product lp64_product} {ergonomic}
     bool UseG1GC                                  = true                                      {product} {ergonomic}
     bool UseLargePagesIndividualAllocation        = false                                  {pd product} {ergonomic}

Logging:
Log output configuration:
 #0: stdout all=warning uptime,level,tags
 #1: stderr all=off uptime,level,tags

Environment Variables:
JAVA_HOME=C:\Program Files\Java\jdk-17
CLASSPATH=D:\AREA DE TRABALHO\testerb\android\\gradle\wrapper\gradle-wrapper.jar
PATH=D:\AREA DE TRABALHO\testerb\node_modules\.bin;D:\AREA DE TRABALHO\testerb\node_modules\.bin;D:\AREA DE TRABALHO\node_modules\.bin;D:\node_modules\.bin;C:\Program Files\nodejs\node_modules\npm\node_modules\@npmcli\run-script\lib\node-gyp-bin;C:\Users\MARCOS~1.OTH\AppData\Local\Temp\yarn--1695809377503-0.47914496697368936;D:\AREA DE TRABALHO\testerb\node_modules\.bin;C:\Users\marcos.OTHONC\AppData\Local\Yarn\Data\link\node_modules\.bin;C:\Users\marcos.OTHONC\AppData\Local\Yarn\bin;C:\Program Files\libexec\lib\node_modules\npm\bin\node-gyp-bin;C:\Program Files\lib\node_modules\npm\bin\node-gyp-bin;C:\Program Files\nodejs\node_modules\npm\bin\node-gyp-bin;C:\Program Files\Python311\Scripts\;C:\Program Files\Python311\;C:\Program Files\Common Files\Oracle\Java\javapath;C:\Program Files (x86)\Common Files\Oracle\Java\javapath;C:\Python311\Scripts\;C:\Python311\;D:\app\client\marcos\product\12.1.0\client_2\bin;C:\Windows\system32;C:\Windows;C:\Windows\System32\Wbem;C:\Windows\System32\WindowsPowerShell\v1.0\;C:\Windows\System32\OpenSSH\;C:\Program Files\dotnet\;C:\Program Files\nodejs\;C:\ProgramData\chocolatey\bin;D:\Program Files\Git\cmd;C:\Program Files\Zabbix Agent\;D:\Program Files\Veyon\;C:\Users\marcos.OTHONC\AppData\Local\Android\Sdk;C:\Users\marcos.OTHONC\AppData\Local\Android\Sdk\platform-tools;C:\Program Files\Java\jdk-17\bin;C:\Program Files\Maven\bin;;C:\Program Files\Docker\Docker\resources\bin;C:\Users\marcos.OTHONC\AppData\Local\Microsoft\WindowsApps;D:\Users\marcos.OTHONC\AppData\Local\Programs\Microsoft VS Code\bin;C:\Users\marcos.OTHONC\AppData\Local\GitHubDesktop\bin;C:\Users\marcos.OTHONC\AppData\Roaming\npm;D:\Program Files\JetBrains\IntelliJ IDEA 2023.1.3\bin;
USERNAME=marcos
SHELL=D:\Program Files\Git\usr\bin\bash.exe
DISPLAY=needs-to-be-defined
LANG=pt_BR.UTF-8
LC_CTYPE=pt_BR.UTF-8
OS=Windows_NT
PROCESSOR_IDENTIFIER=Intel64 Family 6 Model 158 Stepping 11, GenuineIntel



---------------  S Y S T E M  ---------------

OS:
 Windows 10 , 64 bit Build 19041 (10.0.19041.3155)
OS uptime: 8 days 20:37 hours
Hyper-V role detected

CPU: total 4 (initial active 4) (4 cores per cpu, 1 threads per core) family 6 model 158 stepping 11 microcode 0xf0, cx8, cmov, fxsr, mmx, 3dnowpref, sse, sse2, sse3, ssse3, sse4.1, sse4.2, popcnt, lzcnt, tsc, tscinvbit, avx, avx2, aes, erms, clmul, bmi1, bmi2, adx, fma, vzeroupper, clflush, clflushopt, hv

Memory: 4k page, system-wide physical 16193M (809M free)
TotalPageFile size 30419M (AvailPageFile size 228M)
current process WorkingSet (physical memory assigned to process): 83M, peak: 85M
current process commit charge ("private bytes"): 155M, peak: 157M

vm_info: Java HotSpot(TM) 64-Bit Server VM (17.0.7+8-LTS-224) for windows-amd64 JRE (17.0.7+8-LTS-224), built on Feb 28 2023 23:03:02 by "mach5one" with MS VC++ 17.1 (VS2022)

END.
