#
# There is insufficient memory for the Java Runtime Environment to continue.
# Native memory allocation (malloc) failed to allocate 9232 bytes for AllocateHeap
# Possible reasons:
#   The system is out of physical RAM or swap space
#   The process is running with CompressedOops enabled, and the Java Heap may be blocking the growth of the native heap
# Possible solutions:
#   Reduce memory load on the system
#   Increase physical memory or swap space
#   Check if swap backing store is full
#   Decrease Java heap size (-Xmx/-Xms)
#   Decrease number of Java threads
#   Decrease Java thread stack sizes (-Xss)
#   Set larger code cache with -XX:ReservedCodeCacheSize=
#   JVM is running with Unscaled Compressed Oops mode in which the Java heap is
#     placed in the first 4GB address space. The Java Heap base address is the
#     maximum limit for the native heap growth. Please use -XX:HeapBaseMinAddress
#     to set the Java Heap base and to place the Java Heap above 4GB virtual address.
# This output file may be truncated or incomplete.
#
#  Out of Memory Error (allocation.cpp:44), pid=23012, tid=21652
#
# JRE version: Java(TM) SE Runtime Environment (17.0.7+8) (build 17.0.7+8-LTS-224)
# Java VM: Java HotSpot(TM) 64-Bit Server VM (17.0.7+8-LTS-224, mixed mode, sharing, tiered, compressed oops, compressed class ptrs, g1 gc, windows-amd64)
# No core dump will be written. Minidumps are not enabled by default on client versions of Windows
#

---------------  S U M M A R Y ------------

Command Line: -Xmx64m -Xms64m -Dorg.gradle.appname=gradlew org.gradle.wrapper.GradleWrapperMain tasks

Host: Intel(R) Core(TM) i3-9100 CPU @ 3.60GHz, 4 cores, 15G,  Windows 10 , 64 bit Build 19041 (10.0.19041.3155)
Time: Wed Sep 27 07:29:35 2023 Hora oficial do Brasil elapsed time: 20.517270 seconds (0d 0h 0m 20s)

---------------  T H R E A D  ---------------

Current thread (0x00000233b8308fb0):  JavaThread "Exec process" [_thread_in_Java, id=21652, stack(0x000000f7d6000000,0x000000f7d6100000)]

Stack: [0x000000f7d6000000,0x000000f7d6100000]
Native frames: (J=compiled Java code, j=interpreted, Vv=VM code, C=native code)
V  [jvm.dll+0x676a4a]
V  [jvm.dll+0x7d74f4]
V  [jvm.dll+0x7d8c9e]
V  [jvm.dll+0x7d9303]
V  [jvm.dll+0x2452c5]
V  [jvm.dll+0xa50a3]
V  [jvm.dll+0x2524d7]
V  [jvm.dll+0x254fbc]
C  0x00000233acb7232b

Java frames: (J=compiled Java code, j=interpreted, Vv=VM code)
v  ~UncommonTrapBlob
J 356 c2 java.lang.String.codePointAt(I)I java.base@17.0.7 (50 bytes) @ 0x00000233ad0da804 [0x00000233ad0da780+0x0000000000000084]
J 207 c1 java.util.regex.Pattern.compile()V java.base@17.0.7 (500 bytes) @ 0x00000233a56380d4 [0x00000233a5637c40+0x0000000000000494]
j  java.util.regex.Pattern.<init>(Ljava/lang/String;I)V+108 java.base@17.0.7
j  java.util.regex.Pattern.compile(Ljava/lang/String;)Ljava/util/regex/Pattern;+6 java.base@17.0.7
j  java.util.Scanner.linePattern()Ljava/util/regex/Pattern;+10 java.base@17.0.7
j  java.util.Scanner.nextLine()Ljava/lang/String;+14 java.base@17.0.7
j  org.gradle.launcher.daemon.bootstrap.DaemonOutputConsumer.start()V+64
j  org.gradle.process.internal.DefaultExecHandle$CompositeStreamsHandler.start()V+19
j  org.gradle.process.internal.ExecHandleRunner.run()V+25
j  org.gradle.internal.operations.CurrentBuildOperationPreservingRunnable.run()V+11
j  org.gradle.internal.concurrent.ExecutorPolicy$CatchAndRecordFailures.onExecute(Ljava/lang/Runnable;)V+1
j  org.gradle.internal.concurrent.ManagedExecutorImpl$1.run()V+25
j  java.util.concurrent.ThreadPoolExecutor.runWorker(Ljava/util/concurrent/ThreadPoolExecutor$Worker;)V+92 java.base@17.0.7
j  java.util.concurrent.ThreadPoolExecutor$Worker.run()V+5 java.base@17.0.7
j  java.lang.Thread.run()V+11 java.base@17.0.7
v  ~StubRoutines::call_stub

---------------  P R O C E S S  ---------------

Threads class SMR info:
_java_thread_list=0x00000233b826c580, length=15, elements={
0x000002339dd79430, 0x00000233b6c180b0, 0x00000233b6c18f20, 0x00000233b6c32280,
0x00000233b6c34c50, 0x00000233b6c35600, 0x00000233b6c35fb0, 0x00000233b6c38070,
0x00000233b6c38a20, 0x00000233b6caa930, 0x00000233b7834e00, 0x00000233b7839580,
0x00000233b840a0a0, 0x00000233b8308fb0, 0x00000233b7b59030
}
_to_delete_list=0x00000233b826b1a0
Skipping _to_delete_list fields and contents for safety.

Java Threads: ( => current thread )
  0x000002339dd79430 JavaThread "main" [_thread_blocked, id=23744, stack(0x000000f7d4800000,0x000000f7d4900000)]
  0x00000233b6c180b0 JavaThread "Reference Handler" daemon [_thread_blocked, id=16904, stack(0x000000f7d5000000,0x000000f7d5100000)]
  0x00000233b6c18f20 JavaThread "Finalizer" daemon [_thread_blocked, id=22208, stack(0x000000f7d5100000,0x000000f7d5200000)]
  0x00000233b6c32280 JavaThread "Signal Dispatcher" daemon [_thread_blocked, id=17984, stack(0x000000f7d5200000,0x000000f7d5300000)]
  0x00000233b6c34c50 JavaThread "Attach Listener" daemon [_thread_blocked, id=22464, stack(0x000000f7d5300000,0x000000f7d5400000)]
  0x00000233b6c35600 JavaThread "Service Thread" daemon [_thread_blocked, id=22452, stack(0x000000f7d5400000,0x000000f7d5500000)]
  0x00000233b6c35fb0 JavaThread "Monitor Deflation Thread" daemon [_thread_blocked, id=22848, stack(0x000000f7d5500000,0x000000f7d5600000)]
  0x00000233b6c38070 JavaThread "C2 CompilerThread0" daemon [_thread_blocked, id=18828, stack(0x000000f7d5600000,0x000000f7d5700000)]
  0x00000233b6c38a20 JavaThread "C1 CompilerThread0" daemon [_thread_blocked, id=12032, stack(0x000000f7d5700000,0x000000f7d5800000)]
  0x00000233b6caa930 JavaThread "Sweeper thread" daemon [_thread_blocked, id=19988, stack(0x000000f7d5800000,0x000000f7d5900000)]
  0x00000233b7834e00 JavaThread "Notification Thread" daemon [_thread_blocked, id=21776, stack(0x000000f7d5900000,0x000000f7d5a00000)]
  0x00000233b7839580 JavaThread "Common-Cleaner" daemon [_thread_blocked, id=23376, stack(0x000000f7d5b00000,0x000000f7d5c00000)]
  0x00000233b840a0a0 JavaThread "pool-1-thread-1" [_thread_blocked, id=16296, stack(0x000000f7d5f00000,0x000000f7d6000000)]
=>0x00000233b8308fb0 JavaThread "Exec process" [_thread_in_Java, id=21652, stack(0x000000f7d6000000,0x000000f7d6100000)]
  0x00000233b7b59030 JavaThread "Exec process Thread 2" [_thread_blocked, id=3428, stack(0x000000f7d6200000,0x000000f7d6300000)]

Other Threads:
  0x00000233b6c13610 VMThread "VM Thread" [stack: 0x000000f7d4f00000,0x000000f7d5000000] [id=18708] _threads_hazard_ptr=0x00000233b826c580
  0x00000233b78372e0 WatcherThread [stack: 0x000000f7d5a00000,0x000000f7d5b00000] [id=22660]
  0x000002339dd96590 GCTaskThread "GC Thread#0" [stack: 0x000000f7d4a00000,0x000000f7d4b00000] [id=10820]
  0x00000233b7bfec30 GCTaskThread "GC Thread#1" [stack: 0x000000f7d5c00000,0x000000f7d5d00000] [id=14096]
  0x00000233b7bb3510 GCTaskThread "GC Thread#2" [stack: 0x000000f7d5d00000,0x000000f7d5e00000] [id=2268]
  0x00000233b7b7a0b0 GCTaskThread "GC Thread#3" [stack: 0x000000f7d5e00000,0x000000f7d5f00000] [id=16892]
  0x000002339dd97cd0 ConcurrentGCThread "G1 Main Marker" [stack: 0x000000f7d4b00000,0x000000f7d4c00000] [id=23736]
  0x000002339dd996f0 ConcurrentGCThread "G1 Conc#0" [stack: 0x000000f7d4c00000,0x000000f7d4d00000] [id=20676]
  0x000002339dde70f0 ConcurrentGCThread "G1 Refine#0" [stack: 0x000000f7d4d00000,0x000000f7d4e00000] [id=17196]
  0x000002339dde8b20 ConcurrentGCThread "G1 Service" [stack: 0x000000f7d4e00000,0x000000f7d4f00000] [id=22984]

Threads with active compile tasks:

VM state: synchronizing (normal execution)

VM Mutex/Monitor currently owned by a thread:  ([mutex/lock_event])
[0x000002339dd74250] Threads_lock - owner thread: 0x00000233b6c13610

Heap address: 0x00000000fc000000, size: 64 MB, Compressed Oops mode: 32-bit

CDS archive(s) mapped at: [0x0000000800000000-0x0000000800bd0000-0x0000000800bd0000), size 12386304, SharedBaseAddress: 0x0000000800000000, ArchiveRelocationMode: 0.
Compressed class space mapped at: 0x0000000800c00000-0x0000000840c00000, reserved size: 1073741824
Narrow klass base: 0x0000000800000000, Narrow klass shift: 0, Narrow klass range: 0x100000000

GC Precious Log:
 CPUs: 4 total, 4 available
 Memory: 16193M
 Large Page Support: Disabled
 NUMA Support: Disabled
 Compressed Oops: Enabled (32-bit)
 Heap Region Size: 1M
 Heap Min Capacity: 64M
 Heap Initial Capacity: 64M
 Heap Max Capacity: 64M
 Pre-touch: Disabled
 Parallel Workers: 4
 Concurrent Workers: 1
 Concurrent Refinement Workers: 4
 Periodic GC: Disabled

Heap:
 garbage-first heap   total 65536K, used 23044K [0x00000000fc000000, 0x0000000100000000)
  region size 1024K, 17 young (17408K), 3 survivors (3072K)
 Metaspace       used 8126K, committed 8384K, reserved 1056768K
  class space    used 1080K, committed 1216K, reserved 1048576K

Heap Regions: E=young(eden), S=young(survivor), O=old, HS=humongous(starts), HC=humongous(continues), CS=collection set, F=free, OA=open archive, CA=closed archive, TAMS=top-at-mark-start (previous, next)
|   0|0x00000000fc000000, 0x00000000fc100000, 0x00000000fc100000|100%| O|  |TAMS 0x00000000fc000000, 0x00000000fc000000| Untracked 
|   1|0x00000000fc100000, 0x00000000fc200000, 0x00000000fc200000|100%| O|  |TAMS 0x00000000fc100000, 0x00000000fc100000| Untracked 
|   2|0x00000000fc200000, 0x00000000fc300000, 0x00000000fc300000|100%|HS|  |TAMS 0x00000000fc200000, 0x00000000fc200000| Complete 
|   3|0x00000000fc300000, 0x00000000fc400000, 0x00000000fc400000|100%|HC|  |TAMS 0x00000000fc300000, 0x00000000fc300000| Complete 
|   4|0x00000000fc400000, 0x00000000fc500000, 0x00000000fc500000|100%|HC|  |TAMS 0x00000000fc400000, 0x00000000fc400000| Complete 
|   5|0x00000000fc500000, 0x00000000fc600000, 0x00000000fc600000|100%|HC|  |TAMS 0x00000000fc500000, 0x00000000fc500000| Complete 
|   6|0x00000000fc600000, 0x00000000fc700000, 0x00000000fc700000|100%| O|  |TAMS 0x00000000fc600000, 0x00000000fc600000| Untracked 
|   7|0x00000000fc700000, 0x00000000fc781200, 0x00000000fc800000| 50%| O|  |TAMS 0x00000000fc700000, 0x00000000fc700000| Untracked 
|   8|0x00000000fc800000, 0x00000000fc800000, 0x00000000fc900000|  0%| F|  |TAMS 0x00000000fc800000, 0x00000000fc800000| Untracked 
|   9|0x00000000fc900000, 0x00000000fc900000, 0x00000000fca00000|  0%| F|  |TAMS 0x00000000fc900000, 0x00000000fc900000| Untracked 
|  10|0x00000000fca00000, 0x00000000fca00000, 0x00000000fcb00000|  0%| F|  |TAMS 0x00000000fca00000, 0x00000000fca00000| Untracked 
|  11|0x00000000fcb00000, 0x00000000fcb00000, 0x00000000fcc00000|  0%| F|  |TAMS 0x00000000fcb00000, 0x00000000fcb00000| Untracked 
|  12|0x00000000fcc00000, 0x00000000fcc00000, 0x00000000fcd00000|  0%| F|  |TAMS 0x00000000fcc00000, 0x00000000fcc00000| Untracked 
|  13|0x00000000fcd00000, 0x00000000fcd00000, 0x00000000fce00000|  0%| F|  |TAMS 0x00000000fcd00000, 0x00000000fcd00000| Untracked 
|  14|0x00000000fce00000, 0x00000000fce00000, 0x00000000fcf00000|  0%| F|  |TAMS 0x00000000fce00000, 0x00000000fce00000| Untracked 
|  15|0x00000000fcf00000, 0x00000000fcf00000, 0x00000000fd000000|  0%| F|  |TAMS 0x00000000fcf00000, 0x00000000fcf00000| Untracked 
|  16|0x00000000fd000000, 0x00000000fd000000, 0x00000000fd100000|  0%| F|  |TAMS 0x00000000fd000000, 0x00000000fd000000| Untracked 
|  17|0x00000000fd100000, 0x00000000fd100000, 0x00000000fd200000|  0%| F|  |TAMS 0x00000000fd100000, 0x00000000fd100000| Untracked 
|  18|0x00000000fd200000, 0x00000000fd200000, 0x00000000fd300000|  0%| F|  |TAMS 0x00000000fd200000, 0x00000000fd200000| Untracked 
|  19|0x00000000fd300000, 0x00000000fd300000, 0x00000000fd400000|  0%| F|  |TAMS 0x00000000fd300000, 0x00000000fd300000| Untracked 
|  20|0x00000000fd400000, 0x00000000fd400000, 0x00000000fd500000|  0%| F|  |TAMS 0x00000000fd400000, 0x00000000fd400000| Untracked 
|  21|0x00000000fd500000, 0x00000000fd500000, 0x00000000fd600000|  0%| F|  |TAMS 0x00000000fd500000, 0x00000000fd500000| Untracked 
|  22|0x00000000fd600000, 0x00000000fd600000, 0x00000000fd700000|  0%| F|  |TAMS 0x00000000fd600000, 0x00000000fd600000| Untracked 
|  23|0x00000000fd700000, 0x00000000fd700000, 0x00000000fd800000|  0%| F|  |TAMS 0x00000000fd700000, 0x00000000fd700000| Untracked 
|  24|0x00000000fd800000, 0x00000000fd800000, 0x00000000fd900000|  0%| F|  |TAMS 0x00000000fd800000, 0x00000000fd800000| Untracked 
|  25|0x00000000fd900000, 0x00000000fd900000, 0x00000000fda00000|  0%| F|  |TAMS 0x00000000fd900000, 0x00000000fd900000| Untracked 
|  26|0x00000000fda00000, 0x00000000fda00000, 0x00000000fdb00000|  0%| F|  |TAMS 0x00000000fda00000, 0x00000000fda00000| Untracked 
|  27|0x00000000fdb00000, 0x00000000fdb00000, 0x00000000fdc00000|  0%| F|  |TAMS 0x00000000fdb00000, 0x00000000fdb00000| Untracked 
|  28|0x00000000fdc00000, 0x00000000fdc00000, 0x00000000fdd00000|  0%| F|  |TAMS 0x00000000fdc00000, 0x00000000fdc00000| Untracked 
|  29|0x00000000fdd00000, 0x00000000fdd00000, 0x00000000fde00000|  0%| F|  |TAMS 0x00000000fdd00000, 0x00000000fdd00000| Untracked 
|  30|0x00000000fde00000, 0x00000000fde00000, 0x00000000fdf00000|  0%| F|  |TAMS 0x00000000fde00000, 0x00000000fde00000| Untracked 
|  31|0x00000000fdf00000, 0x00000000fdf00000, 0x00000000fe000000|  0%| F|  |TAMS 0x00000000fdf00000, 0x00000000fdf00000| Untracked 
|  32|0x00000000fe000000, 0x00000000fe000000, 0x00000000fe100000|  0%| F|  |TAMS 0x00000000fe000000, 0x00000000fe000000| Untracked 
|  33|0x00000000fe100000, 0x00000000fe100000, 0x00000000fe200000|  0%| F|  |TAMS 0x00000000fe100000, 0x00000000fe100000| Untracked 
|  34|0x00000000fe200000, 0x00000000fe200000, 0x00000000fe300000|  0%| F|  |TAMS 0x00000000fe200000, 0x00000000fe200000| Untracked 
|  35|0x00000000fe300000, 0x00000000fe300000, 0x00000000fe400000|  0%| F|  |TAMS 0x00000000fe300000, 0x00000000fe300000| Untracked 
|  36|0x00000000fe400000, 0x00000000fe400000, 0x00000000fe500000|  0%| F|  |TAMS 0x00000000fe400000, 0x00000000fe400000| Untracked 
|  37|0x00000000fe500000, 0x00000000fe500000, 0x00000000fe600000|  0%| F|  |TAMS 0x00000000fe500000, 0x00000000fe500000| Untracked 
|  38|0x00000000fe600000, 0x00000000fe600000, 0x00000000fe700000|  0%| F|  |TAMS 0x00000000fe600000, 0x00000000fe600000| Untracked 
|  39|0x00000000fe700000, 0x00000000fe700000, 0x00000000fe800000|  0%| F|  |TAMS 0x00000000fe700000, 0x00000000fe700000| Untracked 
|  40|0x00000000fe800000, 0x00000000fe800000, 0x00000000fe900000|  0%| F|  |TAMS 0x00000000fe800000, 0x00000000fe800000| Untracked 
|  41|0x00000000fe900000, 0x00000000fe900000, 0x00000000fea00000|  0%| F|  |TAMS 0x00000000fe900000, 0x00000000fe900000| Untracked 
|  42|0x00000000fea00000, 0x00000000fea00000, 0x00000000feb00000|  0%| F|  |TAMS 0x00000000fea00000, 0x00000000fea00000| Untracked 
|  43|0x00000000feb00000, 0x00000000feb00000, 0x00000000fec00000|  0%| F|  |TAMS 0x00000000feb00000, 0x00000000feb00000| Untracked 
|  44|0x00000000fec00000, 0x00000000fed00000, 0x00000000fed00000|100%| S|CS|TAMS 0x00000000fec00000, 0x00000000fec00000| Complete 
|  45|0x00000000fed00000, 0x00000000fee00000, 0x00000000fee00000|100%| S|CS|TAMS 0x00000000fed00000, 0x00000000fed00000| Complete 
|  46|0x00000000fee00000, 0x00000000fef00000, 0x00000000fef00000|100%| S|CS|TAMS 0x00000000fee00000, 0x00000000fee00000| Complete 
|  47|0x00000000fef00000, 0x00000000fef00000, 0x00000000ff000000|  0%| F|  |TAMS 0x00000000fef00000, 0x00000000fef00000| Untracked 
|  48|0x00000000ff000000, 0x00000000ff000000, 0x00000000ff100000|  0%| F|  |TAMS 0x00000000ff000000, 0x00000000ff000000| Untracked 
|  49|0x00000000ff100000, 0x00000000ff100000, 0x00000000ff200000|  0%| F|  |TAMS 0x00000000ff100000, 0x00000000ff100000| Untracked 
|  50|0x00000000ff200000, 0x00000000ff242810, 0x00000000ff300000| 25%| E|  |TAMS 0x00000000ff200000, 0x00000000ff200000| Complete 
|  51|0x00000000ff300000, 0x00000000ff400000, 0x00000000ff400000|100%| E|CS|TAMS 0x00000000ff300000, 0x00000000ff300000| Complete 
|  52|0x00000000ff400000, 0x00000000ff500000, 0x00000000ff500000|100%| E|CS|TAMS 0x00000000ff400000, 0x00000000ff400000| Complete 
|  53|0x00000000ff500000, 0x00000000ff600000, 0x00000000ff600000|100%| E|  |TAMS 0x00000000ff500000, 0x00000000ff500000| Complete 
|  54|0x00000000ff600000, 0x00000000ff700000, 0x00000000ff700000|100%| E|CS|TAMS 0x00000000ff600000, 0x00000000ff600000| Complete 
|  55|0x00000000ff700000, 0x00000000ff800000, 0x00000000ff800000|100%| E|CS|TAMS 0x00000000ff700000, 0x00000000ff700000| Complete 
|  56|0x00000000ff800000, 0x00000000ff900000, 0x00000000ff900000|100%| E|CS|TAMS 0x00000000ff800000, 0x00000000ff800000| Complete 
|  57|0x00000000ff900000, 0x00000000ffa00000, 0x00000000ffa00000|100%| E|CS|TAMS 0x00000000ff900000, 0x00000000ff900000| Complete 
|  58|0x00000000ffa00000, 0x00000000ffb00000, 0x00000000ffb00000|100%| E|CS|TAMS 0x00000000ffa00000, 0x00000000ffa00000| Complete 
|  59|0x00000000ffb00000, 0x00000000ffc00000, 0x00000000ffc00000|100%| E|CS|TAMS 0x00000000ffb00000, 0x00000000ffb00000| Complete 
|  60|0x00000000ffc00000, 0x00000000ffd00000, 0x00000000ffd00000|100%| E|CS|TAMS 0x00000000ffc00000, 0x00000000ffc00000| Complete 
|  61|0x00000000ffd00000, 0x00000000ffe00000, 0x00000000ffe00000|100%| E|CS|TAMS 0x00000000ffd00000, 0x00000000ffd00000| Complete 
|  62|0x00000000ffe00000, 0x00000000fff00000, 0x00000000fff00000|100%| E|CS|TAMS 0x00000000ffe00000, 0x00000000ffe00000| Complete 
|  63|0x00000000fff00000, 0x0000000100000000, 0x0000000100000000|100%| E|CS|TAMS 0x00000000fff00000, 0x00000000fff00000| Complete 

Card table byte_map: [0x000002339db80000,0x000002339dba0000] _byte_map_base: 0x000002339d3a0000

Marking Bits (Prev, Next): (CMBitMap*) 0x000002339dd96ba0, (CMBitMap*) 0x000002339dd96be0
 Prev Bits: [0x000002339dbc0000, 0x000002339dcc0000)
 Next Bits: [0x00000233b45f0000, 0x00000233b46f0000)

Polling page: 0x000002339bc60000

Metaspace:

Usage:
  Non-class:      6.88 MB used.
      Class:      1.06 MB used.
       Both:      7.94 MB used.

Virtual space:
  Non-class space:        8.00 MB reserved,       7.00 MB ( 88%) committed,  1 nodes.
      Class space:        1.00 GB reserved,       1.19 MB ( <1%) committed,  1 nodes.
             Both:        1.01 GB reserved,       8.19 MB ( <1%) committed. 

Chunk freelists:
   Non-Class:  400.00 KB
       Class:  2.68 MB
        Both:  3.07 MB

MaxMetaspaceSize: unlimited
CompressedClassSpaceSize: 1.00 GB
Initial GC threshold: 21.00 MB
Current GC threshold: 21.00 MB
CDS: on
MetaspaceReclaimPolicy: balanced
 - commit_granule_bytes: 65536.
 - commit_granule_words: 8192.
 - virtual_space_node_default_size: 1048576.
 - enlarge_chunks_in_place: 1.
 - new_chunks_are_fully_committed: 0.
 - uncommit_free_chunks: 1.
 - use_allocation_guard: 0.
 - handle_deallocations: 1.


Internal statistics:

num_allocs_failed_limit: 0.
num_arena_births: 86.
num_arena_deaths: 0.
num_vsnodes_births: 2.
num_vsnodes_deaths: 0.
num_space_committed: 131.
num_space_uncommitted: 0.
num_chunks_returned_to_freelist: 0.
num_chunks_taken_from_freelist: 297.
num_chunk_merges: 0.
num_chunk_splits: 198.
num_chunks_enlarged: 167.
num_purges: 0.
num_inconsistent_stats: 0.

CodeHeap 'non-profiled nmethods': size=120000Kb used=573Kb max_used=573Kb free=119426Kb
 bounds [0x00000233ad0c0000, 0x00000233ad330000, 0x00000233b45f0000]
CodeHeap 'profiled nmethods': size=120000Kb used=2665Kb max_used=2665Kb free=117335Kb
 bounds [0x00000233a55f0000, 0x00000233a5890000, 0x00000233acb20000]
CodeHeap 'non-nmethods': size=5760Kb used=1170Kb max_used=1191Kb free=4589Kb
 bounds [0x00000233acb20000, 0x00000233acd90000, 0x00000233ad0c0000]
 total_blobs=1827 nmethods=1359 adapters=381
 compilation: enabled
              stopped_count=0, restarted_count=0
 full_count=0

Compilation events (20 events):
Event: 16.532 Thread 0x00000233b6c38a20 1349       3       java.util.concurrent.ScheduledThreadPoolExecutor$DelayedWorkQueue::setIndex (16 bytes)
Event: 16.533 Thread 0x00000233b6c38a20 nmethod 1349 0x00000233a5884a10 code [0x00000233a5884bc0, 0x00000233a5884ed8]
Event: 16.533 Thread 0x00000233b6c38a20 1350       1       org.gradle.internal.logging.console.ThrottlingOutputEventListener::access$000 (5 bytes)
Event: 16.533 Thread 0x00000233b6c38a20 nmethod 1350 0x00000233ad14ed10 code [0x00000233ad14eea0, 0x00000233ad14ef58]
Event: 16.533 Thread 0x00000233b6c38a20 1351       1       org.gradle.internal.logging.events.UpdateNowEvent::getLogLevel (2 bytes)
Event: 16.533 Thread 0x00000233b6c38a20 nmethod 1351 0x00000233ad14f010 code [0x00000233ad14f1a0, 0x00000233ad14f278]
Event: 17.789 Thread 0x00000233b6c38a20 1352       3       java.lang.invoke.VarHandleGuards::guard_LLL_Z (86 bytes)
Event: 17.790 Thread 0x00000233b6c38a20 nmethod 1352 0x00000233a5884f90 code [0x00000233a58852e0, 0x00000233a58871a8]
Event: 17.791 Thread 0x00000233b6c38a20 1354       3       java.util.concurrent.locks.ReentrantLock$Sync::isHeldExclusively (16 bytes)
Event: 17.791 Thread 0x00000233b6c38a20 nmethod 1354 0x00000233a5887a10 code [0x00000233a5887ba0, 0x00000233a5887d38]
Event: 18.285 Thread 0x00000233b6c38a20 1355       3       java.util.concurrent.TimeUnit::toNanos (45 bytes)
Event: 18.285 Thread 0x00000233b6c38a20 nmethod 1355 0x00000233a5887e10 code [0x00000233a5887fc0, 0x00000233a5888238]
Event: 18.466 Thread 0x00000233b6c38a20 1356       3       java.util.concurrent.TimeUnit::convert (77 bytes)
Event: 18.466 Thread 0x00000233b6c38a20 nmethod 1356 0x00000233a5888310 code [0x00000233a5888520, 0x00000233a58888e8]
Event: 18.697 Thread 0x00000233b6c38a20 1357       3       java.lang.invoke.VarHandleReferences$FieldInstanceReadWrite::compareAndSet (48 bytes)
Event: 18.697 Thread 0x00000233b6c38a20 nmethod 1357 0x00000233a5888a90 code [0x00000233a5888d00, 0x00000233a5889788]
Event: 20.500 Thread 0x00000233b6c38a20 1358       3       java.util.concurrent.ScheduledThreadPoolExecutor$ScheduledFutureTask::getDelay (16 bytes)
Event: 20.500 Thread 0x00000233b6c38a20 nmethod 1358 0x00000233a5889b90 code [0x00000233a5889d40, 0x00000233a5889ec8]
Event: 20.516 Thread 0x00000233b6c38a20 1359       3       java.util.regex.Matcher::getTextLength (10 bytes)
Event: 20.516 Thread 0x00000233b6c38a20 nmethod 1359 0x00000233a5889f90 code [0x00000233a588a140, 0x00000233a588a308]

GC Heap History (4 events):
Event: 2.520 GC heap before
{Heap before GC invocations=0 (full 0):
 garbage-first heap   total 65536K, used 12288K [0x00000000fc000000, 0x0000000100000000)
  region size 1024K, 13 young (13312K), 0 survivors (0K)
 Metaspace       used 1776K, committed 1920K, reserved 1056768K
  class space    used 160K, committed 192K, reserved 1048576K
}
Event: 2.567 GC heap after
{Heap after GC invocations=1 (full 0):
 garbage-first heap   total 65536K, used 3560K [0x00000000fc000000, 0x0000000100000000)
  region size 1024K, 2 young (2048K), 2 survivors (2048K)
 Metaspace       used 1776K, committed 1920K, reserved 1056768K
  class space    used 160K, committed 192K, reserved 1048576K
}
Event: 4.038 GC heap before
{Heap before GC invocations=1 (full 0):
 garbage-first heap   total 65536K, used 21992K [0x00000000fc000000, 0x0000000100000000)
  region size 1024K, 17 young (17408K), 2 survivors (2048K)
 Metaspace       used 5153K, committed 5376K, reserved 1056768K
  class space    used 697K, committed 832K, reserved 1048576K
}
Event: 4.044 GC heap after
{Heap after GC invocations=2 (full 0):
 garbage-first heap   total 65536K, used 10756K [0x00000000fc000000, 0x0000000100000000)
  region size 1024K, 3 young (3072K), 3 survivors (3072K)
 Metaspace       used 5153K, committed 5376K, reserved 1056768K
  class space    used 697K, committed 832K, reserved 1048576K
}

Deoptimization events (20 events):
Event: 6.170 Thread 0x000002339dd79430 DEOPT UNPACKING pc=0x00000233acb72b43 sp=0x000000f7d48fba48 mode 0
Event: 6.956 Thread 0x00000233b8308fb0 Uncommon trap: trap_request=0xffffff45 fr.pc=0x00000233ad119e48 relative=0x0000000000000048
Event: 6.956 Thread 0x00000233b8308fb0 Uncommon trap: reason=unstable_if action=reinterpret pc=0x00000233ad119e48 method=java.lang.CharacterData.of(I)Ljava/lang/CharacterData; @ 4 c2
Event: 6.956 Thread 0x00000233b8308fb0 DEOPT PACKING pc=0x00000233ad119e48 sp=0x000000f7d60fe210
Event: 6.956 Thread 0x00000233b8308fb0 DEOPT UNPACKING pc=0x00000233acb723a3 sp=0x000000f7d60fe1a8 mode 2
Event: 7.449 Thread 0x00000233b8308fb0 Uncommon trap: trap_request=0xffffff45 fr.pc=0x00000233ad0f5e68 relative=0x0000000000000528
Event: 7.449 Thread 0x00000233b8308fb0 Uncommon trap: reason=unstable_if action=reinterpret pc=0x00000233ad0f5e68 method=java.lang.AbstractStringBuilder.putStringAt(ILjava/lang/String;II)V @ 8 c2
Event: 7.449 Thread 0x00000233b8308fb0 DEOPT PACKING pc=0x00000233ad0f5e68 sp=0x000000f7d60feaf0
Event: 7.449 Thread 0x00000233b8308fb0 DEOPT UNPACKING pc=0x00000233acb723a3 sp=0x000000f7d60fe978 mode 2
Event: 7.449 Thread 0x00000233b8308fb0 Uncommon trap: trap_request=0xffffff45 fr.pc=0x00000233ad104f50 relative=0x0000000000000510
Event: 7.449 Thread 0x00000233b8308fb0 Uncommon trap: reason=unstable_if action=reinterpret pc=0x00000233ad104f50 method=java.lang.AbstractStringBuilder.putStringAt(ILjava/lang/String;II)V @ 8 c2
Event: 7.449 Thread 0x00000233b8308fb0 DEOPT PACKING pc=0x00000233ad104f50 sp=0x000000f7d60fea80
Event: 7.449 Thread 0x00000233b8308fb0 DEOPT UNPACKING pc=0x00000233acb723a3 sp=0x000000f7d60fe970 mode 2
Event: 7.449 Thread 0x00000233b8308fb0 Uncommon trap: trap_request=0xffffff45 fr.pc=0x00000233ad13a220 relative=0x0000000000000400
Event: 7.449 Thread 0x00000233b8308fb0 Uncommon trap: reason=unstable_if action=reinterpret pc=0x00000233ad13a220 method=java.lang.AbstractStringBuilder.isLatin1()Z @ 10 c2
Event: 7.449 Thread 0x00000233b8308fb0 DEOPT PACKING pc=0x00000233ad13a220 sp=0x000000f7d60feb00
Event: 7.449 Thread 0x00000233b8308fb0 DEOPT UNPACKING pc=0x00000233acb723a3 sp=0x000000f7d60fea80 mode 2
Event: 20.516 Thread 0x00000233b8308fb0 Uncommon trap: trap_request=0xffffff45 fr.pc=0x00000233ad0da804 relative=0x0000000000000084
Event: 20.516 Thread 0x00000233b8308fb0 Uncommon trap: reason=unstable_if action=reinterpret pc=0x00000233ad0da804 method=java.lang.String.codePointAt(I)I @ 4 c2
Event: 20.516 Thread 0x00000233b8308fb0 DEOPT PACKING pc=0x00000233ad0da804 sp=0x000000f7d60fea90

Classes unloaded (0 events):
No events

Classes redefined (0 events):
No events

Internal exceptions (20 events):
Event: 3.349 Thread 0x000002339dd79430 Exception <a 'java/lang/NoSuchMethodError'{0x00000000ff8ee210}: 'void java.lang.invoke.DirectMethodHandle$Holder.invokeStatic(java.lang.Object, java.lang.Object)'> (0x00000000ff8ee210) 
thrown [s\open\src\hotspot\share\interpreter\linkResolver.cpp, line 759]
Event: 3.435 Thread 0x000002339dd79430 Exception <a 'java/lang/NoClassDefFoundError'{0x00000000ff774660}: org/slf4j/impl/StaticMarkerBinder> (0x00000000ff774660) 
thrown [s\open\src\hotspot\share\classfile\systemDictionary.cpp, line 245]
Event: 3.449 Thread 0x000002339dd79430 Exception <a 'java/lang/NoSuchMethodError'{0x00000000ff611e00}: 'java.lang.Object java.lang.invoke.DirectMethodHandle$Holder.invokeVirtual(java.lang.Object, java.lang.Object, java.lang.Object, java.lang.Object, java.lang.Object, java.lang.Object, java.lang.Object)'> (0x00000000ff611e00) 
thrown [s\open\src\hotspot\share\interpreter\linkResolver.cpp, line 759]
Event: 3.451 Thread 0x000002339dd79430 Exception <a 'java/lang/NoSuchMethodError'{0x00000000ff623480}: 'java.lang.Object java.lang.invoke.Invokers$Holder.invoker(java.lang.Object, java.lang.Object, java.lang.Object)'> (0x00000000ff623480) 
thrown [s\open\src\hotspot\share\interpreter\linkResolver.cpp, line 759]
Event: 3.452 Thread 0x000002339dd79430 Exception <a 'java/lang/NoSuchMethodError'{0x00000000ff62c550}: 'java.lang.Object java.lang.invoke.DirectMethodHandle$Holder.invokeStatic(java.lang.Object, java.lang.Object, int)'> (0x00000000ff62c550) 
thrown [s\open\src\hotspot\share\interpreter\linkResolver.cpp, line 759]
Event: 3.453 Thread 0x000002339dd79430 Exception <a 'java/lang/NoSuchMethodError'{0x00000000ff638240}: 'void java.lang.invoke.DelegatingMethodHandle$Holder.delegate(java.lang.Object, java.lang.Object, int, java.lang.Object)'> (0x00000000ff638240) 
thrown [s\open\src\hotspot\share\interpreter\linkResolver.cpp, line 759]
Event: 3.453 Thread 0x000002339dd79430 Exception <a 'java/lang/NoSuchMethodError'{0x00000000ff63c388}: 'int java.lang.invoke.DirectMethodHandle$Holder.invokeSpecial(java.lang.Object, java.lang.Object, java.lang.Object)'> (0x00000000ff63c388) 
thrown [s\open\src\hotspot\share\interpreter\linkResolver.cpp, line 759]
Event: 3.455 Thread 0x000002339dd79430 Exception <a 'java/lang/NoSuchMethodError'{0x00000000ff64f7d8}: 'java.lang.Object java.lang.invoke.Invokers$Holder.invokeExact_MT(java.lang.Object, java.lang.Object, java.lang.Object, java.lang.Object)'> (0x00000000ff64f7d8) 
thrown [s\open\src\hotspot\share\interpreter\linkResolver.cpp, line 759]
Event: 3.882 Thread 0x000002339dd79430 Exception <a 'java/lang/NoSuchMethodError'{0x00000000ff06d7c0}: 'void java.lang.invoke.DirectMethodHandle$Holder.invokeSpecial(java.lang.Object, java.lang.Object, java.lang.Object)'> (0x00000000ff06d7c0) 
thrown [s\open\src\hotspot\share\interpreter\linkResolver.cpp, line 759]
Event: 3.893 Thread 0x000002339dd79430 Implicit null exception at 0x00000233ad109393 to 0x00000233ad1097ec
Event: 3.893 Thread 0x000002339dd79430 Implicit null exception at 0x00000233ad0ff491 to 0x00000233ad0ff8c8
Event: 4.047 Thread 0x000002339dd79430 Exception <a 'java/lang/NoSuchMethodError'{0x00000000fff0cb38}: 'java.lang.Object java.lang.invoke.DirectMethodHandle$Holder.invokeStaticInit(java.lang.Object)'> (0x00000000fff0cb38) 
thrown [s\open\src\hotspot\share\interpreter\linkResolver.cpp, line 759]
Event: 4.401 Thread 0x000002339dd79430 Exception <a 'java/lang/NoSuchMethodError'{0x00000000ffb48b40}: 'java.lang.Object java.lang.invoke.DirectMethodHandle$Holder.invokeStaticInit(java.lang.Object, int, int, int, int)'> (0x00000000ffb48b40) 
thrown [s\open\src\hotspot\share\interpreter\linkResolver.cpp, line 759]
Event: 4.684 Thread 0x000002339dd79430 Exception <a 'java/lang/NoSuchMethodError'{0x00000000ffb6f0d0}: 'java.lang.Object java.lang.invoke.DirectMethodHandle$Holder.invokeStaticInit(java.lang.Object, java.lang.Object, int, int, int, int)'> (0x00000000ffb6f0d0) 
thrown [s\open\src\hotspot\share\interpreter\linkResolver.cpp, line 759]
Event: 5.770 Thread 0x000002339dd79430 Exception <a 'java/lang/NoSuchMethodError'{0x00000000ffb9c000}: 'void java.lang.invoke.DirectMethodHandle$Holder.invokeStatic(java.lang.Object, java.lang.Object, java.lang.Object)'> (0x00000000ffb9c000) 
thrown [s\open\src\hotspot\share\interpreter\linkResolver.cpp, line 759]
Event: 6.931 Thread 0x00000233b8308fb0 Exception <a 'java/lang/NoSuchMethodError'{0x00000000ff315398}: 'void java.lang.invoke.DirectMethodHandle$Holder.invokeStatic(java.lang.Object, long)'> (0x00000000ff315398) 
thrown [s\open\src\hotspot\share\interpreter\linkResolver.cpp, line 759]
Event: 6.931 Thread 0x00000233b8308fb0 Exception <a 'java/lang/NoSuchMethodError'{0x00000000ff31aa48}: 'java.lang.Object java.lang.invoke.DirectMethodHandle$Holder.newInvokeSpecial(java.lang.Object, long)'> (0x00000000ff31aa48) 
thrown [s\open\src\hotspot\share\interpreter\linkResolver.cpp, line 759]
Event: 6.943 Thread 0x00000233b8308fb0 Exception <a 'java/lang/NoSuchMethodError'{0x00000000ff3255f0}: 'java.lang.Object java.lang.invoke.DirectMethodHandle$Holder.invokeStaticInit(java.lang.Object, java.lang.Object, long, java.lang.Object)'> (0x00000000ff3255f0) 
thrown [s\open\src\hotspot\share\interpreter\linkResolver.cpp, line 759]
Event: 6.944 Thread 0x00000233b8308fb0 Exception <a 'java/lang/NoSuchMethodError'{0x00000000ff32bc78}: 'java.lang.Object java.lang.invoke.DirectMethodHandle$Holder.newInvokeSpecial(java.lang.Object, java.lang.Object, long)'> (0x00000000ff32bc78) 
thrown [s\open\src\hotspot\share\interpreter\linkResolver.cpp, line 759]
Event: 6.944 Thread 0x00000233b8308fb0 Exception <a 'java/lang/NoSuchMethodError'{0x00000000ff32ff68}: 'java.lang.Object java.lang.invoke.Invokers$Holder.linkToTargetMethod(java.lang.Object, long, java.lang.Object)'> (0x00000000ff32ff68) 
thrown [s\open\src\hotspot\share\interpreter\linkResolver.cpp, line 759]

VM Operations (20 events):
Event: 3.452 Executing VM operation: HandshakeAllThreads
Event: 3.452 Executing VM operation: HandshakeAllThreads done
Event: 4.038 Executing VM operation: G1CollectForAllocation
Event: 4.044 Executing VM operation: G1CollectForAllocation done
Event: 4.253 Executing VM operation: HandshakeAllThreads
Event: 4.253 Executing VM operation: HandshakeAllThreads done
Event: 4.680 Executing VM operation: HandshakeAllThreads
Event: 4.680 Executing VM operation: HandshakeAllThreads done
Event: 5.686 Executing VM operation: Cleanup
Event: 5.686 Executing VM operation: Cleanup done
Event: 5.810 Executing VM operation: HandshakeAllThreads
Event: 5.810 Executing VM operation: HandshakeAllThreads done
Event: 6.812 Executing VM operation: Cleanup
Event: 6.813 Executing VM operation: Cleanup done
Event: 6.956 Executing VM operation: HandshakeAllThreads
Event: 7.444 Executing VM operation: HandshakeAllThreads done
Event: 8.459 Executing VM operation: Cleanup
Event: 8.459 Executing VM operation: Cleanup done
Event: 9.466 Executing VM operation: Cleanup
Event: 9.466 Executing VM operation: Cleanup done

Events (20 events):
Event: 6.946 loading class java/util/concurrent/locks/AbstractQueuedSynchronizer$ExclusiveNode
Event: 6.946 loading class java/util/concurrent/locks/AbstractQueuedSynchronizer$ExclusiveNode done
Event: 6.947 Thread 0x00000233b7b59030 Thread added: 0x00000233b7b59030
Event: 6.947 loading class java/util/Scanner
Event: 6.948 loading class java/util/Scanner done
Event: 6.949 loading class java/util/Scanner$PatternLRUCache
Event: 6.949 loading class java/util/Scanner$PatternLRUCache done
Event: 6.951 loading class sun/util/resources/LocaleData$CommonResourceBundleProvider
Event: 6.951 loading class sun/util/resources/LocaleData$LocaleDataResourceBundleProvider
Event: 6.951 loading class java/util/spi/ResourceBundleProvider
Event: 6.951 loading class java/util/spi/ResourceBundleProvider done
Event: 6.951 loading class sun/util/resources/LocaleData$LocaleDataResourceBundleProvider done
Event: 6.951 loading class sun/util/resources/LocaleData$CommonResourceBundleProvider done
Event: 6.951 loading class sun/util/resources/Bundles$2
Event: 6.952 loading class sun/util/resources/Bundles$2 done
Event: 6.952 loading class java/lang/InstantiationException
Event: 6.952 loading class java/lang/InstantiationException done
Event: 7.435 Thread 0x00000233b6cfb310 Thread exited: 0x00000233b6cfb310
Event: 7.449 loading class java/io/PrintWriter
Event: 7.456 loading class java/io/PrintWriter done


Dynamic libraries:
0x00007ff6be2d0000 - 0x00007ff6be2e0000 	C:\Program Files\Java\jdk-17\bin\java.exe
0x00007ff8523b0000 - 0x00007ff8525a8000 	C:\Windows\SYSTEM32\ntdll.dll
0x00007ff850410000 - 0x00007ff8504cf000 	C:\Windows\System32\KERNEL32.DLL
0x00007ff84fd10000 - 0x00007ff850006000 	C:\Windows\System32\KERNELBASE.dll
0x00007ff84cf60000 - 0x00007ff84cff1000 	C:\Windows\SYSTEM32\apphelp.dll
0x00007ff850260000 - 0x00007ff850360000 	C:\Windows\System32\ucrtbase.dll
0x00007ff839fb0000 - 0x00007ff839fc9000 	C:\Program Files\Java\jdk-17\bin\jli.dll
0x00007ff851cb0000 - 0x00007ff851d5f000 	C:\Windows\System32\ADVAPI32.dll
0x00007ff850ce0000 - 0x00007ff850d7e000 	C:\Windows\System32\msvcrt.dll
0x00007ff851c10000 - 0x00007ff851cac000 	C:\Windows\System32\sechost.dll
0x00007ff851fc0000 - 0x00007ff8520e6000 	C:\Windows\System32\RPCRT4.dll
0x00007ff8521d0000 - 0x00007ff85236d000 	C:\Windows\System32\USER32.dll
0x00007ff850040000 - 0x00007ff850062000 	C:\Windows\System32\win32u.dll
0x00007ff851f90000 - 0x00007ff851fbc000 	C:\Windows\System32\GDI32.dll
0x00007ff84fb50000 - 0x00007ff84fc65000 	C:\Windows\System32\gdi32full.dll
0x00007ff84fc70000 - 0x00007ff84fd0d000 	C:\Windows\System32\msvcp_win.dll
0x00007ff839df0000 - 0x00007ff839e0b000 	C:\Program Files\Java\jdk-17\bin\VCRUNTIME140.dll
0x00007ff837180000 - 0x00007ff83741a000 	C:\Windows\WinSxS\amd64_microsoft.windows.common-controls_6595b64144ccf1df_6.0.19041.1110_none_60b5254171f9507e\COMCTL32.dll
0x00007ff847140000 - 0x00007ff84714a000 	C:\Windows\SYSTEM32\VERSION.dll
0x00007ff850c20000 - 0x00007ff850c50000 	C:\Windows\System32\IMM32.DLL
0x00007ff844880000 - 0x00007ff84488c000 	C:\Program Files\Java\jdk-17\bin\vcruntime140_1.dll
0x00007ff838150000 - 0x00007ff8381de000 	C:\Program Files\Java\jdk-17\bin\msvcp140.dll
0x00007fffe8120000 - 0x00007fffe8cfd000 	C:\Program Files\Java\jdk-17\bin\server\jvm.dll
0x00007ff850f80000 - 0x00007ff850f88000 	C:\Windows\System32\PSAPI.DLL
0x00007ff83af70000 - 0x00007ff83af79000 	C:\Windows\SYSTEM32\WSOCK32.dll
0x00007ff851600000 - 0x00007ff85166b000 	C:\Windows\System32\WS2_32.dll
0x00007ff83bc00000 - 0x00007ff83bc27000 	C:\Windows\SYSTEM32\WINMM.dll
0x00007ff84d730000 - 0x00007ff84d742000 	C:\Windows\SYSTEM32\kernel.appcore.dll
0x00007ff844800000 - 0x00007ff84480a000 	C:\Program Files\Java\jdk-17\bin\jimage.dll
0x00007ff83c890000 - 0x00007ff83ca74000 	C:\Windows\SYSTEM32\DBGHELP.DLL
0x00007ff838250000 - 0x00007ff838284000 	C:\Windows\SYSTEM32\dbgcore.DLL
0x00007ff8501d0000 - 0x00007ff850252000 	C:\Windows\System32\bcryptPrimitives.dll
0x00007ff839780000 - 0x00007ff8397a5000 	C:\Program Files\Java\jdk-17\bin\java.dll
0x00007ff81daf0000 - 0x00007ff81dbc7000 	C:\Program Files\Java\jdk-17\bin\jsvml.dll
0x00007ff8504d0000 - 0x00007ff850c14000 	C:\Windows\System32\SHELL32.dll
0x00007ff84d930000 - 0x00007ff84e0c3000 	C:\Windows\SYSTEM32\windows.storage.dll
0x00007ff8516d0000 - 0x00007ff851a24000 	C:\Windows\System32\combase.dll
0x00007ff84f320000 - 0x00007ff84f34e000 	C:\Windows\SYSTEM32\Wldp.dll
0x00007ff851ee0000 - 0x00007ff851f8d000 	C:\Windows\System32\SHCORE.dll
0x00007ff851670000 - 0x00007ff8516c5000 	C:\Windows\System32\shlwapi.dll
0x00007ff84f9c0000 - 0x00007ff84f9e5000 	C:\Windows\SYSTEM32\profapi.dll
0x00007ff839d40000 - 0x00007ff839d59000 	C:\Program Files\Java\jdk-17\bin\net.dll
0x00007ff848da0000 - 0x00007ff848eaa000 	C:\Windows\SYSTEM32\WINHTTP.dll
0x00007ff84f100000 - 0x00007ff84f16a000 	C:\Windows\system32\mswsock.dll
0x00007ff839710000 - 0x00007ff839726000 	C:\Program Files\Java\jdk-17\bin\nio.dll
0x00007ff8396f0000 - 0x00007ff839708000 	C:\Program Files\Java\jdk-17\bin\zip.dll
0x00007ff83d520000 - 0x00007ff83d530000 	C:\Program Files\Java\jdk-17\bin\verify.dll
0x00007ff838f90000 - 0x00007ff838fb7000 	C:\Users\marcos.OTHONC\.gradle\native\68d5fa5c4cc2d200863cafc0d521ce42e7d3e7ee720ec0a83991735586a16f82\windows-amd64\native-platform.dll
0x00007ff83c030000 - 0x00007ff83c03a000 	C:\Program Files\Java\jdk-17\bin\management.dll
0x00007ff83c010000 - 0x00007ff83c01b000 	C:\Program Files\Java\jdk-17\bin\management_ext.dll
0x00007ff84f3c0000 - 0x00007ff84f3d8000 	C:\Windows\SYSTEM32\CRYPTSP.dll
0x00007ff84ea30000 - 0x00007ff84ea64000 	C:\Windows\system32\rsaenh.dll
0x00007ff850010000 - 0x00007ff850037000 	C:\Windows\System32\bcrypt.dll
0x00007ff84f980000 - 0x00007ff84f9ae000 	C:\Windows\SYSTEM32\USERENV.dll
0x00007ff84f290000 - 0x00007ff84f29c000 	C:\Windows\SYSTEM32\CRYPTBASE.dll
0x00007ff84ee10000 - 0x00007ff84ee4b000 	C:\Windows\SYSTEM32\IPHLPAPI.DLL
0x00007ff850cd0000 - 0x00007ff850cd8000 	C:\Windows\System32\NSI.dll
0x00007ff84adb0000 - 0x00007ff84adc7000 	C:\Windows\SYSTEM32\dhcpcsvc6.DLL
0x00007ff84ad20000 - 0x00007ff84ad3d000 	C:\Windows\SYSTEM32\dhcpcsvc.DLL
0x00007ff84ee50000 - 0x00007ff84ef1a000 	C:\Windows\SYSTEM32\DNSAPI.dll

dbghelp: loaded successfully - version: 4.0.5 - missing functions: none
symbol engine: initialized successfully - sym options: 0x614 - pdb path: .;C:\Program Files\Java\jdk-17\bin;C:\Windows\SYSTEM32;C:\Windows\WinSxS\amd64_microsoft.windows.common-controls_6595b64144ccf1df_6.0.19041.1110_none_60b5254171f9507e;C:\Program Files\Java\jdk-17\bin\server;C:\Users\marcos.OTHONC\.gradle\native\68d5fa5c4cc2d200863cafc0d521ce42e7d3e7ee720ec0a83991735586a16f82\windows-amd64

VM Arguments:
jvm_args: -Xmx64m -Xms64m -Dorg.gradle.appname=gradlew 
java_command: org.gradle.wrapper.GradleWrapperMain tasks
java_class_path (initial): D:\AREA DE TRABALHO\testerb\android\\gradle\wrapper\gradle-wrapper.jar
Launcher Type: SUN_STANDARD

[Global flags]
     intx CICompilerCount                          = 3                                         {product} {ergonomic}
     uint ConcGCThreads                            = 1                                         {product} {ergonomic}
     uint G1ConcRefinementThreads                  = 4                                         {product} {ergonomic}
   size_t G1HeapRegionSize                         = 1048576                                   {product} {ergonomic}
    uintx GCDrainStackTargetSize                   = 64                                        {product} {ergonomic}
   size_t InitialHeapSize                          = 67108864                                  {product} {command line}
   size_t MarkStackSize                            = 4194304                                   {product} {ergonomic}
   size_t MaxHeapSize                              = 67108864                                  {product} {command line}
   size_t MaxNewSize                               = 39845888                                  {product} {ergonomic}
   size_t MinHeapDeltaBytes                        = 1048576                                   {product} {ergonomic}
   size_t MinHeapSize                              = 67108864                                  {product} {command line}
    uintx NonNMethodCodeHeapSize                   = 5832780                                {pd product} {ergonomic}
    uintx NonProfiledCodeHeapSize                  = 122912730                              {pd product} {ergonomic}
    uintx ProfiledCodeHeapSize                     = 122912730                              {pd product} {ergonomic}
    uintx ReservedCodeCacheSize                    = 251658240                              {pd product} {ergonomic}
     bool SegmentedCodeCache                       = true                                      {product} {ergonomic}
   size_t SoftMaxHeapSize                          = 67108864                               {manageable} {ergonomic}
     bool UseCompressedClassPointers               = true                           {product lp64_product} {ergonomic}
     bool UseCompressedOops                        = true                           {product lp64_product} {ergonomic}
     bool UseG1GC                                  = true                                      {product} {ergonomic}
     bool UseLargePagesIndividualAllocation        = false                                  {pd product} {ergonomic}

Logging:
Log output configuration:
 #0: stdout all=warning uptime,level,tags
 #1: stderr all=off uptime,level,tags

Environment Variables:
JAVA_HOME=C:\Program Files\Java\jdk-17
CLASSPATH=D:\AREA DE TRABALHO\testerb\android\\gradle\wrapper\gradle-wrapper.jar
PATH=D:\AREA DE TRABALHO\testerb\node_modules\.bin;D:\AREA DE TRABALHO\testerb\node_modules\.bin;D:\AREA DE TRABALHO\node_modules\.bin;D:\node_modules\.bin;C:\Program Files\nodejs\node_modules\npm\node_modules\@npmcli\run-script\lib\node-gyp-bin;C:\Users\MARCOS~1.OTH\AppData\Local\Temp\yarn--1695809377503-0.47914496697368936;D:\AREA DE TRABALHO\testerb\node_modules\.bin;C:\Users\marcos.OTHONC\AppData\Local\Yarn\Data\link\node_modules\.bin;C:\Users\marcos.OTHONC\AppData\Local\Yarn\bin;C:\Program Files\libexec\lib\node_modules\npm\bin\node-gyp-bin;C:\Program Files\lib\node_modules\npm\bin\node-gyp-bin;C:\Program Files\nodejs\node_modules\npm\bin\node-gyp-bin;C:\Program Files\Python311\Scripts\;C:\Program Files\Python311\;C:\Program Files\Common Files\Oracle\Java\javapath;C:\Program Files (x86)\Common Files\Oracle\Java\javapath;C:\Python311\Scripts\;C:\Python311\;D:\app\client\marcos\product\12.1.0\client_2\bin;C:\Windows\system32;C:\Windows;C:\Windows\System32\Wbem;C:\Windows\System32\WindowsPowerShell\v1.0\;C:\Windows\System32\OpenSSH\;C:\Program Files\dotnet\;C:\Program Files\nodejs\;C:\ProgramData\chocolatey\bin;D:\Program Files\Git\cmd;C:\Program Files\Zabbix Agent\;D:\Program Files\Veyon\;C:\Users\marcos.OTHONC\AppData\Local\Android\Sdk;C:\Users\marcos.OTHONC\AppData\Local\Android\Sdk\platform-tools;C:\Program Files\Java\jdk-17\bin;C:\Program Files\Maven\bin;;C:\Program Files\Docker\Docker\resources\bin;C:\Users\marcos.OTHONC\AppData\Local\Microsoft\WindowsApps;D:\Users\marcos.OTHONC\AppData\Local\Programs\Microsoft VS Code\bin;C:\Users\marcos.OTHONC\AppData\Local\GitHubDesktop\bin;C:\Users\marcos.OTHONC\AppData\Roaming\npm;D:\Program Files\JetBrains\IntelliJ IDEA 2023.1.3\bin;
USERNAME=marcos
SHELL=D:\Program Files\Git\usr\bin\bash.exe
DISPLAY=needs-to-be-defined
LANG=pt_BR.UTF-8
LC_CTYPE=pt_BR.UTF-8
OS=Windows_NT
PROCESSOR_IDENTIFIER=Intel64 Family 6 Model 158 Stepping 11, GenuineIntel



---------------  S Y S T E M  ---------------

OS:
 Windows 10 , 64 bit Build 19041 (10.0.19041.3155)
OS uptime: 8 days 20:36 hours
Hyper-V role detected

CPU: total 4 (initial active 4) (4 cores per cpu, 1 threads per core) family 6 model 158 stepping 11 microcode 0xf0, cx8, cmov, fxsr, mmx, 3dnowpref, sse, sse2, sse3, ssse3, sse4.1, sse4.2, popcnt, lzcnt, tsc, tscinvbit, avx, avx2, aes, erms, clmul, bmi1, bmi2, adx, fma, vzeroupper, clflush, clflushopt, hv

Memory: 4k page, system-wide physical 16193M (375M free)
TotalPageFile size 30419M (AvailPageFile size 0M)
current process WorkingSet (physical memory assigned to process): 80M, peak: 83M
current process commit charge ("private bytes"): 154M, peak: 156M

vm_info: Java HotSpot(TM) 64-Bit Server VM (17.0.7+8-LTS-224) for windows-amd64 JRE (17.0.7+8-LTS-224), built on Feb 28 2023 23:03:02 by "mach5one" with MS VC++ 17.1 (VS2022)

END.
