#
# There is insufficient memory for the Java Runtime Environment to continue.
# Native memory allocation (mmap) failed to map 65536 bytes for Failed to commit metaspace.
# Possible reasons:
#   The system is out of physical RAM or swap space
#   The process is running with CompressedOops enabled, and the Java Heap may be blocking the growth of the native heap
# Possible solutions:
#   Reduce memory load on the system
#   Increase physical memory or swap space
#   Check if swap backing store is full
#   Decrease Java heap size (-Xmx/-Xms)
#   Decrease number of Java threads
#   Decrease Java thread stack sizes (-Xss)
#   Set larger code cache with -XX:ReservedCodeCacheSize=
#   JVM is running with Unscaled Compressed Oops mode in which the Java heap is
#     placed in the first 4GB address space. The Java Heap base address is the
#     maximum limit for the native heap growth. Please use -XX:HeapBaseMinAddress
#     to set the Java Heap base and to place the Java Heap above 4GB virtual address.
# This output file may be truncated or incomplete.
#
#  Out of Memory Error (virtualSpaceNode.cpp:110), pid=13296, tid=3688
#
# JRE version: Java(TM) SE Runtime Environment (17.0.7+8) (build 17.0.7+8-LTS-224)
# Java VM: Java HotSpot(TM) 64-Bit Server VM (17.0.7+8-LTS-224, mixed mode, sharing, tiered, compressed oops, compressed class ptrs, g1 gc, windows-amd64)
# No core dump will be written. Minidumps are not enabled by default on client versions of Windows
#

---------------  S U M M A R Y ------------

Command Line: -Xmx64m -Xms64m -Dorg.gradle.appname=gradlew org.gradle.wrapper.GradleWrapperMain tasks

Host: Intel(R) Core(TM) i3-9100 CPU @ 3.60GHz, 4 cores, 15G,  Windows 10 , 64 bit Build 19041 (10.0.19041.3155)
Time: Wed Sep 27 07:31:03 2023 Hora oficial do Brasil elapsed time: 33.749966 seconds (0d 0h 0m 33s)

---------------  T H R E A D  ---------------

Current thread (0x000001dacc579430):  JavaThread "main" [_thread_in_vm, id=3688, stack(0x000000086b300000,0x000000086b400000)]

Stack: [0x000000086b300000,0x000000086b400000]
Native frames: (J=compiled Java code, j=interpreted, Vv=VM code, C=native code)
V  [jvm.dll+0x676a4a]
V  [jvm.dll+0x7d74f4]
V  [jvm.dll+0x7d8c9e]
V  [jvm.dll+0x7d9303]
V  [jvm.dll+0x2452c5]
V  [jvm.dll+0x7d35fb]
V  [jvm.dll+0x61ca36]
V  [jvm.dll+0x61ca9a]
V  [jvm.dll+0x61f2bd]
V  [jvm.dll+0x61d3f6]
V  [jvm.dll+0x242d9c]
V  [jvm.dll+0x6cd2bd]
V  [jvm.dll+0x6cdcbf]
V  [jvm.dll+0x36df95]
V  [jvm.dll+0x36d044]
V  [jvm.dll+0x36cfe8]
V  [jvm.dll+0x37ce1a]
C  0x000001dadb33b7f7

Java frames: (J=compiled Java code, j=interpreted, Vv=VM code)
j  sun.net.www.protocol.jar.Handler.openConnection(Ljava/net/URL;)Ljava/net/URLConnection;+0 java.base@17.0.7
j  java.net.URL.openConnection()Ljava/net/URLConnection;+5 java.base@17.0.7
j  org.gradle.util.internal.DefaultGradleVersion.<clinit>()V+45
v  ~StubRoutines::call_stub
j  org.gradle.util.GradleVersion.current()Lorg/gradle/util/GradleVersion;+0
j  org.gradle.api.internal.DocumentationRegistry.<init>()V+5
j  org.gradle.launcher.cli.DebugLoggerWarningAction.<clinit>()V+60
v  ~StubRoutines::call_stub
j  org.gradle.launcher.cli.DefaultCommandLineActionFactory$WithLogging.execute(Lorg/gradle/launcher/bootstrap/ExecutionListener;)V+270
j  org.gradle.launcher.Main.doAction([Ljava/lang/String;Lorg/gradle/launcher/bootstrap/ExecutionListener;)V+14
j  org.gradle.launcher.bootstrap.EntryPoint.run([Ljava/lang/String;)V+12
v  ~StubRoutines::call_stub
j  jdk.internal.reflect.NativeMethodAccessorImpl.invoke0(Ljava/lang/reflect/Method;Ljava/lang/Object;[Ljava/lang/Object;)Ljava/lang/Object;+0 java.base@17.0.7
j  jdk.internal.reflect.NativeMethodAccessorImpl.invoke(Ljava/lang/Object;[Ljava/lang/Object;)Ljava/lang/Object;+133 java.base@17.0.7
j  jdk.internal.reflect.DelegatingMethodAccessorImpl.invoke(Ljava/lang/Object;[Ljava/lang/Object;)Ljava/lang/Object;+6 java.base@17.0.7
j  java.lang.reflect.Method.invoke(Ljava/lang/Object;[Ljava/lang/Object;)Ljava/lang/Object;+59 java.base@17.0.7
j  org.gradle.launcher.bootstrap.ProcessBootstrap.runNoExit(Ljava/lang/String;[Ljava/lang/String;)V+159
j  org.gradle.launcher.bootstrap.ProcessBootstrap.run(Ljava/lang/String;[Ljava/lang/String;)V+2
v  ~StubRoutines::call_stub
j  jdk.internal.reflect.NativeMethodAccessorImpl.invoke0(Ljava/lang/reflect/Method;Ljava/lang/Object;[Ljava/lang/Object;)Ljava/lang/Object;+0 java.base@17.0.7
j  jdk.internal.reflect.NativeMethodAccessorImpl.invoke(Ljava/lang/Object;[Ljava/lang/Object;)Ljava/lang/Object;+133 java.base@17.0.7
j  jdk.internal.reflect.DelegatingMethodAccessorImpl.invoke(Ljava/lang/Object;[Ljava/lang/Object;)Ljava/lang/Object;+6 java.base@17.0.7
j  java.lang.reflect.Method.invoke(Ljava/lang/Object;[Ljava/lang/Object;)Ljava/lang/Object;+59 java.base@17.0.7
j  org.gradle.launcher.GradleMain.main([Ljava/lang/String;)V+100
v  ~StubRoutines::call_stub
j  jdk.internal.reflect.NativeMethodAccessorImpl.invoke0(Ljava/lang/reflect/Method;Ljava/lang/Object;[Ljava/lang/Object;)Ljava/lang/Object;+0 java.base@17.0.7
j  jdk.internal.reflect.NativeMethodAccessorImpl.invoke(Ljava/lang/Object;[Ljava/lang/Object;)Ljava/lang/Object;+133 java.base@17.0.7
j  jdk.internal.reflect.DelegatingMethodAccessorImpl.invoke(Ljava/lang/Object;[Ljava/lang/Object;)Ljava/lang/Object;+6 java.base@17.0.7
j  java.lang.reflect.Method.invoke(Ljava/lang/Object;[Ljava/lang/Object;)Ljava/lang/Object;+59 java.base@17.0.7
j  org.gradle.wrapper.BootstrapMainStarter.start([Ljava/lang/String;Ljava/io/File;)V+105
j  org.gradle.wrapper.WrapperExecutor.execute([Ljava/lang/String;Lorg/gradle/wrapper/Install;Lorg/gradle/wrapper/BootstrapMainStarter;)V+14
j  org.gradle.wrapper.GradleWrapperMain.main([Ljava/lang/String;)V+206
v  ~StubRoutines::call_stub

---------------  P R O C E S S  ---------------

Threads class SMR info:
_java_thread_list=0x000001dae542cf40, length=12, elements={
0x000001dacc579430, 0x000001dae5418120, 0x000001dae5418f90, 0x000001dae5432240,
0x000001dae5434c10, 0x000001dae54355c0, 0x000001dae5435f70, 0x000001dae5438030,
0x000001dae54389e0, 0x000001dae54aa8f0, 0x000001dae603f0c0, 0x000001dae60439f0
}

Java Threads: ( => current thread )
=>0x000001dacc579430 JavaThread "main" [_thread_in_vm, id=3688, stack(0x000000086b300000,0x000000086b400000)]
  0x000001dae5418120 JavaThread "Reference Handler" daemon [_thread_blocked, id=25316, stack(0x000000086bb00000,0x000000086bc00000)]
  0x000001dae5418f90 JavaThread "Finalizer" daemon [_thread_blocked, id=18300, stack(0x000000086bc00000,0x000000086bd00000)]
  0x000001dae5432240 JavaThread "Signal Dispatcher" daemon [_thread_blocked, id=13540, stack(0x000000086bd00000,0x000000086be00000)]
  0x000001dae5434c10 JavaThread "Attach Listener" daemon [_thread_blocked, id=11848, stack(0x000000086be00000,0x000000086bf00000)]
  0x000001dae54355c0 JavaThread "Service Thread" daemon [_thread_blocked, id=26916, stack(0x000000086bf00000,0x000000086c000000)]
  0x000001dae5435f70 JavaThread "Monitor Deflation Thread" daemon [_thread_blocked, id=23848, stack(0x000000086c000000,0x000000086c100000)]
  0x000001dae5438030 JavaThread "C2 CompilerThread0" daemon [_thread_in_native, id=24264, stack(0x000000086c100000,0x000000086c200000)]
  0x000001dae54389e0 JavaThread "C1 CompilerThread0" daemon [_thread_blocked, id=20016, stack(0x000000086c200000,0x000000086c300000)]
  0x000001dae54aa8f0 JavaThread "Sweeper thread" daemon [_thread_blocked, id=27020, stack(0x000000086c300000,0x000000086c400000)]
  0x000001dae603f0c0 JavaThread "Notification Thread" daemon [_thread_blocked, id=25556, stack(0x000000086c400000,0x000000086c500000)]
  0x000001dae60439f0 JavaThread "Common-Cleaner" daemon [_thread_blocked, id=25564, stack(0x000000086c600000,0x000000086c700000)]

Other Threads:
  0x000001dae54145c0 VMThread "VM Thread" [stack: 0x000000086ba00000,0x000000086bb00000] [id=14856]
  0x000001dae60415a0 WatcherThread [stack: 0x000000086c500000,0x000000086c600000] [id=25560]
  0x000001dacc596590 GCTaskThread "GC Thread#0" [stack: 0x000000086b500000,0x000000086b600000] [id=10716]
  0x000001dae633f840 GCTaskThread "GC Thread#1" [stack: 0x000000086c700000,0x000000086c800000] [id=26168]
  0x000001dae60c27b0 GCTaskThread "GC Thread#2" [stack: 0x000000086c800000,0x000000086c900000] [id=19648]
  0x000001dae54d7690 GCTaskThread "GC Thread#3" [stack: 0x000000086c900000,0x000000086ca00000] [id=9524]
  0x000001dacc597cd0 ConcurrentGCThread "G1 Main Marker" [stack: 0x000000086b600000,0x000000086b700000] [id=13128]
  0x000001dacc5996f0 ConcurrentGCThread "G1 Conc#0" [stack: 0x000000086b700000,0x000000086b800000] [id=24324]
  0x000001dacc5e70f0 ConcurrentGCThread "G1 Refine#0" [stack: 0x000000086b800000,0x000000086b900000] [id=26652]
  0x000001dacc5e8b20 ConcurrentGCThread "G1 Service" [stack: 0x000000086b900000,0x000000086ba00000] [id=26772]

Threads with active compile tasks:
C2 CompilerThread0    33956  792  s!   4       jdk.internal.loader.URLClassPath::getLoader (194 bytes)

VM state: not at safepoint (normal execution)

VM Mutex/Monitor currently owned by a thread:  ([mutex/lock_event])
[0x000001dacc568480] Metaspace_lock - owner thread: 0x000001dacc579430

Heap address: 0x00000000fc000000, size: 64 MB, Compressed Oops mode: 32-bit

CDS archive(s) mapped at: [0x0000000800000000-0x0000000800bd0000-0x0000000800bd0000), size 12386304, SharedBaseAddress: 0x0000000800000000, ArchiveRelocationMode: 0.
Compressed class space mapped at: 0x0000000800c00000-0x0000000840c00000, reserved size: 1073741824
Narrow klass base: 0x0000000800000000, Narrow klass shift: 0, Narrow klass range: 0x100000000

GC Precious Log:
 CPUs: 4 total, 4 available
 Memory: 16193M
 Large Page Support: Disabled
 NUMA Support: Disabled
 Compressed Oops: Enabled (32-bit)
 Heap Region Size: 1M
 Heap Min Capacity: 64M
 Heap Initial Capacity: 64M
 Heap Max Capacity: 64M
 Pre-touch: Disabled
 Parallel Workers: 4
 Concurrent Workers: 1
 Concurrent Refinement Workers: 4
 Periodic GC: Disabled

Heap:
 garbage-first heap   total 65536K, used 14887K [0x00000000fc000000, 0x0000000100000000)
  region size 1024K, 11 young (11264K), 2 survivors (2048K)
 Metaspace       used 3422K, committed 3584K, reserved 1056768K
  class space    used 412K, committed 512K, reserved 1048576K

Heap Regions: E=young(eden), S=young(survivor), O=old, HS=humongous(starts), HC=humongous(continues), CS=collection set, F=free, OA=open archive, CA=closed archive, TAMS=top-at-mark-start (previous, next)
|   0|0x00000000fc000000, 0x00000000fc100000, 0x00000000fc100000|100%| O|  |TAMS 0x00000000fc000000, 0x00000000fc000000| Untracked 
|   1|0x00000000fc100000, 0x00000000fc189c00, 0x00000000fc200000| 53%| O|  |TAMS 0x00000000fc100000, 0x00000000fc100000| Untracked 
|   2|0x00000000fc200000, 0x00000000fc300000, 0x00000000fc300000|100%|HS|  |TAMS 0x00000000fc200000, 0x00000000fc200000| Complete 
|   3|0x00000000fc300000, 0x00000000fc400000, 0x00000000fc400000|100%|HC|  |TAMS 0x00000000fc300000, 0x00000000fc300000| Complete 
|   4|0x00000000fc400000, 0x00000000fc500000, 0x00000000fc500000|100%|HC|  |TAMS 0x00000000fc400000, 0x00000000fc400000| Complete 
|   5|0x00000000fc500000, 0x00000000fc600000, 0x00000000fc600000|100%|HC|  |TAMS 0x00000000fc500000, 0x00000000fc500000| Complete 
|   6|0x00000000fc600000, 0x00000000fc600000, 0x00000000fc700000|  0%| F|  |TAMS 0x00000000fc600000, 0x00000000fc600000| Untracked 
|   7|0x00000000fc700000, 0x00000000fc700000, 0x00000000fc800000|  0%| F|  |TAMS 0x00000000fc700000, 0x00000000fc700000| Untracked 
|   8|0x00000000fc800000, 0x00000000fc800000, 0x00000000fc900000|  0%| F|  |TAMS 0x00000000fc800000, 0x00000000fc800000| Untracked 
|   9|0x00000000fc900000, 0x00000000fc900000, 0x00000000fca00000|  0%| F|  |TAMS 0x00000000fc900000, 0x00000000fc900000| Untracked 
|  10|0x00000000fca00000, 0x00000000fca00000, 0x00000000fcb00000|  0%| F|  |TAMS 0x00000000fca00000, 0x00000000fca00000| Untracked 
|  11|0x00000000fcb00000, 0x00000000fcb00000, 0x00000000fcc00000|  0%| F|  |TAMS 0x00000000fcb00000, 0x00000000fcb00000| Untracked 
|  12|0x00000000fcc00000, 0x00000000fcc00000, 0x00000000fcd00000|  0%| F|  |TAMS 0x00000000fcc00000, 0x00000000fcc00000| Untracked 
|  13|0x00000000fcd00000, 0x00000000fcd00000, 0x00000000fce00000|  0%| F|  |TAMS 0x00000000fcd00000, 0x00000000fcd00000| Untracked 
|  14|0x00000000fce00000, 0x00000000fce00000, 0x00000000fcf00000|  0%| F|  |TAMS 0x00000000fce00000, 0x00000000fce00000| Untracked 
|  15|0x00000000fcf00000, 0x00000000fcf00000, 0x00000000fd000000|  0%| F|  |TAMS 0x00000000fcf00000, 0x00000000fcf00000| Untracked 
|  16|0x00000000fd000000, 0x00000000fd000000, 0x00000000fd100000|  0%| F|  |TAMS 0x00000000fd000000, 0x00000000fd000000| Untracked 
|  17|0x00000000fd100000, 0x00000000fd100000, 0x00000000fd200000|  0%| F|  |TAMS 0x00000000fd100000, 0x00000000fd100000| Untracked 
|  18|0x00000000fd200000, 0x00000000fd200000, 0x00000000fd300000|  0%| F|  |TAMS 0x00000000fd200000, 0x00000000fd200000| Untracked 
|  19|0x00000000fd300000, 0x00000000fd300000, 0x00000000fd400000|  0%| F|  |TAMS 0x00000000fd300000, 0x00000000fd300000| Untracked 
|  20|0x00000000fd400000, 0x00000000fd400000, 0x00000000fd500000|  0%| F|  |TAMS 0x00000000fd400000, 0x00000000fd400000| Untracked 
|  21|0x00000000fd500000, 0x00000000fd500000, 0x00000000fd600000|  0%| F|  |TAMS 0x00000000fd500000, 0x00000000fd500000| Untracked 
|  22|0x00000000fd600000, 0x00000000fd600000, 0x00000000fd700000|  0%| F|  |TAMS 0x00000000fd600000, 0x00000000fd600000| Untracked 
|  23|0x00000000fd700000, 0x00000000fd700000, 0x00000000fd800000|  0%| F|  |TAMS 0x00000000fd700000, 0x00000000fd700000| Untracked 
|  24|0x00000000fd800000, 0x00000000fd800000, 0x00000000fd900000|  0%| F|  |TAMS 0x00000000fd800000, 0x00000000fd800000| Untracked 
|  25|0x00000000fd900000, 0x00000000fd900000, 0x00000000fda00000|  0%| F|  |TAMS 0x00000000fd900000, 0x00000000fd900000| Untracked 
|  26|0x00000000fda00000, 0x00000000fda00000, 0x00000000fdb00000|  0%| F|  |TAMS 0x00000000fda00000, 0x00000000fda00000| Untracked 
|  27|0x00000000fdb00000, 0x00000000fdb00000, 0x00000000fdc00000|  0%| F|  |TAMS 0x00000000fdb00000, 0x00000000fdb00000| Untracked 
|  28|0x00000000fdc00000, 0x00000000fdc00000, 0x00000000fdd00000|  0%| F|  |TAMS 0x00000000fdc00000, 0x00000000fdc00000| Untracked 
|  29|0x00000000fdd00000, 0x00000000fdd00000, 0x00000000fde00000|  0%| F|  |TAMS 0x00000000fdd00000, 0x00000000fdd00000| Untracked 
|  30|0x00000000fde00000, 0x00000000fde00000, 0x00000000fdf00000|  0%| F|  |TAMS 0x00000000fde00000, 0x00000000fde00000| Untracked 
|  31|0x00000000fdf00000, 0x00000000fdf00000, 0x00000000fe000000|  0%| F|  |TAMS 0x00000000fdf00000, 0x00000000fdf00000| Untracked 
|  32|0x00000000fe000000, 0x00000000fe000000, 0x00000000fe100000|  0%| F|  |TAMS 0x00000000fe000000, 0x00000000fe000000| Untracked 
|  33|0x00000000fe100000, 0x00000000fe100000, 0x00000000fe200000|  0%| F|  |TAMS 0x00000000fe100000, 0x00000000fe100000| Untracked 
|  34|0x00000000fe200000, 0x00000000fe200000, 0x00000000fe300000|  0%| F|  |TAMS 0x00000000fe200000, 0x00000000fe200000| Untracked 
|  35|0x00000000fe300000, 0x00000000fe300000, 0x00000000fe400000|  0%| F|  |TAMS 0x00000000fe300000, 0x00000000fe300000| Untracked 
|  36|0x00000000fe400000, 0x00000000fe400000, 0x00000000fe500000|  0%| F|  |TAMS 0x00000000fe400000, 0x00000000fe400000| Untracked 
|  37|0x00000000fe500000, 0x00000000fe500000, 0x00000000fe600000|  0%| F|  |TAMS 0x00000000fe500000, 0x00000000fe500000| Untracked 
|  38|0x00000000fe600000, 0x00000000fe600000, 0x00000000fe700000|  0%| F|  |TAMS 0x00000000fe600000, 0x00000000fe600000| Untracked 
|  39|0x00000000fe700000, 0x00000000fe700000, 0x00000000fe800000|  0%| F|  |TAMS 0x00000000fe700000, 0x00000000fe700000| Untracked 
|  40|0x00000000fe800000, 0x00000000fe800000, 0x00000000fe900000|  0%| F|  |TAMS 0x00000000fe800000, 0x00000000fe800000| Untracked 
|  41|0x00000000fe900000, 0x00000000fe900000, 0x00000000fea00000|  0%| F|  |TAMS 0x00000000fe900000, 0x00000000fe900000| Untracked 
|  42|0x00000000fea00000, 0x00000000fea00000, 0x00000000feb00000|  0%| F|  |TAMS 0x00000000fea00000, 0x00000000fea00000| Untracked 
|  43|0x00000000feb00000, 0x00000000feb00000, 0x00000000fec00000|  0%| F|  |TAMS 0x00000000feb00000, 0x00000000feb00000| Untracked 
|  44|0x00000000fec00000, 0x00000000fec00000, 0x00000000fed00000|  0%| F|  |TAMS 0x00000000fec00000, 0x00000000fec00000| Untracked 
|  45|0x00000000fed00000, 0x00000000fed00000, 0x00000000fee00000|  0%| F|  |TAMS 0x00000000fed00000, 0x00000000fed00000| Untracked 
|  46|0x00000000fee00000, 0x00000000fee00000, 0x00000000fef00000|  0%| F|  |TAMS 0x00000000fee00000, 0x00000000fee00000| Untracked 
|  47|0x00000000fef00000, 0x00000000fef00000, 0x00000000ff000000|  0%| F|  |TAMS 0x00000000fef00000, 0x00000000fef00000| Untracked 
|  48|0x00000000ff000000, 0x00000000ff000000, 0x00000000ff100000|  0%| F|  |TAMS 0x00000000ff000000, 0x00000000ff000000| Untracked 
|  49|0x00000000ff100000, 0x00000000ff200000, 0x00000000ff200000|100%| S|CS|TAMS 0x00000000ff100000, 0x00000000ff100000| Complete 
|  50|0x00000000ff200000, 0x00000000ff300000, 0x00000000ff300000|100%| S|CS|TAMS 0x00000000ff200000, 0x00000000ff200000| Complete 
|  51|0x00000000ff300000, 0x00000000ff300000, 0x00000000ff400000|  0%| F|  |TAMS 0x00000000ff300000, 0x00000000ff300000| Untracked 
|  52|0x00000000ff400000, 0x00000000ff400000, 0x00000000ff500000|  0%| F|  |TAMS 0x00000000ff400000, 0x00000000ff400000| Untracked 
|  53|0x00000000ff500000, 0x00000000ff500000, 0x00000000ff600000|  0%| F|  |TAMS 0x00000000ff500000, 0x00000000ff500000| Untracked 
|  54|0x00000000ff600000, 0x00000000ff600000, 0x00000000ff700000|  0%| F|  |TAMS 0x00000000ff600000, 0x00000000ff600000| Untracked 
|  55|0x00000000ff700000, 0x00000000ff75dc18, 0x00000000ff800000| 36%| E|  |TAMS 0x00000000ff700000, 0x00000000ff700000| Complete 
|  56|0x00000000ff800000, 0x00000000ff900000, 0x00000000ff900000|100%| E|CS|TAMS 0x00000000ff800000, 0x00000000ff800000| Complete 
|  57|0x00000000ff900000, 0x00000000ffa00000, 0x00000000ffa00000|100%| E|CS|TAMS 0x00000000ff900000, 0x00000000ff900000| Complete 
|  58|0x00000000ffa00000, 0x00000000ffb00000, 0x00000000ffb00000|100%| E|CS|TAMS 0x00000000ffa00000, 0x00000000ffa00000| Complete 
|  59|0x00000000ffb00000, 0x00000000ffc00000, 0x00000000ffc00000|100%| E|CS|TAMS 0x00000000ffb00000, 0x00000000ffb00000| Complete 
|  60|0x00000000ffc00000, 0x00000000ffd00000, 0x00000000ffd00000|100%| E|  |TAMS 0x00000000ffc00000, 0x00000000ffc00000| Complete 
|  61|0x00000000ffd00000, 0x00000000ffe00000, 0x00000000ffe00000|100%| E|CS|TAMS 0x00000000ffd00000, 0x00000000ffd00000| Complete 
|  62|0x00000000ffe00000, 0x00000000fff00000, 0x00000000fff00000|100%| E|CS|TAMS 0x00000000ffe00000, 0x00000000ffe00000| Complete 
|  63|0x00000000fff00000, 0x0000000100000000, 0x0000000100000000|100%| E|CS|TAMS 0x00000000fff00000, 0x00000000fff00000| Complete 

Card table byte_map: [0x000001dacc3b0000,0x000001dacc3d0000] _byte_map_base: 0x000001dacbbd0000

Marking Bits (Prev, Next): (CMBitMap*) 0x000001dacc596ba0, (CMBitMap*) 0x000001dacc596be0
 Prev Bits: [0x000001dacc3f0000, 0x000001dacc4f0000)
 Next Bits: [0x000001dae2df0000, 0x000001dae2ef0000)

Polling page: 0x000001dacbd40000

Metaspace:

Usage:
  Non-class:      2.94 MB used.
      Class:    412.11 KB used.
       Both:      3.34 MB used.

Virtual space:
  Non-class space:        8.00 MB reserved,       3.00 MB ( 38%) committed,  1 nodes.
      Class space:        1.00 GB reserved,     512.00 KB ( <1%) committed,  1 nodes.
             Both:        1.01 GB reserved,       3.50 MB ( <1%) committed. 

Chunk freelists:
   Non-Class:  2.84 MB
       Class:  3.50 MB
        Both:  6.34 MB

MaxMetaspaceSize: unlimited
CompressedClassSpaceSize: 1.00 GB
Initial GC threshold: 21.00 MB
Current GC threshold: 21.00 MB
CDS: on
MetaspaceReclaimPolicy: balanced
 - commit_granule_bytes: 65536.
 - commit_granule_words: 8192.
 - virtual_space_node_default_size: 1048576.
 - enlarge_chunks_in_place: 1.
 - new_chunks_are_fully_committed: 0.
 - uncommit_free_chunks: 1.
 - use_allocation_guard: 0.
 - handle_deallocations: 1.


Internal statistics:

num_allocs_failed_limit: 0.
num_arena_births: 18.
num_arena_deaths: 0.
num_vsnodes_births: 2.
num_vsnodes_deaths: 0.
num_space_committed: 56.
num_space_uncommitted: 0.
num_chunks_returned_to_freelist: 0.
num_chunks_taken_from_freelist: 95.
num_chunk_merges: 0.
num_chunk_splits: 57.
num_chunks_enlarged: 54.
num_purges: 0.
num_inconsistent_stats: 0.

CodeHeap 'non-profiled nmethods': size=120000Kb used=299Kb max_used=299Kb free=119701Kb
 bounds [0x000001dadb8c0000, 0x000001dadbb30000, 0x000001dae2df0000]
CodeHeap 'profiled nmethods': size=120000Kb used=1530Kb max_used=1530Kb free=118469Kb
 bounds [0x000001dad3df0000, 0x000001dad4060000, 0x000001dadb320000]
CodeHeap 'non-nmethods': size=5760Kb used=1122Kb max_used=1148Kb free=4637Kb
 bounds [0x000001dadb320000, 0x000001dadb590000, 0x000001dadb8c0000]
 total_blobs=1200 nmethods=795 adapters=318
 compilation: enabled
              stopped_count=0, restarted_count=0
 full_count=0

Compilation events (20 events):
Event: 33.656 Thread 0x000001dae54389e0  786       3       java.lang.ClassLoader::defineClass (43 bytes)
Event: 33.656 Thread 0x000001dae54389e0 nmethod 786 0x000001dad3f64390 code [0x000001dad3f64580, 0x000001dad3f64a98]
Event: 33.659 Thread 0x000001dae5438030 nmethod 787 0x000001dadb909f90 code [0x000001dadb90a120, 0x000001dadb90a418]
Event: 33.676 Thread 0x000001dae54389e0  788       1       org.gradle.internal.buildoption.AbstractBuildOption::getGradleProperty (5 bytes)
Event: 33.676 Thread 0x000001dae54389e0 nmethod 788 0x000001dadb90a610 code [0x000001dadb90a7a0, 0x000001dadb90a878]
Event: 33.676 Thread 0x000001dae54389e0  789       3       org.gradle.launcher.cli.converter.LayoutToPropertiesConverter$1::isSatisfiedBy (9 bytes)
Event: 33.676 Thread 0x000001dae54389e0 nmethod 789 0x000001dad3f64d10 code [0x000001dad3f64ee0, 0x000001dad3f65498]
Event: 33.676 Thread 0x000001dae54389e0  790       3       org.gradle.launcher.cli.converter.LayoutToPropertiesConverter$1::isSatisfiedBy (30 bytes)
Event: 33.677 Thread 0x000001dae54389e0 nmethod 790 0x000001dad3f65690 code [0x000001dad3f65860, 0x000001dad3f65c78]
Event: 33.677 Thread 0x000001dae54389e0  791       1       java.util.concurrent.ConcurrentHashMap$MapEntry::getKey (5 bytes)
Event: 33.678 Thread 0x000001dae54389e0 nmethod 791 0x000001dadb90a910 code [0x000001dadb90aaa0, 0x000001dadb90ab78]
Event: 33.706 Thread 0x000001dae5438030  792  s!   4       jdk.internal.loader.URLClassPath::getLoader (194 bytes)
Event: 33.714 Thread 0x000001dae54389e0  793       3       java.lang.String::<init> (830 bytes)
Event: 33.715 Thread 0x000001dae54389e0 nmethod 793 0x000001dad3f65e10 code [0x000001dad3f66300, 0x000001dad3f68fd8]
Event: 33.715 Thread 0x000001dae54389e0  794       3       java.util.jar.Manifest$FastInputStream::readLine (9 bytes)
Event: 33.715 Thread 0x000001dae54389e0 nmethod 794 0x000001dad3f69b90 code [0x000001dad3f69d40, 0x000001dad3f69ea8]
Event: 33.725 Thread 0x000001dae54389e0  797       3       java.util.regex.Pattern::sequence (647 bytes)
Event: 33.727 Thread 0x000001dae54389e0 nmethod 797 0x000001dad3f69f90 code [0x000001dad3f6a5a0, 0x000001dad3f6d718]
Event: 33.729 Thread 0x000001dae54389e0  798       3       jdk.internal.jimage.ImageStringsReader::hashCode (33 bytes)
Event: 33.729 Thread 0x000001dae54389e0 nmethod 798 0x000001dad3f6e590 code [0x000001dad3f6e740, 0x000001dad3f6e8b8]

GC Heap History (2 events):
Event: 18.075 GC heap before
{Heap before GC invocations=0 (full 0):
 garbage-first heap   total 65536K, used 12288K [0x00000000fc000000, 0x0000000100000000)
  region size 1024K, 13 young (13312K), 0 survivors (0K)
 Metaspace       used 1776K, committed 1920K, reserved 1056768K
  class space    used 159K, committed 192K, reserved 1048576K
}
Event: 18.449 GC heap after
{Heap after GC invocations=1 (full 0):
 garbage-first heap   total 65536K, used 3623K [0x00000000fc000000, 0x0000000100000000)
  region size 1024K, 2 young (2048K), 2 survivors (2048K)
 Metaspace       used 1776K, committed 1920K, reserved 1056768K
  class space    used 159K, committed 192K, reserved 1048576K
}

Deoptimization events (20 events):
Event: 33.627 Thread 0x000001dacc579430 DEOPT PACKING pc=0x000001dadb8de444 sp=0x000000086b3fd170
Event: 33.627 Thread 0x000001dacc579430 DEOPT UNPACKING pc=0x000001dadb3723a3 sp=0x000000086b3fd0f8 mode 2
Event: 33.627 Thread 0x000001dacc579430 Uncommon trap: trap_request=0xffffffde fr.pc=0x000001dadb8dfea8 relative=0x00000000000003c8
Event: 33.627 Thread 0x000001dacc579430 Uncommon trap: reason=class_check action=maybe_recompile pc=0x000001dadb8dfea8 method=java.util.regex.Matcher.match(II)Z @ 121 c2
Event: 33.627 Thread 0x000001dacc579430 DEOPT PACKING pc=0x000001dadb8dfea8 sp=0x000000086b3fd1c0
Event: 33.627 Thread 0x000001dacc579430 DEOPT UNPACKING pc=0x000001dadb3723a3 sp=0x000000086b3fd168 mode 2
Event: 33.627 Thread 0x000001dacc579430 Uncommon trap: trap_request=0xffffffde fr.pc=0x000001dadb8dfea8 relative=0x00000000000003c8
Event: 33.627 Thread 0x000001dacc579430 Uncommon trap: reason=class_check action=maybe_recompile pc=0x000001dadb8dfea8 method=java.util.regex.Matcher.match(II)Z @ 121 c2
Event: 33.627 Thread 0x000001dacc579430 DEOPT PACKING pc=0x000001dadb8dfea8 sp=0x000000086b3fd1c0
Event: 33.627 Thread 0x000001dacc579430 DEOPT UNPACKING pc=0x000001dadb3723a3 sp=0x000000086b3fd168 mode 2
Event: 33.628 Thread 0x000001dacc579430 Uncommon trap: trap_request=0xffffffde fr.pc=0x000001dadb8dfea8 relative=0x00000000000003c8
Event: 33.628 Thread 0x000001dacc579430 Uncommon trap: reason=class_check action=maybe_recompile pc=0x000001dadb8dfea8 method=java.util.regex.Matcher.match(II)Z @ 121 c2
Event: 33.628 Thread 0x000001dacc579430 DEOPT PACKING pc=0x000001dadb8dfea8 sp=0x000000086b3fd040
Event: 33.628 Thread 0x000001dacc579430 DEOPT UNPACKING pc=0x000001dadb3723a3 sp=0x000000086b3fcfe8 mode 2
Event: 33.628 Thread 0x000001dacc579430 Uncommon trap: trap_request=0xffffffde fr.pc=0x000001dadb8dfea8 relative=0x00000000000003c8
Event: 33.628 Thread 0x000001dacc579430 Uncommon trap: reason=class_check action=maybe_recompile pc=0x000001dadb8dfea8 method=java.util.regex.Matcher.match(II)Z @ 121 c2
Event: 33.628 Thread 0x000001dacc579430 DEOPT PACKING pc=0x000001dadb8dfea8 sp=0x000000086b3fd040
Event: 33.628 Thread 0x000001dacc579430 DEOPT UNPACKING pc=0x000001dadb3723a3 sp=0x000000086b3fcfe8 mode 2
Event: 33.714 Thread 0x000001dacc579430 DEOPT PACKING pc=0x000001dad3f419ac sp=0x000000086b3f8b80
Event: 33.714 Thread 0x000001dacc579430 DEOPT UNPACKING pc=0x000001dadb372b43 sp=0x000000086b3f8030 mode 0

Classes unloaded (0 events):
No events

Classes redefined (0 events):
No events

Internal exceptions (2 events):
Event: 4.536 Thread 0x000001dacc579430 Exception <a 'java/lang/NoSuchMethodError'{0x00000000ffc57a20}: 'int java.lang.invoke.DirectMethodHandle$Holder.invokeStaticInit(java.lang.Object, java.lang.Object)'> (0x00000000ffc57a20) 
thrown [s\open\src\hotspot\share\interpreter\linkResolver.cpp, line 759]
Event: 33.638 Thread 0x000001dacc579430 Exception <a 'java/lang/NoSuchMethodError'{0x00000000ff8e6400}: 'void java.lang.invoke.DirectMethodHandle$Holder.invokeStatic(java.lang.Object, java.lang.Object)'> (0x00000000ff8e6400) 
thrown [s\open\src\hotspot\share\interpreter\linkResolver.cpp, line 759]

VM Operations (20 events):
Event: 9.176 Executing VM operation: Cleanup
Event: 9.176 Executing VM operation: Cleanup done
Event: 18.075 Executing VM operation: G1CollectForAllocation
Event: 18.449 Executing VM operation: G1CollectForAllocation done
Event: 19.450 Executing VM operation: Cleanup
Event: 19.450 Executing VM operation: Cleanup done
Event: 20.453 Executing VM operation: Cleanup
Event: 20.453 Executing VM operation: Cleanup done
Event: 23.473 Executing VM operation: Cleanup
Event: 23.473 Executing VM operation: Cleanup done
Event: 26.501 Executing VM operation: Cleanup
Event: 26.501 Executing VM operation: Cleanup done
Event: 30.528 Executing VM operation: Cleanup
Event: 30.528 Executing VM operation: Cleanup done
Event: 31.540 Executing VM operation: Cleanup
Event: 31.540 Executing VM operation: Cleanup done
Event: 33.360 Executing VM operation: HandshakeAllThreads
Event: 33.360 Executing VM operation: HandshakeAllThreads done
Event: 33.360 Executing VM operation: Cleanup
Event: 33.360 Executing VM operation: Cleanup done

Events (20 events):
Event: 33.682 loading class java/lang/reflect/WildcardType
Event: 33.682 loading class java/lang/reflect/WildcardType done
Event: 33.711 loading class java/util/MissingResourceException
Event: 33.711 loading class java/util/MissingResourceException done
Event: 33.711 loading class java/util/logging/ErrorManager
Event: 33.711 loading class java/util/logging/ErrorManager done
Event: 33.718 loading class java/io/StringWriter
Event: 33.718 loading class java/io/StringWriter done
Event: 33.723 loading class java/text/ParseException
Event: 33.723 loading class java/text/ParseException done
Event: 33.723 loading class java/util/regex/Pattern$Loop
Event: 33.724 loading class java/util/regex/Pattern$Loop done
Event: 33.724 loading class java/util/regex/Pattern$Prolog
Event: 33.724 loading class java/util/regex/Pattern$Prolog done
Event: 33.729 loading class java/net/URLClassLoader$2
Event: 33.729 loading class java/net/URLClassLoader$2 done
Event: 33.729 loading class sun/net/www/protocol/jar/JarURLConnection
Event: 33.730 loading class java/net/JarURLConnection
Event: 33.730 loading class java/net/JarURLConnection done
Event: 33.730 loading class sun/net/www/protocol/jar/JarURLConnection done


Dynamic libraries:
0x00007ff6be2d0000 - 0x00007ff6be2e0000 	C:\Program Files\Java\jdk-17\bin\java.exe
0x00007ff8523b0000 - 0x00007ff8525a8000 	C:\Windows\SYSTEM32\ntdll.dll
0x00007ff850410000 - 0x00007ff8504cf000 	C:\Windows\System32\KERNEL32.DLL
0x00007ff84fd10000 - 0x00007ff850006000 	C:\Windows\System32\KERNELBASE.dll
0x00007ff84cf60000 - 0x00007ff84cff1000 	C:\Windows\SYSTEM32\apphelp.dll
0x00007ff850260000 - 0x00007ff850360000 	C:\Windows\System32\ucrtbase.dll
0x00007ff839fb0000 - 0x00007ff839fc9000 	C:\Program Files\Java\jdk-17\bin\jli.dll
0x00007ff851cb0000 - 0x00007ff851d5f000 	C:\Windows\System32\ADVAPI32.dll
0x00007ff850ce0000 - 0x00007ff850d7e000 	C:\Windows\System32\msvcrt.dll
0x00007ff851c10000 - 0x00007ff851cac000 	C:\Windows\System32\sechost.dll
0x00007ff851fc0000 - 0x00007ff8520e6000 	C:\Windows\System32\RPCRT4.dll
0x00007ff8521d0000 - 0x00007ff85236d000 	C:\Windows\System32\USER32.dll
0x00007ff850040000 - 0x00007ff850062000 	C:\Windows\System32\win32u.dll
0x00007ff851f90000 - 0x00007ff851fbc000 	C:\Windows\System32\GDI32.dll
0x00007ff84fb50000 - 0x00007ff84fc65000 	C:\Windows\System32\gdi32full.dll
0x00007ff84fc70000 - 0x00007ff84fd0d000 	C:\Windows\System32\msvcp_win.dll
0x00007ff839df0000 - 0x00007ff839e0b000 	C:\Program Files\Java\jdk-17\bin\VCRUNTIME140.dll
0x00007ff837180000 - 0x00007ff83741a000 	C:\Windows\WinSxS\amd64_microsoft.windows.common-controls_6595b64144ccf1df_6.0.19041.1110_none_60b5254171f9507e\COMCTL32.dll
0x00007ff847140000 - 0x00007ff84714a000 	C:\Windows\SYSTEM32\VERSION.dll
0x00007ff850c20000 - 0x00007ff850c50000 	C:\Windows\System32\IMM32.DLL
0x00007ff844880000 - 0x00007ff84488c000 	C:\Program Files\Java\jdk-17\bin\vcruntime140_1.dll
0x00007ff838150000 - 0x00007ff8381de000 	C:\Program Files\Java\jdk-17\bin\msvcp140.dll
0x00007fffe8120000 - 0x00007fffe8cfd000 	C:\Program Files\Java\jdk-17\bin\server\jvm.dll
0x00007ff850f80000 - 0x00007ff850f88000 	C:\Windows\System32\PSAPI.DLL
0x00007ff83af70000 - 0x00007ff83af79000 	C:\Windows\SYSTEM32\WSOCK32.dll
0x00007ff851600000 - 0x00007ff85166b000 	C:\Windows\System32\WS2_32.dll
0x00007ff83bc00000 - 0x00007ff83bc27000 	C:\Windows\SYSTEM32\WINMM.dll
0x00007ff84d730000 - 0x00007ff84d742000 	C:\Windows\SYSTEM32\kernel.appcore.dll
0x00007ff844800000 - 0x00007ff84480a000 	C:\Program Files\Java\jdk-17\bin\jimage.dll
0x00007ff83c890000 - 0x00007ff83ca74000 	C:\Windows\SYSTEM32\DBGHELP.DLL
0x00007ff838250000 - 0x00007ff838284000 	C:\Windows\SYSTEM32\dbgcore.DLL
0x00007ff8501d0000 - 0x00007ff850252000 	C:\Windows\System32\bcryptPrimitives.dll
0x00007ff839780000 - 0x00007ff8397a5000 	C:\Program Files\Java\jdk-17\bin\java.dll
0x00007ff81daf0000 - 0x00007ff81dbc7000 	C:\Program Files\Java\jdk-17\bin\jsvml.dll
0x00007ff8504d0000 - 0x00007ff850c14000 	C:\Windows\System32\SHELL32.dll
0x00007ff84d930000 - 0x00007ff84e0c3000 	C:\Windows\SYSTEM32\windows.storage.dll
0x00007ff8516d0000 - 0x00007ff851a24000 	C:\Windows\System32\combase.dll
0x00007ff84f320000 - 0x00007ff84f34e000 	C:\Windows\SYSTEM32\Wldp.dll
0x00007ff851ee0000 - 0x00007ff851f8d000 	C:\Windows\System32\SHCORE.dll
0x00007ff851670000 - 0x00007ff8516c5000 	C:\Windows\System32\shlwapi.dll
0x00007ff84f9c0000 - 0x00007ff84f9e5000 	C:\Windows\SYSTEM32\profapi.dll
0x00007ff839d40000 - 0x00007ff839d59000 	C:\Program Files\Java\jdk-17\bin\net.dll
0x00007ff848da0000 - 0x00007ff848eaa000 	C:\Windows\SYSTEM32\WINHTTP.dll
0x00007ff84f100000 - 0x00007ff84f16a000 	C:\Windows\system32\mswsock.dll
0x00007ff839710000 - 0x00007ff839726000 	C:\Program Files\Java\jdk-17\bin\nio.dll
0x00007ff8396f0000 - 0x00007ff839708000 	C:\Program Files\Java\jdk-17\bin\zip.dll
0x00007ff83d520000 - 0x00007ff83d530000 	C:\Program Files\Java\jdk-17\bin\verify.dll

dbghelp: loaded successfully - version: 4.0.5 - missing functions: none
symbol engine: initialized successfully - sym options: 0x614 - pdb path: .;C:\Program Files\Java\jdk-17\bin;C:\Windows\SYSTEM32;C:\Windows\WinSxS\amd64_microsoft.windows.common-controls_6595b64144ccf1df_6.0.19041.1110_none_60b5254171f9507e;C:\Program Files\Java\jdk-17\bin\server

VM Arguments:
jvm_args: -Xmx64m -Xms64m -Dorg.gradle.appname=gradlew 
java_command: org.gradle.wrapper.GradleWrapperMain tasks
java_class_path (initial): D:\AREA DE TRABALHO\testerb\android\\gradle\wrapper\gradle-wrapper.jar
Launcher Type: SUN_STANDARD

[Global flags]
     intx CICompilerCount                          = 3                                         {product} {ergonomic}
     uint ConcGCThreads                            = 1                                         {product} {ergonomic}
     uint G1ConcRefinementThreads                  = 4                                         {product} {ergonomic}
   size_t G1HeapRegionSize                         = 1048576                                   {product} {ergonomic}
    uintx GCDrainStackTargetSize                   = 64                                        {product} {ergonomic}
   size_t InitialHeapSize                          = 67108864                                  {product} {command line}
   size_t MarkStackSize                            = 4194304                                   {product} {ergonomic}
   size_t MaxHeapSize                              = 67108864                                  {product} {command line}
   size_t MaxNewSize                               = 39845888                                  {product} {ergonomic}
   size_t MinHeapDeltaBytes                        = 1048576                                   {product} {ergonomic}
   size_t MinHeapSize                              = 67108864                                  {product} {command line}
    uintx NonNMethodCodeHeapSize                   = 5832780                                {pd product} {ergonomic}
    uintx NonProfiledCodeHeapSize                  = 122912730                              {pd product} {ergonomic}
    uintx ProfiledCodeHeapSize                     = 122912730                              {pd product} {ergonomic}
    uintx ReservedCodeCacheSize                    = 251658240                              {pd product} {ergonomic}
     bool SegmentedCodeCache                       = true                                      {product} {ergonomic}
   size_t SoftMaxHeapSize                          = 67108864                               {manageable} {ergonomic}
     bool UseCompressedClassPointers               = true                           {product lp64_product} {ergonomic}
     bool UseCompressedOops                        = true                           {product lp64_product} {ergonomic}
     bool UseG1GC                                  = true                                      {product} {ergonomic}
     bool UseLargePagesIndividualAllocation        = false                                  {pd product} {ergonomic}

Logging:
Log output configuration:
 #0: stdout all=warning uptime,level,tags
 #1: stderr all=off uptime,level,tags

Environment Variables:
JAVA_HOME=C:\Program Files\Java\jdk-17
CLASSPATH=D:\AREA DE TRABALHO\testerb\android\\gradle\wrapper\gradle-wrapper.jar
PATH=D:\AREA DE TRABALHO\testerb\node_modules\.bin;D:\AREA DE TRABALHO\testerb\node_modules\.bin;D:\AREA DE TRABALHO\node_modules\.bin;D:\node_modules\.bin;C:\Program Files\nodejs\node_modules\npm\node_modules\@npmcli\run-script\lib\node-gyp-bin;C:\Users\MARCOS~1.OTH\AppData\Local\Temp\yarn--1695809377503-0.47914496697368936;D:\AREA DE TRABALHO\testerb\node_modules\.bin;C:\Users\marcos.OTHONC\AppData\Local\Yarn\Data\link\node_modules\.bin;C:\Users\marcos.OTHONC\AppData\Local\Yarn\bin;C:\Program Files\libexec\lib\node_modules\npm\bin\node-gyp-bin;C:\Program Files\lib\node_modules\npm\bin\node-gyp-bin;C:\Program Files\nodejs\node_modules\npm\bin\node-gyp-bin;C:\Program Files\Python311\Scripts\;C:\Program Files\Python311\;C:\Program Files\Common Files\Oracle\Java\javapath;C:\Program Files (x86)\Common Files\Oracle\Java\javapath;C:\Python311\Scripts\;C:\Python311\;D:\app\client\marcos\product\12.1.0\client_2\bin;C:\Windows\system32;C:\Windows;C:\Windows\System32\Wbem;C:\Windows\System32\WindowsPowerShell\v1.0\;C:\Windows\System32\OpenSSH\;C:\Program Files\dotnet\;C:\Program Files\nodejs\;C:\ProgramData\chocolatey\bin;D:\Program Files\Git\cmd;C:\Program Files\Zabbix Agent\;D:\Program Files\Veyon\;C:\Users\marcos.OTHONC\AppData\Local\Android\Sdk;C:\Users\marcos.OTHONC\AppData\Local\Android\Sdk\platform-tools;C:\Program Files\Java\jdk-17\bin;C:\Program Files\Maven\bin;;C:\Program Files\Docker\Docker\resources\bin;C:\Users\marcos.OTHONC\AppData\Local\Microsoft\WindowsApps;D:\Users\marcos.OTHONC\AppData\Local\Programs\Microsoft VS Code\bin;C:\Users\marcos.OTHONC\AppData\Local\GitHubDesktop\bin;C:\Users\marcos.OTHONC\AppData\Roaming\npm;D:\Program Files\JetBrains\IntelliJ IDEA 2023.1.3\bin;
USERNAME=marcos
SHELL=D:\Program Files\Git\usr\bin\bash.exe
DISPLAY=needs-to-be-defined
LANG=pt_BR.UTF-8
LC_CTYPE=pt_BR.UTF-8
OS=Windows_NT
PROCESSOR_IDENTIFIER=Intel64 Family 6 Model 158 Stepping 11, GenuineIntel



---------------  S Y S T E M  ---------------

OS:
 Windows 10 , 64 bit Build 19041 (10.0.19041.3155)
OS uptime: 8 days 20:37 hours
Hyper-V role detected

CPU: total 4 (initial active 4) (4 cores per cpu, 1 threads per core) family 6 model 158 stepping 11 microcode 0xf0, cx8, cmov, fxsr, mmx, 3dnowpref, sse, sse2, sse3, ssse3, sse4.1, sse4.2, popcnt, lzcnt, tsc, tscinvbit, avx, avx2, aes, erms, clmul, bmi1, bmi2, adx, fma, vzeroupper, clflush, clflushopt, hv

Memory: 4k page, system-wide physical 16193M (1023M free)
TotalPageFile size 30419M (AvailPageFile size 521M)
current process WorkingSet (physical memory assigned to process): 65M, peak: 65M
current process commit charge ("private bytes"): 148M, peak: 148M

vm_info: Java HotSpot(TM) 64-Bit Server VM (17.0.7+8-LTS-224) for windows-amd64 JRE (17.0.7+8-LTS-224), built on Feb 28 2023 23:03:02 by "mach5one" with MS VC++ 17.1 (VS2022)

END.
