#
# There is insufficient memory for the Java Runtime Environment to continue.
# Native memory allocation (mmap) failed to map 65536 bytes for Failed to commit metaspace.
# Possible reasons:
#   The system is out of physical RAM or swap space
#   The process is running with CompressedOops enabled, and the Java Heap may be blocking the growth of the native heap
# Possible solutions:
#   Reduce memory load on the system
#   Increase physical memory or swap space
#   Check if swap backing store is full
#   Decrease Java heap size (-Xmx/-Xms)
#   Decrease number of Java threads
#   Decrease Java thread stack sizes (-Xss)
#   Set larger code cache with -XX:ReservedCodeCacheSize=
#   JVM is running with Unscaled Compressed Oops mode in which the Java heap is
#     placed in the first 4GB address space. The Java Heap base address is the
#     maximum limit for the native heap growth. Please use -XX:HeapBaseMinAddress
#     to set the Java Heap base and to place the Java Heap above 4GB virtual address.
# This output file may be truncated or incomplete.
#
#  Out of Memory Error (virtualSpaceNode.cpp:110), pid=23272, tid=6908
#
# JRE version: Java(TM) SE Runtime Environment (17.0.7+8) (build 17.0.7+8-LTS-224)
# Java VM: Java HotSpot(TM) 64-Bit Server VM (17.0.7+8-LTS-224, mixed mode, sharing, tiered, compressed oops, compressed class ptrs, g1 gc, windows-amd64)
# No core dump will be written. Minidumps are not enabled by default on client versions of Windows
#

---------------  S U M M A R Y ------------

Command Line: -Xmx64m -Xms64m -Dorg.gradle.appname=gradlew org.gradle.wrapper.GradleWrapperMain tasks

Host: Intel(R) Core(TM) i3-9100 CPU @ 3.60GHz, 4 cores, 15G,  Windows 10 , 64 bit Build 19041 (10.0.19041.3155)
Time: Wed Sep 27 07:29:35 2023 Hora oficial do Brasil elapsed time: 17.460719 seconds (0d 0h 0m 17s)

---------------  T H R E A D  ---------------

Current thread (0x0000025ec85e9430):  JavaThread "main" [_thread_in_vm, id=6908, stack(0x000000df3a300000,0x000000df3a400000)]

Stack: [0x000000df3a300000,0x000000df3a400000]
Native frames: (J=compiled Java code, j=interpreted, Vv=VM code, C=native code)
V  [jvm.dll+0x676a4a]
V  [jvm.dll+0x7d74f4]
V  [jvm.dll+0x7d8c9e]
V  [jvm.dll+0x7d9303]
V  [jvm.dll+0x2452c5]
V  [jvm.dll+0x7d35fb]
V  [jvm.dll+0x61ca36]
V  [jvm.dll+0x1bfbf7]
V  [jvm.dll+0x61f390]
V  [jvm.dll+0x61d3f6]
V  [jvm.dll+0x369442]
V  [jvm.dll+0x1e157b]
V  [jvm.dll+0x53cf35]
V  [jvm.dll+0x752158]
V  [jvm.dll+0x752244]
V  [jvm.dll+0x40b12f]
V  [jvm.dll+0x411149]
C  [java.dll+0x17ec]

Java frames: (J=compiled Java code, j=interpreted, Vv=VM code)
J 767  java.lang.ClassLoader.defineClass1(Ljava/lang/ClassLoader;Ljava/lang/String;[BIILjava/security/ProtectionDomain;Ljava/lang/String;)Ljava/lang/Class; java.base@17.0.7 (0 bytes) @ 0x0000025ed913ab63 [0x0000025ed913aaa0+0x00000000000000c3]
J 855 c1 java.lang.ClassLoader.defineClass(Ljava/lang/String;[BIILjava/security/ProtectionDomain;)Ljava/lang/Class; java.base@17.0.7 (43 bytes) @ 0x0000025ed17bff54 [0x0000025ed17bfc00+0x0000000000000354]
J 863 c1 java.security.SecureClassLoader.defineClass(Ljava/lang/String;[BIILjava/security/CodeSource;)Ljava/lang/Class; java.base@17.0.7 (16 bytes) @ 0x0000025ed17c668c [0x0000025ed17c65c0+0x00000000000000cc]
J 864 c1 java.net.URLClassLoader.defineClass(Ljava/lang/String;Ljdk/internal/loader/Resource;)Ljava/lang/Class; java.base@17.0.7 (224 bytes) @ 0x0000025ed17c8744 [0x0000025ed17c6cc0+0x0000000000001a84]
J 748 c1 java.net.URLClassLoader$1.run()Ljava/lang/Class; java.base@17.0.7 (81 bytes) @ 0x0000025ed177e74c [0x0000025ed177db20+0x0000000000000c2c]
J 731 c1 java.net.URLClassLoader$1.run()Ljava/lang/Object; java.base@17.0.7 (5 bytes) @ 0x0000025ed176dcc4 [0x0000025ed176dc40+0x0000000000000084]
J 606 c1 java.security.AccessController.doPrivileged(Ljava/security/PrivilegedExceptionAction;Ljava/security/AccessControlContext;)Ljava/lang/Object; java.base@17.0.7 (26 bytes) @ 0x0000025ed17248fc [0x0000025ed1724720+0x00000000000001dc]
J 688 c1 java.net.URLClassLoader.findClass(Ljava/lang/String;)Ljava/lang/Class; java.base@17.0.7 (47 bytes) @ 0x0000025ed175bd1c [0x0000025ed175bb80+0x000000000000019c]
J 591 c1 java.lang.ClassLoader.loadClass(Ljava/lang/String;Z)Ljava/lang/Class; java.base@17.0.7 (121 bytes) @ 0x0000025ed171e274 [0x0000025ed171dcc0+0x00000000000005b4]
J 569 c1 java.lang.ClassLoader.loadClass(Ljava/lang/String;)Ljava/lang/Class; java.base@17.0.7 (7 bytes) @ 0x0000025ed171144c [0x0000025ed1711340+0x000000000000010c]
v  ~StubRoutines::call_stub
j  org.gradle.api.internal.provider.Providers.<clinit>()V+4
v  ~StubRoutines::call_stub
j  org.gradle.api.internal.provider.DefaultProperty.<init>(Lorg/gradle/api/internal/provider/PropertyHost;Ljava/lang/Class;)V+19
j  org.gradle.api.internal.model.InstantiatorBackedObjectFactory.property(Ljava/lang/Class;)Lorg/gradle/api/provider/Property;+8
j  org.gradle.process.internal.DefaultJavaDebugOptions.<init>(Lorg/gradle/api/model/ObjectFactory;)V+8
j  org.gradle.process.internal.DefaultJavaDebugOptions.<init>()V+11
j  org.gradle.process.internal.JvmOptions.<init>(Lorg/gradle/api/internal/file/FileCollectionFactory;)V+6
j  org.gradle.launcher.daemon.configuration.DaemonJvmOptions.<init>(Lorg/gradle/api/internal/file/FileCollectionFactory;)V+2
j  org.gradle.launcher.daemon.configuration.DaemonParameters.<init>(Lorg/gradle/launcher/configuration/BuildLayoutResult;Lorg/gradle/api/internal/file/FileCollectionFactory;Ljava/util/Map;)V+42
j  org.gradle.launcher.cli.ParametersConverter.convert(Lorg/gradle/cli/ParsedCommandLine;Ljava/io/File;)Lorg/gradle/launcher/cli/Parameters;+74
j  org.gradle.launcher.cli.BuildActionsFactory.createAction(Lorg/gradle/cli/CommandLineParser;Lorg/gradle/cli/ParsedCommandLine;)Lorg/gradle/api/Action;+6
j  org.gradle.launcher.cli.DefaultCommandLineActionFactory$ParseAndBuildAction.createAction(Lorg/gradle/cli/CommandLineParser;Lorg/gradle/cli/ParsedCommandLine;)Lorg/gradle/api/Action;+46
j  org.gradle.launcher.cli.DefaultCommandLineActionFactory$ParseAndBuildAction.execute(Lorg/gradle/launcher/bootstrap/ExecutionListener;)V+37
j  org.gradle.launcher.cli.DefaultCommandLineActionFactory$ParseAndBuildAction.execute(Ljava/lang/Object;)V+5
j  org.gradle.launcher.cli.DebugLoggerWarningAction.execute(Lorg/gradle/launcher/bootstrap/ExecutionListener;)V+9
j  org.gradle.launcher.cli.DebugLoggerWarningAction.execute(Ljava/lang/Object;)V+5
j  org.gradle.launcher.cli.WelcomeMessageAction.execute(Lorg/gradle/launcher/bootstrap/ExecutionListener;)V+218
j  org.gradle.launcher.cli.WelcomeMessageAction.execute(Ljava/lang/Object;)V+5
j  org.gradle.launcher.cli.NativeServicesInitializingAction.execute(Lorg/gradle/launcher/bootstrap/ExecutionListener;)V+35
j  org.gradle.launcher.cli.NativeServicesInitializingAction.execute(Ljava/lang/Object;)V+5
j  org.gradle.launcher.cli.ExceptionReportingAction.execute(Lorg/gradle/launcher/bootstrap/ExecutionListener;)V+5
j  org.gradle.launcher.cli.ExceptionReportingAction.execute(Ljava/lang/Object;)V+5
j  org.gradle.launcher.cli.DefaultCommandLineActionFactory$WithLogging.execute(Lorg/gradle/launcher/bootstrap/ExecutionListener;)V+299
j  org.gradle.launcher.Main.doAction([Ljava/lang/String;Lorg/gradle/launcher/bootstrap/ExecutionListener;)V+14
j  org.gradle.launcher.bootstrap.EntryPoint.run([Ljava/lang/String;)V+12
v  ~StubRoutines::call_stub
j  jdk.internal.reflect.NativeMethodAccessorImpl.invoke0(Ljava/lang/reflect/Method;Ljava/lang/Object;[Ljava/lang/Object;)Ljava/lang/Object;+0 java.base@17.0.7
j  jdk.internal.reflect.NativeMethodAccessorImpl.invoke(Ljava/lang/Object;[Ljava/lang/Object;)Ljava/lang/Object;+133 java.base@17.0.7
j  jdk.internal.reflect.DelegatingMethodAccessorImpl.invoke(Ljava/lang/Object;[Ljava/lang/Object;)Ljava/lang/Object;+6 java.base@17.0.7
j  java.lang.reflect.Method.invoke(Ljava/lang/Object;[Ljava/lang/Object;)Ljava/lang/Object;+59 java.base@17.0.7
j  org.gradle.launcher.bootstrap.ProcessBootstrap.runNoExit(Ljava/lang/String;[Ljava/lang/String;)V+159
j  org.gradle.launcher.bootstrap.ProcessBootstrap.run(Ljava/lang/String;[Ljava/lang/String;)V+2
v  ~StubRoutines::call_stub
j  jdk.internal.reflect.NativeMethodAccessorImpl.invoke0(Ljava/lang/reflect/Method;Ljava/lang/Object;[Ljava/lang/Object;)Ljava/lang/Object;+0 java.base@17.0.7
j  jdk.internal.reflect.NativeMethodAccessorImpl.invoke(Ljava/lang/Object;[Ljava/lang/Object;)Ljava/lang/Object;+133 java.base@17.0.7
j  jdk.internal.reflect.DelegatingMethodAccessorImpl.invoke(Ljava/lang/Object;[Ljava/lang/Object;)Ljava/lang/Object;+6 java.base@17.0.7
j  java.lang.reflect.Method.invoke(Ljava/lang/Object;[Ljava/lang/Object;)Ljava/lang/Object;+59 java.base@17.0.7
j  org.gradle.launcher.GradleMain.main([Ljava/lang/String;)V+100
v  ~StubRoutines::call_stub
j  jdk.internal.reflect.NativeMethodAccessorImpl.invoke0(Ljava/lang/reflect/Method;Ljava/lang/Object;[Ljava/lang/Object;)Ljava/lang/Object;+0 java.base@17.0.7
j  jdk.internal.reflect.NativeMethodAccessorImpl.invoke(Ljava/lang/Object;[Ljava/lang/Object;)Ljava/lang/Object;+133 java.base@17.0.7
j  jdk.internal.reflect.DelegatingMethodAccessorImpl.invoke(Ljava/lang/Object;[Ljava/lang/Object;)Ljava/lang/Object;+6 java.base@17.0.7
j  java.lang.reflect.Method.invoke(Ljava/lang/Object;[Ljava/lang/Object;)Ljava/lang/Object;+59 java.base@17.0.7
j  org.gradle.wrapper.BootstrapMainStarter.start([Ljava/lang/String;Ljava/io/File;)V+105
j  org.gradle.wrapper.WrapperExecutor.execute([Ljava/lang/String;Lorg/gradle/wrapper/Install;Lorg/gradle/wrapper/BootstrapMainStarter;)V+14
j  org.gradle.wrapper.GradleWrapperMain.main([Ljava/lang/String;)V+206
v  ~StubRoutines::call_stub

---------------  P R O C E S S  ---------------

Threads class SMR info:
_java_thread_list=0x0000025ee4ac7f60, length=13, elements={
0x0000025ec85e9430, 0x0000025ee3408120, 0x0000025ee3408f90, 0x0000025ee3421a70,
0x0000025ee3424440, 0x0000025ee3424df0, 0x0000025ee34257a0, 0x0000025ee3426850,
0x0000025ee34868e0, 0x0000025ee3490df0, 0x0000025ee34e43e0, 0x0000025ee34e8b60,
0x0000025ee45d5750
}

Java Threads: ( => current thread )
=>0x0000025ec85e9430 JavaThread "main" [_thread_in_vm, id=6908, stack(0x000000df3a300000,0x000000df3a400000)]
  0x0000025ee3408120 JavaThread "Reference Handler" daemon [_thread_blocked, id=2300, stack(0x000000df3ab00000,0x000000df3ac00000)]
  0x0000025ee3408f90 JavaThread "Finalizer" daemon [_thread_blocked, id=2720, stack(0x000000df3ac00000,0x000000df3ad00000)]
  0x0000025ee3421a70 JavaThread "Signal Dispatcher" daemon [_thread_blocked, id=19980, stack(0x000000df3ad00000,0x000000df3ae00000)]
  0x0000025ee3424440 JavaThread "Attach Listener" daemon [_thread_blocked, id=24084, stack(0x000000df3ae00000,0x000000df3af00000)]
  0x0000025ee3424df0 JavaThread "Service Thread" daemon [_thread_blocked, id=24076, stack(0x000000df3af00000,0x000000df3b000000)]
  0x0000025ee34257a0 JavaThread "Monitor Deflation Thread" daemon [_thread_blocked, id=21340, stack(0x000000df3b000000,0x000000df3b100000)]
  0x0000025ee3426850 JavaThread "C2 CompilerThread0" daemon [_thread_blocked, id=20744, stack(0x000000df3b100000,0x000000df3b200000)]
  0x0000025ee34868e0 JavaThread "C1 CompilerThread0" daemon [_thread_blocked, id=1872, stack(0x000000df3b200000,0x000000df3b300000)]
  0x0000025ee3490df0 JavaThread "Sweeper thread" daemon [_thread_blocked, id=13536, stack(0x000000df3b300000,0x000000df3b400000)]
  0x0000025ee34e43e0 JavaThread "Notification Thread" daemon [_thread_blocked, id=22764, stack(0x000000df3b400000,0x000000df3b500000)]
  0x0000025ee34e8b60 JavaThread "Common-Cleaner" daemon [_thread_blocked, id=17212, stack(0x000000df3b600000,0x000000df3b700000)]
  0x0000025ee45d5750 JavaThread "pool-1-thread-1" [_thread_new, id=27564, stack(0x000000df3ba00000,0x000000df3bb00000)]

Other Threads:
  0x0000025ee34045c0 VMThread "VM Thread" [stack: 0x000000df3aa00000,0x000000df3ab00000] [id=23084]
  0x0000025ee34e68c0 WatcherThread [stack: 0x000000df3b500000,0x000000df3b600000] [id=21912]
  0x0000025ec8606590 GCTaskThread "GC Thread#0" [stack: 0x000000df3a500000,0x000000df3a600000] [id=1984]
  0x0000025ee43fe7f0 GCTaskThread "GC Thread#1" [stack: 0x000000df3b700000,0x000000df3b800000] [id=26420]
  0x0000025ee4355a10 GCTaskThread "GC Thread#2" [stack: 0x000000df3b800000,0x000000df3b900000] [id=26492]
  0x0000025ee4355cc0 GCTaskThread "GC Thread#3" [stack: 0x000000df3b900000,0x000000df3ba00000] [id=26496]
  0x0000025ec8607cd0 ConcurrentGCThread "G1 Main Marker" [stack: 0x000000df3a600000,0x000000df3a700000] [id=23532]
  0x0000025ec86096f0 ConcurrentGCThread "G1 Conc#0" [stack: 0x000000df3a700000,0x000000df3a800000] [id=20384]
  0x0000025ec86570f0 ConcurrentGCThread "G1 Refine#0" [stack: 0x000000df3a800000,0x000000df3a900000] [id=13120]
  0x0000025ec8658b20 ConcurrentGCThread "G1 Service" [stack: 0x000000df3a900000,0x000000df3aa00000] [id=5164]

Threads with active compile tasks:

VM state: not at safepoint (normal execution)

VM Mutex/Monitor currently owned by a thread:  ([mutex/lock_event])
[0x0000025ec85d7d30] Metaspace_lock - owner thread: 0x0000025ec85e9430

Heap address: 0x00000000fc000000, size: 64 MB, Compressed Oops mode: 32-bit

CDS archive(s) mapped at: [0x0000000800000000-0x0000000800bd0000-0x0000000800bd0000), size 12386304, SharedBaseAddress: 0x0000000800000000, ArchiveRelocationMode: 0.
Compressed class space mapped at: 0x0000000800c00000-0x0000000840c00000, reserved size: 1073741824
Narrow klass base: 0x0000000800000000, Narrow klass shift: 0, Narrow klass range: 0x100000000

GC Precious Log:
 CPUs: 4 total, 4 available
 Memory: 16193M
 Large Page Support: Disabled
 NUMA Support: Disabled
 Compressed Oops: Enabled (32-bit)
 Heap Region Size: 1M
 Heap Min Capacity: 64M
 Heap Initial Capacity: 64M
 Heap Max Capacity: 64M
 Pre-touch: Disabled
 Parallel Workers: 4
 Concurrent Workers: 1
 Concurrent Refinement Workers: 4
 Periodic GC: Disabled

Heap:
 garbage-first heap   total 65536K, used 20780K [0x00000000fc000000, 0x0000000100000000)
  region size 1024K, 17 young (17408K), 2 survivors (2048K)
 Metaspace       used 5123K, committed 5312K, reserved 1056768K
  class space    used 690K, committed 768K, reserved 1048576K

Heap Regions: E=young(eden), S=young(survivor), O=old, HS=humongous(starts), HC=humongous(continues), CS=collection set, F=free, OA=open archive, CA=closed archive, TAMS=top-at-mark-start (previous, next)
|   0|0x00000000fc000000, 0x00000000fc100000, 0x00000000fc100000|100%| O|  |TAMS 0x00000000fc000000, 0x00000000fc000000| Untracked 
|   1|0x00000000fc100000, 0x00000000fc14b200, 0x00000000fc200000| 29%| O|  |TAMS 0x00000000fc100000, 0x00000000fc100000| Untracked 
|   2|0x00000000fc200000, 0x00000000fc300000, 0x00000000fc300000|100%|HS|  |TAMS 0x00000000fc200000, 0x00000000fc200000| Complete 
|   3|0x00000000fc300000, 0x00000000fc400000, 0x00000000fc400000|100%|HC|  |TAMS 0x00000000fc300000, 0x00000000fc300000| Complete 
|   4|0x00000000fc400000, 0x00000000fc500000, 0x00000000fc500000|100%|HC|  |TAMS 0x00000000fc400000, 0x00000000fc400000| Complete 
|   5|0x00000000fc500000, 0x00000000fc600000, 0x00000000fc600000|100%|HC|  |TAMS 0x00000000fc500000, 0x00000000fc500000| Complete 
|   6|0x00000000fc600000, 0x00000000fc600000, 0x00000000fc700000|  0%| F|  |TAMS 0x00000000fc600000, 0x00000000fc600000| Untracked 
|   7|0x00000000fc700000, 0x00000000fc700000, 0x00000000fc800000|  0%| F|  |TAMS 0x00000000fc700000, 0x00000000fc700000| Untracked 
|   8|0x00000000fc800000, 0x00000000fc800000, 0x00000000fc900000|  0%| F|  |TAMS 0x00000000fc800000, 0x00000000fc800000| Untracked 
|   9|0x00000000fc900000, 0x00000000fc900000, 0x00000000fca00000|  0%| F|  |TAMS 0x00000000fc900000, 0x00000000fc900000| Untracked 
|  10|0x00000000fca00000, 0x00000000fca00000, 0x00000000fcb00000|  0%| F|  |TAMS 0x00000000fca00000, 0x00000000fca00000| Untracked 
|  11|0x00000000fcb00000, 0x00000000fcb00000, 0x00000000fcc00000|  0%| F|  |TAMS 0x00000000fcb00000, 0x00000000fcb00000| Untracked 
|  12|0x00000000fcc00000, 0x00000000fcc00000, 0x00000000fcd00000|  0%| F|  |TAMS 0x00000000fcc00000, 0x00000000fcc00000| Untracked 
|  13|0x00000000fcd00000, 0x00000000fcd00000, 0x00000000fce00000|  0%| F|  |TAMS 0x00000000fcd00000, 0x00000000fcd00000| Untracked 
|  14|0x00000000fce00000, 0x00000000fce00000, 0x00000000fcf00000|  0%| F|  |TAMS 0x00000000fce00000, 0x00000000fce00000| Untracked 
|  15|0x00000000fcf00000, 0x00000000fcf00000, 0x00000000fd000000|  0%| F|  |TAMS 0x00000000fcf00000, 0x00000000fcf00000| Untracked 
|  16|0x00000000fd000000, 0x00000000fd000000, 0x00000000fd100000|  0%| F|  |TAMS 0x00000000fd000000, 0x00000000fd000000| Untracked 
|  17|0x00000000fd100000, 0x00000000fd100000, 0x00000000fd200000|  0%| F|  |TAMS 0x00000000fd100000, 0x00000000fd100000| Untracked 
|  18|0x00000000fd200000, 0x00000000fd200000, 0x00000000fd300000|  0%| F|  |TAMS 0x00000000fd200000, 0x00000000fd200000| Untracked 
|  19|0x00000000fd300000, 0x00000000fd300000, 0x00000000fd400000|  0%| F|  |TAMS 0x00000000fd300000, 0x00000000fd300000| Untracked 
|  20|0x00000000fd400000, 0x00000000fd400000, 0x00000000fd500000|  0%| F|  |TAMS 0x00000000fd400000, 0x00000000fd400000| Untracked 
|  21|0x00000000fd500000, 0x00000000fd500000, 0x00000000fd600000|  0%| F|  |TAMS 0x00000000fd500000, 0x00000000fd500000| Untracked 
|  22|0x00000000fd600000, 0x00000000fd600000, 0x00000000fd700000|  0%| F|  |TAMS 0x00000000fd600000, 0x00000000fd600000| Untracked 
|  23|0x00000000fd700000, 0x00000000fd700000, 0x00000000fd800000|  0%| F|  |TAMS 0x00000000fd700000, 0x00000000fd700000| Untracked 
|  24|0x00000000fd800000, 0x00000000fd800000, 0x00000000fd900000|  0%| F|  |TAMS 0x00000000fd800000, 0x00000000fd800000| Untracked 
|  25|0x00000000fd900000, 0x00000000fd900000, 0x00000000fda00000|  0%| F|  |TAMS 0x00000000fd900000, 0x00000000fd900000| Untracked 
|  26|0x00000000fda00000, 0x00000000fda00000, 0x00000000fdb00000|  0%| F|  |TAMS 0x00000000fda00000, 0x00000000fda00000| Untracked 
|  27|0x00000000fdb00000, 0x00000000fdb00000, 0x00000000fdc00000|  0%| F|  |TAMS 0x00000000fdb00000, 0x00000000fdb00000| Untracked 
|  28|0x00000000fdc00000, 0x00000000fdc00000, 0x00000000fdd00000|  0%| F|  |TAMS 0x00000000fdc00000, 0x00000000fdc00000| Untracked 
|  29|0x00000000fdd00000, 0x00000000fdd00000, 0x00000000fde00000|  0%| F|  |TAMS 0x00000000fdd00000, 0x00000000fdd00000| Untracked 
|  30|0x00000000fde00000, 0x00000000fde00000, 0x00000000fdf00000|  0%| F|  |TAMS 0x00000000fde00000, 0x00000000fde00000| Untracked 
|  31|0x00000000fdf00000, 0x00000000fdf00000, 0x00000000fe000000|  0%| F|  |TAMS 0x00000000fdf00000, 0x00000000fdf00000| Untracked 
|  32|0x00000000fe000000, 0x00000000fe000000, 0x00000000fe100000|  0%| F|  |TAMS 0x00000000fe000000, 0x00000000fe000000| Untracked 
|  33|0x00000000fe100000, 0x00000000fe100000, 0x00000000fe200000|  0%| F|  |TAMS 0x00000000fe100000, 0x00000000fe100000| Untracked 
|  34|0x00000000fe200000, 0x00000000fe200000, 0x00000000fe300000|  0%| F|  |TAMS 0x00000000fe200000, 0x00000000fe200000| Untracked 
|  35|0x00000000fe300000, 0x00000000fe300000, 0x00000000fe400000|  0%| F|  |TAMS 0x00000000fe300000, 0x00000000fe300000| Untracked 
|  36|0x00000000fe400000, 0x00000000fe400000, 0x00000000fe500000|  0%| F|  |TAMS 0x00000000fe400000, 0x00000000fe400000| Untracked 
|  37|0x00000000fe500000, 0x00000000fe500000, 0x00000000fe600000|  0%| F|  |TAMS 0x00000000fe500000, 0x00000000fe500000| Untracked 
|  38|0x00000000fe600000, 0x00000000fe600000, 0x00000000fe700000|  0%| F|  |TAMS 0x00000000fe600000, 0x00000000fe600000| Untracked 
|  39|0x00000000fe700000, 0x00000000fe700000, 0x00000000fe800000|  0%| F|  |TAMS 0x00000000fe700000, 0x00000000fe700000| Untracked 
|  40|0x00000000fe800000, 0x00000000fe800000, 0x00000000fe900000|  0%| F|  |TAMS 0x00000000fe800000, 0x00000000fe800000| Untracked 
|  41|0x00000000fe900000, 0x00000000fe900000, 0x00000000fea00000|  0%| F|  |TAMS 0x00000000fe900000, 0x00000000fe900000| Untracked 
|  42|0x00000000fea00000, 0x00000000fea00000, 0x00000000feb00000|  0%| F|  |TAMS 0x00000000fea00000, 0x00000000fea00000| Untracked 
|  43|0x00000000feb00000, 0x00000000feb00000, 0x00000000fec00000|  0%| F|  |TAMS 0x00000000feb00000, 0x00000000feb00000| Untracked 
|  44|0x00000000fec00000, 0x00000000fec00000, 0x00000000fed00000|  0%| F|  |TAMS 0x00000000fec00000, 0x00000000fec00000| Untracked 
|  45|0x00000000fed00000, 0x00000000fed00000, 0x00000000fee00000|  0%| F|  |TAMS 0x00000000fed00000, 0x00000000fed00000| Untracked 
|  46|0x00000000fee00000, 0x00000000fee00000, 0x00000000fef00000|  0%| F|  |TAMS 0x00000000fee00000, 0x00000000fee00000| Untracked 
|  47|0x00000000fef00000, 0x00000000ff000000, 0x00000000ff000000|100%| E|  |TAMS 0x00000000fef00000, 0x00000000fef00000| Complete 
|  48|0x00000000ff000000, 0x00000000ff100000, 0x00000000ff100000|100%| E|CS|TAMS 0x00000000ff000000, 0x00000000ff000000| Complete 
|  49|0x00000000ff100000, 0x00000000ff200000, 0x00000000ff200000|100%| S|CS|TAMS 0x00000000ff100000, 0x00000000ff100000| Complete 
|  50|0x00000000ff200000, 0x00000000ff300000, 0x00000000ff300000|100%| S|CS|TAMS 0x00000000ff200000, 0x00000000ff200000| Complete 
|  51|0x00000000ff300000, 0x00000000ff400000, 0x00000000ff400000|100%| E|CS|TAMS 0x00000000ff300000, 0x00000000ff300000| Complete 
|  52|0x00000000ff400000, 0x00000000ff500000, 0x00000000ff500000|100%| E|CS|TAMS 0x00000000ff400000, 0x00000000ff400000| Complete 
|  53|0x00000000ff500000, 0x00000000ff600000, 0x00000000ff600000|100%| E|CS|TAMS 0x00000000ff500000, 0x00000000ff500000| Complete 
|  54|0x00000000ff600000, 0x00000000ff700000, 0x00000000ff700000|100%| E|CS|TAMS 0x00000000ff600000, 0x00000000ff600000| Complete 
|  55|0x00000000ff700000, 0x00000000ff800000, 0x00000000ff800000|100%| E|CS|TAMS 0x00000000ff700000, 0x00000000ff700000| Complete 
|  56|0x00000000ff800000, 0x00000000ff900000, 0x00000000ff900000|100%| E|CS|TAMS 0x00000000ff800000, 0x00000000ff800000| Complete 
|  57|0x00000000ff900000, 0x00000000ffa00000, 0x00000000ffa00000|100%| E|CS|TAMS 0x00000000ff900000, 0x00000000ff900000| Complete 
|  58|0x00000000ffa00000, 0x00000000ffb00000, 0x00000000ffb00000|100%| E|CS|TAMS 0x00000000ffa00000, 0x00000000ffa00000| Complete 
|  59|0x00000000ffb00000, 0x00000000ffc00000, 0x00000000ffc00000|100%| E|CS|TAMS 0x00000000ffb00000, 0x00000000ffb00000| Complete 
|  60|0x00000000ffc00000, 0x00000000ffd00000, 0x00000000ffd00000|100%| E|  |TAMS 0x00000000ffc00000, 0x00000000ffc00000| Complete 
|  61|0x00000000ffd00000, 0x00000000ffe00000, 0x00000000ffe00000|100%| E|CS|TAMS 0x00000000ffd00000, 0x00000000ffd00000| Complete 
|  62|0x00000000ffe00000, 0x00000000fff00000, 0x00000000fff00000|100%| E|CS|TAMS 0x00000000ffe00000, 0x00000000ffe00000| Complete 
|  63|0x00000000fff00000, 0x0000000100000000, 0x0000000100000000|100%| E|CS|TAMS 0x00000000fff00000, 0x00000000fff00000| Complete 

Card table byte_map: [0x0000025ee0c80000,0x0000025ee0ca0000] _byte_map_base: 0x0000025ee04a0000

Marking Bits (Prev, Next): (CMBitMap*) 0x0000025ec8606ba0, (CMBitMap*) 0x0000025ec8606be0
 Prev Bits: [0x0000025ee0cc0000, 0x0000025ee0dc0000)
 Next Bits: [0x0000025ee0dc0000, 0x0000025ee0ec0000)

Polling page: 0x0000025ec83d0000

Metaspace:

Usage:
  Non-class:      4.33 MB used.
      Class:    690.85 KB used.
       Both:      5.00 MB used.

Virtual space:
  Non-class space:        8.00 MB reserved,       4.44 MB ( 55%) committed,  1 nodes.
      Class space:        1.00 GB reserved,     768.00 KB ( <1%) committed,  1 nodes.
             Both:        1.01 GB reserved,       5.19 MB ( <1%) committed. 

Chunk freelists:
   Non-Class:  1.72 MB
       Class:  3.23 MB
        Both:  4.95 MB

MaxMetaspaceSize: unlimited
CompressedClassSpaceSize: 1.00 GB
Initial GC threshold: 21.00 MB
Current GC threshold: 21.00 MB
CDS: on
MetaspaceReclaimPolicy: balanced
 - commit_granule_bytes: 65536.
 - commit_granule_words: 8192.
 - virtual_space_node_default_size: 1048576.
 - enlarge_chunks_in_place: 1.
 - new_chunks_are_fully_committed: 0.
 - uncommit_free_chunks: 1.
 - use_allocation_guard: 0.
 - handle_deallocations: 1.


Internal statistics:

num_allocs_failed_limit: 0.
num_arena_births: 60.
num_arena_deaths: 0.
num_vsnodes_births: 2.
num_vsnodes_deaths: 0.
num_space_committed: 83.
num_space_uncommitted: 0.
num_chunks_returned_to_freelist: 0.
num_chunks_taken_from_freelist: 196.
num_chunk_merges: 0.
num_chunk_splits: 130.
num_chunks_enlarged: 112.
num_purges: 0.
num_inconsistent_stats: 0.

CodeHeap 'non-profiled nmethods': size=120000Kb used=394Kb max_used=394Kb free=119605Kb
 bounds [0x0000025ed90f0000, 0x0000025ed9360000, 0x0000025ee0620000]
CodeHeap 'profiled nmethods': size=120000Kb used=1864Kb max_used=1864Kb free=118136Kb
 bounds [0x0000025ed1620000, 0x0000025ed1890000, 0x0000025ed8b50000]
CodeHeap 'non-nmethods': size=5760Kb used=1136Kb max_used=1157Kb free=4623Kb
 bounds [0x0000025ed8b50000, 0x0000025ed8dc0000, 0x0000025ed90f0000]
 total_blobs=1383 nmethods=958 adapters=338
 compilation: enabled
              stopped_count=0, restarted_count=0
 full_count=0

Compilation events (20 events):
Event: 17.234 Thread 0x0000025ee34868e0 nmethod 949 0x0000025ed17ee510 code [0x0000025ed17ee6c0, 0x0000025ed17ee9f8]
Event: 17.234 Thread 0x0000025ee34868e0  950       3       java.util.HashMap$KeyIterator::next (8 bytes)
Event: 17.234 Thread 0x0000025ee34868e0 nmethod 950 0x0000025ed17eeb10 code [0x0000025ed17eecc0, 0x0000025ed17eee08]
Event: 17.234 Thread 0x0000025ee34868e0  951       3       java.util.ArrayList::<init> (12 bytes)
Event: 17.234 Thread 0x0000025ee34868e0 nmethod 951 0x0000025ed17eef10 code [0x0000025ed17ef0c0, 0x0000025ed17ef358]
Event: 17.235 Thread 0x0000025ee34868e0  952       1       org.gradle.cli.CommandLineOption::getOptions (5 bytes)
Event: 17.235 Thread 0x0000025ee34868e0 nmethod 952 0x0000025ed9151110 code [0x0000025ed91512a0, 0x0000025ed9151378]
Event: 17.235 Thread 0x0000025ee34868e0  945       3       java.util.Set::of (68 bytes)
Event: 17.235 Thread 0x0000025ee34868e0 nmethod 945 0x0000025ed17ef490 code [0x0000025ed17ef6c0, 0x0000025ed17efee8]
Event: 17.403 Thread 0x0000025ee34868e0  953       3       java.util.jar.Manifest$FastInputStream::peek (38 bytes)
Event: 17.404 Thread 0x0000025ee34868e0 nmethod 953 0x0000025ed17f0190 code [0x0000025ed17f0340, 0x0000025ed17f0568]
Event: 17.416 Thread 0x0000025ee34868e0  954       3       java.util.HashMap::get (19 bytes)
Event: 17.416 Thread 0x0000025ee34868e0 nmethod 954 0x0000025ed17f0690 code [0x0000025ed17f0840, 0x0000025ed17f0a08]
Event: 17.419 Thread 0x0000025ee34868e0  955       3       java.util.HashMap::getNode (150 bytes)
Event: 17.419 Thread 0x0000025ee34868e0 nmethod 955 0x0000025ed17f0b10 code [0x0000025ed17f0d40, 0x0000025ed17f1938]
Event: 17.437 Thread 0x0000025ee34868e0  956       3       java.util.jar.JavaUtilJarAccessImpl::getTrustedAttributes (6 bytes)
Event: 17.437 Thread 0x0000025ee34868e0 nmethod 956 0x0000025ed17f1c10 code [0x0000025ed17f1dc0, 0x0000025ed17f1f08]
Event: 17.445 Thread 0x0000025ee3426850  957       4       java.lang.StringCoding::hasNegatives (25 bytes)
Event: 17.446 Thread 0x0000025ee3426850 nmethod 957 0x0000025ed9151410 code [0x0000025ed9151580, 0x0000025ed91516f8]
Event: 17.453 Thread 0x0000025ee3426850  958       4       java.util.concurrent.ConcurrentHashMap::get (162 bytes)

GC Heap History (2 events):
Event: 9.086 GC heap before
{Heap before GC invocations=0 (full 0):
 garbage-first heap   total 65536K, used 12288K [0x00000000fc000000, 0x0000000100000000)
  region size 1024K, 13 young (13312K), 0 survivors (0K)
 Metaspace       used 1768K, committed 1920K, reserved 1056768K
  class space    used 159K, committed 192K, reserved 1048576K
}
Event: 9.217 GC heap after
{Heap after GC invocations=1 (full 0):
 garbage-first heap   total 65536K, used 3372K [0x00000000fc000000, 0x0000000100000000)
  region size 1024K, 2 young (2048K), 2 survivors (2048K)
 Metaspace       used 1768K, committed 1920K, reserved 1056768K
  class space    used 159K, committed 192K, reserved 1048576K
}

Deoptimization events (20 events):
Event: 16.107 Thread 0x0000025ec85e9430 DEOPT PACKING pc=0x0000025ed910f7a8 sp=0x000000df3a3fce50
Event: 16.107 Thread 0x0000025ec85e9430 DEOPT UNPACKING pc=0x0000025ed8ba23a3 sp=0x000000df3a3fcdf8 mode 2
Event: 16.423 Thread 0x0000025ec85e9430 Uncommon trap: trap_request=0xffffff45 fr.pc=0x0000025ed913c344 relative=0x00000000000002a4
Event: 16.423 Thread 0x0000025ec85e9430 Uncommon trap: reason=unstable_if action=reinterpret pc=0x0000025ed913c344 method=java.lang.String.startsWith(Ljava/lang/String;I)Z @ 14 c2
Event: 16.423 Thread 0x0000025ec85e9430 DEOPT PACKING pc=0x0000025ed913c344 sp=0x000000df3a3fc1a0
Event: 16.423 Thread 0x0000025ec85e9430 DEOPT UNPACKING pc=0x0000025ed8ba23a3 sp=0x000000df3a3fc100 mode 2
Event: 16.686 Thread 0x0000025ec85e9430 DEOPT PACKING pc=0x0000025ed176bcac sp=0x000000df3a3fbb80
Event: 16.686 Thread 0x0000025ec85e9430 DEOPT UNPACKING pc=0x0000025ed8ba2b43 sp=0x000000df3a3fb030 mode 0
Event: 16.907 Thread 0x0000025ec85e9430 DEOPT PACKING pc=0x0000025ed170c3a7 sp=0x000000df3a3f6d90
Event: 16.907 Thread 0x0000025ec85e9430 DEOPT UNPACKING pc=0x0000025ed8ba2b43 sp=0x000000df3a3f61f0 mode 0
Event: 17.416 Thread 0x0000025ec85e9430 Uncommon trap: trap_request=0xffffff45 fr.pc=0x0000025ed913a588 relative=0x00000000000004c8
Event: 17.416 Thread 0x0000025ec85e9430 Uncommon trap: reason=unstable_if action=reinterpret pc=0x0000025ed913a588 method=java.util.HashMap.hash(Ljava/lang/Object;)I @ 1 c2
Event: 17.416 Thread 0x0000025ec85e9430 DEOPT PACKING pc=0x0000025ed913a588 sp=0x000000df3a3fc940
Event: 17.416 Thread 0x0000025ec85e9430 DEOPT UNPACKING pc=0x0000025ed8ba23a3 sp=0x000000df3a3fc7e8 mode 2
Event: 17.416 Thread 0x0000025ec85e9430 Uncommon trap: trap_request=0xffffff45 fr.pc=0x0000025ed912f278 relative=0x00000000000004b8
Event: 17.416 Thread 0x0000025ec85e9430 Uncommon trap: reason=unstable_if action=reinterpret pc=0x0000025ed912f278 method=java.util.HashMap.hash(Ljava/lang/Object;)I @ 1 c2
Event: 17.416 Thread 0x0000025ec85e9430 DEOPT PACKING pc=0x0000025ed912f278 sp=0x000000df3a3fc8d0
Event: 17.416 Thread 0x0000025ec85e9430 DEOPT UNPACKING pc=0x0000025ed8ba23a3 sp=0x000000df3a3fc7e8 mode 2
Event: 17.445 Thread 0x0000025ec85e9430 DEOPT PACKING pc=0x0000025ed16745d6 sp=0x000000df3a3f76f0
Event: 17.446 Thread 0x0000025ec85e9430 DEOPT UNPACKING pc=0x0000025ed8ba2b43 sp=0x000000df3a3f6b78 mode 0

Classes unloaded (0 events):
No events

Classes redefined (0 events):
No events

Internal exceptions (12 events):
Event: 4.612 Thread 0x0000025ec85e9430 Exception <a 'java/lang/NoSuchMethodError'{0x00000000ffc62b50}: 'int java.lang.invoke.DirectMethodHandle$Holder.invokeStaticInit(java.lang.Object, java.lang.Object)'> (0x00000000ffc62b50) 
thrown [s\open\src\hotspot\share\interpreter\linkResolver.cpp, line 759]
Event: 16.110 Thread 0x0000025ec85e9430 Exception <a 'java/lang/NoSuchMethodError'{0x00000000ff8fb5b0}: 'void java.lang.invoke.DirectMethodHandle$Holder.invokeStatic(java.lang.Object, java.lang.Object)'> (0x00000000ff8fb5b0) 
thrown [s\open\src\hotspot\share\interpreter\linkResolver.cpp, line 759]
Event: 16.416 Thread 0x0000025ec85e9430 Exception <a 'java/lang/NoClassDefFoundError'{0x00000000ff780e90}: org/slf4j/impl/StaticMarkerBinder> (0x00000000ff780e90) 
thrown [s\open\src\hotspot\share\classfile\systemDictionary.cpp, line 245]
Event: 16.429 Thread 0x0000025ec85e9430 Exception <a 'java/lang/NoSuchMethodError'{0x00000000ff61e2f8}: 'java.lang.Object java.lang.invoke.DirectMethodHandle$Holder.invokeVirtual(java.lang.Object, java.lang.Object, java.lang.Object, java.lang.Object, java.lang.Object, java.lang.Object, java.lang.Object)'> (0x00000000ff61e2f8) 
thrown [s\open\src\hotspot\share\interpreter\linkResolver.cpp, line 759]
Event: 16.434 Thread 0x0000025ec85e9430 Exception <a 'java/lang/NoSuchMethodError'{0x00000000ff62ff18}: 'java.lang.Object java.lang.invoke.Invokers$Holder.invoker(java.lang.Object, java.lang.Object, java.lang.Object)'> (0x00000000ff62ff18) 
thrown [s\open\src\hotspot\share\interpreter\linkResolver.cpp, line 759]
Event: 16.648 Thread 0x0000025ec85e9430 Exception <a 'java/lang/NoSuchMethodError'{0x00000000ff638fe8}: 'java.lang.Object java.lang.invoke.DirectMethodHandle$Holder.invokeStatic(java.lang.Object, java.lang.Object, int)'> (0x00000000ff638fe8) 
thrown [s\open\src\hotspot\share\interpreter\linkResolver.cpp, line 759]
Event: 16.652 Thread 0x0000025ec85e9430 Exception <a 'java/lang/NoSuchMethodError'{0x00000000ff644cd8}: 'void java.lang.invoke.DelegatingMethodHandle$Holder.delegate(java.lang.Object, java.lang.Object, int, java.lang.Object)'> (0x00000000ff644cd8) 
thrown [s\open\src\hotspot\share\interpreter\linkResolver.cpp, line 759]
Event: 16.654 Thread 0x0000025ec85e9430 Exception <a 'java/lang/NoSuchMethodError'{0x00000000ff648e20}: 'int java.lang.invoke.DirectMethodHandle$Holder.invokeSpecial(java.lang.Object, java.lang.Object, java.lang.Object)'> (0x00000000ff648e20) 
thrown [s\open\src\hotspot\share\interpreter\linkResolver.cpp, line 759]
Event: 16.665 Thread 0x0000025ec85e9430 Exception <a 'java/lang/NoSuchMethodError'{0x00000000ff65c1d8}: 'java.lang.Object java.lang.invoke.Invokers$Holder.invokeExact_MT(java.lang.Object, java.lang.Object, java.lang.Object, java.lang.Object)'> (0x00000000ff65c1d8) 
thrown [s\open\src\hotspot\share\interpreter\linkResolver.cpp, line 759]
Event: 17.232 Thread 0x0000025ec85e9430 Exception <a 'java/lang/NoSuchMethodError'{0x00000000ff05c8b8}: 'void java.lang.invoke.DirectMethodHandle$Holder.invokeSpecial(java.lang.Object, java.lang.Object, java.lang.Object)'> (0x00000000ff05c8b8) 
thrown [s\open\src\hotspot\share\interpreter\linkResolver.cpp, line 759]
Event: 17.416 Thread 0x0000025ec85e9430 Implicit null exception at 0x0000025ed913a10e to 0x0000025ed913a56c
Event: 17.416 Thread 0x0000025ec85e9430 Implicit null exception at 0x0000025ed912ee13 to 0x0000025ed912f25c

VM Operations (20 events):
Event: 9.086 Executing VM operation: G1CollectForAllocation
Event: 9.217 Executing VM operation: G1CollectForAllocation done
Event: 10.224 Executing VM operation: Cleanup
Event: 10.226 Executing VM operation: Cleanup done
Event: 11.229 Executing VM operation: Cleanup
Event: 11.229 Executing VM operation: Cleanup done
Event: 14.261 Executing VM operation: Cleanup
Event: 14.261 Executing VM operation: Cleanup done
Event: 15.589 Executing VM operation: HandshakeAllThreads
Event: 15.589 Executing VM operation: HandshakeAllThreads done
Event: 15.589 Executing VM operation: Cleanup
Event: 15.589 Executing VM operation: Cleanup done
Event: 16.409 Executing VM operation: HandshakeAllThreads
Event: 16.410 Executing VM operation: HandshakeAllThreads done
Event: 16.410 Executing VM operation: HandshakeAllThreads
Event: 16.410 Executing VM operation: HandshakeAllThreads done
Event: 16.435 Executing VM operation: HandshakeAllThreads
Event: 16.646 Executing VM operation: HandshakeAllThreads done
Event: 16.646 Executing VM operation: Cleanup
Event: 16.646 Executing VM operation: Cleanup done

Events (20 events):
Event: 17.216 loading class java/util/concurrent/CopyOnWriteArraySet
Event: 17.216 loading class java/util/concurrent/CopyOnWriteArraySet done
Event: 17.223 loading class java/util/concurrent/SynchronousQueue
Event: 17.223 loading class java/util/concurrent/SynchronousQueue done
Event: 17.223 loading class java/util/concurrent/SynchronousQueue$TransferStack
Event: 17.223 loading class java/util/concurrent/SynchronousQueue$Transferer
Event: 17.223 loading class java/util/concurrent/SynchronousQueue$Transferer done
Event: 17.223 loading class java/util/concurrent/SynchronousQueue$TransferStack done
Event: 17.223 loading class java/util/concurrent/SynchronousQueue$TransferStack$SNode
Event: 17.223 loading class java/util/concurrent/ForkJoinPool$ManagedBlocker
Event: 17.223 loading class java/util/concurrent/ForkJoinPool$ManagedBlocker done
Event: 17.223 loading class java/util/concurrent/SynchronousQueue$TransferStack$SNode done
Event: 17.231 loading class java/nio/file/NoSuchFileException
Event: 17.231 loading class java/nio/file/FileSystemException
Event: 17.231 loading class java/nio/file/FileSystemException done
Event: 17.231 loading class java/nio/file/NoSuchFileException done
Event: 17.424 loading class java/io/InvalidObjectException
Event: 17.424 loading class java/io/ObjectStreamException
Event: 17.424 loading class java/io/ObjectStreamException done
Event: 17.424 loading class java/io/InvalidObjectException done


Dynamic libraries:
0x00007ff6be2d0000 - 0x00007ff6be2e0000 	C:\Program Files\Java\jdk-17\bin\java.exe
0x00007ff8523b0000 - 0x00007ff8525a8000 	C:\Windows\SYSTEM32\ntdll.dll
0x00007ff850410000 - 0x00007ff8504cf000 	C:\Windows\System32\KERNEL32.DLL
0x00007ff84fd10000 - 0x00007ff850006000 	C:\Windows\System32\KERNELBASE.dll
0x00007ff84cf60000 - 0x00007ff84cff1000 	C:\Windows\SYSTEM32\apphelp.dll
0x00007ff850260000 - 0x00007ff850360000 	C:\Windows\System32\ucrtbase.dll
0x00007ff839fb0000 - 0x00007ff839fc9000 	C:\Program Files\Java\jdk-17\bin\jli.dll
0x00007ff851cb0000 - 0x00007ff851d5f000 	C:\Windows\System32\ADVAPI32.dll
0x00007ff850ce0000 - 0x00007ff850d7e000 	C:\Windows\System32\msvcrt.dll
0x00007ff851c10000 - 0x00007ff851cac000 	C:\Windows\System32\sechost.dll
0x00007ff851fc0000 - 0x00007ff8520e6000 	C:\Windows\System32\RPCRT4.dll
0x00007ff8521d0000 - 0x00007ff85236d000 	C:\Windows\System32\USER32.dll
0x00007ff850040000 - 0x00007ff850062000 	C:\Windows\System32\win32u.dll
0x00007ff851f90000 - 0x00007ff851fbc000 	C:\Windows\System32\GDI32.dll
0x00007ff84fb50000 - 0x00007ff84fc65000 	C:\Windows\System32\gdi32full.dll
0x00007ff84fc70000 - 0x00007ff84fd0d000 	C:\Windows\System32\msvcp_win.dll
0x00007ff839df0000 - 0x00007ff839e0b000 	C:\Program Files\Java\jdk-17\bin\VCRUNTIME140.dll
0x00007ff837180000 - 0x00007ff83741a000 	C:\Windows\WinSxS\amd64_microsoft.windows.common-controls_6595b64144ccf1df_6.0.19041.1110_none_60b5254171f9507e\COMCTL32.dll
0x00007ff847140000 - 0x00007ff84714a000 	C:\Windows\SYSTEM32\VERSION.dll
0x00007ff850c20000 - 0x00007ff850c50000 	C:\Windows\System32\IMM32.DLL
0x00007ff844880000 - 0x00007ff84488c000 	C:\Program Files\Java\jdk-17\bin\vcruntime140_1.dll
0x00007ff838150000 - 0x00007ff8381de000 	C:\Program Files\Java\jdk-17\bin\msvcp140.dll
0x00007fffe8120000 - 0x00007fffe8cfd000 	C:\Program Files\Java\jdk-17\bin\server\jvm.dll
0x00007ff850f80000 - 0x00007ff850f88000 	C:\Windows\System32\PSAPI.DLL
0x00007ff83af70000 - 0x00007ff83af79000 	C:\Windows\SYSTEM32\WSOCK32.dll
0x00007ff851600000 - 0x00007ff85166b000 	C:\Windows\System32\WS2_32.dll
0x00007ff83bc00000 - 0x00007ff83bc27000 	C:\Windows\SYSTEM32\WINMM.dll
0x00007ff84d730000 - 0x00007ff84d742000 	C:\Windows\SYSTEM32\kernel.appcore.dll
0x00007ff844800000 - 0x00007ff84480a000 	C:\Program Files\Java\jdk-17\bin\jimage.dll
0x00007ff83c890000 - 0x00007ff83ca74000 	C:\Windows\SYSTEM32\DBGHELP.DLL
0x00007ff838250000 - 0x00007ff838284000 	C:\Windows\SYSTEM32\dbgcore.DLL
0x00007ff8501d0000 - 0x00007ff850252000 	C:\Windows\System32\bcryptPrimitives.dll
0x00007ff839780000 - 0x00007ff8397a5000 	C:\Program Files\Java\jdk-17\bin\java.dll
0x00007ff81daf0000 - 0x00007ff81dbc7000 	C:\Program Files\Java\jdk-17\bin\jsvml.dll
0x00007ff8504d0000 - 0x00007ff850c14000 	C:\Windows\System32\SHELL32.dll
0x00007ff84d930000 - 0x00007ff84e0c3000 	C:\Windows\SYSTEM32\windows.storage.dll
0x00007ff8516d0000 - 0x00007ff851a24000 	C:\Windows\System32\combase.dll
0x00007ff84f320000 - 0x00007ff84f34e000 	C:\Windows\SYSTEM32\Wldp.dll
0x00007ff851ee0000 - 0x00007ff851f8d000 	C:\Windows\System32\SHCORE.dll
0x00007ff851670000 - 0x00007ff8516c5000 	C:\Windows\System32\shlwapi.dll
0x00007ff84f9c0000 - 0x00007ff84f9e5000 	C:\Windows\SYSTEM32\profapi.dll
0x00007ff839d40000 - 0x00007ff839d59000 	C:\Program Files\Java\jdk-17\bin\net.dll
0x00007ff848da0000 - 0x00007ff848eaa000 	C:\Windows\SYSTEM32\WINHTTP.dll
0x00007ff84f100000 - 0x00007ff84f16a000 	C:\Windows\system32\mswsock.dll
0x00007ff839710000 - 0x00007ff839726000 	C:\Program Files\Java\jdk-17\bin\nio.dll
0x00007ff8396f0000 - 0x00007ff839708000 	C:\Program Files\Java\jdk-17\bin\zip.dll
0x00007ff83d520000 - 0x00007ff83d530000 	C:\Program Files\Java\jdk-17\bin\verify.dll
0x00007ff838f90000 - 0x00007ff838fb7000 	C:\Users\marcos.OTHONC\.gradle\native\68d5fa5c4cc2d200863cafc0d521ce42e7d3e7ee720ec0a83991735586a16f82\windows-amd64\native-platform.dll

dbghelp: loaded successfully - version: 4.0.5 - missing functions: none
symbol engine: initialized successfully - sym options: 0x614 - pdb path: .;C:\Program Files\Java\jdk-17\bin;C:\Windows\SYSTEM32;C:\Windows\WinSxS\amd64_microsoft.windows.common-controls_6595b64144ccf1df_6.0.19041.1110_none_60b5254171f9507e;C:\Program Files\Java\jdk-17\bin\server;C:\Users\marcos.OTHONC\.gradle\native\68d5fa5c4cc2d200863cafc0d521ce42e7d3e7ee720ec0a83991735586a16f82\windows-amd64

VM Arguments:
jvm_args: -Xmx64m -Xms64m -Dorg.gradle.appname=gradlew 
java_command: org.gradle.wrapper.GradleWrapperMain tasks
java_class_path (initial): D:\AREA DE TRABALHO\testerb\android\\gradle\wrapper\gradle-wrapper.jar
Launcher Type: SUN_STANDARD

[Global flags]
     intx CICompilerCount                          = 3                                         {product} {ergonomic}
     uint ConcGCThreads                            = 1                                         {product} {ergonomic}
     uint G1ConcRefinementThreads                  = 4                                         {product} {ergonomic}
   size_t G1HeapRegionSize                         = 1048576                                   {product} {ergonomic}
    uintx GCDrainStackTargetSize                   = 64                                        {product} {ergonomic}
   size_t InitialHeapSize                          = 67108864                                  {product} {command line}
   size_t MarkStackSize                            = 4194304                                   {product} {ergonomic}
   size_t MaxHeapSize                              = 67108864                                  {product} {command line}
   size_t MaxNewSize                               = 39845888                                  {product} {ergonomic}
   size_t MinHeapDeltaBytes                        = 1048576                                   {product} {ergonomic}
   size_t MinHeapSize                              = 67108864                                  {product} {command line}
    uintx NonNMethodCodeHeapSize                   = 5832780                                {pd product} {ergonomic}
    uintx NonProfiledCodeHeapSize                  = 122912730                              {pd product} {ergonomic}
    uintx ProfiledCodeHeapSize                     = 122912730                              {pd product} {ergonomic}
    uintx ReservedCodeCacheSize                    = 251658240                              {pd product} {ergonomic}
     bool SegmentedCodeCache                       = true                                      {product} {ergonomic}
   size_t SoftMaxHeapSize                          = 67108864                               {manageable} {ergonomic}
     bool UseCompressedClassPointers               = true                           {product lp64_product} {ergonomic}
     bool UseCompressedOops                        = true                           {product lp64_product} {ergonomic}
     bool UseG1GC                                  = true                                      {product} {ergonomic}
     bool UseLargePagesIndividualAllocation        = false                                  {pd product} {ergonomic}

Logging:
Log output configuration:
 #0: stdout all=warning uptime,level,tags
 #1: stderr all=off uptime,level,tags

Environment Variables:
JAVA_HOME=C:\Program Files\Java\jdk-17
CLASSPATH=D:\AREA DE TRABALHO\testerb\android\\gradle\wrapper\gradle-wrapper.jar
PATH=D:\AREA DE TRABALHO\testerb\node_modules\.bin;D:\AREA DE TRABALHO\testerb\node_modules\.bin;D:\AREA DE TRABALHO\node_modules\.bin;D:\node_modules\.bin;C:\Program Files\nodejs\node_modules\npm\node_modules\@npmcli\run-script\lib\node-gyp-bin;C:\Users\MARCOS~1.OTH\AppData\Local\Temp\yarn--1695809377503-0.47914496697368936;D:\AREA DE TRABALHO\testerb\node_modules\.bin;C:\Users\marcos.OTHONC\AppData\Local\Yarn\Data\link\node_modules\.bin;C:\Users\marcos.OTHONC\AppData\Local\Yarn\bin;C:\Program Files\libexec\lib\node_modules\npm\bin\node-gyp-bin;C:\Program Files\lib\node_modules\npm\bin\node-gyp-bin;C:\Program Files\nodejs\node_modules\npm\bin\node-gyp-bin;C:\Program Files\Python311\Scripts\;C:\Program Files\Python311\;C:\Program Files\Common Files\Oracle\Java\javapath;C:\Program Files (x86)\Common Files\Oracle\Java\javapath;C:\Python311\Scripts\;C:\Python311\;D:\app\client\marcos\product\12.1.0\client_2\bin;C:\Windows\system32;C:\Windows;C:\Windows\System32\Wbem;C:\Windows\System32\WindowsPowerShell\v1.0\;C:\Windows\System32\OpenSSH\;C:\Program Files\dotnet\;C:\Program Files\nodejs\;C:\ProgramData\chocolatey\bin;D:\Program Files\Git\cmd;C:\Program Files\Zabbix Agent\;D:\Program Files\Veyon\;C:\Users\marcos.OTHONC\AppData\Local\Android\Sdk;C:\Users\marcos.OTHONC\AppData\Local\Android\Sdk\platform-tools;C:\Program Files\Java\jdk-17\bin;C:\Program Files\Maven\bin;;C:\Program Files\Docker\Docker\resources\bin;C:\Users\marcos.OTHONC\AppData\Local\Microsoft\WindowsApps;D:\Users\marcos.OTHONC\AppData\Local\Programs\Microsoft VS Code\bin;C:\Users\marcos.OTHONC\AppData\Local\GitHubDesktop\bin;C:\Users\marcos.OTHONC\AppData\Roaming\npm;D:\Program Files\JetBrains\IntelliJ IDEA 2023.1.3\bin;
USERNAME=marcos
SHELL=D:\Program Files\Git\usr\bin\bash.exe
DISPLAY=needs-to-be-defined
LANG=pt_BR.UTF-8
LC_CTYPE=pt_BR.UTF-8
OS=Windows_NT
PROCESSOR_IDENTIFIER=Intel64 Family 6 Model 158 Stepping 11, GenuineIntel



---------------  S Y S T E M  ---------------

OS:
 Windows 10 , 64 bit Build 19041 (10.0.19041.3155)
OS uptime: 8 days 20:36 hours
Hyper-V role detected

CPU: total 4 (initial active 4) (4 cores per cpu, 1 threads per core) family 6 model 158 stepping 11 microcode 0xf0, cx8, cmov, fxsr, mmx, 3dnowpref, sse, sse2, sse3, ssse3, sse4.1, sse4.2, popcnt, lzcnt, tsc, tscinvbit, avx, avx2, aes, erms, clmul, bmi1, bmi2, adx, fma, vzeroupper, clflush, clflushopt, hv

Memory: 4k page, system-wide physical 16193M (372M free)
TotalPageFile size 30419M (AvailPageFile size 5M)
current process WorkingSet (physical memory assigned to process): 72M, peak: 72M
current process commit charge ("private bytes"): 152M, peak: 152M

vm_info: Java HotSpot(TM) 64-Bit Server VM (17.0.7+8-LTS-224) for windows-amd64 JRE (17.0.7+8-LTS-224), built on Feb 28 2023 23:03:02 by "mach5one" with MS VC++ 17.1 (VS2022)

END.
