#
# There is insufficient memory for the Java Runtime Environment to continue.
# Native memory allocation (malloc) failed to allocate 32744 bytes for ChunkPool::allocate
# Possible reasons:
#   The system is out of physical RAM or swap space
#   The process is running with CompressedOops enabled, and the Java Heap may be blocking the growth of the native heap
# Possible solutions:
#   Reduce memory load on the system
#   Increase physical memory or swap space
#   Check if swap backing store is full
#   Decrease Java heap size (-Xmx/-Xms)
#   Decrease number of Java threads
#   Decrease Java thread stack sizes (-Xss)
#   Set larger code cache with -XX:ReservedCodeCacheSize=
#   JVM is running with Unscaled Compressed Oops mode in which the Java heap is
#     placed in the first 4GB address space. The Java Heap base address is the
#     maximum limit for the native heap growth. Please use -XX:HeapBaseMinAddress
#     to set the Java Heap base and to place the Java Heap above 4GB virtual address.
# This output file may be truncated or incomplete.
#
#  Out of Memory Error (arena.cpp:78), pid=15964, tid=26556
#
# JRE version: Java(TM) SE Runtime Environment (17.0.7+8) (build 17.0.7+8-LTS-224)
# Java VM: Java HotSpot(TM) 64-Bit Server VM (17.0.7+8-LTS-224, mixed mode, sharing, tiered, compressed oops, compressed class ptrs, g1 gc, windows-amd64)
# No core dump will be written. Minidumps are not enabled by default on client versions of Windows
#

---------------  S U M M A R Y ------------

Command Line: -XX:MaxMetaspaceSize=512m --add-opens=java.base/java.util=ALL-UNNAMED --add-opens=java.base/java.lang=ALL-UNNAMED --add-opens=java.base/java.lang.invoke=ALL-UNNAMED --add-opens=java.prefs/java.util.prefs=ALL-UNNAMED --add-opens=java.base/java.nio.charset=ALL-UNNAMED --add-opens=java.base/java.net=ALL-UNNAMED --add-opens=java.base/java.util.concurrent.atomic=ALL-UNNAMED -Xmx2048m -Dfile.encoding=windows-1252 -Duser.country=BR -Duser.language=pt -Duser.variant org.gradle.launcher.daemon.bootstrap.GradleDaemon 8.0.1

Host: Intel(R) Core(TM) i3-9100 CPU @ 3.60GHz, 4 cores, 15G,  Windows 10 , 64 bit Build 19041 (10.0.19041.3155)
Time: Wed Sep 27 07:31:03 2023 Hora oficial do Brasil elapsed time: 79.125920 seconds (0d 0h 1m 19s)

---------------  T H R E A D  ---------------

Current thread (0x000001ea7ffbc520):  JavaThread "C2 CompilerThread0" daemon [_thread_in_native, id=26556, stack(0x000000adc9e00000,0x000000adc9f00000)]


Current CompileTask:
C2:  79125 4660       4       jdk.internal.org.objectweb.asm.Frame::execute (2305 bytes)

Stack: [0x000000adc9e00000,0x000000adc9f00000]
Native frames: (J=compiled Java code, j=interpreted, Vv=VM code, C=native code)
V  [jvm.dll+0x676a4a]
V  [jvm.dll+0x7d74f4]
V  [jvm.dll+0x7d8c9e]
V  [jvm.dll+0x7d9303]
V  [jvm.dll+0x2452c5]
V  [jvm.dll+0xaac80]
V  [jvm.dll+0xaafcc]
V  [jvm.dll+0x653b05]
V  [jvm.dll+0x6539ac]
V  [jvm.dll+0x545f50]
V  [jvm.dll+0x546de7]
V  [jvm.dll+0x552cac]
V  [jvm.dll+0x557e16]
V  [jvm.dll+0x5455d3]
V  [jvm.dll+0x2a9e5c]
V  [jvm.dll+0x68f043]
V  [jvm.dll+0x687016]
V  [jvm.dll+0x686660]
V  [jvm.dll+0x68456a]
V  [jvm.dll+0x1a67fc]
V  [jvm.dll+0x2a9e5c]
V  [jvm.dll+0x68f043]
V  [jvm.dll+0x687016]
V  [jvm.dll+0x686660]
V  [jvm.dll+0x68456a]
V  [jvm.dll+0x1a67fc]
V  [jvm.dll+0x1a738b]
V  [jvm.dll+0x2a9e5c]
V  [jvm.dll+0x68f043]
V  [jvm.dll+0x687016]
V  [jvm.dll+0x686660]
V  [jvm.dll+0x68456a]
V  [jvm.dll+0x1a67fc]
V  [jvm.dll+0x2a9e5c]
V  [jvm.dll+0x68f043]
V  [jvm.dll+0x687016]
V  [jvm.dll+0x686660]
V  [jvm.dll+0x68456a]
V  [jvm.dll+0x1a67fc]
V  [jvm.dll+0x1a738b]
V  [jvm.dll+0x2a9e5c]
V  [jvm.dll+0x68f043]
V  [jvm.dll+0x687016]
V  [jvm.dll+0x686660]
V  [jvm.dll+0x68456a]
V  [jvm.dll+0x1a67fc]
V  [jvm.dll+0x216ab8]
V  [jvm.dll+0x1a35e0]
V  [jvm.dll+0x226a6e]
V  [jvm.dll+0x224e15]
V  [jvm.dll+0x78d05c]
V  [jvm.dll+0x78759a]
V  [jvm.dll+0x675875]
C  [ucrtbase.dll+0x21bb2]
C  [KERNEL32.DLL+0x17614]
C  [ntdll.dll+0x526b1]


---------------  P R O C E S S  ---------------

Threads class SMR info:
_java_thread_list=0x000001ea1b019190, length=40, elements={
0x000001ea78dea410, 0x000001ea7ff9cbe0, 0x000001ea7ff9da50, 0x000001ea7ffb9a80,
0x000001ea7ffba430, 0x000001ea7ffbade0, 0x000001ea7ffbb790, 0x000001ea7ffbc520,
0x000001ea7ffbcfc0, 0x000001ea17176090, 0x000001ea17236e00, 0x000001ea17238500,
0x000001ea1822faf0, 0x000001ea18490060, 0x000001ea17b33950, 0x000001ea17b33e20,
0x000001ea17b32fb0, 0x000001ea17b342f0, 0x000001ea17b347c0, 0x000001ea17b33480,
0x000001ea17b35b00, 0x000001ea17b34c90, 0x000001ea17b35630, 0x000001ea17b35160,
0x000001ea17b35fd0, 0x000001ea17b364a0, 0x000001ea17b36970, 0x000001ea1814e250,
0x000001ea18149ef0, 0x000001ea1814dd80, 0x000001ea1814f590, 0x000001ea1814d8b0,
0x000001ea1814ca40, 0x000001ea1814b700, 0x000001ea1814ad60, 0x000001ea18149a20,
0x000001ea1814f0c0, 0x000001ea18150400, 0x000001ea1814fa60, 0x000001ea1814c0a0
}

Java Threads: ( => current thread )
  0x000001ea78dea410 JavaThread "main" [_thread_blocked, id=21836, stack(0x000000adc9000000,0x000000adc9100000)]
  0x000001ea7ff9cbe0 JavaThread "Reference Handler" daemon [_thread_blocked, id=25204, stack(0x000000adc9800000,0x000000adc9900000)]
  0x000001ea7ff9da50 JavaThread "Finalizer" daemon [_thread_blocked, id=25208, stack(0x000000adc9900000,0x000000adc9a00000)]
  0x000001ea7ffb9a80 JavaThread "Signal Dispatcher" daemon [_thread_blocked, id=13144, stack(0x000000adc9a00000,0x000000adc9b00000)]
  0x000001ea7ffba430 JavaThread "Attach Listener" daemon [_thread_blocked, id=25360, stack(0x000000adc9b00000,0x000000adc9c00000)]
  0x000001ea7ffbade0 JavaThread "Service Thread" daemon [_thread_blocked, id=25112, stack(0x000000adc9c00000,0x000000adc9d00000)]
  0x000001ea7ffbb790 JavaThread "Monitor Deflation Thread" daemon [_thread_blocked, id=24904, stack(0x000000adc9d00000,0x000000adc9e00000)]
=>0x000001ea7ffbc520 JavaThread "C2 CompilerThread0" daemon [_thread_in_native, id=26556, stack(0x000000adc9e00000,0x000000adc9f00000)]
  0x000001ea7ffbcfc0 JavaThread "C1 CompilerThread0" daemon [_thread_blocked, id=27316, stack(0x000000adc9f00000,0x000000adca000000)]
  0x000001ea17176090 JavaThread "Sweeper thread" daemon [_thread_blocked, id=21708, stack(0x000000adca000000,0x000000adca100000)]
  0x000001ea17236e00 JavaThread "Common-Cleaner" daemon [_thread_blocked, id=12708, stack(0x000000adca100000,0x000000adca200000)]
  0x000001ea17238500 JavaThread "Notification Thread" daemon [_thread_blocked, id=8008, stack(0x000000adca200000,0x000000adca300000)]
  0x000001ea1822faf0 JavaThread "Daemon health stats" [_thread_blocked, id=3768, stack(0x000000adca800000,0x000000adca900000)]
  0x000001ea18490060 JavaThread "Incoming local TCP Connector on port 63312" [_thread_in_native, id=25480, stack(0x000000adca700000,0x000000adca800000)]
  0x000001ea17b33950 JavaThread "Daemon periodic checks" [_thread_blocked, id=10260, stack(0x000000adca900000,0x000000adcaa00000)]
  0x000001ea17b33e20 JavaThread "Daemon" [_thread_blocked, id=25408, stack(0x000000adcaa00000,0x000000adcab00000)]
  0x000001ea17b32fb0 JavaThread "Handler for socket connection from /127.0.0.1:63312 to /127.0.0.1:63313" [_thread_in_native, id=25148, stack(0x000000adcab00000,0x000000adcac00000)]
  0x000001ea17b342f0 JavaThread "Cancel handler" [_thread_blocked, id=21752, stack(0x000000adcac00000,0x000000adcad00000)]
  0x000001ea17b347c0 JavaThread "Daemon worker" [_thread_in_vm, id=7552, stack(0x000000adcad00000,0x000000adcae00000)]
  0x000001ea17b33480 JavaThread "Asynchronous log dispatcher for DefaultDaemonConnection: socket connection from /127.0.0.1:63312 to /127.0.0.1:63313" [_thread_blocked, id=12960, stack(0x000000adcae00000,0x000000adcaf00000)]
  0x000001ea17b35b00 JavaThread "Stdin handler" [_thread_blocked, id=22652, stack(0x000000adcaf00000,0x000000adcb000000)]
  0x000001ea17b34c90 JavaThread "Daemon client event forwarder" [_thread_blocked, id=20260, stack(0x000000adcb000000,0x000000adcb100000)]
  0x000001ea17b35630 JavaThread "Cache worker for journal cache (C:\Users\marcos.OTHONC\.gradle\caches\journal-1)" [_thread_blocked, id=4124, stack(0x000000adcb100000,0x000000adcb200000)]
  0x000001ea17b35160 JavaThread "File lock request listener" [_thread_in_native, id=17128, stack(0x000000adcb200000,0x000000adcb300000)]
  0x000001ea17b35fd0 JavaThread "Cache worker for file hash cache (C:\Users\marcos.OTHONC\.gradle\caches\8.0.1\fileHashes)" [_thread_blocked, id=24164, stack(0x000000adcb300000,0x000000adcb400000)]
  0x000001ea17b364a0 JavaThread "File lock release action executor" [_thread_in_vm, id=22500, stack(0x000000adcb400000,0x000000adcb500000)]
  0x000001ea17b36970 JavaThread "File watcher server" daemon [_thread_in_native, id=23924, stack(0x000000adcb500000,0x000000adcb600000)]
  0x000001ea1814e250 JavaThread "File watcher consumer" daemon [_thread_blocked, id=2100, stack(0x000000adcb600000,0x000000adcb700000)]
  0x000001ea18149ef0 JavaThread "Cache worker for checksums cache (D:\AREA DE TRABALHO\testerb\android\.gradle\8.0.1\checksums)" [_thread_blocked, id=20504, stack(0x000000adcb700000,0x000000adcb800000)]
  0x000001ea1814dd80 JavaThread "Cache worker for cache directory md-rule (C:\Users\marcos.OTHONC\.gradle\caches\8.0.1\md-rule)" [_thread_blocked, id=19340, stack(0x000000adcb800000,0x000000adcb900000)]
  0x000001ea1814f590 JavaThread "Cache worker for file content cache (C:\Users\marcos.OTHONC\.gradle\caches\8.0.1\fileContent)" [_thread_blocked, id=6360, stack(0x000000adcb900000,0x000000adcba00000)]
  0x000001ea1814d8b0 JavaThread "Cache worker for file hash cache (D:\AREA DE TRABALHO\testerb\android\.gradle\8.0.1\fileHashes)" [_thread_blocked, id=7764, stack(0x000000adcba00000,0x000000adcbb00000)]
  0x000001ea1814ca40 JavaThread "Cache worker for cache directory md-supplier (C:\Users\marcos.OTHONC\.gradle\caches\8.0.1\md-supplier)" [_thread_blocked, id=16420, stack(0x000000adcbb00000,0x000000adcbc00000)]
  0x000001ea1814b700 JavaThread "Cache worker for execution history cache (C:\Users\marcos.OTHONC\.gradle\caches\8.0.1\executionHistory)" [_thread_blocked, id=17260, stack(0x000000adcbc00000,0x000000adcbd00000)]
  0x000001ea1814ad60 JavaThread "jar transforms" [_thread_blocked, id=11800, stack(0x000000adcbf00000,0x000000adcc000000)]
  0x000001ea18149a20 JavaThread "jar transforms Thread 2" [_thread_blocked, id=17360, stack(0x000000adcbe00000,0x000000adcbf00000)]
  0x000001ea1814f0c0 JavaThread "jar transforms Thread 3" [_thread_blocked, id=24288, stack(0x000000adcc100000,0x000000adcc200000)]
  0x000001ea18150400 JavaThread "jar transforms Thread 4" [_thread_blocked, id=11536, stack(0x000000adcc000000,0x000000adcc100000)]
  0x000001ea1814fa60 JavaThread "Cache worker for kotlin-dsl (C:\Users\marcos.OTHONC\.gradle\caches\8.0.1\kotlin-dsl)" [_thread_blocked, id=12788, stack(0x000000adc8f00000,0x000000adc9000000)]
  0x000001ea1814c0a0 JavaThread "Cache worker for dependencies-accessors (D:\AREA DE TRABALHO\testerb\android\.gradle\8.0.1\dependencies-accessors)" [_thread_blocked, id=26068, stack(0x000000adc9100000,0x000000adc9200000)]

Other Threads:
  0x000001ea7ff95c30 VMThread "VM Thread" [stack: 0x000000adc9700000,0x000000adc9800000] [id=21580]
  0x000001ea1723c9e0 WatcherThread [stack: 0x000000adca300000,0x000000adca400000] [id=11064]
  0x000001ea78e44ba0 GCTaskThread "GC Thread#0" [stack: 0x000000adc9200000,0x000000adc9300000] [id=22884]
  0x000001ea177fa600 GCTaskThread "GC Thread#1" [stack: 0x000000adca400000,0x000000adca500000] [id=14784]
  0x000001ea177fa8b0 GCTaskThread "GC Thread#2" [stack: 0x000000adca500000,0x000000adca600000] [id=18084]
  0x000001ea177fab60 GCTaskThread "GC Thread#3" [stack: 0x000000adca600000,0x000000adca700000] [id=3048]
  0x000001ea78e55ae0 ConcurrentGCThread "G1 Main Marker" [stack: 0x000000adc9300000,0x000000adc9400000] [id=21120]
  0x000001ea78e564f0 ConcurrentGCThread "G1 Conc#0" [stack: 0x000000adc9400000,0x000000adc9500000] [id=22036]
  0x000001ea78ead0f0 ConcurrentGCThread "G1 Refine#0" [stack: 0x000000adc9500000,0x000000adc9600000] [id=23328]
  0x000001ea19045040 ConcurrentGCThread "G1 Refine#1" [stack: 0x000000adcbd00000,0x000000adcbe00000] [id=26284]
  0x000001ea78eadb10 ConcurrentGCThread "G1 Service" [stack: 0x000000adc9600000,0x000000adc9700000] [id=19244]

Threads with active compile tasks:
C2 CompilerThread0    79175 4660       4       jdk.internal.org.objectweb.asm.Frame::execute (2305 bytes)

VM state: not at safepoint (normal execution)

VM Mutex/Monitor currently owned by a thread: None

Heap address: 0x0000000080000000, size: 2048 MB, Compressed Oops mode: 32-bit

CDS archive(s) mapped at: [0x0000000800000000-0x0000000800bd0000-0x0000000800bd0000), size 12386304, SharedBaseAddress: 0x0000000800000000, ArchiveRelocationMode: 0.
Compressed class space mapped at: 0x0000000800c00000-0x000000081a800000, reserved size: 432013312
Narrow klass base: 0x0000000800000000, Narrow klass shift: 0, Narrow klass range: 0x100000000

GC Precious Log:
 CPUs: 4 total, 4 available
 Memory: 16193M
 Large Page Support: Disabled
 NUMA Support: Disabled
 Compressed Oops: Enabled (32-bit)
 Heap Region Size: 1M
 Heap Min Capacity: 8M
 Heap Initial Capacity: 254M
 Heap Max Capacity: 2G
 Pre-touch: Disabled
 Parallel Workers: 4
 Concurrent Workers: 1
 Concurrent Refinement Workers: 4
 Periodic GC: Disabled

Heap:
 garbage-first heap   total 81920K, used 53480K [0x0000000080000000, 0x0000000100000000)
  region size 1024K, 25 young (25600K), 3 survivors (3072K)
 Metaspace       used 37826K, committed 38336K, reserved 462848K
  class space    used 5218K, committed 5440K, reserved 421888K

Heap Regions: E=young(eden), S=young(survivor), O=old, HS=humongous(starts), HC=humongous(continues), CS=collection set, F=free, OA=open archive, CA=closed archive, TAMS=top-at-mark-start (previous, next)
|   0|0x0000000080000000, 0x0000000080100000, 0x0000000080100000|100%| O|  |TAMS 0x0000000080100000, 0x0000000080000000| Untracked 
|   1|0x0000000080100000, 0x0000000080200000, 0x0000000080200000|100%| O|  |TAMS 0x0000000080200000, 0x0000000080100000| Untracked 
|   2|0x0000000080200000, 0x0000000080300000, 0x0000000080300000|100%|HS|  |TAMS 0x0000000080300000, 0x0000000080200000| Complete 
|   3|0x0000000080300000, 0x0000000080400000, 0x0000000080400000|100%|HC|  |TAMS 0x0000000080400000, 0x0000000080300000| Complete 
|   4|0x0000000080400000, 0x0000000080500000, 0x0000000080500000|100%|HC|  |TAMS 0x0000000080500000, 0x0000000080400000| Complete 
|   5|0x0000000080500000, 0x0000000080600000, 0x0000000080600000|100%|HC|  |TAMS 0x0000000080600000, 0x0000000080500000| Complete 
|   6|0x0000000080600000, 0x0000000080700000, 0x0000000080700000|100%| O|  |TAMS 0x0000000080700000, 0x0000000080600000| Untracked 
|   7|0x0000000080700000, 0x0000000080800000, 0x0000000080800000|100%| O|  |TAMS 0x0000000080800000, 0x0000000080700000| Untracked 
|   8|0x0000000080800000, 0x0000000080900000, 0x0000000080900000|100%| O|  |TAMS 0x0000000080900000, 0x0000000080800000| Untracked 
|   9|0x0000000080900000, 0x0000000080a00000, 0x0000000080a00000|100%| O|  |TAMS 0x0000000080a00000, 0x0000000080900000| Untracked 
|  10|0x0000000080a00000, 0x0000000080b00000, 0x0000000080b00000|100%| O|  |TAMS 0x0000000080b00000, 0x0000000080a00000| Untracked 
|  11|0x0000000080b00000, 0x0000000080c00000, 0x0000000080c00000|100%| O|  |TAMS 0x0000000080c00000, 0x0000000080b00000| Untracked 
|  12|0x0000000080c00000, 0x0000000080d00000, 0x0000000080d00000|100%| O|  |TAMS 0x0000000080d00000, 0x0000000080c00000| Untracked 
|  13|0x0000000080d00000, 0x0000000080e00000, 0x0000000080e00000|100%| O|  |TAMS 0x0000000080e00000, 0x0000000080d00000| Untracked 
|  14|0x0000000080e00000, 0x0000000080f00000, 0x0000000080f00000|100%| O|  |TAMS 0x0000000080f00000, 0x0000000080e00000| Untracked 
|  15|0x0000000080f00000, 0x0000000081000000, 0x0000000081000000|100%| O|  |TAMS 0x0000000081000000, 0x0000000080f00000| Untracked 
|  16|0x0000000081000000, 0x0000000081100000, 0x0000000081100000|100%| O|  |TAMS 0x0000000081100000, 0x0000000081000000| Untracked 
|  17|0x0000000081100000, 0x0000000081200000, 0x0000000081200000|100%| O|  |TAMS 0x0000000081200000, 0x0000000081100000| Untracked 
|  18|0x0000000081200000, 0x0000000081300000, 0x0000000081300000|100%| O|  |TAMS 0x0000000081300000, 0x0000000081200000| Untracked 
|  19|0x0000000081300000, 0x0000000081400000, 0x0000000081400000|100%| O|  |TAMS 0x0000000081400000, 0x0000000081300000| Untracked 
|  20|0x0000000081400000, 0x0000000081500000, 0x0000000081500000|100%| O|  |TAMS 0x0000000081500000, 0x0000000081400000| Untracked 
|  21|0x0000000081500000, 0x0000000081600000, 0x0000000081600000|100%| O|  |TAMS 0x0000000081600000, 0x0000000081500000| Untracked 
|  22|0x0000000081600000, 0x0000000081700000, 0x0000000081700000|100%| O|  |TAMS 0x0000000081700000, 0x0000000081600000| Untracked 
|  23|0x0000000081700000, 0x0000000081800000, 0x0000000081800000|100%| O|  |TAMS 0x0000000081800000, 0x0000000081700000| Untracked 
|  24|0x0000000081800000, 0x0000000081900000, 0x0000000081900000|100%| O|  |TAMS 0x0000000081900000, 0x0000000081800000| Untracked 
|  25|0x0000000081900000, 0x0000000081a00000, 0x0000000081a00000|100%| O|  |TAMS 0x0000000081a00000, 0x0000000081900000| Untracked 
|  26|0x0000000081a00000, 0x0000000081b00000, 0x0000000081b00000|100%| O|  |TAMS 0x0000000081b00000, 0x0000000081a00000| Untracked 
|  27|0x0000000081b00000, 0x0000000081c00000, 0x0000000081c00000|100%| O|  |TAMS 0x0000000081c00000, 0x0000000081b00000| Untracked 
|  28|0x0000000081c00000, 0x0000000081c6aa00, 0x0000000081d00000| 41%| O|  |TAMS 0x0000000081c6aa00, 0x0000000081c00000| Untracked 
|  29|0x0000000081d00000, 0x0000000081d00000, 0x0000000081e00000|  0%| F|  |TAMS 0x0000000081d00000, 0x0000000081d00000| Untracked 
|  30|0x0000000081e00000, 0x0000000081e00000, 0x0000000081f00000|  0%| F|  |TAMS 0x0000000081e00000, 0x0000000081e00000| Untracked 
|  31|0x0000000081f00000, 0x0000000081f00000, 0x0000000082000000|  0%| F|  |TAMS 0x0000000081f00000, 0x0000000081f00000| Untracked 
|  32|0x0000000082000000, 0x0000000082000000, 0x0000000082100000|  0%| F|  |TAMS 0x0000000082000000, 0x0000000082000000| Untracked 
|  33|0x0000000082100000, 0x0000000082100000, 0x0000000082200000|  0%| F|  |TAMS 0x0000000082100000, 0x0000000082100000| Untracked 
|  34|0x0000000082200000, 0x0000000082200000, 0x0000000082300000|  0%| F|  |TAMS 0x0000000082200000, 0x0000000082200000| Untracked 
|  35|0x0000000082300000, 0x0000000082300000, 0x0000000082400000|  0%| F|  |TAMS 0x0000000082300000, 0x0000000082300000| Untracked 
|  36|0x0000000082400000, 0x0000000082400000, 0x0000000082500000|  0%| F|  |TAMS 0x0000000082400000, 0x0000000082400000| Untracked 
|  37|0x0000000082500000, 0x0000000082500000, 0x0000000082600000|  0%| F|  |TAMS 0x0000000082500000, 0x0000000082500000| Untracked 
|  38|0x0000000082600000, 0x0000000082600000, 0x0000000082700000|  0%| F|  |TAMS 0x0000000082600000, 0x0000000082600000| Untracked 
|  39|0x0000000082700000, 0x0000000082700000, 0x0000000082800000|  0%| F|  |TAMS 0x0000000082700000, 0x0000000082700000| Untracked 
|  40|0x0000000082800000, 0x0000000082800000, 0x0000000082900000|  0%| F|  |TAMS 0x0000000082800000, 0x0000000082800000| Untracked 
|  41|0x0000000082900000, 0x0000000082900000, 0x0000000082a00000|  0%| F|  |TAMS 0x0000000082900000, 0x0000000082900000| Untracked 
|  42|0x0000000082a00000, 0x0000000082a00000, 0x0000000082b00000|  0%| F|  |TAMS 0x0000000082a00000, 0x0000000082a00000| Untracked 
|  43|0x0000000082b00000, 0x0000000082b00000, 0x0000000082c00000|  0%| F|  |TAMS 0x0000000082b00000, 0x0000000082b00000| Untracked 
|  44|0x0000000082c00000, 0x0000000082c00000, 0x0000000082d00000|  0%| F|  |TAMS 0x0000000082c00000, 0x0000000082c00000| Untracked 
|  45|0x0000000082d00000, 0x0000000082d00000, 0x0000000082e00000|  0%| F|  |TAMS 0x0000000082d00000, 0x0000000082d00000| Untracked 
|  46|0x0000000082e00000, 0x0000000082e00000, 0x0000000082f00000|  0%| F|  |TAMS 0x0000000082e00000, 0x0000000082e00000| Untracked 
|  47|0x0000000082f00000, 0x0000000082f00000, 0x0000000083000000|  0%| F|  |TAMS 0x0000000082f00000, 0x0000000082f00000| Untracked 
|  48|0x0000000083000000, 0x0000000083000000, 0x0000000083100000|  0%| F|  |TAMS 0x0000000083000000, 0x0000000083000000| Untracked 
|  49|0x0000000083100000, 0x0000000083100000, 0x0000000083200000|  0%| F|  |TAMS 0x0000000083100000, 0x0000000083100000| Untracked 
|  50|0x0000000083200000, 0x0000000083200000, 0x0000000083300000|  0%| F|  |TAMS 0x0000000083200000, 0x0000000083200000| Untracked 
|  51|0x0000000083300000, 0x0000000083300000, 0x0000000083400000|  0%| F|  |TAMS 0x0000000083300000, 0x0000000083300000| Untracked 
|  52|0x0000000083400000, 0x0000000083400000, 0x0000000083500000|  0%| F|  |TAMS 0x0000000083400000, 0x0000000083400000| Untracked 
|  53|0x0000000083500000, 0x0000000083500000, 0x0000000083600000|  0%| F|  |TAMS 0x0000000083500000, 0x0000000083500000| Untracked 
|  54|0x0000000083600000, 0x0000000083600000, 0x0000000083700000|  0%| F|  |TAMS 0x0000000083600000, 0x0000000083600000| Untracked 
|  55|0x0000000083700000, 0x0000000083800000, 0x0000000083800000|100%| E|  |TAMS 0x0000000083700000, 0x0000000083700000| Complete 
|  56|0x0000000083800000, 0x0000000083900000, 0x0000000083900000|100%| E|CS|TAMS 0x0000000083800000, 0x0000000083800000| Complete 
|  57|0x0000000083900000, 0x0000000083a00000, 0x0000000083a00000|100%| E|CS|TAMS 0x0000000083900000, 0x0000000083900000| Complete 
|  58|0x0000000083a00000, 0x0000000083b00000, 0x0000000083b00000|100%| E|CS|TAMS 0x0000000083a00000, 0x0000000083a00000| Complete 
|  59|0x0000000083b00000, 0x0000000083bcf9f0, 0x0000000083c00000| 81%| S|CS|TAMS 0x0000000083b00000, 0x0000000083b00000| Complete 
|  60|0x0000000083c00000, 0x0000000083d00000, 0x0000000083d00000|100%| S|CS|TAMS 0x0000000083c00000, 0x0000000083c00000| Complete 
|  61|0x0000000083d00000, 0x0000000083e00000, 0x0000000083e00000|100%| S|CS|TAMS 0x0000000083d00000, 0x0000000083d00000| Complete 
|  62|0x0000000083e00000, 0x0000000083f00000, 0x0000000083f00000|100%| E|CS|TAMS 0x0000000083e00000, 0x0000000083e00000| Complete 
|  63|0x0000000083f00000, 0x0000000084000000, 0x0000000084000000|100%| E|CS|TAMS 0x0000000083f00000, 0x0000000083f00000| Complete 
|  64|0x0000000084000000, 0x0000000084100000, 0x0000000084100000|100%| E|CS|TAMS 0x0000000084000000, 0x0000000084000000| Complete 
|  65|0x0000000084100000, 0x0000000084200000, 0x0000000084200000|100%| E|CS|TAMS 0x0000000084100000, 0x0000000084100000| Complete 
|  66|0x0000000084200000, 0x0000000084300000, 0x0000000084300000|100%| E|CS|TAMS 0x0000000084200000, 0x0000000084200000| Complete 
| 136|0x0000000088800000, 0x0000000088900000, 0x0000000088900000|100%| E|CS|TAMS 0x0000000088800000, 0x0000000088800000| Complete 
| 137|0x0000000088900000, 0x0000000088a00000, 0x0000000088a00000|100%| E|CS|TAMS 0x0000000088900000, 0x0000000088900000| Complete 
| 138|0x0000000088a00000, 0x0000000088b00000, 0x0000000088b00000|100%| E|CS|TAMS 0x0000000088a00000, 0x0000000088a00000| Complete 
| 139|0x0000000088b00000, 0x0000000088c00000, 0x0000000088c00000|100%| E|CS|TAMS 0x0000000088b00000, 0x0000000088b00000| Complete 
| 140|0x0000000088c00000, 0x0000000088d00000, 0x0000000088d00000|100%| E|CS|TAMS 0x0000000088c00000, 0x0000000088c00000| Complete 
| 141|0x0000000088d00000, 0x0000000088e00000, 0x0000000088e00000|100%| E|CS|TAMS 0x0000000088d00000, 0x0000000088d00000| Complete 
| 142|0x0000000088e00000, 0x0000000088f00000, 0x0000000088f00000|100%| E|CS|TAMS 0x0000000088e00000, 0x0000000088e00000| Complete 
| 143|0x0000000088f00000, 0x0000000089000000, 0x0000000089000000|100%| E|CS|TAMS 0x0000000088f00000, 0x0000000088f00000| Complete 
| 144|0x0000000089000000, 0x0000000089100000, 0x0000000089100000|100%| E|CS|TAMS 0x0000000089000000, 0x0000000089000000| Complete 
| 145|0x0000000089100000, 0x0000000089200000, 0x0000000089200000|100%| E|CS|TAMS 0x0000000089100000, 0x0000000089100000| Complete 
| 146|0x0000000089200000, 0x0000000089300000, 0x0000000089300000|100%| E|CS|TAMS 0x0000000089200000, 0x0000000089200000| Complete 
| 147|0x0000000089300000, 0x0000000089400000, 0x0000000089400000|100%| E|CS|TAMS 0x0000000089300000, 0x0000000089300000| Complete 
| 253|0x000000008fd00000, 0x000000008fe00000, 0x000000008fe00000|100%| E|CS|TAMS 0x000000008fd00000, 0x000000008fd00000| Complete 

Card table byte_map: [0x000001ea792b0000,0x000001ea796b0000] _byte_map_base: 0x000001ea78eb0000

Marking Bits (Prev, Next): (CMBitMap*) 0x000001ea78e451b0, (CMBitMap*) 0x000001ea78e451f0
 Prev Bits: [0x000001ea79ab0000, 0x000001ea7bab0000)
 Next Bits: [0x000001ea7bab0000, 0x000001ea7dab0000)

Polling page: 0x000001ea76d20000

Metaspace:

Usage:
  Non-class:     31.84 MB used.
      Class:      5.10 MB used.
       Both:     36.94 MB used.

Virtual space:
  Non-class space:       40.00 MB reserved,      32.12 MB ( 80%) committed,  5 nodes.
      Class space:      412.00 MB reserved,       5.31 MB (  1%) committed,  1 nodes.
             Both:      452.00 MB reserved,      37.44 MB (  8%) committed. 

Chunk freelists:
   Non-Class:  3.62 MB
       Class:  2.53 MB
        Both:  6.16 MB

MaxMetaspaceSize: 512.00 MB
CompressedClassSpaceSize: 412.00 MB
Initial GC threshold: 21.00 MB
Current GC threshold: 59.06 MB
CDS: on
MetaspaceReclaimPolicy: balanced
 - commit_granule_bytes: 65536.
 - commit_granule_words: 8192.
 - virtual_space_node_default_size: 1048576.
 - enlarge_chunks_in_place: 1.
 - new_chunks_are_fully_committed: 0.
 - uncommit_free_chunks: 1.
 - use_allocation_guard: 0.
 - handle_deallocations: 1.


Internal statistics:

num_allocs_failed_limit: 6.
num_arena_births: 508.
num_arena_deaths: 0.
num_vsnodes_births: 6.
num_vsnodes_deaths: 0.
num_space_committed: 599.
num_space_uncommitted: 0.
num_chunks_returned_to_freelist: 6.
num_chunks_taken_from_freelist: 1931.
num_chunk_merges: 6.
num_chunk_splits: 1279.
num_chunks_enlarged: 886.
num_purges: 0.
num_inconsistent_stats: 0.

CodeHeap 'non-profiled nmethods': size=120000Kb used=2867Kb max_used=2867Kb free=117132Kb
 bounds [0x000001ea0f280000, 0x000001ea0f550000, 0x000001ea167b0000]
CodeHeap 'profiled nmethods': size=120000Kb used=9578Kb max_used=9578Kb free=110421Kb
 bounds [0x000001ea077b0000, 0x000001ea08110000, 0x000001ea0ece0000]
CodeHeap 'non-nmethods': size=5760Kb used=2292Kb max_used=2360Kb free=3467Kb
 bounds [0x000001ea0ece0000, 0x000001ea0ef50000, 0x000001ea0f280000]
 total_blobs=5450 nmethods=4649 adapters=713
 compilation: enabled
              stopped_count=0, restarted_count=0
 full_count=0

Compilation events (20 events):
Event: 78.675 Thread 0x000001ea7ffbc520 nmethod 4650 0x000001ea0f54c410 code [0x000001ea0f54c5a0, 0x000001ea0f54c6e8]
Event: 78.716 Thread 0x000001ea7ffbcfc0 4651       3       sun.reflect.generics.parser.SignatureParser::parseMethodTypeSignature (41 bytes)
Event: 78.717 Thread 0x000001ea7ffbcfc0 nmethod 4651 0x000001ea080fee90 code [0x000001ea080ff0c0, 0x000001ea080ff5f8]
Event: 78.872 Thread 0x000001ea7ffbcfc0 4652       1       org.gradle.cache.internal.filelock.DefaultLockStateSerializer::getVersion (2 bytes)
Event: 78.872 Thread 0x000001ea7ffbcfc0 nmethod 4652 0x000001ea0f54c810 code [0x000001ea0f54c9a0, 0x000001ea0f54ca78]
Event: 78.872 Thread 0x000001ea7ffbcfc0 4653       3       java.io.DataOutputStream::flush (8 bytes)
Event: 78.872 Thread 0x000001ea7ffbcfc0 nmethod 4653 0x000001ea080ff810 code [0x000001ea080ff9c0, 0x000001ea080ffb88]
Event: 78.921 Thread 0x000001ea7ffbc520 4654       4       java.util.Arrays::hashCode (56 bytes)
Event: 78.923 Thread 0x000001ea7ffbc520 nmethod 4654 0x000001ea0f54cb10 code [0x000001ea0f54cca0, 0x000001ea0f54cdf8]
Event: 78.928 Thread 0x000001ea7ffbcfc0 4655       3       org.gradle.internal.reflect.JavaPropertyReflectionUtil::doesNotHaveTypeVariable (107 bytes)
Event: 78.928 Thread 0x000001ea7ffbcfc0 nmethod 4655 0x000001ea080ffc90 code [0x000001ea080ffec0, 0x000001ea08100978]
Event: 78.929 Thread 0x000001ea7ffbcfc0 4656       3       sun.reflect.generics.parser.SignatureParser::parseZeroOrMoreTypeSignatures (174 bytes)
Event: 78.929 Thread 0x000001ea7ffbcfc0 nmethod 4656 0x000001ea08100b10 code [0x000001ea08100d60, 0x000001ea08101a98]
Event: 78.931 Thread 0x000001ea7ffbcfc0 4657       3       com.google.common.collect.LinkedHashMultimap::createCollection (14 bytes)
Event: 78.931 Thread 0x000001ea7ffbcfc0 nmethod 4657 0x000001ea08101e90 code [0x000001ea08102040, 0x000001ea08102208]
Event: 78.931 Thread 0x000001ea7ffbcfc0 4658       3       com.google.common.collect.LinkedHashMultimap$ValueSet::<init> (55 bytes)
Event: 78.932 Thread 0x000001ea7ffbcfc0 nmethod 4658 0x000001ea08102310 code [0x000001ea08102500, 0x000001ea08102a48]
Event: 78.933 Thread 0x000001ea7ffbcfc0 4659       3       com.google.common.collect.AbstractMapBasedMultimap$WrappedCollection$WrappedIterator::hasNext (14 bytes)
Event: 78.933 Thread 0x000001ea7ffbcfc0 nmethod 4659 0x000001ea08102c10 code [0x000001ea08102de0, 0x000001ea08103208]
Event: 78.946 Thread 0x000001ea7ffbc520 4660       4       jdk.internal.org.objectweb.asm.Frame::execute (2305 bytes)

GC Heap History (18 events):
Event: 7.303 GC heap before
{Heap before GC invocations=0 (full 0):
 garbage-first heap   total 260096K, used 12288K [0x0000000080000000, 0x0000000100000000)
  region size 1024K, 13 young (13312K), 0 survivors (0K)
 Metaspace       used 966K, committed 1088K, reserved 430080K
  class space    used 74K, committed 128K, reserved 421888K
}
Event: 7.831 GC heap after
{Heap after GC invocations=1 (full 0):
 garbage-first heap   total 260096K, used 3758K [0x0000000080000000, 0x0000000100000000)
  region size 1024K, 2 young (2048K), 2 survivors (2048K)
 Metaspace       used 966K, committed 1088K, reserved 430080K
  class space    used 74K, committed 128K, reserved 421888K
}
Event: 9.948 GC heap before
{Heap before GC invocations=1 (full 0):
 garbage-first heap   total 260096K, used 23214K [0x0000000080000000, 0x0000000100000000)
  region size 1024K, 17 young (17408K), 2 survivors (2048K)
 Metaspace       used 3816K, committed 3968K, reserved 430080K
  class space    used 474K, committed 576K, reserved 421888K
}
Event: 9.951 GC heap after
{Heap after GC invocations=2 (full 0):
 garbage-first heap   total 260096K, used 10463K [0x0000000080000000, 0x0000000100000000)
  region size 1024K, 3 young (3072K), 3 survivors (3072K)
 Metaspace       used 3816K, committed 3968K, reserved 430080K
  class space    used 474K, committed 576K, reserved 421888K
}
Event: 14.374 GC heap before
{Heap before GC invocations=2 (full 0):
 garbage-first heap   total 260096K, used 32991K [0x0000000080000000, 0x0000000100000000)
  region size 1024K, 25 young (25600K), 3 survivors (3072K)
 Metaspace       used 3902K, committed 4096K, reserved 430080K
  class space    used 475K, committed 576K, reserved 421888K
}
Event: 14.376 GC heap after
{Heap after GC invocations=3 (full 0):
 garbage-first heap   total 260096K, used 12526K [0x0000000080000000, 0x0000000100000000)
  region size 1024K, 2 young (2048K), 2 survivors (2048K)
 Metaspace       used 3902K, committed 4096K, reserved 430080K
  class space    used 475K, committed 576K, reserved 421888K
}
Event: 37.574 GC heap before
{Heap before GC invocations=3 (full 0):
 garbage-first heap   total 260096K, used 117998K [0x0000000080000000, 0x0000000100000000)
  region size 1024K, 106 young (108544K), 2 survivors (2048K)
 Metaspace       used 21220K, committed 21504K, reserved 446464K
  class space    used 3147K, committed 3264K, reserved 421888K
}
Event: 37.582 GC heap after
{Heap after GC invocations=4 (full 0):
 garbage-first heap   total 260096K, used 22186K [0x0000000080000000, 0x0000000100000000)
  region size 1024K, 12 young (12288K), 12 survivors (12288K)
 Metaspace       used 21220K, committed 21504K, reserved 446464K
  class space    used 3147K, committed 3264K, reserved 421888K
}
Event: 41.307 GC heap before
{Heap before GC invocations=5 (full 0):
 garbage-first heap   total 81920K, used 58026K [0x0000000080000000, 0x0000000100000000)
  region size 1024K, 48 young (49152K), 12 survivors (12288K)
 Metaspace       used 29034K, committed 29440K, reserved 454656K
  class space    used 4062K, committed 4224K, reserved 421888K
}
Event: 41.316 GC heap after
{Heap after GC invocations=6 (full 0):
 garbage-first heap   total 81920K, used 26178K [0x0000000080000000, 0x0000000100000000)
  region size 1024K, 5 young (5120K), 5 survivors (5120K)
 Metaspace       used 29034K, committed 29440K, reserved 454656K
  class space    used 4062K, committed 4224K, reserved 421888K
}
Event: 41.322 GC heap before
{Heap before GC invocations=6 (full 0):
 garbage-first heap   total 81920K, used 27202K [0x0000000080000000, 0x0000000100000000)
  region size 1024K, 6 young (6144K), 5 survivors (5120K)
 Metaspace       used 29055K, committed 29440K, reserved 454656K
  class space    used 4062K, committed 4224K, reserved 421888K
}
Event: 41.326 GC heap after
{Heap after GC invocations=7 (full 0):
 garbage-first heap   total 81920K, used 26441K [0x0000000080000000, 0x0000000100000000)
  region size 1024K, 1 young (1024K), 1 survivors (1024K)
 Metaspace       used 29055K, committed 29440K, reserved 454656K
  class space    used 4062K, committed 4224K, reserved 421888K
}
Event: 43.139 GC heap before
{Heap before GC invocations=7 (full 0):
 garbage-first heap   total 81920K, used 63305K [0x0000000080000000, 0x0000000100000000)
  region size 1024K, 34 young (34816K), 1 survivors (1024K)
 Metaspace       used 31849K, committed 32192K, reserved 454656K
  class space    used 4372K, committed 4544K, reserved 421888K
}
Event: 43.143 GC heap after
{Heap after GC invocations=8 (full 0):
 garbage-first heap   total 81920K, used 29628K [0x0000000080000000, 0x0000000100000000)
  region size 1024K, 4 young (4096K), 4 survivors (4096K)
 Metaspace       used 31849K, committed 32192K, reserved 454656K
  class space    used 4372K, committed 4544K, reserved 421888K
}
Event: 66.646 GC heap before
{Heap before GC invocations=8 (full 0):
 garbage-first heap   total 81920K, used 61372K [0x0000000080000000, 0x0000000100000000)
  region size 1024K, 35 young (35840K), 4 survivors (4096K)
 Metaspace       used 33880K, committed 34368K, reserved 454656K
  class space    used 4676K, committed 4864K, reserved 421888K
}
Event: 66.651 GC heap after
{Heap after GC invocations=9 (full 0):
 garbage-first heap   total 81920K, used 31466K [0x0000000080000000, 0x0000000100000000)
  region size 1024K, 3 young (3072K), 3 survivors (3072K)
 Metaspace       used 33880K, committed 34368K, reserved 454656K
  class space    used 4676K, committed 4864K, reserved 421888K
}
Event: 70.805 GC heap before
{Heap before GC invocations=9 (full 0):
 garbage-first heap   total 81920K, used 48874K [0x0000000080000000, 0x0000000100000000)
  region size 1024K, 21 young (21504K), 3 survivors (3072K)
 Metaspace       used 35529K, committed 35968K, reserved 454656K
  class space    used 4826K, committed 4992K, reserved 421888K
}
Event: 70.808 GC heap after
{Heap after GC invocations=10 (full 0):
 garbage-first heap   total 81920K, used 31976K [0x0000000080000000, 0x0000000100000000)
  region size 1024K, 3 young (3072K), 3 survivors (3072K)
 Metaspace       used 35529K, committed 35968K, reserved 454656K
  class space    used 4826K, committed 4992K, reserved 421888K
}

Deoptimization events (20 events):
Event: 66.056 Thread 0x000001ea17b347c0 Uncommon trap: trap_request=0xffffff45 fr.pc=0x000001ea0f38e4f4 relative=0x0000000000007a14
Event: 66.056 Thread 0x000001ea17b347c0 Uncommon trap: reason=unstable_if action=reinterpret pc=0x000001ea0f38e4f4 method=jdk.internal.org.objectweb.asm.Frame.execute(IILjdk/internal/org/objectweb/asm/Symbol;Ljdk/internal/org/objectweb/asm/SymbolTable;)V @ 1 c2
Event: 66.056 Thread 0x000001ea17b347c0 DEOPT PACKING pc=0x000001ea0f38e4f4 sp=0x000000adcadf8c40
Event: 66.056 Thread 0x000001ea17b347c0 DEOPT UNPACKING pc=0x000001ea0ed323a3 sp=0x000000adcadf8bf8 mode 2
Event: 66.056 Thread 0x000001ea17b347c0 Uncommon trap: trap_request=0xffffff45 fr.pc=0x000001ea0f47d4b4 relative=0x00000000000004d4
Event: 66.056 Thread 0x000001ea17b347c0 Uncommon trap: reason=unstable_if action=reinterpret pc=0x000001ea0f47d4b4 method=jdk.internal.org.objectweb.asm.MethodWriter.visitVarInsn(II)V @ 230 c2
Event: 66.056 Thread 0x000001ea17b347c0 DEOPT PACKING pc=0x000001ea0f47d4b4 sp=0x000000adcadf8d70
Event: 66.056 Thread 0x000001ea17b347c0 DEOPT UNPACKING pc=0x000001ea0ed323a3 sp=0x000000adcadf8d30 mode 2
Event: 66.071 Thread 0x000001ea17b347c0 Uncommon trap: trap_request=0xffffffcc fr.pc=0x000001ea0f50c4e8 relative=0x0000000000000348
Event: 66.071 Thread 0x000001ea17b347c0 Uncommon trap: reason=intrinsic_or_type_checked_inlining action=make_not_entrant pc=0x000001ea0f50c4e8 method=java.util.Arrays.copyOf([Ljava/lang/Object;ILjava/lang/Class;)[Ljava/lang/Object; @ 35 c2
Event: 66.072 Thread 0x000001ea17b347c0 DEOPT PACKING pc=0x000001ea0f50c4e8 sp=0x000000adcadf8c20
Event: 66.073 Thread 0x000001ea17b347c0 DEOPT UNPACKING pc=0x000001ea0ed323a3 sp=0x000000adcadf8bc8 mode 2
Event: 69.309 Thread 0x000001ea17b347c0 Uncommon trap: trap_request=0xffffff76 fr.pc=0x000001ea0f51a864 relative=0x00000000000001c4
Event: 69.309 Thread 0x000001ea17b347c0 Uncommon trap: reason=predicate action=maybe_recompile pc=0x000001ea0f51a864 method=java.util.LinkedHashMap.keysToArray([Ljava/lang/Object;)[Ljava/lang/Object; @ 12 c2
Event: 69.309 Thread 0x000001ea17b347c0 DEOPT PACKING pc=0x000001ea0f51a864 sp=0x000000adcadf5980
Event: 69.309 Thread 0x000001ea17b347c0 DEOPT UNPACKING pc=0x000001ea0ed323a3 sp=0x000000adcadf5938 mode 2
Event: 78.518 Thread 0x000001ea17b347c0 Uncommon trap: trap_request=0xffffffde fr.pc=0x000001ea0f469ebc relative=0x000000000000325c
Event: 78.518 Thread 0x000001ea17b347c0 Uncommon trap: reason=class_check action=maybe_recompile pc=0x000001ea0f469ebc method=java.util.regex.Pattern$CharProperty.study(Ljava/util/regex/Pattern$TreeInfo;)Z @ 25 c2
Event: 78.518 Thread 0x000001ea17b347c0 DEOPT PACKING pc=0x000001ea0f469ebc sp=0x000000adcadfa390
Event: 78.518 Thread 0x000001ea17b347c0 DEOPT UNPACKING pc=0x000001ea0ed323a3 sp=0x000000adcadfa288 mode 2

Classes unloaded (0 events):
No events

Classes redefined (0 events):
No events

Internal exceptions (20 events):
Event: 64.776 Thread 0x000001ea17b347c0 Implicit null exception at 0x000001ea0f4178ec to 0x000001ea0f41799c
Event: 64.871 Thread 0x000001ea17b347c0 Exception <a 'java/lang/NoSuchMethodError'{0x0000000083b0af28}: 'void java.lang.invoke.DirectMethodHandle$Holder.invokeInterface(java.lang.Object, java.lang.Object)'> (0x0000000083b0af28) 
thrown [s\open\src\hotspot\share\interpreter\linkResolver.cpp, line 759]
Event: 65.302 Thread 0x000001ea17b347c0 Exception <a 'java/lang/NoSuchMethodError'{0x000000008383b6a0}: 'java.lang.Object java.lang.invoke.DirectMethodHandle$Holder.invokeSpecial(java.lang.Object, java.lang.Object, java.lang.Object, java.lang.Object, java.lang.Object, java.lang.Object, java.lang.Object, java.lang.Object, java.lang.Object, java.lang.Object)'> (0x000000008383b6a0) 
thrown [s\open\src\hotspot\share\interpreter\linkResolver.cpp, line 759]
Event: 65.302 Thread 0x000001ea17b347c0 Exception <a 'java/lang/NoSuchMethodError'{0x0000000083844520}: 'java.lang.Object java.lang.invoke.Invokers$Holder.invoker(java.lang.Object, java.lang.Object, java.lang.Object, java.lang.Object, java.lang.Object, java.lang.Object, java.lang.Object, java.lang.Object, java.lang.Object)'> (0x0000000083844520) 
thrown [s\open\src\hotspot\share\interpreter\linkResolver.cpp, line 759]
Event: 65.312 Thread 0x000001ea17b347c0 Exception <a 'java/lang/NoSuchMethodError'{0x00000000838ed520}: 'java.lang.Object java.lang.invoke.Invokers$Holder.invoker(java.lang.Object, java.lang.Object, java.lang.Object, java.lang.Object)'> (0x00000000838ed520) 
thrown [s\open\src\hotspot\share\interpreter\linkResolver.cpp, line 759]
Event: 66.047 Thread 0x000001ea17b347c0 Exception <a 'java/lang/NoSuchMethodError'{0x00000000837b30f8}: 'java.lang.Object java.lang.invoke.DelegatingMethodHandle$Holder.reinvoke_L(java.lang.Object, java.lang.Object, java.lang.Object, java.lang.Object, java.lang.Object, java.lang.Object, java.lang.Object, java.lang.Object, java.lang.Object, java.lang.Object, java.lang.Object, java.lang.Object, java.lang.Object, java.lang.Object, java.lang.Object, java.lang.Object, java.lang.Object, java.lang.Object, java.lang.Object, java.lang.Object, java.lang.O
Event: 66.048 Thread 0x000001ea17b347c0 Exception <a 'java/lang/NoSuchMethodError'{0x00000000837beb70}: 'java.lang.Object java.lang.invoke.Invokers$Holder.invoker(java.lang.Object, java.lang.Object, java.lang.Object, java.lang.Object, java.lang.Object, java.lang.Object, java.lang.Object, java.lang.Object, java.lang.Object, java.lang.Object, java.lang.Object, java.lang.Object, java.lang.Object, java.lang.Object, java.lang.Object, java.lang.Object, java.lang.Object, java.lang.Object, java.lang.Object, java.lang.Object, java.lang.Object)'> (0x00000
Event: 66.048 Thread 0x000001ea17b347c0 Exception <a 'java/lang/NoSuchMethodError'{0x00000000837c57d0}: 'java.lang.Object java.lang.invoke.DelegatingMethodHandle$Holder.delegate(java.lang.Object, java.lang.Object, java.lang.Object, java.lang.Object, java.lang.Object, java.lang.Object, java.lang.Object, java.lang.Object, java.lang.Object, java.lang.Object, java.lang.Object, java.lang.Object, java.lang.Object, java.lang.Object, java.lang.Object, java.lang.Object, java.lang.Object, java.lang.Object, java.lang.Object, java.lang.Object, java.lang.Obj
Event: 66.061 Thread 0x000001ea17b347c0 Exception <a 'java/lang/NoSuchMethodError'{0x00000000836414e8}: 'java.lang.Object java.lang.invoke.DirectMethodHandle$Holder.invokeStatic(java.lang.Object, java.lang.Object, java.lang.Object, java.lang.Object, java.lang.Object, java.lang.Object, java.lang.Object, java.lang.Object, java.lang.Object, java.lang.Object, java.lang.Object, java.lang.Object, java.lang.Object, java.lang.Object, java.lang.Object, java.lang.Object, java.lang.Object)'> (0x00000000836414e8) 
thrown [s\open\src\hotspot\share\interprete
Event: 66.063 Thread 0x000001ea17b347c0 Exception <a 'java/lang/NoSuchMethodError'{0x0000000083669108}: 'java.lang.Object java.lang.invoke.DirectMethodHandle$Holder.invokeStatic(java.lang.Object, java.lang.Object, java.lang.Object, java.lang.Object, java.lang.Object, java.lang.Object, java.lang.Object, java.lang.Object, java.lang.Object, java.lang.Object, java.lang.Object, java.lang.Object, java.lang.Object, java.lang.Object, java.lang.Object, java.lang.Object, java.lang.Object, java.lang.Object)'> (0x0000000083669108) 
thrown [s\open\src\hotspo
Event: 66.074 Thread 0x000001ea17b347c0 Exception <a 'java/lang/NoSuchMethodError'{0x0000000083691a48}: 'java.lang.Object java.lang.invoke.DirectMethodHandle$Holder.invokeStatic(java.lang.Object, java.lang.Object, java.lang.Object, java.lang.Object, java.lang.Object, java.lang.Object, java.lang.Object, java.lang.Object, java.lang.Object, java.lang.Object, java.lang.Object, java.lang.Object, java.lang.Object, java.lang.Object, java.lang.Object, java.lang.Object, java.lang.Object, java.lang.Object, java.lang.Object)'> (0x0000000083691a48) 
thrown 
Event: 66.075 Thread 0x000001ea17b347c0 Exception <a 'java/lang/NoSuchMethodError'{0x00000000836bb350}: 'java.lang.Object java.lang.invoke.DirectMethodHandle$Holder.invokeStatic(java.lang.Object, java.lang.Object, java.lang.Object, java.lang.Object, java.lang.Object, java.lang.Object, java.lang.Object, java.lang.Object, java.lang.Object, java.lang.Object, java.lang.Object, java.lang.Object, java.lang.Object, java.lang.Object, java.lang.Object, java.lang.Object, java.lang.Object, java.lang.Object, java.lang.Object, java.lang.Object)'> (0x00000000
Event: 66.077 Thread 0x000001ea17b347c0 Exception <a 'java/lang/NoSuchMethodError'{0x00000000836e5cb8}: 'java.lang.Object java.lang.invoke.DirectMethodHandle$Holder.invokeStatic(java.lang.Object, java.lang.Object, java.lang.Object, java.lang.Object, java.lang.Object, java.lang.Object, java.lang.Object, java.lang.Object, java.lang.Object, java.lang.Object, java.lang.Object, java.lang.Object, java.lang.Object, java.lang.Object, java.lang.Object, java.lang.Object, java.lang.Object, java.lang.Object, java.lang.Object, java.lang.Object, java.lang.Obj
Event: 66.083 Thread 0x000001ea17b347c0 Exception <a 'java/lang/NoSuchMethodError'{0x0000000083511478}: 'java.lang.Object java.lang.invoke.DirectMethodHandle$Holder.invokeStatic(java.lang.Object, java.lang.Object, java.lang.Object, java.lang.Object, java.lang.Object, java.lang.Object, java.lang.Object, java.lang.Object, java.lang.Object, java.lang.Object, java.lang.Object, java.lang.Object, java.lang.Object, java.lang.Object, java.lang.Object, java.lang.Object, java.lang.Object, java.lang.Object, java.lang.Object, java.lang.Object, java.lang.Obj
Event: 66.085 Thread 0x000001ea17b347c0 Exception <a 'java/lang/NoSuchMethodError'{0x000000008353e278}: 'java.lang.Object java.lang.invoke.DirectMethodHandle$Holder.invokeStatic(java.lang.Object, java.lang.Object, java.lang.Object, java.lang.Object, java.lang.Object, java.lang.Object, java.lang.Object, java.lang.Object, java.lang.Object, java.lang.Object, java.lang.Object, java.lang.Object, java.lang.Object, java.lang.Object, java.lang.Object, java.lang.Object, java.lang.Object, java.lang.Object, java.lang.Object, java.lang.Object, java.lang.Obj
Event: 66.092 Thread 0x000001ea17b347c0 Exception <a 'java/lang/NoSuchMethodError'{0x000000008356c908}: 'java.lang.Object java.lang.invoke.DirectMethodHandle$Holder.invokeStatic(java.lang.Object, java.lang.Object, java.lang.Object, java.lang.Object, java.lang.Object, java.lang.Object, java.lang.Object, java.lang.Object, java.lang.Object, java.lang.Object, java.lang.Object, java.lang.Object, java.lang.Object, java.lang.Object, java.lang.Object, java.lang.Object, java.lang.Object, java.lang.Object, java.lang.Object, java.lang.Object, java.lang.Obj
Event: 66.943 Thread 0x000001ea17b347c0 Exception <a 'java/lang/IncompatibleClassChangeError'{0x0000000088c4b4a8}: Found class java.lang.Object, but interface was expected> (0x0000000088c4b4a8) 
thrown [s\open\src\hotspot\share\interpreter\linkResolver.cpp, line 826]
Event: 69.284 Thread 0x000001ea17b347c0 Exception <a 'java/lang/IncompatibleClassChangeError'{0x00000000842489d8}: Found class java.lang.Object, but interface was expected> (0x00000000842489d8) 
thrown [s\open\src\hotspot\share\interpreter\linkResolver.cpp, line 826]
Event: 69.306 Thread 0x000001ea17b347c0 Exception <a 'java/lang/NoSuchMethodError'{0x00000000841f8168}: 'int java.lang.invoke.DirectMethodHandle$Holder.invokeStaticInit(java.lang.Object, java.lang.Object, java.lang.Object, java.lang.Object, java.lang.Object)'> (0x00000000841f8168) 
thrown [s\open\src\hotspot\share\interpreter\linkResolver.cpp, line 759]
Event: 71.314 Thread 0x000001ea17b347c0 Exception <a 'java/lang/NoSuchMethodError'{0x0000000088971ca0}: 'java.lang.Object java.lang.invoke.DirectMethodHandle$Holder.newInvokeSpecial(java.lang.Object, int, java.lang.Object)'> (0x0000000088971ca0) 
thrown [s\open\src\hotspot\share\interpreter\linkResolver.cpp, line 759]

VM Operations (20 events):
Event: 70.836 Executing VM operation: G1Concurrent
Event: 70.839 Executing VM operation: G1Concurrent done
Event: 70.848 Executing VM operation: HandshakeAllThreads
Event: 70.848 Executing VM operation: HandshakeAllThreads done
Event: 70.851 Executing VM operation: G1Concurrent
Event: 70.890 Executing VM operation: G1Concurrent done
Event: 71.898 Executing VM operation: Cleanup
Event: 71.898 Executing VM operation: Cleanup done
Event: 72.911 Executing VM operation: Cleanup
Event: 72.911 Executing VM operation: Cleanup done
Event: 74.930 Executing VM operation: Cleanup
Event: 74.930 Executing VM operation: Cleanup done
Event: 75.937 Executing VM operation: Cleanup
Event: 76.001 Executing VM operation: Cleanup done
Event: 78.020 Executing VM operation: Cleanup
Event: 78.020 Executing VM operation: Cleanup done
Event: 78.685 Executing VM operation: HandshakeAllThreads
Event: 78.697 Executing VM operation: HandshakeAllThreads done
Event: 78.717 Executing VM operation: HandshakeAllThreads
Event: 78.717 Executing VM operation: HandshakeAllThreads done

Events (20 events):
Event: 68.839 loading class java/util/function/IntBinaryOperator done
Event: 68.839 loading class java/util/stream/ReduceOps$6
Event: 68.839 loading class java/util/stream/ReduceOps$6 done
Event: 68.839 loading class java/util/stream/ReduceOps$5ReducingSink
Event: 68.839 loading class java/util/stream/ReduceOps$5ReducingSink done
Event: 68.839 loading class java/util/stream/ReferencePipeline$4$1
Event: 68.839 loading class java/util/stream/ReferencePipeline$4$1 done
Event: 70.837 Thread 0x000001ea18677620 Thread added: 0x000001ea18677620
Event: 71.036 loading class java/util/concurrent/atomic/AtomicReferenceFieldUpdater
Event: 71.036 loading class java/util/concurrent/atomic/AtomicReferenceFieldUpdater done
Event: 71.036 loading class java/util/concurrent/atomic/AtomicReferenceFieldUpdater$AtomicReferenceFieldUpdaterImpl
Event: 71.036 loading class java/util/concurrent/atomic/AtomicReferenceFieldUpdater$AtomicReferenceFieldUpdaterImpl done
Event: 71.036 loading class java/util/concurrent/atomic/AtomicReferenceFieldUpdater$AtomicReferenceFieldUpdaterImpl$1
Event: 71.036 loading class java/util/concurrent/atomic/AtomicReferenceFieldUpdater$AtomicReferenceFieldUpdaterImpl$1 done
Event: 71.037 Thread 0x000001ea18677620 Thread exited: 0x000001ea18677620
Event: 78.502 Thread 0x000001ea1814c0a0 Thread added: 0x000001ea1814c0a0
Event: 78.684 loading class java/nio/file/AtomicMoveNotSupportedException
Event: 78.684 loading class java/nio/file/AtomicMoveNotSupportedException done
Event: 78.716 loading class java/io/FileWriter
Event: 78.716 loading class java/io/FileWriter done


Dynamic libraries:
0x00007ff6be2d0000 - 0x00007ff6be2e0000 	C:\Program Files\Java\jdk-17\bin\java.exe
0x00007ff8523b0000 - 0x00007ff8525a8000 	C:\Windows\SYSTEM32\ntdll.dll
0x00007ff850410000 - 0x00007ff8504cf000 	C:\Windows\System32\KERNEL32.DLL
0x00007ff84fd10000 - 0x00007ff850006000 	C:\Windows\System32\KERNELBASE.dll
0x00007ff84cf60000 - 0x00007ff84cff1000 	C:\Windows\SYSTEM32\apphelp.dll
0x00007ff850260000 - 0x00007ff850360000 	C:\Windows\System32\ucrtbase.dll
0x00007ff839fb0000 - 0x00007ff839fc9000 	C:\Program Files\Java\jdk-17\bin\jli.dll
0x00007ff851cb0000 - 0x00007ff851d5f000 	C:\Windows\System32\ADVAPI32.dll
0x00007ff850ce0000 - 0x00007ff850d7e000 	C:\Windows\System32\msvcrt.dll
0x00007ff851c10000 - 0x00007ff851cac000 	C:\Windows\System32\sechost.dll
0x00007ff851fc0000 - 0x00007ff8520e6000 	C:\Windows\System32\RPCRT4.dll
0x00007ff8521d0000 - 0x00007ff85236d000 	C:\Windows\System32\USER32.dll
0x00007ff850040000 - 0x00007ff850062000 	C:\Windows\System32\win32u.dll
0x00007ff851f90000 - 0x00007ff851fbc000 	C:\Windows\System32\GDI32.dll
0x00007ff84fb50000 - 0x00007ff84fc65000 	C:\Windows\System32\gdi32full.dll
0x00007ff84fc70000 - 0x00007ff84fd0d000 	C:\Windows\System32\msvcp_win.dll
0x00007ff839df0000 - 0x00007ff839e0b000 	C:\Program Files\Java\jdk-17\bin\VCRUNTIME140.dll
0x00007ff837180000 - 0x00007ff83741a000 	C:\Windows\WinSxS\amd64_microsoft.windows.common-controls_6595b64144ccf1df_6.0.19041.1110_none_60b5254171f9507e\COMCTL32.dll
0x00007ff847140000 - 0x00007ff84714a000 	C:\Windows\SYSTEM32\VERSION.dll
0x00007ff850c20000 - 0x00007ff850c50000 	C:\Windows\System32\IMM32.DLL
0x00007ff844880000 - 0x00007ff84488c000 	C:\Program Files\Java\jdk-17\bin\vcruntime140_1.dll
0x00007ff838150000 - 0x00007ff8381de000 	C:\Program Files\Java\jdk-17\bin\msvcp140.dll
0x00007fffe8120000 - 0x00007fffe8cfd000 	C:\Program Files\Java\jdk-17\bin\server\jvm.dll
0x00007ff850f80000 - 0x00007ff850f88000 	C:\Windows\System32\PSAPI.DLL
0x00007ff83af70000 - 0x00007ff83af79000 	C:\Windows\SYSTEM32\WSOCK32.dll
0x00007ff851600000 - 0x00007ff85166b000 	C:\Windows\System32\WS2_32.dll
0x00007ff83bc00000 - 0x00007ff83bc27000 	C:\Windows\SYSTEM32\WINMM.dll
0x00007ff84d730000 - 0x00007ff84d742000 	C:\Windows\SYSTEM32\kernel.appcore.dll
0x00007ff844800000 - 0x00007ff84480a000 	C:\Program Files\Java\jdk-17\bin\jimage.dll
0x00007ff83c890000 - 0x00007ff83ca74000 	C:\Windows\SYSTEM32\DBGHELP.DLL
0x00007ff838250000 - 0x00007ff838284000 	C:\Windows\SYSTEM32\dbgcore.DLL
0x00007ff8501d0000 - 0x00007ff850252000 	C:\Windows\System32\bcryptPrimitives.dll
0x00007ff839780000 - 0x00007ff8397a5000 	C:\Program Files\Java\jdk-17\bin\java.dll
0x00007ff81daf0000 - 0x00007ff81dbc7000 	C:\Program Files\Java\jdk-17\bin\jsvml.dll
0x00007ff8504d0000 - 0x00007ff850c14000 	C:\Windows\System32\SHELL32.dll
0x00007ff84d930000 - 0x00007ff84e0c3000 	C:\Windows\SYSTEM32\windows.storage.dll
0x00007ff8516d0000 - 0x00007ff851a24000 	C:\Windows\System32\combase.dll
0x00007ff84f320000 - 0x00007ff84f34e000 	C:\Windows\SYSTEM32\Wldp.dll
0x00007ff851ee0000 - 0x00007ff851f8d000 	C:\Windows\System32\SHCORE.dll
0x00007ff851670000 - 0x00007ff8516c5000 	C:\Windows\System32\shlwapi.dll
0x00007ff84f9c0000 - 0x00007ff84f9e5000 	C:\Windows\SYSTEM32\profapi.dll
0x00007ff839d40000 - 0x00007ff839d59000 	C:\Program Files\Java\jdk-17\bin\net.dll
0x00007ff848da0000 - 0x00007ff848eaa000 	C:\Windows\SYSTEM32\WINHTTP.dll
0x00007ff84f100000 - 0x00007ff84f16a000 	C:\Windows\system32\mswsock.dll
0x00007ff839710000 - 0x00007ff839726000 	C:\Program Files\Java\jdk-17\bin\nio.dll
0x00007ff8396f0000 - 0x00007ff839708000 	C:\Program Files\Java\jdk-17\bin\zip.dll
0x00007ff83d520000 - 0x00007ff83d530000 	C:\Program Files\Java\jdk-17\bin\verify.dll
0x00007ff838f90000 - 0x00007ff838fb7000 	C:\Users\marcos.OTHONC\.gradle\native\68d5fa5c4cc2d200863cafc0d521ce42e7d3e7ee720ec0a83991735586a16f82\windows-amd64\native-platform.dll
0x00007ff81a430000 - 0x00007ff81a574000 	C:\Users\marcos.OTHONC\.gradle\native\e376f236ea51e6404a007f0833ffe2c6e607c4080706a723a18a27aeea778392\windows-amd64\native-platform-file-events.dll
0x00007ff83c030000 - 0x00007ff83c03a000 	C:\Program Files\Java\jdk-17\bin\management.dll
0x00007ff83c010000 - 0x00007ff83c01b000 	C:\Program Files\Java\jdk-17\bin\management_ext.dll
0x00007ff84f3c0000 - 0x00007ff84f3d8000 	C:\Windows\SYSTEM32\CRYPTSP.dll
0x00007ff84ea30000 - 0x00007ff84ea64000 	C:\Windows\system32\rsaenh.dll
0x00007ff850010000 - 0x00007ff850037000 	C:\Windows\System32\bcrypt.dll
0x00007ff84f980000 - 0x00007ff84f9ae000 	C:\Windows\SYSTEM32\USERENV.dll
0x00007ff84f290000 - 0x00007ff84f29c000 	C:\Windows\SYSTEM32\CRYPTBASE.dll
0x00007ff84ee10000 - 0x00007ff84ee4b000 	C:\Windows\SYSTEM32\IPHLPAPI.DLL
0x00007ff850cd0000 - 0x00007ff850cd8000 	C:\Windows\System32\NSI.dll
0x00007ff84adb0000 - 0x00007ff84adc7000 	C:\Windows\SYSTEM32\dhcpcsvc6.DLL
0x00007ff84ad20000 - 0x00007ff84ad3d000 	C:\Windows\SYSTEM32\dhcpcsvc.DLL
0x00007ff84ee50000 - 0x00007ff84ef1a000 	C:\Windows\SYSTEM32\DNSAPI.dll
0x00007ff839de0000 - 0x00007ff839ded000 	C:\Program Files\Java\jdk-17\bin\sunmscapi.dll
0x00007ff850070000 - 0x00007ff8501ce000 	C:\Windows\System32\CRYPT32.dll
0x00007ff84f540000 - 0x00007ff84f568000 	C:\Windows\SYSTEM32\ncrypt.dll
0x00007ff84f500000 - 0x00007ff84f53b000 	C:\Windows\SYSTEM32\NTASN1.dll
0x00007ff836ca0000 - 0x00007ff836ca7000 	C:\Windows\system32\wshunix.dll

dbghelp: loaded successfully - version: 4.0.5 - missing functions: none
symbol engine: initialized successfully - sym options: 0x614 - pdb path: .;C:\Program Files\Java\jdk-17\bin;C:\Windows\SYSTEM32;C:\Windows\WinSxS\amd64_microsoft.windows.common-controls_6595b64144ccf1df_6.0.19041.1110_none_60b5254171f9507e;C:\Program Files\Java\jdk-17\bin\server;C:\Users\marcos.OTHONC\.gradle\native\68d5fa5c4cc2d200863cafc0d521ce42e7d3e7ee720ec0a83991735586a16f82\windows-amd64;C:\Users\marcos.OTHONC\.gradle\native\e376f236ea51e6404a007f0833ffe2c6e607c4080706a723a18a27aeea778392\windows-amd64

VM Arguments:
jvm_args: -XX:MaxMetaspaceSize=512m --add-opens=java.base/java.util=ALL-UNNAMED --add-opens=java.base/java.lang=ALL-UNNAMED --add-opens=java.base/java.lang.invoke=ALL-UNNAMED --add-opens=java.prefs/java.util.prefs=ALL-UNNAMED --add-opens=java.base/java.nio.charset=ALL-UNNAMED --add-opens=java.base/java.net=ALL-UNNAMED --add-opens=java.base/java.util.concurrent.atomic=ALL-UNNAMED -Xmx2048m -Dfile.encoding=windows-1252 -Duser.country=BR -Duser.language=pt -Duser.variant 
java_command: org.gradle.launcher.daemon.bootstrap.GradleDaemon 8.0.1
java_class_path (initial): C:\Users\marcos.OTHONC\.gradle\wrapper\dists\gradle-8.0.1-all\aro4hu1c3oeioove7l0i4i14o\gradle-8.0.1\lib\gradle-launcher-8.0.1.jar
Launcher Type: SUN_STANDARD

[Global flags]
     intx CICompilerCount                          = 3                                         {product} {ergonomic}
   size_t CompressedClassSpaceSize                 = 432013312                                 {product} {ergonomic}
     uint ConcGCThreads                            = 1                                         {product} {ergonomic}
     uint G1ConcRefinementThreads                  = 4                                         {product} {ergonomic}
   size_t G1HeapRegionSize                         = 1048576                                   {product} {ergonomic}
    uintx GCDrainStackTargetSize                   = 64                                        {product} {ergonomic}
   size_t InitialHeapSize                          = 266338304                                 {product} {ergonomic}
   size_t MarkStackSize                            = 4194304                                   {product} {ergonomic}
   size_t MaxHeapSize                              = 2147483648                                {product} {command line}
   size_t MaxMetaspaceSize                         = 536870912                                 {product} {command line}
   size_t MaxNewSize                               = 1287651328                                {product} {ergonomic}
   size_t MinHeapDeltaBytes                        = 1048576                                   {product} {ergonomic}
   size_t MinHeapSize                              = 8388608                                   {product} {ergonomic}
    uintx NonNMethodCodeHeapSize                   = 5832780                                {pd product} {ergonomic}
    uintx NonProfiledCodeHeapSize                  = 122912730                              {pd product} {ergonomic}
    uintx ProfiledCodeHeapSize                     = 122912730                              {pd product} {ergonomic}
    uintx ReservedCodeCacheSize                    = 251658240                              {pd product} {ergonomic}
     bool SegmentedCodeCache                       = true                                      {product} {ergonomic}
   size_t SoftMaxHeapSize                          = 2147483648                             {manageable} {ergonomic}
     bool UseCompressedClassPointers               = true                           {product lp64_product} {ergonomic}
     bool UseCompressedOops                        = true                           {product lp64_product} {ergonomic}
     bool UseG1GC                                  = true                                      {product} {ergonomic}
     bool UseLargePagesIndividualAllocation        = false                                  {pd product} {ergonomic}

Logging:
Log output configuration:
 #0: stdout all=warning uptime,level,tags
 #1: stderr all=off uptime,level,tags

Environment Variables:
JAVA_HOME=C:\Program Files\Java\jdk-17
CLASSPATH=D:\AREA DE TRABALHO\testerb\android\\gradle\wrapper\gradle-wrapper.jar
PATH=D:\AREA DE TRABALHO\testerb\node_modules\.bin;D:\AREA DE TRABALHO\testerb\node_modules\.bin;D:\AREA DE TRABALHO\node_modules\.bin;D:\node_modules\.bin;C:\Program Files\nodejs\node_modules\npm\node_modules\@npmcli\run-script\lib\node-gyp-bin;C:\Users\MARCOS~1.OTH\AppData\Local\Temp\yarn--1695809377503-0.47914496697368936;D:\AREA DE TRABALHO\testerb\node_modules\.bin;C:\Users\marcos.OTHONC\AppData\Local\Yarn\Data\link\node_modules\.bin;C:\Users\marcos.OTHONC\AppData\Local\Yarn\bin;C:\Program Files\libexec\lib\node_modules\npm\bin\node-gyp-bin;C:\Program Files\lib\node_modules\npm\bin\node-gyp-bin;C:\Program Files\nodejs\node_modules\npm\bin\node-gyp-bin;C:\Program Files\Python311\Scripts\;C:\Program Files\Python311\;C:\Program Files\Common Files\Oracle\Java\javapath;C:\Program Files (x86)\Common Files\Oracle\Java\javapath;C:\Python311\Scripts\;C:\Python311\;D:\app\client\marcos\product\12.1.0\client_2\bin;C:\Windows\system32;C:\Windows;C:\Windows\System32\Wbem;C:\Windows\System32\WindowsPowerShell\v1.0\;C:\Windows\System32\OpenSSH\;C:\Program Files\dotnet\;C:\Program Files\nodejs\;C:\ProgramData\chocolatey\bin;D:\Program Files\Git\cmd;C:\Program Files\Zabbix Agent\;D:\Program Files\Veyon\;C:\Users\marcos.OTHONC\AppData\Local\Android\Sdk;C:\Users\marcos.OTHONC\AppData\Local\Android\Sdk\platform-tools;C:\Program Files\Java\jdk-17\bin;C:\Program Files\Maven\bin;;C:\Program Files\Docker\Docker\resources\bin;C:\Users\marcos.OTHONC\AppData\Local\Microsoft\WindowsApps;D:\Users\marcos.OTHONC\AppData\Local\Programs\Microsoft VS Code\bin;C:\Users\marcos.OTHONC\AppData\Local\GitHubDesktop\bin;C:\Users\marcos.OTHONC\AppData\Roaming\npm;D:\Program Files\JetBrains\IntelliJ IDEA 2023.1.3\bin;
USERNAME=marcos
SHELL=D:\Program Files\Git\usr\bin\bash.exe
DISPLAY=needs-to-be-defined
LANG=pt_BR.UTF-8
LC_CTYPE=pt_BR.UTF-8
OS=Windows_NT
PROCESSOR_IDENTIFIER=Intel64 Family 6 Model 158 Stepping 11, GenuineIntel



---------------  S Y S T E M  ---------------

OS:
 Windows 10 , 64 bit Build 19041 (10.0.19041.3155)
OS uptime: 8 days 20:37 hours
Hyper-V role detected

CPU: total 4 (initial active 4) (4 cores per cpu, 1 threads per core) family 6 model 158 stepping 11 microcode 0xf0, cx8, cmov, fxsr, mmx, 3dnowpref, sse, sse2, sse3, ssse3, sse4.1, sse4.2, popcnt, lzcnt, tsc, tscinvbit, avx, avx2, aes, erms, clmul, bmi1, bmi2, adx, fma, vzeroupper, clflush, clflushopt, hv

Memory: 4k page, system-wide physical 16193M (1110M free)
TotalPageFile size 30419M (AvailPageFile size 1014M)
current process WorkingSet (physical memory assigned to process): 206M, peak: 218M
current process commit charge ("private bytes"): 241M, peak: 404M

vm_info: Java HotSpot(TM) 64-Bit Server VM (17.0.7+8-LTS-224) for windows-amd64 JRE (17.0.7+8-LTS-224), built on Feb 28 2023 23:03:02 by "mach5one" with MS VC++ 17.1 (VS2022)

END.
