#
# There is insufficient memory for the Java Runtime Environment to continue.
# Native memory allocation (malloc) failed to allocate 1144336 bytes for Chunk::new
# Possible reasons:
#   The system is out of physical RAM or swap space
#   The process is running with CompressedOops enabled, and the Java Heap may be blocking the growth of the native heap
# Possible solutions:
#   Reduce memory load on the system
#   Increase physical memory or swap space
#   Check if swap backing store is full
#   Decrease Java heap size (-Xmx/-Xms)
#   Decrease number of Java threads
#   Decrease Java thread stack sizes (-Xss)
#   Set larger code cache with -XX:ReservedCodeCacheSize=
#   JVM is running with Unscaled Compressed Oops mode in which the Java heap is
#     placed in the first 4GB address space. The Java Heap base address is the
#     maximum limit for the native heap growth. Please use -XX:HeapBaseMinAddress
#     to set the Java Heap base and to place the Java Heap above 4GB virtual address.
# This output file may be truncated or incomplete.
#
#  Out of Memory Error (arena.cpp:189), pid=27268, tid=27588
#
# JRE version: Java(TM) SE Runtime Environment (17.0.7+8) (build 17.0.7+8-LTS-224)
# Java VM: Java HotSpot(TM) 64-Bit Server VM (17.0.7+8-LTS-224, mixed mode, sharing, tiered, compressed oops, compressed class ptrs, g1 gc, windows-amd64)
# No core dump will be written. Minidumps are not enabled by default on client versions of Windows
#

---------------  S U M M A R Y ------------

Command Line: -XX:MaxMetaspaceSize=512m --add-opens=java.base/java.util=ALL-UNNAMED --add-opens=java.base/java.lang=ALL-UNNAMED --add-opens=java.base/java.lang.invoke=ALL-UNNAMED --add-opens=java.prefs/java.util.prefs=ALL-UNNAMED --add-opens=java.base/java.nio.charset=ALL-UNNAMED --add-opens=java.base/java.net=ALL-UNNAMED --add-opens=java.base/java.util.concurrent.atomic=ALL-UNNAMED -Xmx2048m -Dfile.encoding=windows-1252 -Duser.country=BR -Duser.language=pt -Duser.variant org.gradle.launcher.daemon.bootstrap.GradleDaemon 8.0.1

Host: Intel(R) Core(TM) i3-9100 CPU @ 3.60GHz, 4 cores, 15G,  Windows 10 , 64 bit Build 19041 (10.0.19041.3155)
Time: Wed Sep 27 07:31:02 2023 Hora oficial do Brasil elapsed time: 90.357252 seconds (0d 0h 1m 30s)

---------------  T H R E A D  ---------------

Current thread (0x000001faff29c550):  JavaThread "C2 CompilerThread0" daemon [_thread_in_native, id=27588, stack(0x00000056a7f00000,0x00000056a8000000)]


Current CompileTask:
C2:  90357 6596 %     4       org.gradle.internal.instantiation.generator.AbstractClassGenerator::inspectType @ 77 (560 bytes)

Stack: [0x00000056a7f00000,0x00000056a8000000]
Native frames: (J=compiled Java code, j=interpreted, Vv=VM code, C=native code)
V  [jvm.dll+0x676a4a]
V  [jvm.dll+0x7d74f4]
V  [jvm.dll+0x7d8c9e]
V  [jvm.dll+0x7d9303]
V  [jvm.dll+0x2452c5]
V  [jvm.dll+0xaaa2b]
V  [jvm.dll+0xaafcc]
V  [jvm.dll+0x2aac2f]
V  [jvm.dll+0x57f375]
V  [jvm.dll+0x2205f2]
V  [jvm.dll+0x2194b5]
V  [jvm.dll+0x216df9]
V  [jvm.dll+0x1a35e0]
V  [jvm.dll+0x226a6e]
V  [jvm.dll+0x224e15]
V  [jvm.dll+0x78d05c]
V  [jvm.dll+0x78759a]
V  [jvm.dll+0x675875]
C  [ucrtbase.dll+0x21bb2]
C  [KERNEL32.DLL+0x17614]
C  [ntdll.dll+0x526b1]


---------------  P R O C E S S  ---------------

Threads class SMR info:
_java_thread_list=0x000001fa9b250ec0, length=69, elements={
0x000001fafa0ca410, 0x000001faff27cc10, 0x000001faff27da80, 0x000001faff299ab0,
0x000001faff29a460, 0x000001faff29ae10, 0x000001faff29b7c0, 0x000001faff29c550,
0x000001faff29cff0, 0x000001faffc47ff0, 0x000001faffca89d0, 0x000001faffcaaeb0,
0x000001fa994b4d70, 0x000001fa98e16e70, 0x000001fa9937f030, 0x000001fa999c3fb0,
0x000001fa98f78490, 0x000001fa991e57a0, 0x000001fa991e3f90, 0x000001fa991e5c70,
0x000001fa991e35f0, 0x000001fa991e4460, 0x000001fa991e52d0, 0x000001fa991e6fb0,
0x000001fa991e4930, 0x000001fa991e6140, 0x000001fa991e6610, 0x000001fa991e6ae0,
0x000001fa991e4e00, 0x000001fa992874a0, 0x000001fa99281930, 0x000001fa99283140,
0x000001fa99287970, 0x000001fa99289180, 0x000001fa99282c70, 0x000001fa99284950,
0x000001fa99285c90, 0x000001fa99283610, 0x000001fa99288cb0, 0x000001fa99283ae0,
0x000001fa992822d0, 0x000001fa992852f0, 0x000001fa99283fb0, 0x000001fa99286630,
0x000001fa99284480, 0x000001fa99284e20, 0x000001fa992857c0, 0x000001fa992827a0,
0x000001fa99286160, 0x000001fa99286b00, 0x000001fa9b773a40, 0x000001fa9b773f10,
0x000001fa9b771890, 0x000001fa9b76d530, 0x000001fa9b7743e0, 0x000001fa9b76da00,
0x000001fa9b7748b0, 0x000001fa9b7730a0, 0x000001fa9b76ed40, 0x000001fa9b76ded0,
0x000001fa9b76d060, 0x000001fa9b770080, 0x000001fa9b76e870, 0x000001fa9b76f210,
0x000001fa9b773570, 0x000001fa9b76e3a0, 0x000001fa9b7713c0, 0x000001fa9b76f6e0,
0x000001fa9b770550
}

Java Threads: ( => current thread )
  0x000001fafa0ca410 JavaThread "main" [_thread_blocked, id=27436, stack(0x00000056a7100000,0x00000056a7200000)]
  0x000001faff27cc10 JavaThread "Reference Handler" daemon [_thread_blocked, id=27552, stack(0x00000056a7900000,0x00000056a7a00000)]
  0x000001faff27da80 JavaThread "Finalizer" daemon [_thread_blocked, id=27556, stack(0x00000056a7a00000,0x00000056a7b00000)]
  0x000001faff299ab0 JavaThread "Signal Dispatcher" daemon [_thread_blocked, id=27572, stack(0x00000056a7b00000,0x00000056a7c00000)]
  0x000001faff29a460 JavaThread "Attach Listener" daemon [_thread_blocked, id=27576, stack(0x00000056a7c00000,0x00000056a7d00000)]
  0x000001faff29ae10 JavaThread "Service Thread" daemon [_thread_blocked, id=27580, stack(0x00000056a7d00000,0x00000056a7e00000)]
  0x000001faff29b7c0 JavaThread "Monitor Deflation Thread" daemon [_thread_blocked, id=27584, stack(0x00000056a7e00000,0x00000056a7f00000)]
=>0x000001faff29c550 JavaThread "C2 CompilerThread0" daemon [_thread_in_native, id=27588, stack(0x00000056a7f00000,0x00000056a8000000)]
  0x000001faff29cff0 JavaThread "C1 CompilerThread0" daemon [_thread_blocked, id=27592, stack(0x00000056a8000000,0x00000056a8100000)]
  0x000001faffc47ff0 JavaThread "Sweeper thread" daemon [_thread_blocked, id=27612, stack(0x00000056a8100000,0x00000056a8200000)]
  0x000001faffca89d0 JavaThread "Common-Cleaner" daemon [_thread_blocked, id=27620, stack(0x00000056a8200000,0x00000056a8300000)]
  0x000001faffcaaeb0 JavaThread "Notification Thread" daemon [_thread_blocked, id=27624, stack(0x00000056a8300000,0x00000056a8400000)]
  0x000001fa994b4d70 JavaThread "Daemon health stats" [_thread_blocked, id=23660, stack(0x00000056a8800000,0x00000056a8900000)]
  0x000001fa98e16e70 JavaThread "Incoming local TCP Connector on port 63270" [_thread_in_native, id=4756, stack(0x00000056a8900000,0x00000056a8a00000)]
  0x000001fa9937f030 JavaThread "Daemon periodic checks" [_thread_in_native, id=23640, stack(0x00000056a8a00000,0x00000056a8b00000)]
  0x000001fa999c3fb0 JavaThread "Daemon" [_thread_blocked, id=7152, stack(0x00000056a8b00000,0x00000056a8c00000)]
  0x000001fa98f78490 JavaThread "Handler for socket connection from /127.0.0.1:63270 to /127.0.0.1:63271" [_thread_in_native, id=9092, stack(0x00000056a8c00000,0x00000056a8d00000)]
  0x000001fa991e57a0 JavaThread "Cancel handler" [_thread_blocked, id=23648, stack(0x00000056a8d00000,0x00000056a8e00000)]
  0x000001fa991e3f90 JavaThread "Daemon worker" [_thread_in_vm, id=18188, stack(0x00000056a8e00000,0x00000056a8f00000)]
  0x000001fa991e5c70 JavaThread "Asynchronous log dispatcher for DefaultDaemonConnection: socket connection from /127.0.0.1:63270 to /127.0.0.1:63271" [_thread_blocked, id=17284, stack(0x00000056a8f00000,0x00000056a9000000)]
  0x000001fa991e35f0 JavaThread "Daemon client event forwarder" [_thread_blocked, id=5392, stack(0x00000056a9100000,0x00000056a9200000)]
  0x000001fa991e4460 JavaThread "Cache worker for journal cache (C:\Users\marcos.OTHONC\.gradle\caches\journal-1)" [_thread_blocked, id=18920, stack(0x00000056a9200000,0x00000056a9300000)]
  0x000001fa991e52d0 JavaThread "File lock request listener" [_thread_in_native, id=14068, stack(0x00000056a9300000,0x00000056a9400000)]
  0x000001fa991e6fb0 JavaThread "Cache worker for file hash cache (C:\Users\marcos.OTHONC\.gradle\caches\8.0.1\fileHashes)" [_thread_blocked, id=11584, stack(0x00000056a9400000,0x00000056a9500000)]
  0x000001fa991e4930 JavaThread "File watcher server" daemon [_thread_in_native, id=14040, stack(0x00000056a9500000,0x00000056a9600000)]
  0x000001fa991e6140 JavaThread "File lock release action executor" [_thread_blocked, id=13876, stack(0x00000056a9600000,0x00000056a9700000)]
  0x000001fa991e6610 JavaThread "File watcher consumer" daemon [_thread_blocked, id=12828, stack(0x00000056a9700000,0x00000056a9800000)]
  0x000001fa991e6ae0 JavaThread "Cache worker for checksums cache (D:\AREA DE TRABALHO\testerb\android\.gradle\8.0.1\checksums)" [_thread_blocked, id=17036, stack(0x00000056a9800000,0x00000056a9900000)]
  0x000001fa991e4e00 JavaThread "Cache worker for cache directory md-rule (C:\Users\marcos.OTHONC\.gradle\caches\8.0.1\md-rule)" [_thread_blocked, id=6208, stack(0x00000056a9900000,0x00000056a9a00000)]
  0x000001fa992874a0 JavaThread "Cache worker for file content cache (C:\Users\marcos.OTHONC\.gradle\caches\8.0.1\fileContent)" [_thread_blocked, id=6784, stack(0x00000056a9a00000,0x00000056a9b00000)]
  0x000001fa99281930 JavaThread "Cache worker for file hash cache (D:\AREA DE TRABALHO\testerb\android\.gradle\8.0.1\fileHashes)" [_thread_blocked, id=11904, stack(0x00000056a9b00000,0x00000056a9c00000)]
  0x000001fa99283140 JavaThread "Cache worker for cache directory md-supplier (C:\Users\marcos.OTHONC\.gradle\caches\8.0.1\md-supplier)" [_thread_blocked, id=18616, stack(0x00000056a9c00000,0x00000056a9d00000)]
  0x000001fa99287970 JavaThread "Cache worker for execution history cache (C:\Users\marcos.OTHONC\.gradle\caches\8.0.1\executionHistory)" [_thread_blocked, id=6596, stack(0x00000056a9d00000,0x00000056a9e00000)]
  0x000001fa99289180 JavaThread "jar transforms" [_thread_blocked, id=1848, stack(0x00000056a9e00000,0x00000056a9f00000)]
  0x000001fa99282c70 JavaThread "jar transforms Thread 2" [_thread_blocked, id=19360, stack(0x00000056a9f00000,0x00000056aa000000)]
  0x000001fa99284950 JavaThread "jar transforms Thread 3" [_thread_blocked, id=17300, stack(0x00000056aa000000,0x00000056aa100000)]
  0x000001fa99285c90 JavaThread "jar transforms Thread 4" [_thread_blocked, id=6456, stack(0x00000056aa100000,0x00000056aa200000)]
  0x000001fa99283610 JavaThread "File lock release action executor Thread 2" [_thread_blocked, id=25484, stack(0x00000056aa300000,0x00000056aa400000)]
  0x000001fa99288cb0 JavaThread "Cache worker for kotlin-dsl (C:\Users\marcos.OTHONC\.gradle\caches\8.0.1\kotlin-dsl)" [_thread_blocked, id=26736, stack(0x00000056a7200000,0x00000056a7300000)]
  0x000001fa99283ae0 JavaThread "Cache worker for dependencies-accessors (D:\AREA DE TRABALHO\testerb\android\.gradle\8.0.1\dependencies-accessors)" [_thread_blocked, id=25936, stack(0x00000056a7000000,0x00000056a7100000)]
  0x000001fa992822d0 JavaThread "Cache worker for Build Output Cleanup Cache (D:\AREA DE TRABALHO\testerb\node_modules\@react-native\gradle-plugin\.gradle\buildOutputCleanup)" [_thread_blocked, id=24680, stack(0x00000056aa500000,0x00000056aa600000)]
  0x000001fa992852f0 JavaThread "Unconstrained build operations" [_thread_blocked, id=25800, stack(0x00000056aa600000,0x00000056aa700000)]
  0x000001fa99283fb0 JavaThread "Unconstrained build operations Thread 2" [_thread_blocked, id=2964, stack(0x00000056aa700000,0x00000056aa800000)]
  0x000001fa99286630 JavaThread "Unconstrained build operations Thread 3" [_thread_blocked, id=24668, stack(0x00000056aa800000,0x00000056aa900000)]
  0x000001fa99284480 JavaThread "Unconstrained build operations Thread 4" [_thread_blocked, id=8284, stack(0x00000056aa900000,0x00000056aaa00000)]
  0x000001fa99284e20 JavaThread "Unconstrained build operations Thread 5" [_thread_blocked, id=25968, stack(0x00000056aaa00000,0x00000056aab00000)]
  0x000001fa992857c0 JavaThread "Unconstrained build operations Thread 6" [_thread_blocked, id=25932, stack(0x00000056aab00000,0x00000056aac00000)]
  0x000001fa992827a0 JavaThread "Unconstrained build operations Thread 7" [_thread_blocked, id=8296, stack(0x00000056aac00000,0x00000056aad00000)]
  0x000001fa99286160 JavaThread "Unconstrained build operations Thread 8" [_thread_blocked, id=10412, stack(0x00000056aad00000,0x00000056aae00000)]
  0x000001fa99286b00 JavaThread "Unconstrained build operations Thread 9" [_thread_blocked, id=24912, stack(0x00000056aae00000,0x00000056aaf00000)]
  0x000001fa9b773a40 JavaThread "Unconstrained build operations Thread 10" [_thread_blocked, id=15240, stack(0x00000056aaf00000,0x00000056ab000000)]
  0x000001fa9b773f10 JavaThread "Unconstrained build operations Thread 11" [_thread_blocked, id=26056, stack(0x00000056ab000000,0x00000056ab100000)]
  0x000001fa9b771890 JavaThread "Unconstrained build operations Thread 12" [_thread_blocked, id=26844, stack(0x00000056ab100000,0x00000056ab200000)]
  0x000001fa9b76d530 JavaThread "Unconstrained build operations Thread 13" [_thread_blocked, id=26060, stack(0x00000056ab200000,0x00000056ab300000)]
  0x000001fa9b7743e0 JavaThread "Unconstrained build operations Thread 14" [_thread_blocked, id=27068, stack(0x00000056ab300000,0x00000056ab400000)]
  0x000001fa9b76da00 JavaThread "Unconstrained build operations Thread 15" [_thread_blocked, id=10256, stack(0x00000056ab400000,0x00000056ab500000)]
  0x000001fa9b7748b0 JavaThread "Unconstrained build operations Thread 16" [_thread_blocked, id=20032, stack(0x00000056ab500000,0x00000056ab600000)]
  0x000001fa9b7730a0 JavaThread "Unconstrained build operations Thread 17" [_thread_blocked, id=10760, stack(0x00000056ab600000,0x00000056ab700000)]
  0x000001fa9b76ed40 JavaThread "Unconstrained build operations Thread 18" [_thread_blocked, id=24988, stack(0x00000056ab700000,0x00000056ab800000)]
  0x000001fa9b76ded0 JavaThread "Unconstrained build operations Thread 19" [_thread_blocked, id=25728, stack(0x00000056ab800000,0x00000056ab900000)]
  0x000001fa9b76d060 JavaThread "Unconstrained build operations Thread 20" [_thread_blocked, id=26544, stack(0x00000056ab900000,0x00000056aba00000)]
  0x000001fa9b770080 JavaThread "Unconstrained build operations Thread 21" [_thread_blocked, id=10288, stack(0x00000056aba00000,0x00000056abb00000)]
  0x000001fa9b76e870 JavaThread "Unconstrained build operations Thread 22" [_thread_blocked, id=24616, stack(0x00000056abb00000,0x00000056abc00000)]
  0x000001fa9b76f210 JavaThread "Unconstrained build operations Thread 23" [_thread_blocked, id=13436, stack(0x00000056abc00000,0x00000056abd00000)]
  0x000001fa9b773570 JavaThread "Unconstrained build operations Thread 24" [_thread_blocked, id=25660, stack(0x00000056abd00000,0x00000056abe00000)]
  0x000001fa9b76e3a0 JavaThread "Unconstrained build operations Thread 25" [_thread_blocked, id=25732, stack(0x00000056abe00000,0x00000056abf00000)]
  0x000001fa9b7713c0 JavaThread "Unconstrained build operations Thread 26" [_thread_blocked, id=7576, stack(0x00000056abf00000,0x00000056ac000000)]
  0x000001fa9b76f6e0 JavaThread "Memory manager" [_thread_blocked, id=18636, stack(0x00000056ac000000,0x00000056ac100000)]
  0x000001fa9b770550 JavaThread "Cache worker for Build Output Cleanup Cache (D:\AREA DE TRABALHO\testerb\android\.gradle\buildOutputCleanup)" [_thread_blocked, id=26280, stack(0x00000056a9000000,0x00000056a9100000)]

Other Threads:
  0x000001faff276d60 VMThread "VM Thread" [stack: 0x00000056a7800000,0x00000056a7900000] [id=27524]
  0x000001faffcab380 WatcherThread [stack: 0x00000056a8400000,0x00000056a8500000] [id=27628]
  0x000001fafa124ba0 GCTaskThread "GC Thread#0" [stack: 0x00000056a7300000,0x00000056a7400000] [id=27492]
  0x000001fafff85b10 GCTaskThread "GC Thread#1" [stack: 0x00000056a8500000,0x00000056a8600000] [id=23928]
  0x000001fafff13010 GCTaskThread "GC Thread#2" [stack: 0x00000056a8600000,0x00000056a8700000] [id=12980]
  0x000001fafff132c0 GCTaskThread "GC Thread#3" [stack: 0x00000056a8700000,0x00000056a8800000] [id=18524]
  0x000001fafa135ae0 ConcurrentGCThread "G1 Main Marker" [stack: 0x00000056a7400000,0x00000056a7500000] [id=27496]
  0x000001fafa1364f0 ConcurrentGCThread "G1 Conc#0" [stack: 0x00000056a7500000,0x00000056a7600000] [id=27500]
  0x000001fafa18d0f0 ConcurrentGCThread "G1 Refine#0" [stack: 0x00000056a7600000,0x00000056a7700000] [id=27504]
  0x000001fafa18db10 ConcurrentGCThread "G1 Service" [stack: 0x00000056a7700000,0x00000056a7800000] [id=27508]

Threads with active compile tasks:
C2 CompilerThread0    90381 6596 %     4       org.gradle.internal.instantiation.generator.AbstractClassGenerator::inspectType @ 77 (560 bytes)

VM state: not at safepoint (normal execution)

VM Mutex/Monitor currently owned by a thread: None

Heap address: 0x0000000080000000, size: 2048 MB, Compressed Oops mode: 32-bit

CDS archive(s) mapped at: [0x0000000800000000-0x0000000800bd0000-0x0000000800bd0000), size 12386304, SharedBaseAddress: 0x0000000800000000, ArchiveRelocationMode: 0.
Compressed class space mapped at: 0x0000000800c00000-0x000000081a800000, reserved size: 432013312
Narrow klass base: 0x0000000800000000, Narrow klass shift: 0, Narrow klass range: 0x100000000

GC Precious Log:
 CPUs: 4 total, 4 available
 Memory: 16193M
 Large Page Support: Disabled
 NUMA Support: Disabled
 Compressed Oops: Enabled (32-bit)
 Heap Region Size: 1M
 Heap Min Capacity: 8M
 Heap Initial Capacity: 254M
 Heap Max Capacity: 2G
 Pre-touch: Disabled
 Parallel Workers: 4
 Concurrent Workers: 1
 Concurrent Refinement Workers: 4
 Periodic GC: Disabled

Heap:
 garbage-first heap   total 87040K, used 55623K [0x0000000080000000, 0x0000000100000000)
  region size 1024K, 9 young (9216K), 3 survivors (3072K)
 Metaspace       used 57303K, committed 57920K, reserved 479232K
  class space    used 7975K, committed 8256K, reserved 421888K

Heap Regions: E=young(eden), S=young(survivor), O=old, HS=humongous(starts), HC=humongous(continues), CS=collection set, F=free, OA=open archive, CA=closed archive, TAMS=top-at-mark-start (previous, next)
|   0|0x0000000080000000, 0x0000000080100000, 0x0000000080100000|100%| O|  |TAMS 0x0000000080100000, 0x0000000080000000| Untracked 
|   1|0x0000000080100000, 0x0000000080200000, 0x0000000080200000|100%| O|  |TAMS 0x0000000080200000, 0x0000000080100000| Untracked 
|   2|0x0000000080200000, 0x0000000080300000, 0x0000000080300000|100%|HS|  |TAMS 0x0000000080300000, 0x0000000080200000| Complete 
|   3|0x0000000080300000, 0x0000000080400000, 0x0000000080400000|100%|HC|  |TAMS 0x0000000080400000, 0x0000000080300000| Complete 
|   4|0x0000000080400000, 0x0000000080500000, 0x0000000080500000|100%|HC|  |TAMS 0x0000000080500000, 0x0000000080400000| Complete 
|   5|0x0000000080500000, 0x0000000080600000, 0x0000000080600000|100%|HC|  |TAMS 0x0000000080600000, 0x0000000080500000| Complete 
|   6|0x0000000080600000, 0x0000000080700000, 0x0000000080700000|100%| O|  |TAMS 0x0000000080700000, 0x0000000080600000| Untracked 
|   7|0x0000000080700000, 0x0000000080800000, 0x0000000080800000|100%| O|  |TAMS 0x0000000080800000, 0x0000000080700000| Untracked 
|   8|0x0000000080800000, 0x0000000080900000, 0x0000000080900000|100%| O|  |TAMS 0x0000000080900000, 0x0000000080800000| Untracked 
|   9|0x0000000080900000, 0x0000000080a00000, 0x0000000080a00000|100%| O|  |TAMS 0x0000000080a00000, 0x0000000080900000| Untracked 
|  10|0x0000000080a00000, 0x0000000080b00000, 0x0000000080b00000|100%| O|  |TAMS 0x0000000080b00000, 0x0000000080a00000| Untracked 
|  11|0x0000000080b00000, 0x0000000080b6ba00, 0x0000000080c00000| 42%| O|  |TAMS 0x0000000080b6ba00, 0x0000000080b00000| Untracked 
|  12|0x0000000080c00000, 0x0000000080d00000, 0x0000000080d00000|100%| O|  |TAMS 0x0000000080d00000, 0x0000000080c00000| Untracked 
|  13|0x0000000080d00000, 0x0000000080e00000, 0x0000000080e00000|100%| O|  |TAMS 0x0000000080e00000, 0x0000000080d00000| Untracked 
|  14|0x0000000080e00000, 0x0000000080f00000, 0x0000000080f00000|100%| O|  |TAMS 0x0000000080f00000, 0x0000000080e00000| Untracked 
|  15|0x0000000080f00000, 0x0000000081000000, 0x0000000081000000|100%| O|  |TAMS 0x0000000081000000, 0x0000000080f00000| Untracked 
|  16|0x0000000081000000, 0x0000000081100000, 0x0000000081100000|100%| O|  |TAMS 0x0000000081100000, 0x0000000081000000| Untracked 
|  17|0x0000000081100000, 0x0000000081200000, 0x0000000081200000|100%| O|  |TAMS 0x0000000081200000, 0x0000000081100000| Untracked 
|  18|0x0000000081200000, 0x0000000081300000, 0x0000000081300000|100%| O|  |TAMS 0x0000000081300000, 0x0000000081200000| Untracked 
|  19|0x0000000081300000, 0x0000000081400000, 0x0000000081400000|100%| O|  |TAMS 0x0000000081400000, 0x0000000081300000| Untracked 
|  20|0x0000000081400000, 0x0000000081500000, 0x0000000081500000|100%| O|  |TAMS 0x0000000081500000, 0x0000000081400000| Untracked 
|  21|0x0000000081500000, 0x0000000081600000, 0x0000000081600000|100%| O|  |TAMS 0x0000000081600000, 0x0000000081500000| Untracked 
|  22|0x0000000081600000, 0x0000000081700000, 0x0000000081700000|100%| O|  |TAMS 0x0000000081700000, 0x0000000081600000| Untracked 
|  23|0x0000000081700000, 0x0000000081800000, 0x0000000081800000|100%| O|  |TAMS 0x0000000081800000, 0x0000000081700000| Untracked 
|  24|0x0000000081800000, 0x0000000081900000, 0x0000000081900000|100%| O|  |TAMS 0x0000000081900000, 0x0000000081800000| Untracked 
|  25|0x0000000081900000, 0x0000000081a00000, 0x0000000081a00000|100%| O|  |TAMS 0x0000000081a00000, 0x0000000081900000| Untracked 
|  26|0x0000000081a00000, 0x0000000081b00000, 0x0000000081b00000|100%| O|  |TAMS 0x0000000081b00000, 0x0000000081a00000| Untracked 
|  27|0x0000000081b00000, 0x0000000081c00000, 0x0000000081c00000|100%| O|  |TAMS 0x0000000081c00000, 0x0000000081b00000| Untracked 
|  28|0x0000000081c00000, 0x0000000081d00000, 0x0000000081d00000|100%| O|  |TAMS 0x0000000081d00000, 0x0000000081c00000| Untracked 
|  29|0x0000000081d00000, 0x0000000081e00000, 0x0000000081e00000|100%|HS|  |TAMS 0x0000000081e00000, 0x0000000081d00000| Complete 
|  30|0x0000000081e00000, 0x0000000081f00000, 0x0000000081f00000|100%|HC|  |TAMS 0x0000000081f00000, 0x0000000081e00000| Complete 
|  31|0x0000000081f00000, 0x0000000082000000, 0x0000000082000000|100%| O|  |TAMS 0x0000000082000000, 0x0000000081f00000| Untracked 
|  32|0x0000000082000000, 0x0000000082100000, 0x0000000082100000|100%| O|  |TAMS 0x0000000082100000, 0x0000000082000000| Untracked 
|  33|0x0000000082100000, 0x0000000082200000, 0x0000000082200000|100%| O|  |TAMS 0x0000000082200000, 0x0000000082100000| Untracked 
|  34|0x0000000082200000, 0x0000000082300000, 0x0000000082300000|100%| O|  |TAMS 0x0000000082300000, 0x0000000082200000| Untracked 
|  35|0x0000000082300000, 0x0000000082400000, 0x0000000082400000|100%|HS|  |TAMS 0x0000000082400000, 0x0000000082300000| Complete 
|  36|0x0000000082400000, 0x0000000082500000, 0x0000000082500000|100%|HC|  |TAMS 0x0000000082500000, 0x0000000082400000| Complete 
|  37|0x0000000082500000, 0x0000000082600000, 0x0000000082600000|100%|HC|  |TAMS 0x0000000082600000, 0x0000000082500000| Complete 
|  38|0x0000000082600000, 0x0000000082700000, 0x0000000082700000|100%|HC|  |TAMS 0x0000000082700000, 0x0000000082600000| Complete 
|  39|0x0000000082700000, 0x0000000082800000, 0x0000000082800000|100%| O|  |TAMS 0x0000000082800000, 0x0000000082700000| Untracked 
|  40|0x0000000082800000, 0x0000000082900000, 0x0000000082900000|100%| O|  |TAMS 0x0000000082900000, 0x0000000082800000| Untracked 
|  41|0x0000000082900000, 0x0000000082a00000, 0x0000000082a00000|100%| O|  |TAMS 0x0000000082a00000, 0x0000000082900000| Untracked 
|  42|0x0000000082a00000, 0x0000000082b00000, 0x0000000082b00000|100%| O|  |TAMS 0x0000000082b00000, 0x0000000082a00000| Untracked 
|  43|0x0000000082b00000, 0x0000000082c00000, 0x0000000082c00000|100%| O|  |TAMS 0x0000000082c00000, 0x0000000082b00000| Untracked 
|  44|0x0000000082c00000, 0x0000000082d00000, 0x0000000082d00000|100%| O|  |TAMS 0x0000000082d00000, 0x0000000082c00000| Untracked 
|  45|0x0000000082d00000, 0x0000000082e00000, 0x0000000082e00000|100%| O|  |TAMS 0x0000000082d32c00, 0x0000000082d00000| Untracked 
|  46|0x0000000082e00000, 0x0000000082f00000, 0x0000000082f00000|100%| O|  |TAMS 0x0000000082e00000, 0x0000000082e00000| Untracked 
|  47|0x0000000082f00000, 0x0000000082fc3000, 0x0000000083000000| 76%| O|  |TAMS 0x0000000082f00000, 0x0000000082f00000| Untracked 
|  48|0x0000000083000000, 0x0000000083000000, 0x0000000083100000|  0%| F|  |TAMS 0x0000000083000000, 0x0000000083000000| Untracked 
|  49|0x0000000083100000, 0x0000000083100000, 0x0000000083200000|  0%| F|  |TAMS 0x0000000083100000, 0x0000000083100000| Untracked 
|  50|0x0000000083200000, 0x0000000083200000, 0x0000000083300000|  0%| F|  |TAMS 0x0000000083200000, 0x0000000083200000| Untracked 
|  51|0x0000000083300000, 0x0000000083300000, 0x0000000083400000|  0%| F|  |TAMS 0x0000000083300000, 0x0000000083300000| Untracked 
|  52|0x0000000083400000, 0x0000000083400000, 0x0000000083500000|  0%| F|  |TAMS 0x0000000083400000, 0x0000000083400000| Untracked 
|  53|0x0000000083500000, 0x0000000083500000, 0x0000000083600000|  0%| F|  |TAMS 0x0000000083500000, 0x0000000083500000| Untracked 
|  54|0x0000000083600000, 0x0000000083600000, 0x0000000083700000|  0%| F|  |TAMS 0x0000000083600000, 0x0000000083600000| Untracked 
|  55|0x0000000083700000, 0x0000000083700000, 0x0000000083800000|  0%| F|  |TAMS 0x0000000083700000, 0x0000000083700000| Untracked 
|  56|0x0000000083800000, 0x0000000083800000, 0x0000000083900000|  0%| F|  |TAMS 0x0000000083800000, 0x0000000083800000| Untracked 
|  57|0x0000000083900000, 0x0000000083900000, 0x0000000083a00000|  0%| F|  |TAMS 0x0000000083900000, 0x0000000083900000| Untracked 
|  58|0x0000000083a00000, 0x0000000083a00000, 0x0000000083b00000|  0%| F|  |TAMS 0x0000000083a00000, 0x0000000083a00000| Untracked 
|  59|0x0000000083b00000, 0x0000000083b00000, 0x0000000083c00000|  0%| F|  |TAMS 0x0000000083b00000, 0x0000000083b00000| Untracked 
|  60|0x0000000083c00000, 0x0000000083c00000, 0x0000000083d00000|  0%| F|  |TAMS 0x0000000083c00000, 0x0000000083c00000| Untracked 
|  61|0x0000000083d00000, 0x0000000083d00000, 0x0000000083e00000|  0%| F|  |TAMS 0x0000000083d00000, 0x0000000083d00000| Untracked 
|  62|0x0000000083e00000, 0x0000000083e00000, 0x0000000083f00000|  0%| F|  |TAMS 0x0000000083e00000, 0x0000000083e00000| Untracked 
|  63|0x0000000083f00000, 0x0000000083f00000, 0x0000000084000000|  0%| F|  |TAMS 0x0000000083f00000, 0x0000000083f00000| Untracked 
|  64|0x0000000084000000, 0x00000000840235d0, 0x0000000084100000| 13%| S|CS|TAMS 0x0000000084000000, 0x0000000084000000| Complete 
|  65|0x0000000084100000, 0x0000000084200000, 0x0000000084200000|100%| S|CS|TAMS 0x0000000084100000, 0x0000000084100000| Complete 
|  66|0x0000000084200000, 0x0000000084300000, 0x0000000084300000|100%| S|CS|TAMS 0x0000000084200000, 0x0000000084200000| Complete 
|  67|0x0000000084300000, 0x0000000084300000, 0x0000000084400000|  0%| F|  |TAMS 0x0000000084300000, 0x0000000084300000| Untracked 
|  68|0x0000000084400000, 0x0000000084400000, 0x0000000084500000|  0%| F|  |TAMS 0x0000000084400000, 0x0000000084400000| Untracked 
|  69|0x0000000084500000, 0x0000000084500000, 0x0000000084600000|  0%| F|  |TAMS 0x0000000084500000, 0x0000000084500000| Untracked 
|  70|0x0000000084600000, 0x0000000084600000, 0x0000000084700000|  0%| F|  |TAMS 0x0000000084600000, 0x0000000084600000| Untracked 
|  71|0x0000000084700000, 0x0000000084700000, 0x0000000084800000|  0%| F|  |TAMS 0x0000000084700000, 0x0000000084700000| Untracked 
| 137|0x0000000088900000, 0x0000000088900000, 0x0000000088a00000|  0%| F|  |TAMS 0x0000000088900000, 0x0000000088900000| Untracked 
| 138|0x0000000088a00000, 0x0000000088a00000, 0x0000000088b00000|  0%| F|  |TAMS 0x0000000088a00000, 0x0000000088a00000| Untracked 
| 139|0x0000000088b00000, 0x0000000088b00000, 0x0000000088c00000|  0%| F|  |TAMS 0x0000000088b00000, 0x0000000088b00000| Untracked 
| 140|0x0000000088c00000, 0x0000000088c00000, 0x0000000088d00000|  0%| F|  |TAMS 0x0000000088c00000, 0x0000000088c00000| Untracked 
| 141|0x0000000088d00000, 0x0000000088d00000, 0x0000000088e00000|  0%| F|  |TAMS 0x0000000088d00000, 0x0000000088d00000| Untracked 
| 142|0x0000000088e00000, 0x0000000088e00000, 0x0000000088f00000|  0%| F|  |TAMS 0x0000000088e00000, 0x0000000088e00000| Untracked 
| 143|0x0000000088f00000, 0x0000000088f00000, 0x0000000089000000|  0%| F|  |TAMS 0x0000000088f00000, 0x0000000088f00000| Untracked 
| 144|0x0000000089000000, 0x0000000089057c00, 0x0000000089100000| 34%| E|  |TAMS 0x0000000089000000, 0x0000000089000000| Complete 
| 145|0x0000000089100000, 0x0000000089200000, 0x0000000089200000|100%| E|CS|TAMS 0x0000000089100000, 0x0000000089100000| Complete 
| 146|0x0000000089200000, 0x0000000089300000, 0x0000000089300000|100%| E|CS|TAMS 0x0000000089200000, 0x0000000089200000| Complete 
| 147|0x0000000089300000, 0x0000000089400000, 0x0000000089400000|100%| E|CS|TAMS 0x0000000089300000, 0x0000000089300000| Complete 
| 148|0x0000000089400000, 0x0000000089500000, 0x0000000089500000|100%| E|CS|TAMS 0x0000000089400000, 0x0000000089400000| Complete 
| 253|0x000000008fd00000, 0x000000008fe00000, 0x000000008fe00000|100%| E|CS|TAMS 0x000000008fd00000, 0x000000008fd00000| Complete 

Card table byte_map: [0x000001fafa590000,0x000001fafa990000] _byte_map_base: 0x000001fafa190000

Marking Bits (Prev, Next): (CMBitMap*) 0x000001fafa1251f0, (CMBitMap*) 0x000001fafa1251b0
 Prev Bits: [0x000001fafcd90000, 0x000001fafed90000)
 Next Bits: [0x000001fafad90000, 0x000001fafcd90000)

Polling page: 0x000001faf80c0000

Metaspace:

Usage:
  Non-class:     48.17 MB used.
      Class:      7.79 MB used.
       Both:     55.96 MB used.

Virtual space:
  Non-class space:       56.00 MB reserved,      48.50 MB ( 87%) committed,  7 nodes.
      Class space:      412.00 MB reserved,       8.06 MB (  2%) committed,  1 nodes.
             Both:      468.00 MB reserved,      56.56 MB ( 12%) committed. 

Chunk freelists:
   Non-Class:  3.25 MB
       Class:  3.97 MB
        Both:  7.22 MB

MaxMetaspaceSize: 512.00 MB
CompressedClassSpaceSize: 412.00 MB
Initial GC threshold: 21.00 MB
Current GC threshold: 91.88 MB
CDS: on
MetaspaceReclaimPolicy: balanced
 - commit_granule_bytes: 65536.
 - commit_granule_words: 8192.
 - virtual_space_node_default_size: 1048576.
 - enlarge_chunks_in_place: 1.
 - new_chunks_are_fully_committed: 0.
 - uncommit_free_chunks: 1.
 - use_allocation_guard: 0.
 - handle_deallocations: 1.


Internal statistics:

num_allocs_failed_limit: 6.
num_arena_births: 688.
num_arena_deaths: 0.
num_vsnodes_births: 8.
num_vsnodes_deaths: 0.
num_space_committed: 905.
num_space_uncommitted: 0.
num_chunks_returned_to_freelist: 6.
num_chunks_taken_from_freelist: 2928.
num_chunk_merges: 3.
num_chunk_splits: 1978.
num_chunks_enlarged: 1359.
num_purges: 0.
num_inconsistent_stats: 0.

CodeHeap 'non-profiled nmethods': size=120000Kb used=3289Kb max_used=3289Kb free=116710Kb
 bounds [0x000001fa8f280000, 0x000001fa8f5c0000, 0x000001fa967b0000]
CodeHeap 'profiled nmethods': size=120000Kb used=11510Kb max_used=11510Kb free=108489Kb
 bounds [0x000001fa877b0000, 0x000001fa882f0000, 0x000001fa8ece0000]
CodeHeap 'non-nmethods': size=5760Kb used=2355Kb max_used=2433Kb free=3404Kb
 bounds [0x000001fa8ece0000, 0x000001fa8ef60000, 0x000001fa8f280000]
 total_blobs=6705 nmethods=5826 adapters=791
 compilation: enabled
              stopped_count=0, restarted_count=0
 full_count=0

Compilation events (20 events):
Event: 90.332 Thread 0x000001faff29cff0 6605       3       com.google.common.collect.Hashing::needsResizing (22 bytes)
Event: 90.332 Thread 0x000001faff29cff0 nmethod 6605 0x000001fa882e6c10 code [0x000001fa882e6da0, 0x000001fa882e6f58]
Event: 90.337 Thread 0x000001faff29cff0 6606       3       jdk.internal.org.objectweb.asm.Type::getType (10 bytes)
Event: 90.337 Thread 0x000001faff29cff0 nmethod 6606 0x000001fa882e7010 code [0x000001fa882e71c0, 0x000001fa882e73e8]
Event: 90.345 Thread 0x000001faff29cff0 6607       3       com.google.common.collect.LinkedHashMultimap$ValueSet::rehashIfNecessary (88 bytes)
Event: 90.346 Thread 0x000001faff29cff0 nmethod 6607 0x000001fa882e7510 code [0x000001fa882e7720, 0x000001fa882e7e78]
Event: 90.346 Thread 0x000001faff29cff0 6608       3       com.google.common.collect.AbstractSetMultimap::put (7 bytes)
Event: 90.346 Thread 0x000001faff29cff0 nmethod 6608 0x000001fa882e8090 code [0x000001fa882e8220, 0x000001fa882e8368]
Event: 90.346 Thread 0x000001faff29cff0 6609       3       com.google.common.collect.LinkedHashMultimap::put (7 bytes)
Event: 90.346 Thread 0x000001faff29cff0 nmethod 6609 0x000001fa882e8410 code [0x000001fa882e85c0, 0x000001fa882e8768]
Event: 90.347 Thread 0x000001faff29cff0 6610       3       org.gradle.internal.instantiation.generator.AbstractClassGenerator$ExtensibleTypePropertyHandler::applyTo (228 bytes)
Event: 90.348 Thread 0x000001faff29cff0 nmethod 6610 0x000001fa882e8890 code [0x000001fa882e8c60, 0x000001fa882ea9f8]
Event: 90.354 Thread 0x000001faff29cff0 6612       3       sun.reflect.generics.reflectiveObjects.WildcardTypeImpl::make (11 bytes)
Event: 90.354 Thread 0x000001faff29cff0 nmethod 6612 0x000001fa882eb290 code [0x000001fa882eb440, 0x000001fa882eb7d8]
Event: 90.354 Thread 0x000001faff29cff0 6613       3       sun.reflect.generics.reflectiveObjects.WildcardTypeImpl::<init> (16 bytes)
Event: 90.354 Thread 0x000001faff29cff0 nmethod 6613 0x000001fa882eb910 code [0x000001fa882ebac0, 0x000001fa882ebdb8]
Event: 90.354 Thread 0x000001faff29cff0 6614       3       org.gradle.internal.instantiation.generator.AsmBackedClassGenerator$ClassBuilderImpl::lambda$addSetter$10 (12 bytes)
Event: 90.354 Thread 0x000001faff29cff0 nmethod 6614 0x000001fa882ebe90 code [0x000001fa882ec080, 0x000001fa882ec7a8]
Event: 90.354 Thread 0x000001faff29cff0 6615   !   3       jdk.proxy1.$Proxy17::annotationType (29 bytes)
Event: 90.354 Thread 0x000001faff29cff0 nmethod 6615 0x000001fa882eca10 code [0x000001fa882ecbe0, 0x000001fa882ecfd8]

GC Heap History (20 events):
Event: 68.162 GC heap before
{Heap before GC invocations=10 (full 0):
 garbage-first heap   total 81920K, used 63247K [0x0000000080000000, 0x0000000100000000)
  region size 1024K, 34 young (34816K), 4 survivors (4096K)
 Metaspace       used 39318K, committed 39808K, reserved 462848K
  class space    used 5465K, committed 5632K, reserved 421888K
}
Event: 68.167 GC heap after
{Heap after GC invocations=11 (full 0):
 garbage-first heap   total 81920K, used 33444K [0x0000000080000000, 0x0000000100000000)
  region size 1024K, 3 young (3072K), 3 survivors (3072K)
 Metaspace       used 39318K, committed 39808K, reserved 462848K
  class space    used 5465K, committed 5632K, reserved 421888K
}
Event: 74.391 GC heap before
{Heap before GC invocations=11 (full 0):
 garbage-first heap   total 81920K, used 64164K [0x0000000080000000, 0x0000000100000000)
  region size 1024K, 33 young (33792K), 3 survivors (3072K)
 Metaspace       used 42393K, committed 42880K, reserved 462848K
  class space    used 5894K, committed 6080K, reserved 421888K
}
Event: 74.398 GC heap after
{Heap after GC invocations=12 (full 0):
 garbage-first heap   total 81920K, used 34553K [0x0000000080000000, 0x0000000100000000)
  region size 1024K, 4 young (4096K), 4 survivors (4096K)
 Metaspace       used 42393K, committed 42880K, reserved 462848K
  class space    used 5894K, committed 6080K, reserved 421888K
}
Event: 74.508 GC heap before
{Heap before GC invocations=12 (full 0):
 garbage-first heap   total 81920K, used 39673K [0x0000000080000000, 0x0000000100000000)
  region size 1024K, 8 young (8192K), 4 survivors (4096K)
 Metaspace       used 42534K, committed 43072K, reserved 462848K
  class space    used 5910K, committed 6144K, reserved 421888K
}
Event: 74.512 GC heap after
{Heap after GC invocations=13 (full 0):
 garbage-first heap   total 81920K, used 37555K [0x0000000080000000, 0x0000000100000000)
  region size 1024K, 3 young (3072K), 3 survivors (3072K)
 Metaspace       used 42534K, committed 43072K, reserved 462848K
  class space    used 5910K, committed 6144K, reserved 421888K
}
Event: 76.214 GC heap before
{Heap before GC invocations=13 (full 0):
 garbage-first heap   total 81920K, used 63155K [0x0000000080000000, 0x0000000100000000)
  region size 1024K, 24 young (24576K), 3 survivors (3072K)
 Metaspace       used 45786K, committed 46464K, reserved 462848K
  class space    used 6331K, committed 6656K, reserved 421888K
}
Event: 76.218 GC heap after
{Heap after GC invocations=14 (full 0):
 garbage-first heap   total 81920K, used 43511K [0x0000000080000000, 0x0000000100000000)
  region size 1024K, 3 young (3072K), 3 survivors (3072K)
 Metaspace       used 45786K, committed 46464K, reserved 462848K
  class space    used 6331K, committed 6656K, reserved 421888K
}
Event: 78.326 GC heap before
{Heap before GC invocations=14 (full 0):
 garbage-first heap   total 81920K, used 61943K [0x0000000080000000, 0x0000000100000000)
  region size 1024K, 21 young (21504K), 3 survivors (3072K)
 Metaspace       used 47828K, committed 48448K, reserved 471040K
  class space    used 6672K, committed 6976K, reserved 421888K
}
Event: 78.329 GC heap after
{Heap after GC invocations=15 (full 0):
 garbage-first heap   total 81920K, used 44519K [0x0000000080000000, 0x0000000100000000)
  region size 1024K, 1 young (1024K), 1 survivors (1024K)
 Metaspace       used 47828K, committed 48448K, reserved 471040K
  class space    used 6672K, committed 6976K, reserved 421888K
}
Event: 79.542 GC heap before
{Heap before GC invocations=16 (full 0):
 garbage-first heap   total 81920K, used 63975K [0x0000000080000000, 0x0000000100000000)
  region size 1024K, 20 young (20480K), 1 survivors (1024K)
 Metaspace       used 49821K, committed 50432K, reserved 471040K
  class space    used 6947K, committed 7232K, reserved 421888K
}
Event: 79.545 GC heap after
{Heap after GC invocations=17 (full 0):
 garbage-first heap   total 81920K, used 45729K [0x0000000080000000, 0x0000000100000000)
  region size 1024K, 3 young (3072K), 3 survivors (3072K)
 Metaspace       used 49821K, committed 50432K, reserved 471040K
  class space    used 6947K, committed 7232K, reserved 421888K
}
Event: 80.646 GC heap before
{Heap before GC invocations=17 (full 0):
 garbage-first heap   total 81920K, used 64161K [0x0000000080000000, 0x0000000100000000)
  region size 1024K, 21 young (21504K), 3 survivors (3072K)
 Metaspace       used 52202K, committed 52800K, reserved 471040K
  class space    used 7284K, committed 7552K, reserved 421888K
}
Event: 80.650 GC heap after
{Heap after GC invocations=18 (full 0):
 garbage-first heap   total 81920K, used 46463K [0x0000000080000000, 0x0000000100000000)
  region size 1024K, 2 young (2048K), 2 survivors (2048K)
 Metaspace       used 52202K, committed 52800K, reserved 471040K
  class space    used 7284K, committed 7552K, reserved 421888K
}
Event: 84.972 GC heap before
{Heap before GC invocations=19 (full 0):
 garbage-first heap   total 83968K, used 64895K [0x0000000080000000, 0x0000000100000000)
  region size 1024K, 21 young (21504K), 2 survivors (2048K)
 Metaspace       used 54399K, committed 54976K, reserved 471040K
  class space    used 7549K, committed 7808K, reserved 421888K
}
Event: 84.977 GC heap after
{Heap after GC invocations=20 (full 0):
 garbage-first heap   total 83968K, used 48761K [0x0000000080000000, 0x0000000100000000)
  region size 1024K, 3 young (3072K), 3 survivors (3072K)
 Metaspace       used 54399K, committed 54976K, reserved 471040K
  class space    used 7549K, committed 7808K, reserved 421888K
}
Event: 86.494 GC heap before
{Heap before GC invocations=20 (full 0):
 garbage-first heap   total 83968K, used 66169K [0x0000000080000000, 0x0000000100000000)
  region size 1024K, 21 young (21504K), 3 survivors (3072K)
 Metaspace       used 55665K, committed 56320K, reserved 471040K
  class space    used 7714K, committed 8000K, reserved 421888K
}
Event: 86.498 GC heap after
{Heap after GC invocations=21 (full 0):
 garbage-first heap   total 83968K, used 49338K [0x0000000080000000, 0x0000000100000000)
  region size 1024K, 1 young (1024K), 1 survivors (1024K)
 Metaspace       used 55665K, committed 56320K, reserved 471040K
  class space    used 7714K, committed 8000K, reserved 421888K
}
Event: 90.141 GC heap before
{Heap before GC invocations=22 (full 0):
 garbage-first heap   total 87040K, used 67770K [0x0000000080000000, 0x0000000100000000)
  region size 1024K, 19 young (19456K), 1 survivors (1024K)
 Metaspace       used 56866K, committed 57536K, reserved 479232K
  class space    used 7895K, committed 8192K, reserved 421888K
}
Event: 90.145 GC heap after
{Heap after GC invocations=23 (full 0):
 garbage-first heap   total 87040K, used 50503K [0x0000000080000000, 0x0000000100000000)
  region size 1024K, 3 young (3072K), 3 survivors (3072K)
 Metaspace       used 56866K, committed 57536K, reserved 479232K
  class space    used 7895K, committed 8192K, reserved 421888K
}

Deoptimization events (20 events):
Event: 89.938 Thread 0x000001fa991e3f90 DEOPT PACKING pc=0x000001fa8f4671e4 sp=0x00000056a8ef6010
Event: 89.938 Thread 0x000001fa991e3f90 DEOPT UNPACKING pc=0x000001fa8ed323a3 sp=0x00000056a8ef5ef8 mode 2
Event: 89.938 Thread 0x000001fa991e3f90 Uncommon trap: trap_request=0xffffff45 fr.pc=0x000001fa8f2e1308 relative=0x00000000000002e8
Event: 89.938 Thread 0x000001fa991e3f90 Uncommon trap: reason=unstable_if action=reinterpret pc=0x000001fa8f2e1308 method=java.util.HashMap.getNode(Ljava/lang/Object;)Ljava/util/HashMap$Node; @ 85 c2
Event: 89.938 Thread 0x000001fa991e3f90 DEOPT PACKING pc=0x000001fa8f2e1308 sp=0x00000056a8ef5fc0
Event: 89.938 Thread 0x000001fa991e3f90 DEOPT UNPACKING pc=0x000001fa8ed323a3 sp=0x00000056a8ef5ee0 mode 2
Event: 89.938 Thread 0x000001fa991e3f90 Uncommon trap: trap_request=0xffffff45 fr.pc=0x000001fa8f40ab7c relative=0x000000000000025c
Event: 89.938 Thread 0x000001fa991e3f90 Uncommon trap: reason=unstable_if action=reinterpret pc=0x000001fa8f40ab7c method=java.util.HashMap.getNode(Ljava/lang/Object;)Ljava/util/HashMap$Node; @ 85 c2
Event: 89.938 Thread 0x000001fa991e3f90 DEOPT PACKING pc=0x000001fa8f40ab7c sp=0x00000056a8ef5f60
Event: 89.938 Thread 0x000001fa991e3f90 DEOPT UNPACKING pc=0x000001fa8ed323a3 sp=0x00000056a8ef5ee0 mode 2
Event: 90.152 Thread 0x000001fa991e3f90 Uncommon trap: trap_request=0xffffff45 fr.pc=0x000001fa8f2968e0 relative=0x0000000000000780
Event: 90.152 Thread 0x000001fa991e3f90 Uncommon trap: reason=unstable_if action=reinterpret pc=0x000001fa8f2968e0 method=java.util.HashMap.putVal(ILjava/lang/Object;Ljava/lang/Object;ZZ)Ljava/lang/Object; @ 109 c2
Event: 90.152 Thread 0x000001fa991e3f90 DEOPT PACKING pc=0x000001fa8f2968e0 sp=0x00000056a8ef5a10
Event: 90.152 Thread 0x000001fa991e3f90 DEOPT UNPACKING pc=0x000001fa8ed323a3 sp=0x00000056a8ef5928 mode 2
Event: 90.152 Thread 0x000001fa991e3f90 Uncommon trap: trap_request=0xffffff45 fr.pc=0x000001fa8f419f40 relative=0x00000000000006e0
Event: 90.152 Thread 0x000001fa991e3f90 Uncommon trap: reason=unstable_if action=reinterpret pc=0x000001fa8f419f40 method=java.util.HashMap.putVal(ILjava/lang/Object;Ljava/lang/Object;ZZ)Ljava/lang/Object; @ 109 c2
Event: 90.152 Thread 0x000001fa991e3f90 DEOPT PACKING pc=0x000001fa8f419f40 sp=0x00000056a8ef5960
Event: 90.152 Thread 0x000001fa991e3f90 DEOPT UNPACKING pc=0x000001fa8ed323a3 sp=0x00000056a8ef5918 mode 2
Event: 90.348 Thread 0x000001fa991e3f90 DEOPT PACKING pc=0x000001fa87b9b250 sp=0x00000056a8ef57b0
Event: 90.348 Thread 0x000001fa991e3f90 DEOPT UNPACKING pc=0x000001fa8ed32b43 sp=0x00000056a8ef4c90 mode 0

Classes unloaded (0 events):
No events

Classes redefined (0 events):
No events

Internal exceptions (20 events):
Event: 88.814 Thread 0x000001fa991e3f90 Exception <a 'java/lang/ClassNotFoundException'{0x0000000088e0df28}: org/gradle/internal/metaobject/ConfigureDelegateBeanInfo> (0x0000000088e0df28) 
thrown [s\open\src\hotspot\share\classfile\systemDictionary.cpp, line 256]
Event: 88.814 Thread 0x000001fa991e3f90 Exception <a 'java/lang/ClassNotFoundException'{0x0000000088e1f418}: org/gradle/internal/metaobject/ConfigureDelegateCustomizer> (0x0000000088e1f418) 
thrown [s\open\src\hotspot\share\classfile\systemDictionary.cpp, line 256]
Event: 88.822 Thread 0x000001fa991e3f90 Exception <a 'java/lang/ClassNotFoundException'{0x0000000088e612d8}: org/gradle/api/internal/initialization/DefaultScriptHandlerBeanInfo> (0x0000000088e612d8) 
thrown [s\open\src\hotspot\share\classfile\systemDictionary.cpp, line 256]
Event: 88.822 Thread 0x000001fa991e3f90 Exception <a 'java/lang/ClassNotFoundException'{0x0000000088e72bc0}: org/gradle/api/internal/initialization/DefaultScriptHandlerCustomizer> (0x0000000088e72bc0) 
thrown [s\open\src\hotspot\share\classfile\systemDictionary.cpp, line 256]
Event: 88.852 Thread 0x000001fa991e3f90 Exception <a 'java/lang/ClassNotFoundException'{0x0000000088a84a58}: org/gradle/api/internal/artifacts/dsl/DefaultRepositoryHandler_DecoratedBeanInfo> (0x0000000088a84a58) 
thrown [s\open\src\hotspot\share\classfile\systemDictionary.cpp, line 256]
Event: 88.946 Thread 0x000001fa991e3f90 Exception <a 'java/lang/ClassNotFoundException'{0x0000000088a9cba8}: org/gradle/api/internal/artifacts/dsl/DefaultRepositoryHandlerBeanInfo> (0x0000000088a9cba8) 
thrown [s\open\src\hotspot\share\classfile\systemDictionary.cpp, line 256]
Event: 88.948 Thread 0x000001fa991e3f90 Exception <a 'java/lang/ClassNotFoundException'{0x0000000088ab6290}: org/gradle/api/internal/artifacts/DefaultArtifactRepositoryContainerBeanInfo> (0x0000000088ab6290) 
thrown [s\open\src\hotspot\share\classfile\systemDictionary.cpp, line 256]
Event: 88.948 Thread 0x000001fa991e3f90 Exception <a 'java/lang/ClassNotFoundException'{0x0000000088acadd0}: org/gradle/api/internal/DefaultNamedDomainObjectListBeanInfo> (0x0000000088acadd0) 
thrown [s\open\src\hotspot\share\classfile\systemDictionary.cpp, line 256]
Event: 88.949 Thread 0x000001fa991e3f90 Exception <a 'java/lang/ClassNotFoundException'{0x0000000088adfd78}: org/gradle/api/internal/DefaultNamedDomainObjectCollectionBeanInfo> (0x0000000088adfd78) 
thrown [s\open\src\hotspot\share\classfile\systemDictionary.cpp, line 256]
Event: 88.950 Thread 0x000001fa991e3f90 Exception <a 'java/lang/ClassNotFoundException'{0x0000000088af4dc0}: org/gradle/api/internal/DefaultDomainObjectCollectionBeanInfo> (0x0000000088af4dc0) 
thrown [s\open\src\hotspot\share\classfile\systemDictionary.cpp, line 256]
Event: 88.951 Thread 0x000001fa991e3f90 Exception <a 'java/lang/ClassNotFoundException'{0x000000008890a210}: org/gradle/api/internal/DefaultDomainObjectCollectionCustomizer> (0x000000008890a210) 
thrown [s\open\src\hotspot\share\classfile\systemDictionary.cpp, line 256]
Event: 88.957 Thread 0x000001fa991e3f90 Exception <a 'java/lang/ClassNotFoundException'{0x000000008893f508}: org/gradle/api/internal/DefaultNamedDomainObjectCollectionCustomizer> (0x000000008893f508) 
thrown [s\open\src\hotspot\share\classfile\systemDictionary.cpp, line 256]
Event: 88.961 Thread 0x000001fa991e3f90 Exception <a 'java/lang/ClassNotFoundException'{0x000000008897bfc8}: org/gradle/api/internal/DefaultNamedDomainObjectListCustomizer> (0x000000008897bfc8) 
thrown [s\open\src\hotspot\share\classfile\systemDictionary.cpp, line 256]
Event: 88.964 Thread 0x000001fa991e3f90 Exception <a 'java/lang/ClassNotFoundException'{0x00000000889af260}: org/gradle/api/internal/artifacts/DefaultArtifactRepositoryContainerCustomizer> (0x00000000889af260) 
thrown [s\open\src\hotspot\share\classfile\systemDictionary.cpp, line 256]
Event: 88.966 Thread 0x000001fa991e3f90 Exception <a 'java/lang/ClassNotFoundException'{0x00000000889d9708}: org/gradle/api/internal/artifacts/dsl/DefaultRepositoryHandlerCustomizer> (0x00000000889d9708) 
thrown [s\open\src\hotspot\share\classfile\systemDictionary.cpp, line 256]
Event: 88.970 Thread 0x000001fa991e3f90 Exception <a 'java/lang/ClassNotFoundException'{0x0000000084711a60}: org/gradle/api/internal/artifacts/dsl/DefaultRepositoryHandler_DecoratedCustomizer> (0x0000000084711a60) 
thrown [s\open\src\hotspot\share\classfile\systemDictionary.cpp, line 256]
Event: 88.988 Thread 0x000001fa991e3f90 Exception <a 'java/lang/ClassNotFoundException'{0x00000000847a3900}: org/gradle/api/internal/artifacts/dsl/dependencies/DefaultDependencyHandler_DecoratedBeanInfo> (0x00000000847a3900) 
thrown [s\open\src\hotspot\share\classfile\systemDictionary.cpp, line 256]
Event: 88.989 Thread 0x000001fa991e3f90 Exception <a 'java/lang/ClassNotFoundException'{0x00000000847bb738}: org/gradle/api/internal/artifacts/dsl/dependencies/DefaultDependencyHandlerBeanInfo> (0x00000000847bb738) 
thrown [s\open\src\hotspot\share\classfile\systemDictionary.cpp, line 256]
Event: 88.989 Thread 0x000001fa991e3f90 Exception <a 'java/lang/ClassNotFoundException'{0x00000000847d2fe0}: org/gradle/api/internal/artifacts/dsl/dependencies/DefaultDependencyHandlerCustomizer> (0x00000000847d2fe0) 
thrown [s\open\src\hotspot\share\classfile\systemDictionary.cpp, line 256]
Event: 88.992 Thread 0x000001fa991e3f90 Exception <a 'java/lang/ClassNotFoundException'{0x0000000084612358}: org/gradle/api/internal/artifacts/dsl/dependencies/DefaultDependencyHandler_DecoratedCustomizer> (0x0000000084612358) 
thrown [s\open\src\hotspot\share\classfile\systemDictionary.cpp, line 256]

VM Operations (20 events):
Event: 84.972 Executing VM operation: G1CollectForAllocation
Event: 84.977 Executing VM operation: G1CollectForAllocation done
Event: 85.991 Executing VM operation: Cleanup
Event: 86.150 Executing VM operation: Cleanup done
Event: 86.494 Executing VM operation: G1CollectForAllocation
Event: 86.498 Executing VM operation: G1CollectForAllocation done
Event: 86.500 Executing VM operation: HandshakeAllThreads
Event: 86.500 Executing VM operation: HandshakeAllThreads done
Event: 86.547 Executing VM operation: G1Concurrent
Event: 86.830 Executing VM operation: G1Concurrent done
Event: 86.852 Executing VM operation: G1Concurrent
Event: 86.853 Executing VM operation: G1Concurrent done
Event: 87.865 Executing VM operation: Cleanup
Event: 87.866 Executing VM operation: Cleanup done
Event: 88.874 Executing VM operation: Cleanup
Event: 88.945 Executing VM operation: Cleanup done
Event: 89.945 Executing VM operation: Cleanup
Event: 89.946 Executing VM operation: Cleanup done
Event: 90.141 Executing VM operation: G1CollectForAllocation
Event: 90.145 Executing VM operation: G1CollectForAllocation done

Events (20 events):
Event: 80.979 Thread 0x000001fa991e3ac0 Thread exited: 0x000001fa991e3ac0
Event: 81.078 loading class java/util/ArrayList$SubList$1
Event: 81.078 loading class java/util/ArrayList$SubList$1 done
Event: 85.667 loading class jdk/internal/loader/URLClassPath$FileLoader
Event: 85.667 loading class jdk/internal/loader/URLClassPath$FileLoader done
Event: 85.668 loading class jdk/internal/loader/URLClassPath$FileLoader$1
Event: 85.668 loading class jdk/internal/loader/URLClassPath$FileLoader$1 done
Event: 87.101 loading class java/lang/AbstractMethodError
Event: 87.101 loading class java/lang/AbstractMethodError done
Event: 87.265 loading class java/time/temporal/WeekFields
Event: 87.265 loading class java/time/temporal/WeekFields done
Event: 87.265 loading class java/time/temporal/WeekFields$ComputedDayOfField
Event: 87.266 loading class java/time/temporal/WeekFields$ComputedDayOfField done
Event: 87.267 loading class java/time/Month$1
Event: 87.267 loading class java/time/Month$1 done
Event: 87.268 loading class java/nio/channels/Channels
Event: 87.268 loading class java/nio/channels/Channels done
Event: 87.268 loading class java/nio/channels/Channels$1
Event: 87.268 loading class java/nio/channels/Channels$1 done
Event: 88.999 Thread 0x000001fa9b770550 Thread added: 0x000001fa9b770550


Dynamic libraries:
0x00007ff6be2d0000 - 0x00007ff6be2e0000 	C:\Program Files\Java\jdk-17\bin\java.exe
0x00007ff8523b0000 - 0x00007ff8525a8000 	C:\Windows\SYSTEM32\ntdll.dll
0x00007ff850410000 - 0x00007ff8504cf000 	C:\Windows\System32\KERNEL32.DLL
0x00007ff84fd10000 - 0x00007ff850006000 	C:\Windows\System32\KERNELBASE.dll
0x00007ff84cf60000 - 0x00007ff84cff1000 	C:\Windows\SYSTEM32\apphelp.dll
0x00007ff850260000 - 0x00007ff850360000 	C:\Windows\System32\ucrtbase.dll
0x00007ff839fb0000 - 0x00007ff839fc9000 	C:\Program Files\Java\jdk-17\bin\jli.dll
0x00007ff851cb0000 - 0x00007ff851d5f000 	C:\Windows\System32\ADVAPI32.dll
0x00007ff850ce0000 - 0x00007ff850d7e000 	C:\Windows\System32\msvcrt.dll
0x00007ff851c10000 - 0x00007ff851cac000 	C:\Windows\System32\sechost.dll
0x00007ff851fc0000 - 0x00007ff8520e6000 	C:\Windows\System32\RPCRT4.dll
0x00007ff8521d0000 - 0x00007ff85236d000 	C:\Windows\System32\USER32.dll
0x00007ff850040000 - 0x00007ff850062000 	C:\Windows\System32\win32u.dll
0x00007ff851f90000 - 0x00007ff851fbc000 	C:\Windows\System32\GDI32.dll
0x00007ff84fb50000 - 0x00007ff84fc65000 	C:\Windows\System32\gdi32full.dll
0x00007ff84fc70000 - 0x00007ff84fd0d000 	C:\Windows\System32\msvcp_win.dll
0x00007ff839df0000 - 0x00007ff839e0b000 	C:\Program Files\Java\jdk-17\bin\VCRUNTIME140.dll
0x00007ff837180000 - 0x00007ff83741a000 	C:\Windows\WinSxS\amd64_microsoft.windows.common-controls_6595b64144ccf1df_6.0.19041.1110_none_60b5254171f9507e\COMCTL32.dll
0x00007ff847140000 - 0x00007ff84714a000 	C:\Windows\SYSTEM32\VERSION.dll
0x00007ff850c20000 - 0x00007ff850c50000 	C:\Windows\System32\IMM32.DLL
0x00007ff844880000 - 0x00007ff84488c000 	C:\Program Files\Java\jdk-17\bin\vcruntime140_1.dll
0x00007ff838150000 - 0x00007ff8381de000 	C:\Program Files\Java\jdk-17\bin\msvcp140.dll
0x00007fffe8120000 - 0x00007fffe8cfd000 	C:\Program Files\Java\jdk-17\bin\server\jvm.dll
0x00007ff850f80000 - 0x00007ff850f88000 	C:\Windows\System32\PSAPI.DLL
0x00007ff83af70000 - 0x00007ff83af79000 	C:\Windows\SYSTEM32\WSOCK32.dll
0x00007ff851600000 - 0x00007ff85166b000 	C:\Windows\System32\WS2_32.dll
0x00007ff83bc00000 - 0x00007ff83bc27000 	C:\Windows\SYSTEM32\WINMM.dll
0x00007ff84d730000 - 0x00007ff84d742000 	C:\Windows\SYSTEM32\kernel.appcore.dll
0x00007ff844800000 - 0x00007ff84480a000 	C:\Program Files\Java\jdk-17\bin\jimage.dll
0x00007ff83c890000 - 0x00007ff83ca74000 	C:\Windows\SYSTEM32\DBGHELP.DLL
0x00007ff838250000 - 0x00007ff838284000 	C:\Windows\SYSTEM32\dbgcore.DLL
0x00007ff8501d0000 - 0x00007ff850252000 	C:\Windows\System32\bcryptPrimitives.dll
0x00007ff839780000 - 0x00007ff8397a5000 	C:\Program Files\Java\jdk-17\bin\java.dll
0x00007ff81daf0000 - 0x00007ff81dbc7000 	C:\Program Files\Java\jdk-17\bin\jsvml.dll
0x00007ff8504d0000 - 0x00007ff850c14000 	C:\Windows\System32\SHELL32.dll
0x00007ff84d930000 - 0x00007ff84e0c3000 	C:\Windows\SYSTEM32\windows.storage.dll
0x00007ff8516d0000 - 0x00007ff851a24000 	C:\Windows\System32\combase.dll
0x00007ff84f320000 - 0x00007ff84f34e000 	C:\Windows\SYSTEM32\Wldp.dll
0x00007ff851ee0000 - 0x00007ff851f8d000 	C:\Windows\System32\SHCORE.dll
0x00007ff851670000 - 0x00007ff8516c5000 	C:\Windows\System32\shlwapi.dll
0x00007ff84f9c0000 - 0x00007ff84f9e5000 	C:\Windows\SYSTEM32\profapi.dll
0x00007ff839d40000 - 0x00007ff839d59000 	C:\Program Files\Java\jdk-17\bin\net.dll
0x00007ff848da0000 - 0x00007ff848eaa000 	C:\Windows\SYSTEM32\WINHTTP.dll
0x00007ff84f100000 - 0x00007ff84f16a000 	C:\Windows\system32\mswsock.dll
0x00007ff839710000 - 0x00007ff839726000 	C:\Program Files\Java\jdk-17\bin\nio.dll
0x00007ff8396f0000 - 0x00007ff839708000 	C:\Program Files\Java\jdk-17\bin\zip.dll
0x00007ff83d520000 - 0x00007ff83d530000 	C:\Program Files\Java\jdk-17\bin\verify.dll
0x00007ff838f90000 - 0x00007ff838fb7000 	C:\Users\marcos.OTHONC\.gradle\native\68d5fa5c4cc2d200863cafc0d521ce42e7d3e7ee720ec0a83991735586a16f82\windows-amd64\native-platform.dll
0x00007ff81a430000 - 0x00007ff81a574000 	C:\Users\marcos.OTHONC\.gradle\native\e376f236ea51e6404a007f0833ffe2c6e607c4080706a723a18a27aeea778392\windows-amd64\native-platform-file-events.dll
0x00007ff83c030000 - 0x00007ff83c03a000 	C:\Program Files\Java\jdk-17\bin\management.dll
0x00007ff83c010000 - 0x00007ff83c01b000 	C:\Program Files\Java\jdk-17\bin\management_ext.dll
0x00007ff84f3c0000 - 0x00007ff84f3d8000 	C:\Windows\SYSTEM32\CRYPTSP.dll
0x00007ff84ea30000 - 0x00007ff84ea64000 	C:\Windows\system32\rsaenh.dll
0x00007ff850010000 - 0x00007ff850037000 	C:\Windows\System32\bcrypt.dll
0x00007ff84f980000 - 0x00007ff84f9ae000 	C:\Windows\SYSTEM32\USERENV.dll
0x00007ff84f290000 - 0x00007ff84f29c000 	C:\Windows\SYSTEM32\CRYPTBASE.dll
0x00007ff84ee10000 - 0x00007ff84ee4b000 	C:\Windows\SYSTEM32\IPHLPAPI.DLL
0x00007ff850cd0000 - 0x00007ff850cd8000 	C:\Windows\System32\NSI.dll
0x00007ff84adb0000 - 0x00007ff84adc7000 	C:\Windows\SYSTEM32\dhcpcsvc6.DLL
0x00007ff84ad20000 - 0x00007ff84ad3d000 	C:\Windows\SYSTEM32\dhcpcsvc.DLL
0x00007ff84ee50000 - 0x00007ff84ef1a000 	C:\Windows\SYSTEM32\DNSAPI.dll
0x00007ff839de0000 - 0x00007ff839ded000 	C:\Program Files\Java\jdk-17\bin\sunmscapi.dll
0x00007ff850070000 - 0x00007ff8501ce000 	C:\Windows\System32\CRYPT32.dll
0x00007ff84f540000 - 0x00007ff84f568000 	C:\Windows\SYSTEM32\ncrypt.dll
0x00007ff84f500000 - 0x00007ff84f53b000 	C:\Windows\SYSTEM32\NTASN1.dll
0x00007ff836ca0000 - 0x00007ff836ca7000 	C:\Windows\system32\wshunix.dll

dbghelp: loaded successfully - version: 4.0.5 - missing functions: none
symbol engine: initialized successfully - sym options: 0x614 - pdb path: .;C:\Program Files\Java\jdk-17\bin;C:\Windows\SYSTEM32;C:\Windows\WinSxS\amd64_microsoft.windows.common-controls_6595b64144ccf1df_6.0.19041.1110_none_60b5254171f9507e;C:\Program Files\Java\jdk-17\bin\server;C:\Users\marcos.OTHONC\.gradle\native\68d5fa5c4cc2d200863cafc0d521ce42e7d3e7ee720ec0a83991735586a16f82\windows-amd64;C:\Users\marcos.OTHONC\.gradle\native\e376f236ea51e6404a007f0833ffe2c6e607c4080706a723a18a27aeea778392\windows-amd64

VM Arguments:
jvm_args: -XX:MaxMetaspaceSize=512m --add-opens=java.base/java.util=ALL-UNNAMED --add-opens=java.base/java.lang=ALL-UNNAMED --add-opens=java.base/java.lang.invoke=ALL-UNNAMED --add-opens=java.prefs/java.util.prefs=ALL-UNNAMED --add-opens=java.base/java.nio.charset=ALL-UNNAMED --add-opens=java.base/java.net=ALL-UNNAMED --add-opens=java.base/java.util.concurrent.atomic=ALL-UNNAMED -Xmx2048m -Dfile.encoding=windows-1252 -Duser.country=BR -Duser.language=pt -Duser.variant 
java_command: org.gradle.launcher.daemon.bootstrap.GradleDaemon 8.0.1
java_class_path (initial): C:\Users\marcos.OTHONC\.gradle\wrapper\dists\gradle-8.0.1-all\aro4hu1c3oeioove7l0i4i14o\gradle-8.0.1\lib\gradle-launcher-8.0.1.jar
Launcher Type: SUN_STANDARD

[Global flags]
     intx CICompilerCount                          = 3                                         {product} {ergonomic}
   size_t CompressedClassSpaceSize                 = 432013312                                 {product} {ergonomic}
     uint ConcGCThreads                            = 1                                         {product} {ergonomic}
     uint G1ConcRefinementThreads                  = 4                                         {product} {ergonomic}
   size_t G1HeapRegionSize                         = 1048576                                   {product} {ergonomic}
    uintx GCDrainStackTargetSize                   = 64                                        {product} {ergonomic}
   size_t InitialHeapSize                          = 266338304                                 {product} {ergonomic}
   size_t MarkStackSize                            = 4194304                                   {product} {ergonomic}
   size_t MaxHeapSize                              = 2147483648                                {product} {command line}
   size_t MaxMetaspaceSize                         = 536870912                                 {product} {command line}
   size_t MaxNewSize                               = 1287651328                                {product} {ergonomic}
   size_t MinHeapDeltaBytes                        = 1048576                                   {product} {ergonomic}
   size_t MinHeapSize                              = 8388608                                   {product} {ergonomic}
    uintx NonNMethodCodeHeapSize                   = 5832780                                {pd product} {ergonomic}
    uintx NonProfiledCodeHeapSize                  = 122912730                              {pd product} {ergonomic}
    uintx ProfiledCodeHeapSize                     = 122912730                              {pd product} {ergonomic}
    uintx ReservedCodeCacheSize                    = 251658240                              {pd product} {ergonomic}
     bool SegmentedCodeCache                       = true                                      {product} {ergonomic}
   size_t SoftMaxHeapSize                          = 2147483648                             {manageable} {ergonomic}
     bool UseCompressedClassPointers               = true                           {product lp64_product} {ergonomic}
     bool UseCompressedOops                        = true                           {product lp64_product} {ergonomic}
     bool UseG1GC                                  = true                                      {product} {ergonomic}
     bool UseLargePagesIndividualAllocation        = false                                  {pd product} {ergonomic}

Logging:
Log output configuration:
 #0: stdout all=warning uptime,level,tags
 #1: stderr all=off uptime,level,tags

Environment Variables:
JAVA_HOME=C:\Program Files\Java\jdk-17
CLASSPATH=D:\AREA DE TRABALHO\testerb\android\\gradle\wrapper\gradle-wrapper.jar
PATH=D:\AREA DE TRABALHO\testerb\node_modules\.bin;D:\AREA DE TRABALHO\testerb\node_modules\.bin;D:\AREA DE TRABALHO\node_modules\.bin;D:\node_modules\.bin;C:\Program Files\nodejs\node_modules\npm\node_modules\@npmcli\run-script\lib\node-gyp-bin;C:\Users\MARCOS~1.OTH\AppData\Local\Temp\yarn--1695809377503-0.47914496697368936;D:\AREA DE TRABALHO\testerb\node_modules\.bin;C:\Users\marcos.OTHONC\AppData\Local\Yarn\Data\link\node_modules\.bin;C:\Users\marcos.OTHONC\AppData\Local\Yarn\bin;C:\Program Files\libexec\lib\node_modules\npm\bin\node-gyp-bin;C:\Program Files\lib\node_modules\npm\bin\node-gyp-bin;C:\Program Files\nodejs\node_modules\npm\bin\node-gyp-bin;C:\Program Files\Python311\Scripts\;C:\Program Files\Python311\;C:\Program Files\Common Files\Oracle\Java\javapath;C:\Program Files (x86)\Common Files\Oracle\Java\javapath;C:\Python311\Scripts\;C:\Python311\;D:\app\client\marcos\product\12.1.0\client_2\bin;C:\Windows\system32;C:\Windows;C:\Windows\System32\Wbem;C:\Windows\System32\WindowsPowerShell\v1.0\;C:\Windows\System32\OpenSSH\;C:\Program Files\dotnet\;C:\Program Files\nodejs\;C:\ProgramData\chocolatey\bin;D:\Program Files\Git\cmd;C:\Program Files\Zabbix Agent\;D:\Program Files\Veyon\;C:\Users\marcos.OTHONC\AppData\Local\Android\Sdk;C:\Users\marcos.OTHONC\AppData\Local\Android\Sdk\platform-tools;C:\Program Files\Java\jdk-17\bin;C:\Program Files\Maven\bin;;C:\Program Files\Docker\Docker\resources\bin;C:\Users\marcos.OTHONC\AppData\Local\Microsoft\WindowsApps;D:\Users\marcos.OTHONC\AppData\Local\Programs\Microsoft VS Code\bin;C:\Users\marcos.OTHONC\AppData\Local\GitHubDesktop\bin;C:\Users\marcos.OTHONC\AppData\Roaming\npm;D:\Program Files\JetBrains\IntelliJ IDEA 2023.1.3\bin;
USERNAME=marcos
SHELL=D:\Program Files\Git\usr\bin\bash.exe
DISPLAY=needs-to-be-defined
LANG=pt_BR.UTF-8
LC_CTYPE=pt_BR.UTF-8
OS=Windows_NT
PROCESSOR_IDENTIFIER=Intel64 Family 6 Model 158 Stepping 11, GenuineIntel



---------------  S Y S T E M  ---------------

OS:
 Windows 10 , 64 bit Build 19041 (10.0.19041.3155)
OS uptime: 8 days 20:37 hours
Hyper-V role detected

CPU: total 4 (initial active 4) (4 cores per cpu, 1 threads per core) family 6 model 158 stepping 11 microcode 0xf0, cx8, cmov, fxsr, mmx, 3dnowpref, sse, sse2, sse3, ssse3, sse4.1, sse4.2, popcnt, lzcnt, tsc, tscinvbit, avx, avx2, aes, erms, clmul, bmi1, bmi2, adx, fma, vzeroupper, clflush, clflushopt, hv

Memory: 4k page, system-wide physical 16193M (645M free)
TotalPageFile size 30419M (AvailPageFile size 4M)
current process WorkingSet (physical memory assigned to process): 262M, peak: 262M
current process commit charge ("private bytes"): 296M, peak: 410M

vm_info: Java HotSpot(TM) 64-Bit Server VM (17.0.7+8-LTS-224) for windows-amd64 JRE (17.0.7+8-LTS-224), built on Feb 28 2023 23:03:02 by "mach5one" with MS VC++ 17.1 (VS2022)

END.
